[35m[1mConsolidate compiler generated dependencies of target my_sim_tesi_ros2_interfaces__rosidl_generator_c[0m
[  3%] Built target my_sim_tesi_ros2_interfaces__cpp
[ 12%] Built target my_sim_tesi_ros2_interfaces__rosidl_generator_c
[ 12%] Built target ament_cmake_python_symlink_my_sim_tesi_ros2_interfaces
[35m[1mConsolidate compiler generated dependencies of target my_sim_tesi_ros2_interfaces__rosidl_typesupport_introspection_cpp[0m
[35m[1mConsolidate compiler generated dependencies of target my_sim_tesi_ros2_interfaces__rosidl_typesupport_cpp[0m
[35m[1mConsolidate compiler generated dependencies of target my_sim_tesi_ros2_interfaces__rosidl_typesupport_fastrtps_cpp[0m
[35m[1mConsolidate compiler generated dependencies of target my_sim_tesi_ros2_interfaces__rosidl_typesupport_c[0m
[35m[1mConsolidate compiler generated dependencies of target my_sim_tesi_ros2_interfaces__rosidl_typesupport_introspection_c[0m
[35m[1mConsolidate compiler generated dependencies of target my_sim_tesi_ros2_interfaces__rosidl_typesupport_fastrtps_c[0m
[ 22%] Built target my_sim_tesi_ros2_interfaces__rosidl_typesupport_cpp
[ 32%] Built target my_sim_tesi_ros2_interfaces__rosidl_typesupport_fastrtps_cpp
[ 41%] Built target my_sim_tesi_ros2_interfaces__rosidl_typesupport_introspection_cpp
[ 51%] Built target my_sim_tesi_ros2_interfaces__rosidl_typesupport_c
[ 61%] Built target my_sim_tesi_ros2_interfaces__rosidl_typesupport_introspection_c
[ 70%] Built target my_sim_tesi_ros2_interfaces__rosidl_typesupport_fastrtps_c
[ 70%] Built target my_sim_tesi_ros2_interfaces
[ 74%] Built target my_sim_tesi_ros2_interfaces__py
[35m[1mConsolidate compiler generated dependencies of target my_sim_tesi_ros2_interfaces__rosidl_generator_py[0m
[ 80%] Built target my_sim_tesi_ros2_interfaces__rosidl_generator_py
[35m[1mConsolidate compiler generated dependencies of target my_sim_tesi_ros2_interfaces__rosidl_typesupport_fastrtps_c__pyext[0m
[35m[1mConsolidate compiler generated dependencies of target my_sim_tesi_ros2_interfaces__rosidl_typesupport_introspection_c__pyext[0m
[35m[1mConsolidate compiler generated dependencies of target my_sim_tesi_ros2_interfaces__rosidl_typesupport_c__pyext[0m
[ 87%] Built target my_sim_tesi_ros2_interfaces__rosidl_typesupport_fastrtps_c__pyext
[ 93%] Built target my_sim_tesi_ros2_interfaces__rosidl_typesupport_introspection_c__pyext
[100%] Built target my_sim_tesi_ros2_interfaces__rosidl_typesupport_c__pyext
running egg_info
writing my_sim_tesi_ros2_interfaces.egg-info/PKG-INFO
writing dependency_links to my_sim_tesi_ros2_interfaces.egg-info/dependency_links.txt
writing top-level names to my_sim_tesi_ros2_interfaces.egg-info/top_level.txt
reading manifest file 'my_sim_tesi_ros2_interfaces.egg-info/SOURCES.txt'
writing manifest file 'my_sim_tesi_ros2_interfaces.egg-info/SOURCES.txt'
[100%] Built target ament_cmake_python_build_my_sim_tesi_ros2_interfaces_egg
-- Install configuration: ""
-- Execute custom install script
-- Symlinking: /home/moonlab/ros2_ws/install/my_sim_tesi_ros2_interfaces/share/ament_index/resource_index/rosidl_interfaces/my_sim_tesi_ros2_interfaces
-- Symlinking: /home/moonlab/ros2_ws/install/my_sim_tesi_ros2_interfaces/include/my_sim_tesi_ros2_interfaces/my_sim_tesi_ros2_interfaces/action/detail/drone_pose_control__functions.h
-- Symlinking: /home/moonlab/ros2_ws/install/my_sim_tesi_ros2_interfaces/include/my_sim_tesi_ros2_interfaces/my_sim_tesi_ros2_interfaces/action/detail/drone_pose_control__struct.h
-- Symlinking: /home/moonlab/ros2_ws/install/my_sim_tesi_ros2_interfaces/include/my_sim_tesi_ros2_interfaces/my_sim_tesi_ros2_interfaces/action/detail/drone_pose_control__type_support.h
-- Symlinking: /home/moonlab/ros2_ws/install/my_sim_tesi_ros2_interfaces/include/my_sim_tesi_ros2_interfaces/my_sim_tesi_ros2_interfaces/action/drone_pose_control.h
-- Symlinking: /home/moonlab/ros2_ws/install/my_sim_tesi_ros2_interfaces/include/my_sim_tesi_ros2_interfaces/my_sim_tesi_ros2_interfaces/msg/rosidl_generator_c__visibility_control.h
-- Symlinking: /home/moonlab/ros2_ws/install/my_sim_tesi_ros2_interfaces/share/my_sim_tesi_ros2_interfaces/environment/library_path.sh
-- Symlinking: /home/moonlab/ros2_ws/install/my_sim_tesi_ros2_interfaces/share/my_sim_tesi_ros2_interfaces/environment/library_path.dsv
-- Symlinking: /home/moonlab/ros2_ws/install/my_sim_tesi_ros2_interfaces/include/my_sim_tesi_ros2_interfaces/my_sim_tesi_ros2_interfaces/action/detail/drone_pose_control__rosidl_typesupport_fastrtps_c.h
-- Symlinking: /home/moonlab/ros2_ws/install/my_sim_tesi_ros2_interfaces/include/my_sim_tesi_ros2_interfaces/my_sim_tesi_ros2_interfaces/msg/rosidl_typesupport_fastrtps_c__visibility_control.h
-- Symlinking: /home/moonlab/ros2_ws/install/my_sim_tesi_ros2_interfaces/include/my_sim_tesi_ros2_interfaces/my_sim_tesi_ros2_interfaces/action/detail/drone_pose_control__rosidl_typesupport_introspection_c.h
-- Symlinking: /home/moonlab/ros2_ws/install/my_sim_tesi_ros2_interfaces/include/my_sim_tesi_ros2_interfaces/my_sim_tesi_ros2_interfaces/msg/rosidl_typesupport_introspection_c__visibility_control.h
-- Symlinking: /home/moonlab/ros2_ws/install/my_sim_tesi_ros2_interfaces/include/my_sim_tesi_ros2_interfaces/my_sim_tesi_ros2_interfaces/action/detail/drone_pose_control__builder.hpp
-- Symlinking: /home/moonlab/ros2_ws/install/my_sim_tesi_ros2_interfaces/include/my_sim_tesi_ros2_interfaces/my_sim_tesi_ros2_interfaces/action/detail/drone_pose_control__struct.hpp
-- Symlinking: /home/moonlab/ros2_ws/install/my_sim_tesi_ros2_interfaces/include/my_sim_tesi_ros2_interfaces/my_sim_tesi_ros2_interfaces/action/detail/drone_pose_control__traits.hpp
-- Symlinking: /home/moonlab/ros2_ws/install/my_sim_tesi_ros2_interfaces/include/my_sim_tesi_ros2_interfaces/my_sim_tesi_ros2_interfaces/action/detail/drone_pose_control__type_support.hpp
-- Symlinking: /home/moonlab/ros2_ws/install/my_sim_tesi_ros2_interfaces/include/my_sim_tesi_ros2_interfaces/my_sim_tesi_ros2_interfaces/action/drone_pose_control.hpp
-- Symlinking: /home/moonlab/ros2_ws/install/my_sim_tesi_ros2_interfaces/include/my_sim_tesi_ros2_interfaces/my_sim_tesi_ros2_interfaces/msg/rosidl_generator_cpp__visibility_control.hpp
-- Symlinking: /home/moonlab/ros2_ws/install/my_sim_tesi_ros2_interfaces/include/my_sim_tesi_ros2_interfaces/my_sim_tesi_ros2_interfaces/action/detail/drone_pose_control__rosidl_typesupport_fastrtps_cpp.hpp
-- Symlinking: /home/moonlab/ros2_ws/install/my_sim_tesi_ros2_interfaces/include/my_sim_tesi_ros2_interfaces/my_sim_tesi_ros2_interfaces/msg/rosidl_typesupport_fastrtps_cpp__visibility_control.h
-- Symlinking: /home/moonlab/ros2_ws/install/my_sim_tesi_ros2_interfaces/include/my_sim_tesi_ros2_interfaces/my_sim_tesi_ros2_interfaces/action/detail/drone_pose_control__rosidl_typesupport_introspection_cpp.hpp
-- Symlinking: /home/moonlab/ros2_ws/install/my_sim_tesi_ros2_interfaces/share/my_sim_tesi_ros2_interfaces/environment/pythonpath.sh
-- Symlinking: /home/moonlab/ros2_ws/install/my_sim_tesi_ros2_interfaces/share/my_sim_tesi_ros2_interfaces/environment/pythonpath.dsv
-- Symlinking: /home/moonlab/ros2_ws/install/my_sim_tesi_ros2_interfaces/local/lib/python3.10/dist-packages/my_sim_tesi_ros2_interfaces-0.0.0-py3.10.egg-info/PKG-INFO
-- Symlinking: /home/moonlab/ros2_ws/install/my_sim_tesi_ros2_interfaces/local/lib/python3.10/dist-packages/my_sim_tesi_ros2_interfaces-0.0.0-py3.10.egg-info/SOURCES.txt
-- Symlinking: /home/moonlab/ros2_ws/install/my_sim_tesi_ros2_interfaces/local/lib/python3.10/dist-packages/my_sim_tesi_ros2_interfaces-0.0.0-py3.10.egg-info/dependency_links.txt
-- Symlinking: /home/moonlab/ros2_ws/install/my_sim_tesi_ros2_interfaces/local/lib/python3.10/dist-packages/my_sim_tesi_ros2_interfaces-0.0.0-py3.10.egg-info/top_level.txt
-- Symlinking: /home/moonlab/ros2_ws/install/my_sim_tesi_ros2_interfaces/local/lib/python3.10/dist-packages/my_sim_tesi_ros2_interfaces/__init__.py
-- Symlinking: /home/moonlab/ros2_ws/install/my_sim_tesi_ros2_interfaces/local/lib/python3.10/dist-packages/my_sim_tesi_ros2_interfaces/_my_sim_tesi_ros2_interfaces_s.ep.rosidl_typesupport_c.c
-- Symlinking: /home/moonlab/ros2_ws/install/my_sim_tesi_ros2_interfaces/local/lib/python3.10/dist-packages/my_sim_tesi_ros2_interfaces/_my_sim_tesi_ros2_interfaces_s.ep.rosidl_typesupport_fastrtps_c.c
-- Symlinking: /home/moonlab/ros2_ws/install/my_sim_tesi_ros2_interfaces/local/lib/python3.10/dist-packages/my_sim_tesi_ros2_interfaces/_my_sim_tesi_ros2_interfaces_s.ep.rosidl_typesupport_introspection_c.c
-- Symlinking: /home/moonlab/ros2_ws/install/my_sim_tesi_ros2_interfaces/local/lib/python3.10/dist-packages/my_sim_tesi_ros2_interfaces/action/__init__.py
-- Symlinking: /home/moonlab/ros2_ws/install/my_sim_tesi_ros2_interfaces/local/lib/python3.10/dist-packages/my_sim_tesi_ros2_interfaces/action/_drone_pose_control.py
-- Symlinking: /home/moonlab/ros2_ws/install/my_sim_tesi_ros2_interfaces/local/lib/python3.10/dist-packages/my_sim_tesi_ros2_interfaces/action/_drone_pose_control_s.c
-- Symlinking: /home/moonlab/ros2_ws/install/my_sim_tesi_ros2_interfaces/local/lib/python3.10/dist-packages/my_sim_tesi_ros2_interfaces/libmy_sim_tesi_ros2_interfaces__rosidl_generator_py.so
-- Symlinking: /home/moonlab/ros2_ws/install/my_sim_tesi_ros2_interfaces/local/lib/python3.10/dist-packages/my_sim_tesi_ros2_interfaces/my_sim_tesi_ros2_interfaces_s__rosidl_typesupport_c.cpython-310-x86_64-linux-gnu.so
-- Symlinking: /home/moonlab/ros2_ws/install/my_sim_tesi_ros2_interfaces/local/lib/python3.10/dist-packages/my_sim_tesi_ros2_interfaces/my_sim_tesi_ros2_interfaces_s__rosidl_typesupport_fastrtps_c.cpython-310-x86_64-linux-gnu.so
-- Symlinking: /home/moonlab/ros2_ws/install/my_sim_tesi_ros2_interfaces/local/lib/python3.10/dist-packages/my_sim_tesi_ros2_interfaces/my_sim_tesi_ros2_interfaces_s__rosidl_typesupport_introspection_c.cpython-310-x86_64-linux-gnu.so
-- Up-to-date symlink: /home/moonlab/ros2_ws/install/my_sim_tesi_ros2_interfaces/local/lib/python3.10/dist-packages/my_sim_tesi_ros2_interfaces/my_sim_tesi_ros2_interfaces_s__rosidl_typesupport_fastrtps_c.cpython-310-x86_64-linux-gnu.so
-- Up-to-date symlink: /home/moonlab/ros2_ws/install/my_sim_tesi_ros2_interfaces/local/lib/python3.10/dist-packages/my_sim_tesi_ros2_interfaces/my_sim_tesi_ros2_interfaces_s__rosidl_typesupport_introspection_c.cpython-310-x86_64-linux-gnu.so
-- Up-to-date symlink: /home/moonlab/ros2_ws/install/my_sim_tesi_ros2_interfaces/local/lib/python3.10/dist-packages/my_sim_tesi_ros2_interfaces/my_sim_tesi_ros2_interfaces_s__rosidl_typesupport_c.cpython-310-x86_64-linux-gnu.so
-- Symlinking: /home/moonlab/ros2_ws/install/my_sim_tesi_ros2_interfaces/share/my_sim_tesi_ros2_interfaces/action/DronePoseControl.idl
-- Symlinking: /home/moonlab/ros2_ws/install/my_sim_tesi_ros2_interfaces/share/my_sim_tesi_ros2_interfaces/action/DronePoseControl.action
-- Symlinking: /home/moonlab/ros2_ws/install/my_sim_tesi_ros2_interfaces/share/ament_index/resource_index/package_run_dependencies/my_sim_tesi_ros2_interfaces
-- Symlinking: /home/moonlab/ros2_ws/install/my_sim_tesi_ros2_interfaces/share/ament_index/resource_index/parent_prefix_path/my_sim_tesi_ros2_interfaces
-- Symlinking: /home/moonlab/ros2_ws/install/my_sim_tesi_ros2_interfaces/share/my_sim_tesi_ros2_interfaces/environment/ament_prefix_path.sh
-- Symlinking: /home/moonlab/ros2_ws/install/my_sim_tesi_ros2_interfaces/share/my_sim_tesi_ros2_interfaces/environment/ament_prefix_path.dsv
-- Symlinking: /home/moonlab/ros2_ws/install/my_sim_tesi_ros2_interfaces/share/my_sim_tesi_ros2_interfaces/environment/path.sh
-- Symlinking: /home/moonlab/ros2_ws/install/my_sim_tesi_ros2_interfaces/share/my_sim_tesi_ros2_interfaces/environment/path.dsv
-- Symlinking: /home/moonlab/ros2_ws/install/my_sim_tesi_ros2_interfaces/share/my_sim_tesi_ros2_interfaces/local_setup.bash
-- Symlinking: /home/moonlab/ros2_ws/install/my_sim_tesi_ros2_interfaces/share/my_sim_tesi_ros2_interfaces/local_setup.sh
-- Symlinking: /home/moonlab/ros2_ws/install/my_sim_tesi_ros2_interfaces/share/my_sim_tesi_ros2_interfaces/local_setup.zsh
-- Symlinking: /home/moonlab/ros2_ws/install/my_sim_tesi_ros2_interfaces/share/my_sim_tesi_ros2_interfaces/local_setup.dsv
-- Symlinking: /home/moonlab/ros2_ws/install/my_sim_tesi_ros2_interfaces/share/my_sim_tesi_ros2_interfaces/package.dsv
-- Symlinking: /home/moonlab/ros2_ws/install/my_sim_tesi_ros2_interfaces/share/ament_index/resource_index/packages/my_sim_tesi_ros2_interfaces
-- Symlinking: /home/moonlab/ros2_ws/install/my_sim_tesi_ros2_interfaces/share/my_sim_tesi_ros2_interfaces/cmake/rosidl_cmake-extras.cmake
-- Symlinking: /home/moonlab/ros2_ws/install/my_sim_tesi_ros2_interfaces/share/my_sim_tesi_ros2_interfaces/cmake/ament_cmake_export_dependencies-extras.cmake
-- Symlinking: /home/moonlab/ros2_ws/install/my_sim_tesi_ros2_interfaces/share/my_sim_tesi_ros2_interfaces/cmake/ament_cmake_export_include_directories-extras.cmake
-- Symlinking: /home/moonlab/ros2_ws/install/my_sim_tesi_ros2_interfaces/share/my_sim_tesi_ros2_interfaces/cmake/ament_cmake_export_libraries-extras.cmake
-- Symlinking: /home/moonlab/ros2_ws/install/my_sim_tesi_ros2_interfaces/share/my_sim_tesi_ros2_interfaces/cmake/ament_cmake_export_targets-extras.cmake
-- Symlinking: /home/moonlab/ros2_ws/install/my_sim_tesi_ros2_interfaces/share/my_sim_tesi_ros2_interfaces/cmake/rosidl_cmake_export_typesupport_targets-extras.cmake
-- Symlinking: /home/moonlab/ros2_ws/install/my_sim_tesi_ros2_interfaces/share/my_sim_tesi_ros2_interfaces/cmake/rosidl_cmake_export_typesupport_libraries-extras.cmake
-- Symlinking: /home/moonlab/ros2_ws/install/my_sim_tesi_ros2_interfaces/share/my_sim_tesi_ros2_interfaces/cmake/my_sim_tesi_ros2_interfacesConfig.cmake
-- Symlinking: /home/moonlab/ros2_ws/install/my_sim_tesi_ros2_interfaces/share/my_sim_tesi_ros2_interfaces/cmake/my_sim_tesi_ros2_interfacesConfig-version.cmake
-- Symlinking: /home/moonlab/ros2_ws/install/my_sim_tesi_ros2_interfaces/share/my_sim_tesi_ros2_interfaces/package.xml
-- Installing: /home/moonlab/ros2_ws/install/my_sim_tesi_ros2_interfaces/lib/libmy_sim_tesi_ros2_interfaces__rosidl_generator_c.so
-- Set runtime path of "/home/moonlab/ros2_ws/install/my_sim_tesi_ros2_interfaces/lib/libmy_sim_tesi_ros2_interfaces__rosidl_generator_c.so" to ""
-- Installing: /home/moonlab/ros2_ws/install/my_sim_tesi_ros2_interfaces/lib/libmy_sim_tesi_ros2_interfaces__rosidl_typesupport_fastrtps_c.so
-- Set runtime path of "/home/moonlab/ros2_ws/install/my_sim_tesi_ros2_interfaces/lib/libmy_sim_tesi_ros2_interfaces__rosidl_typesupport_fastrtps_c.so" to ""
-- Installing: /home/moonlab/ros2_ws/install/my_sim_tesi_ros2_interfaces/lib/libmy_sim_tesi_ros2_interfaces__rosidl_typesupport_introspection_c.so
-- Set runtime path of "/home/moonlab/ros2_ws/install/my_sim_tesi_ros2_interfaces/lib/libmy_sim_tesi_ros2_interfaces__rosidl_typesupport_introspection_c.so" to ""
-- Installing: /home/moonlab/ros2_ws/install/my_sim_tesi_ros2_interfaces/lib/libmy_sim_tesi_ros2_interfaces__rosidl_typesupport_c.so
-- Set runtime path of "/home/moonlab/ros2_ws/install/my_sim_tesi_ros2_interfaces/lib/libmy_sim_tesi_ros2_interfaces__rosidl_typesupport_c.so" to ""
-- Installing: /home/moonlab/ros2_ws/install/my_sim_tesi_ros2_interfaces/lib/libmy_sim_tesi_ros2_interfaces__rosidl_typesupport_fastrtps_cpp.so
-- Set runtime path of "/home/moonlab/ros2_ws/install/my_sim_tesi_ros2_interfaces/lib/libmy_sim_tesi_ros2_interfaces__rosidl_typesupport_fastrtps_cpp.so" to ""
-- Installing: /home/moonlab/ros2_ws/install/my_sim_tesi_ros2_interfaces/lib/libmy_sim_tesi_ros2_interfaces__rosidl_typesupport_introspection_cpp.so
-- Set runtime path of "/home/moonlab/ros2_ws/install/my_sim_tesi_ros2_interfaces/lib/libmy_sim_tesi_ros2_interfaces__rosidl_typesupport_introspection_cpp.so" to ""
-- Installing: /home/moonlab/ros2_ws/install/my_sim_tesi_ros2_interfaces/lib/libmy_sim_tesi_ros2_interfaces__rosidl_typesupport_cpp.so
-- Set runtime path of "/home/moonlab/ros2_ws/install/my_sim_tesi_ros2_interfaces/lib/libmy_sim_tesi_ros2_interfaces__rosidl_typesupport_cpp.so" to ""
Listing '/home/moonlab/ros2_ws/install/my_sim_tesi_ros2_interfaces/local/lib/python3.10/dist-packages/my_sim_tesi_ros2_interfaces'...
Compiling '/home/moonlab/ros2_ws/install/my_sim_tesi_ros2_interfaces/local/lib/python3.10/dist-packages/my_sim_tesi_ros2_interfaces/__init__.py'...
Listing '/home/moonlab/ros2_ws/install/my_sim_tesi_ros2_interfaces/local/lib/python3.10/dist-packages/my_sim_tesi_ros2_interfaces/action'...
Compiling '/home/moonlab/ros2_ws/install/my_sim_tesi_ros2_interfaces/local/lib/python3.10/dist-packages/my_sim_tesi_ros2_interfaces/action/__init__.py'...
Compiling '/home/moonlab/ros2_ws/install/my_sim_tesi_ros2_interfaces/local/lib/python3.10/dist-packages/my_sim_tesi_ros2_interfaces/action/_drone_pose_control.py'...
-- Installing: /home/moonlab/ros2_ws/install/my_sim_tesi_ros2_interfaces/lib/libmy_sim_tesi_ros2_interfaces__rosidl_generator_py.so
-- Set runtime path of "/home/moonlab/ros2_ws/install/my_sim_tesi_ros2_interfaces/lib/libmy_sim_tesi_ros2_interfaces__rosidl_generator_py.so" to ""
-- Installing: /home/moonlab/ros2_ws/install/my_sim_tesi_ros2_interfaces/share/my_sim_tesi_ros2_interfaces/cmake/export_my_sim_tesi_ros2_interfaces__rosidl_generator_cExport.cmake
-- Installing: /home/moonlab/ros2_ws/install/my_sim_tesi_ros2_interfaces/share/my_sim_tesi_ros2_interfaces/cmake/export_my_sim_tesi_ros2_interfaces__rosidl_generator_cExport-noconfig.cmake
-- Installing: /home/moonlab/ros2_ws/install/my_sim_tesi_ros2_interfaces/share/my_sim_tesi_ros2_interfaces/cmake/export_my_sim_tesi_ros2_interfaces__rosidl_typesupport_fastrtps_cExport.cmake
-- Installing: /home/moonlab/ros2_ws/install/my_sim_tesi_ros2_interfaces/share/my_sim_tesi_ros2_interfaces/cmake/export_my_sim_tesi_ros2_interfaces__rosidl_typesupport_fastrtps_cExport-noconfig.cmake
-- Installing: /home/moonlab/ros2_ws/install/my_sim_tesi_ros2_interfaces/share/my_sim_tesi_ros2_interfaces/cmake/my_sim_tesi_ros2_interfaces__rosidl_typesupport_introspection_cExport.cmake
-- Installing: /home/moonlab/ros2_ws/install/my_sim_tesi_ros2_interfaces/share/my_sim_tesi_ros2_interfaces/cmake/my_sim_tesi_ros2_interfaces__rosidl_typesupport_introspection_cExport-noconfig.cmake
-- Installing: /home/moonlab/ros2_ws/install/my_sim_tesi_ros2_interfaces/share/my_sim_tesi_ros2_interfaces/cmake/my_sim_tesi_ros2_interfaces__rosidl_typesupport_cExport.cmake
-- Installing: /home/moonlab/ros2_ws/install/my_sim_tesi_ros2_interfaces/share/my_sim_tesi_ros2_interfaces/cmake/my_sim_tesi_ros2_interfaces__rosidl_typesupport_cExport-noconfig.cmake
-- Installing: /home/moonlab/ros2_ws/install/my_sim_tesi_ros2_interfaces/share/my_sim_tesi_ros2_interfaces/cmake/export_my_sim_tesi_ros2_interfaces__rosidl_generator_cppExport.cmake
-- Installing: /home/moonlab/ros2_ws/install/my_sim_tesi_ros2_interfaces/share/my_sim_tesi_ros2_interfaces/cmake/export_my_sim_tesi_ros2_interfaces__rosidl_typesupport_fastrtps_cppExport.cmake
-- Installing: /home/moonlab/ros2_ws/install/my_sim_tesi_ros2_interfaces/share/my_sim_tesi_ros2_interfaces/cmake/export_my_sim_tesi_ros2_interfaces__rosidl_typesupport_fastrtps_cppExport-noconfig.cmake
-- Installing: /home/moonlab/ros2_ws/install/my_sim_tesi_ros2_interfaces/share/my_sim_tesi_ros2_interfaces/cmake/my_sim_tesi_ros2_interfaces__rosidl_typesupport_introspection_cppExport.cmake
-- Installing: /home/moonlab/ros2_ws/install/my_sim_tesi_ros2_interfaces/share/my_sim_tesi_ros2_interfaces/cmake/my_sim_tesi_ros2_interfaces__rosidl_typesupport_introspection_cppExport-noconfig.cmake
-- Installing: /home/moonlab/ros2_ws/install/my_sim_tesi_ros2_interfaces/share/my_sim_tesi_ros2_interfaces/cmake/my_sim_tesi_ros2_interfaces__rosidl_typesupport_cppExport.cmake
-- Installing: /home/moonlab/ros2_ws/install/my_sim_tesi_ros2_interfaces/share/my_sim_tesi_ros2_interfaces/cmake/my_sim_tesi_ros2_interfaces__rosidl_typesupport_cppExport-noconfig.cmake
-- Installing: /home/moonlab/ros2_ws/install/my_sim_tesi_ros2_interfaces/share/my_sim_tesi_ros2_interfaces/cmake/export_my_sim_tesi_ros2_interfaces__rosidl_generator_pyExport.cmake
-- Installing: /home/moonlab/ros2_ws/install/my_sim_tesi_ros2_interfaces/share/my_sim_tesi_ros2_interfaces/cmake/export_my_sim_tesi_ros2_interfaces__rosidl_generator_pyExport-noconfig.cmake
