[0.012s] Invoking command in '/home/moonlab/ros2_ws/build/my_sim_tesi_ros2_interfaces': CMAKE_PREFIX_PATH=${CMAKE_PREFIX_PATH}:/opt/ros/humble /usr/bin/cmake --build /home/moonlab/ros2_ws/build/my_sim_tesi_ros2_interfaces -- -j24 -l24
[0.046s] [  3%] Built target my_sim_tesi_ros2_interfaces__cpp
[0.046s] [ 12%] Built target my_sim_tesi_ros2_interfaces__rosidl_generator_c
[0.050s] [ 12%] Built target ament_cmake_python_symlink_my_sim_tesi_ros2_interfaces
[0.061s] [ 38%] Built target my_sim_tesi_ros2_interfaces__rosidl_typesupport_cpp
[0.061s] [ 38%] Built target my_sim_tesi_ros2_interfaces__rosidl_typesupport_introspection_cpp
[0.061s] [ 41%] Built target my_sim_tesi_ros2_interfaces__rosidl_typesupport_fastrtps_cpp
[0.068s] [ 51%] Built target my_sim_tesi_ros2_interfaces__rosidl_typesupport_introspection_c
[0.068s] [ 61%] Built target my_sim_tesi_ros2_interfaces__rosidl_typesupport_c
[0.069s] [ 70%] Built target my_sim_tesi_ros2_interfaces__rosidl_typesupport_fastrtps_c
[0.082s] [ 70%] Built target my_sim_tesi_ros2_interfaces
[0.094s] [ 74%] Built target my_sim_tesi_ros2_interfaces__py
[0.101s] [35m[1mConsolidate compiler generated dependencies of target my_sim_tesi_ros2_interfaces__rosidl_generator_py[0m
[0.112s] [ 80%] Built target my_sim_tesi_ros2_interfaces__rosidl_generator_py
[0.120s] [35m[1mConsolidate compiler generated dependencies of target my_sim_tesi_ros2_interfaces__rosidl_typesupport_introspection_c__pyext[0m
[0.120s] [35m[1mConsolidate compiler generated dependencies of target my_sim_tesi_ros2_interfaces__rosidl_typesupport_c__pyext[0m
[0.120s] [35m[1mConsolidate compiler generated dependencies of target my_sim_tesi_ros2_interfaces__rosidl_typesupport_fastrtps_c__pyext[0m
[0.129s] [ 93%] Built target my_sim_tesi_ros2_interfaces__rosidl_typesupport_introspection_c__pyext
[0.129s] [ 93%] Built target my_sim_tesi_ros2_interfaces__rosidl_typesupport_c__pyext
[0.129s] [100%] Built target my_sim_tesi_ros2_interfaces__rosidl_typesupport_fastrtps_c__pyext
[0.190s] running egg_info
[0.190s] writing my_sim_tesi_ros2_interfaces.egg-info/PKG-INFO
[0.190s] writing dependency_links to my_sim_tesi_ros2_interfaces.egg-info/dependency_links.txt
[0.190s] writing top-level names to my_sim_tesi_ros2_interfaces.egg-info/top_level.txt
[0.192s] reading manifest file 'my_sim_tesi_ros2_interfaces.egg-info/SOURCES.txt'
[0.192s] writing manifest file 'my_sim_tesi_ros2_interfaces.egg-info/SOURCES.txt'
[0.209s] [100%] Built target ament_cmake_python_build_my_sim_tesi_ros2_interfaces_egg
[0.218s] Invoked command in '/home/moonlab/ros2_ws/build/my_sim_tesi_ros2_interfaces' returned '0': CMAKE_PREFIX_PATH=${CMAKE_PREFIX_PATH}:/opt/ros/humble /usr/bin/cmake --build /home/moonlab/ros2_ws/build/my_sim_tesi_ros2_interfaces -- -j24 -l24
[0.219s] Invoking command in '/home/moonlab/ros2_ws/build/my_sim_tesi_ros2_interfaces': CMAKE_PREFIX_PATH=${CMAKE_PREFIX_PATH}:/opt/ros/humble /usr/bin/cmake --install /home/moonlab/ros2_ws/build/my_sim_tesi_ros2_interfaces
[0.224s] -- Install configuration: ""
[0.224s] -- Execute custom install script
[0.224s] -- Up-to-date symlink: /home/moonlab/ros2_ws/install/my_sim_tesi_ros2_interfaces/share/ament_index/resource_index/rosidl_interfaces/my_sim_tesi_ros2_interfaces
[0.225s] -- Up-to-date symlink: /home/moonlab/ros2_ws/install/my_sim_tesi_ros2_interfaces/include/my_sim_tesi_ros2_interfaces/my_sim_tesi_ros2_interfaces/action/detail/drone_pose_control__functions.h
[0.225s] -- Up-to-date symlink: /home/moonlab/ros2_ws/install/my_sim_tesi_ros2_interfaces/include/my_sim_tesi_ros2_interfaces/my_sim_tesi_ros2_interfaces/action/detail/drone_pose_control__struct.h
[0.225s] -- Up-to-date symlink: /home/moonlab/ros2_ws/install/my_sim_tesi_ros2_interfaces/include/my_sim_tesi_ros2_interfaces/my_sim_tesi_ros2_interfaces/action/detail/drone_pose_control__type_support.h
[0.225s] -- Up-to-date symlink: /home/moonlab/ros2_ws/install/my_sim_tesi_ros2_interfaces/include/my_sim_tesi_ros2_interfaces/my_sim_tesi_ros2_interfaces/action/drone_pose_control.h
[0.225s] -- Up-to-date symlink: /home/moonlab/ros2_ws/install/my_sim_tesi_ros2_interfaces/include/my_sim_tesi_ros2_interfaces/my_sim_tesi_ros2_interfaces/msg/rosidl_generator_c__visibility_control.h
[0.225s] -- Up-to-date symlink: /home/moonlab/ros2_ws/install/my_sim_tesi_ros2_interfaces/share/my_sim_tesi_ros2_interfaces/environment/library_path.sh
[0.225s] -- Up-to-date symlink: /home/moonlab/ros2_ws/install/my_sim_tesi_ros2_interfaces/share/my_sim_tesi_ros2_interfaces/environment/library_path.dsv
[0.225s] -- Up-to-date symlink: /home/moonlab/ros2_ws/install/my_sim_tesi_ros2_interfaces/include/my_sim_tesi_ros2_interfaces/my_sim_tesi_ros2_interfaces/action/detail/drone_pose_control__rosidl_typesupport_fastrtps_c.h
[0.225s] -- Up-to-date symlink: /home/moonlab/ros2_ws/install/my_sim_tesi_ros2_interfaces/include/my_sim_tesi_ros2_interfaces/my_sim_tesi_ros2_interfaces/msg/rosidl_typesupport_fastrtps_c__visibility_control.h
[0.225s] -- Up-to-date symlink: /home/moonlab/ros2_ws/install/my_sim_tesi_ros2_interfaces/include/my_sim_tesi_ros2_interfaces/my_sim_tesi_ros2_interfaces/action/detail/drone_pose_control__rosidl_typesupport_introspection_c.h
[0.226s] -- Up-to-date symlink: /home/moonlab/ros2_ws/install/my_sim_tesi_ros2_interfaces/include/my_sim_tesi_ros2_interfaces/my_sim_tesi_ros2_interfaces/msg/rosidl_typesupport_introspection_c__visibility_control.h
[0.226s] -- Up-to-date symlink: /home/moonlab/ros2_ws/install/my_sim_tesi_ros2_interfaces/include/my_sim_tesi_ros2_interfaces/my_sim_tesi_ros2_interfaces/action/detail/drone_pose_control__builder.hpp
[0.226s] -- Up-to-date symlink: /home/moonlab/ros2_ws/install/my_sim_tesi_ros2_interfaces/include/my_sim_tesi_ros2_interfaces/my_sim_tesi_ros2_interfaces/action/detail/drone_pose_control__struct.hpp
[0.226s] -- Up-to-date symlink: /home/moonlab/ros2_ws/install/my_sim_tesi_ros2_interfaces/include/my_sim_tesi_ros2_interfaces/my_sim_tesi_ros2_interfaces/action/detail/drone_pose_control__traits.hpp
[0.226s] -- Up-to-date symlink: /home/moonlab/ros2_ws/install/my_sim_tesi_ros2_interfaces/include/my_sim_tesi_ros2_interfaces/my_sim_tesi_ros2_interfaces/action/detail/drone_pose_control__type_support.hpp
[0.226s] -- Up-to-date symlink: /home/moonlab/ros2_ws/install/my_sim_tesi_ros2_interfaces/include/my_sim_tesi_ros2_interfaces/my_sim_tesi_ros2_interfaces/action/drone_pose_control.hpp
[0.226s] -- Up-to-date symlink: /home/moonlab/ros2_ws/install/my_sim_tesi_ros2_interfaces/include/my_sim_tesi_ros2_interfaces/my_sim_tesi_ros2_interfaces/msg/rosidl_generator_cpp__visibility_control.hpp
[0.226s] -- Up-to-date symlink: /home/moonlab/ros2_ws/install/my_sim_tesi_ros2_interfaces/include/my_sim_tesi_ros2_interfaces/my_sim_tesi_ros2_interfaces/action/detail/drone_pose_control__rosidl_typesupport_fastrtps_cpp.hpp
[0.226s] -- Up-to-date symlink: /home/moonlab/ros2_ws/install/my_sim_tesi_ros2_interfaces/include/my_sim_tesi_ros2_interfaces/my_sim_tesi_ros2_interfaces/msg/rosidl_typesupport_fastrtps_cpp__visibility_control.h
[0.227s] -- Up-to-date symlink: /home/moonlab/ros2_ws/install/my_sim_tesi_ros2_interfaces/include/my_sim_tesi_ros2_interfaces/my_sim_tesi_ros2_interfaces/action/detail/drone_pose_control__rosidl_typesupport_introspection_cpp.hpp
[0.227s] -- Up-to-date symlink: /home/moonlab/ros2_ws/install/my_sim_tesi_ros2_interfaces/share/my_sim_tesi_ros2_interfaces/environment/pythonpath.sh
[0.227s] -- Up-to-date symlink: /home/moonlab/ros2_ws/install/my_sim_tesi_ros2_interfaces/share/my_sim_tesi_ros2_interfaces/environment/pythonpath.dsv
[0.227s] -- Up-to-date symlink: /home/moonlab/ros2_ws/install/my_sim_tesi_ros2_interfaces/local/lib/python3.10/dist-packages/my_sim_tesi_ros2_interfaces-0.0.0-py3.10.egg-info/PKG-INFO
[0.227s] -- Up-to-date symlink: /home/moonlab/ros2_ws/install/my_sim_tesi_ros2_interfaces/local/lib/python3.10/dist-packages/my_sim_tesi_ros2_interfaces-0.0.0-py3.10.egg-info/SOURCES.txt
[0.227s] -- Up-to-date symlink: /home/moonlab/ros2_ws/install/my_sim_tesi_ros2_interfaces/local/lib/python3.10/dist-packages/my_sim_tesi_ros2_interfaces-0.0.0-py3.10.egg-info/dependency_links.txt
[0.227s] -- Up-to-date symlink: /home/moonlab/ros2_ws/install/my_sim_tesi_ros2_interfaces/local/lib/python3.10/dist-packages/my_sim_tesi_ros2_interfaces-0.0.0-py3.10.egg-info/top_level.txt
[0.227s] -- Up-to-date symlink: /home/moonlab/ros2_ws/install/my_sim_tesi_ros2_interfaces/local/lib/python3.10/dist-packages/my_sim_tesi_ros2_interfaces/__init__.py
[0.228s] -- Up-to-date symlink: /home/moonlab/ros2_ws/install/my_sim_tesi_ros2_interfaces/local/lib/python3.10/dist-packages/my_sim_tesi_ros2_interfaces/_my_sim_tesi_ros2_interfaces_s.ep.rosidl_typesupport_c.c
[0.228s] -- Up-to-date symlink: /home/moonlab/ros2_ws/install/my_sim_tesi_ros2_interfaces/local/lib/python3.10/dist-packages/my_sim_tesi_ros2_interfaces/_my_sim_tesi_ros2_interfaces_s.ep.rosidl_typesupport_fastrtps_c.c
[0.228s] -- Up-to-date symlink: /home/moonlab/ros2_ws/install/my_sim_tesi_ros2_interfaces/local/lib/python3.10/dist-packages/my_sim_tesi_ros2_interfaces/_my_sim_tesi_ros2_interfaces_s.ep.rosidl_typesupport_introspection_c.c
[0.228s] -- Up-to-date symlink: /home/moonlab/ros2_ws/install/my_sim_tesi_ros2_interfaces/local/lib/python3.10/dist-packages/my_sim_tesi_ros2_interfaces/action/__init__.py
[0.228s] -- Up-to-date symlink: /home/moonlab/ros2_ws/install/my_sim_tesi_ros2_interfaces/local/lib/python3.10/dist-packages/my_sim_tesi_ros2_interfaces/action/_drone_pose_control.py
[0.228s] -- Up-to-date symlink: /home/moonlab/ros2_ws/install/my_sim_tesi_ros2_interfaces/local/lib/python3.10/dist-packages/my_sim_tesi_ros2_interfaces/action/_drone_pose_control_s.c
[0.228s] -- Up-to-date symlink: /home/moonlab/ros2_ws/install/my_sim_tesi_ros2_interfaces/local/lib/python3.10/dist-packages/my_sim_tesi_ros2_interfaces/libmy_sim_tesi_ros2_interfaces__rosidl_generator_py.so
[0.228s] -- Up-to-date symlink: /home/moonlab/ros2_ws/install/my_sim_tesi_ros2_interfaces/local/lib/python3.10/dist-packages/my_sim_tesi_ros2_interfaces/my_sim_tesi_ros2_interfaces_s__rosidl_typesupport_c.cpython-310-x86_64-linux-gnu.so
[0.228s] -- Up-to-date symlink: /home/moonlab/ros2_ws/install/my_sim_tesi_ros2_interfaces/local/lib/python3.10/dist-packages/my_sim_tesi_ros2_interfaces/my_sim_tesi_ros2_interfaces_s__rosidl_typesupport_fastrtps_c.cpython-310-x86_64-linux-gnu.so
[0.228s] -- Up-to-date symlink: /home/moonlab/ros2_ws/install/my_sim_tesi_ros2_interfaces/local/lib/python3.10/dist-packages/my_sim_tesi_ros2_interfaces/my_sim_tesi_ros2_interfaces_s__rosidl_typesupport_introspection_c.cpython-310-x86_64-linux-gnu.so
[0.228s] -- Up-to-date symlink: /home/moonlab/ros2_ws/install/my_sim_tesi_ros2_interfaces/local/lib/python3.10/dist-packages/my_sim_tesi_ros2_interfaces/my_sim_tesi_ros2_interfaces_s__rosidl_typesupport_fastrtps_c.cpython-310-x86_64-linux-gnu.so
[0.228s] -- Up-to-date symlink: /home/moonlab/ros2_ws/install/my_sim_tesi_ros2_interfaces/local/lib/python3.10/dist-packages/my_sim_tesi_ros2_interfaces/my_sim_tesi_ros2_interfaces_s__rosidl_typesupport_introspection_c.cpython-310-x86_64-linux-gnu.so
[0.228s] -- Up-to-date symlink: /home/moonlab/ros2_ws/install/my_sim_tesi_ros2_interfaces/local/lib/python3.10/dist-packages/my_sim_tesi_ros2_interfaces/my_sim_tesi_ros2_interfaces_s__rosidl_typesupport_c.cpython-310-x86_64-linux-gnu.so
[0.229s] -- Up-to-date symlink: /home/moonlab/ros2_ws/install/my_sim_tesi_ros2_interfaces/share/my_sim_tesi_ros2_interfaces/action/DronePoseControl.idl
[0.229s] -- Up-to-date symlink: /home/moonlab/ros2_ws/install/my_sim_tesi_ros2_interfaces/share/my_sim_tesi_ros2_interfaces/action/DronePoseControl.action
[0.229s] -- Up-to-date symlink: /home/moonlab/ros2_ws/install/my_sim_tesi_ros2_interfaces/share/ament_index/resource_index/package_run_dependencies/my_sim_tesi_ros2_interfaces
[0.229s] -- Up-to-date symlink: /home/moonlab/ros2_ws/install/my_sim_tesi_ros2_interfaces/share/ament_index/resource_index/parent_prefix_path/my_sim_tesi_ros2_interfaces
[0.229s] -- Up-to-date symlink: /home/moonlab/ros2_ws/install/my_sim_tesi_ros2_interfaces/share/my_sim_tesi_ros2_interfaces/environment/ament_prefix_path.sh
[0.229s] -- Up-to-date symlink: /home/moonlab/ros2_ws/install/my_sim_tesi_ros2_interfaces/share/my_sim_tesi_ros2_interfaces/environment/ament_prefix_path.dsv
[0.229s] -- Up-to-date symlink: /home/moonlab/ros2_ws/install/my_sim_tesi_ros2_interfaces/share/my_sim_tesi_ros2_interfaces/environment/path.sh
[0.229s] -- Up-to-date symlink: /home/moonlab/ros2_ws/install/my_sim_tesi_ros2_interfaces/share/my_sim_tesi_ros2_interfaces/environment/path.dsv
[0.229s] -- Up-to-date symlink: /home/moonlab/ros2_ws/install/my_sim_tesi_ros2_interfaces/share/my_sim_tesi_ros2_interfaces/local_setup.bash
[0.229s] -- Up-to-date symlink: /home/moonlab/ros2_ws/install/my_sim_tesi_ros2_interfaces/share/my_sim_tesi_ros2_interfaces/local_setup.sh
[0.229s] -- Up-to-date symlink: /home/moonlab/ros2_ws/install/my_sim_tesi_ros2_interfaces/share/my_sim_tesi_ros2_interfaces/local_setup.zsh
[0.229s] -- Up-to-date symlink: /home/moonlab/ros2_ws/install/my_sim_tesi_ros2_interfaces/share/my_sim_tesi_ros2_interfaces/local_setup.dsv
[0.229s] -- Symlinking: /home/moonlab/ros2_ws/install/my_sim_tesi_ros2_interfaces/share/my_sim_tesi_ros2_interfaces/package.dsv
[0.236s] -- Up-to-date symlink: /home/moonlab/ros2_ws/install/my_sim_tesi_ros2_interfaces/share/ament_index/resource_index/packages/my_sim_tesi_ros2_interfaces
[0.236s] -- Up-to-date symlink: /home/moonlab/ros2_ws/install/my_sim_tesi_ros2_interfaces/share/my_sim_tesi_ros2_interfaces/cmake/rosidl_cmake-extras.cmake
[0.236s] -- Up-to-date symlink: /home/moonlab/ros2_ws/install/my_sim_tesi_ros2_interfaces/share/my_sim_tesi_ros2_interfaces/cmake/ament_cmake_export_dependencies-extras.cmake
[0.236s] -- Up-to-date symlink: /home/moonlab/ros2_ws/install/my_sim_tesi_ros2_interfaces/share/my_sim_tesi_ros2_interfaces/cmake/ament_cmake_export_include_directories-extras.cmake
[0.237s] -- Up-to-date symlink: /home/moonlab/ros2_ws/install/my_sim_tesi_ros2_interfaces/share/my_sim_tesi_ros2_interfaces/cmake/ament_cmake_export_libraries-extras.cmake
[0.237s] -- Up-to-date symlink: /home/moonlab/ros2_ws/install/my_sim_tesi_ros2_interfaces/share/my_sim_tesi_ros2_interfaces/cmake/ament_cmake_export_targets-extras.cmake
[0.237s] -- Up-to-date symlink: /home/moonlab/ros2_ws/install/my_sim_tesi_ros2_interfaces/share/my_sim_tesi_ros2_interfaces/cmake/rosidl_cmake_export_typesupport_targets-extras.cmake
[0.237s] -- Up-to-date symlink: /home/moonlab/ros2_ws/install/my_sim_tesi_ros2_interfaces/share/my_sim_tesi_ros2_interfaces/cmake/rosidl_cmake_export_typesupport_libraries-extras.cmake
[0.237s] -- Up-to-date symlink: /home/moonlab/ros2_ws/install/my_sim_tesi_ros2_interfaces/share/my_sim_tesi_ros2_interfaces/cmake/my_sim_tesi_ros2_interfacesConfig.cmake
[0.237s] -- Up-to-date symlink: /home/moonlab/ros2_ws/install/my_sim_tesi_ros2_interfaces/share/my_sim_tesi_ros2_interfaces/cmake/my_sim_tesi_ros2_interfacesConfig-version.cmake
[0.237s] -- Up-to-date symlink: /home/moonlab/ros2_ws/install/my_sim_tesi_ros2_interfaces/share/my_sim_tesi_ros2_interfaces/package.xml
[0.237s] -- Up-to-date: /home/moonlab/ros2_ws/install/my_sim_tesi_ros2_interfaces/lib/libmy_sim_tesi_ros2_interfaces__rosidl_generator_c.so
[0.237s] -- Up-to-date: /home/moonlab/ros2_ws/install/my_sim_tesi_ros2_interfaces/lib/libmy_sim_tesi_ros2_interfaces__rosidl_typesupport_fastrtps_c.so
[0.237s] -- Up-to-date: /home/moonlab/ros2_ws/install/my_sim_tesi_ros2_interfaces/lib/libmy_sim_tesi_ros2_interfaces__rosidl_typesupport_introspection_c.so
[0.238s] -- Up-to-date: /home/moonlab/ros2_ws/install/my_sim_tesi_ros2_interfaces/lib/libmy_sim_tesi_ros2_interfaces__rosidl_typesupport_c.so
[0.238s] -- Up-to-date: /home/moonlab/ros2_ws/install/my_sim_tesi_ros2_interfaces/lib/libmy_sim_tesi_ros2_interfaces__rosidl_typesupport_fastrtps_cpp.so
[0.238s] -- Up-to-date: /home/moonlab/ros2_ws/install/my_sim_tesi_ros2_interfaces/lib/libmy_sim_tesi_ros2_interfaces__rosidl_typesupport_introspection_cpp.so
[0.238s] -- Up-to-date: /home/moonlab/ros2_ws/install/my_sim_tesi_ros2_interfaces/lib/libmy_sim_tesi_ros2_interfaces__rosidl_typesupport_cpp.so
[0.256s] Listing '/home/moonlab/ros2_ws/install/my_sim_tesi_ros2_interfaces/local/lib/python3.10/dist-packages/my_sim_tesi_ros2_interfaces'...
[0.256s] Listing '/home/moonlab/ros2_ws/install/my_sim_tesi_ros2_interfaces/local/lib/python3.10/dist-packages/my_sim_tesi_ros2_interfaces/action'...
[0.258s] -- Up-to-date: /home/moonlab/ros2_ws/install/my_sim_tesi_ros2_interfaces/lib/libmy_sim_tesi_ros2_interfaces__rosidl_generator_py.so
[0.258s] -- Up-to-date: /home/moonlab/ros2_ws/install/my_sim_tesi_ros2_interfaces/share/my_sim_tesi_ros2_interfaces/cmake/export_my_sim_tesi_ros2_interfaces__rosidl_generator_cExport.cmake
[0.258s] -- Up-to-date: /home/moonlab/ros2_ws/install/my_sim_tesi_ros2_interfaces/share/my_sim_tesi_ros2_interfaces/cmake/export_my_sim_tesi_ros2_interfaces__rosidl_generator_cExport-noconfig.cmake
[0.259s] -- Up-to-date: /home/moonlab/ros2_ws/install/my_sim_tesi_ros2_interfaces/share/my_sim_tesi_ros2_interfaces/cmake/export_my_sim_tesi_ros2_interfaces__rosidl_typesupport_fastrtps_cExport.cmake
[0.259s] -- Up-to-date: /home/moonlab/ros2_ws/install/my_sim_tesi_ros2_interfaces/share/my_sim_tesi_ros2_interfaces/cmake/export_my_sim_tesi_ros2_interfaces__rosidl_typesupport_fastrtps_cExport-noconfig.cmake
[0.259s] -- Up-to-date: /home/moonlab/ros2_ws/install/my_sim_tesi_ros2_interfaces/share/my_sim_tesi_ros2_interfaces/cmake/my_sim_tesi_ros2_interfaces__rosidl_typesupport_introspection_cExport.cmake
[0.259s] -- Up-to-date: /home/moonlab/ros2_ws/install/my_sim_tesi_ros2_interfaces/share/my_sim_tesi_ros2_interfaces/cmake/my_sim_tesi_ros2_interfaces__rosidl_typesupport_introspection_cExport-noconfig.cmake
[0.259s] -- Up-to-date: /home/moonlab/ros2_ws/install/my_sim_tesi_ros2_interfaces/share/my_sim_tesi_ros2_interfaces/cmake/my_sim_tesi_ros2_interfaces__rosidl_typesupport_cExport.cmake
[0.259s] -- Up-to-date: /home/moonlab/ros2_ws/install/my_sim_tesi_ros2_interfaces/share/my_sim_tesi_ros2_interfaces/cmake/my_sim_tesi_ros2_interfaces__rosidl_typesupport_cExport-noconfig.cmake
[0.259s] -- Up-to-date: /home/moonlab/ros2_ws/install/my_sim_tesi_ros2_interfaces/share/my_sim_tesi_ros2_interfaces/cmake/export_my_sim_tesi_ros2_interfaces__rosidl_generator_cppExport.cmake
[0.259s] -- Up-to-date: /home/moonlab/ros2_ws/install/my_sim_tesi_ros2_interfaces/share/my_sim_tesi_ros2_interfaces/cmake/export_my_sim_tesi_ros2_interfaces__rosidl_typesupport_fastrtps_cppExport.cmake
[0.259s] -- Up-to-date: /home/moonlab/ros2_ws/install/my_sim_tesi_ros2_interfaces/share/my_sim_tesi_ros2_interfaces/cmake/export_my_sim_tesi_ros2_interfaces__rosidl_typesupport_fastrtps_cppExport-noconfig.cmake
[0.259s] -- Up-to-date: /home/moonlab/ros2_ws/install/my_sim_tesi_ros2_interfaces/share/my_sim_tesi_ros2_interfaces/cmake/my_sim_tesi_ros2_interfaces__rosidl_typesupport_introspection_cppExport.cmake
[0.259s] -- Up-to-date: /home/moonlab/ros2_ws/install/my_sim_tesi_ros2_interfaces/share/my_sim_tesi_ros2_interfaces/cmake/my_sim_tesi_ros2_interfaces__rosidl_typesupport_introspection_cppExport-noconfig.cmake
[0.259s] -- Up-to-date: /home/moonlab/ros2_ws/install/my_sim_tesi_ros2_interfaces/share/my_sim_tesi_ros2_interfaces/cmake/my_sim_tesi_ros2_interfaces__rosidl_typesupport_cppExport.cmake
[0.259s] -- Up-to-date: /home/moonlab/ros2_ws/install/my_sim_tesi_ros2_interfaces/share/my_sim_tesi_ros2_interfaces/cmake/my_sim_tesi_ros2_interfaces__rosidl_typesupport_cppExport-noconfig.cmake
[0.259s] -- Up-to-date: /home/moonlab/ros2_ws/install/my_sim_tesi_ros2_interfaces/share/my_sim_tesi_ros2_interfaces/cmake/export_my_sim_tesi_ros2_interfaces__rosidl_generator_pyExport.cmake
[0.259s] -- Up-to-date: /home/moonlab/ros2_ws/install/my_sim_tesi_ros2_interfaces/share/my_sim_tesi_ros2_interfaces/cmake/export_my_sim_tesi_ros2_interfaces__rosidl_generator_pyExport-noconfig.cmake
[0.261s] Invoked command in '/home/moonlab/ros2_ws/build/my_sim_tesi_ros2_interfaces' returned '0': CMAKE_PREFIX_PATH=${CMAKE_PREFIX_PATH}:/opt/ros/humble /usr/bin/cmake --install /home/moonlab/ros2_ws/build/my_sim_tesi_ros2_interfaces
