[0.011s] Invoking command in '/home/moonlab/ros2_ws/build/my_sim_tesi_ros2_interfaces': CMAKE_PREFIX_PATH=/opt/ros/humble /usr/bin/cmake /home/moonlab/ros2_ws/src/ros2_ignition_thesis/my_sim_tesi_ros2_interfaces -DAMENT_CMAKE_SYMLINK_INSTALL=1 -DCMAKE_INSTALL_PREFIX=/home/moonlab/ros2_ws/install/my_sim_tesi_ros2_interfaces
[0.105s] -- The C compiler identification is GNU 11.4.0
[0.173s] -- The CXX compiler identification is GNU 11.4.0
[0.179s] -- Detecting C compiler ABI info
[0.227s] -- Detecting C compiler ABI info - done
[0.231s] -- Check for working C compiler: /usr/bin/cc - skipped
[0.231s] -- Detecting C compile features
[0.231s] -- Detecting C compile features - done
[0.234s] -- Detecting CXX compiler ABI info
[0.284s] -- Detecting CXX compiler ABI info - done
[0.289s] -- Check for working CXX compiler: /usr/bin/c++ - skipped
[0.289s] -- Detecting CXX compile features
[0.289s] -- Detecting CXX compile features - done
[0.293s] -- Found ament_cmake: 1.3.12 (/opt/ros/humble/share/ament_cmake/cmake)
[0.377s] -- Found Python3: /usr/bin/python3 (found version "3.10.12") found components: Interpreter 
[0.414s] -- Override CMake install command with custom implementation using symlinks instead of copying resources
[0.437s] -- Found rosidl_default_generators: 1.2.0 (/opt/ros/humble/share/rosidl_default_generators/cmake)
[0.439s] -- Using all available rosidl_typesupport_c: rosidl_typesupport_fastrtps_c;rosidl_typesupport_introspection_c
[0.445s] -- Found rosidl_adapter: 3.1.7 (/opt/ros/humble/share/rosidl_adapter/cmake)
[0.474s] -- Using all available rosidl_typesupport_cpp: rosidl_typesupport_fastrtps_cpp;rosidl_typesupport_introspection_cpp
[0.662s] -- Found ament_cmake_ros: 0.10.0 (/opt/ros/humble/share/ament_cmake_ros/cmake)
[0.764s] -- Using all available rosidl_typesupport_c: rosidl_typesupport_fastrtps_c;rosidl_typesupport_introspection_c
[0.897s] -- Using all available rosidl_typesupport_cpp: rosidl_typesupport_fastrtps_cpp;rosidl_typesupport_introspection_cpp
[0.910s] -- Found PythonInterp: /usr/bin/python3 (found suitable version "3.10.12", minimum required is "3.6") 
[0.911s] -- Found python_cmake_module: 0.10.0 (/opt/ros/humble/share/python_cmake_module/cmake)
[0.927s] -- Found PythonLibs: /usr/lib/x86_64-linux-gnu/libpython3.10.so (found suitable version "3.10.12", minimum required is "3.5") 
[0.927s] -- Using PYTHON_EXECUTABLE: /usr/bin/python3
[0.927s] -- Using PYTHON_INCLUDE_DIRS: /usr/include/python3.10
[0.927s] -- Using PYTHON_LIBRARIES: /usr/lib/x86_64-linux-gnu/libpython3.10.so
[0.938s] -- Found PythonExtra: .so  
[0.965s] -- Configuring done
[0.983s] -- Generating done
[0.988s] -- Build files have been written to: /home/moonlab/ros2_ws/build/my_sim_tesi_ros2_interfaces
[0.994s] Invoked command in '/home/moonlab/ros2_ws/build/my_sim_tesi_ros2_interfaces' returned '0': CMAKE_PREFIX_PATH=/opt/ros/humble /usr/bin/cmake /home/moonlab/ros2_ws/src/ros2_ignition_thesis/my_sim_tesi_ros2_interfaces -DAMENT_CMAKE_SYMLINK_INSTALL=1 -DCMAKE_INSTALL_PREFIX=/home/moonlab/ros2_ws/install/my_sim_tesi_ros2_interfaces
[0.995s] Invoking command in '/home/moonlab/ros2_ws/build/my_sim_tesi_ros2_interfaces': CMAKE_PREFIX_PATH=/opt/ros/humble /usr/bin/cmake --build /home/moonlab/ros2_ws/build/my_sim_tesi_ros2_interfaces -- -j24 -l24
[1.017s] [  3%] [34m[1mGenerating C code for ROS interfaces[0m
[1.024s] [  6%] [34m[1mGenerating C++ code for ROS interfaces[0m
[1.029s] [  6%] Built target ament_cmake_python_symlink_my_sim_tesi_ros2_interfaces
[1.143s] running egg_info
[1.143s] creating my_sim_tesi_ros2_interfaces.egg-info
[1.143s] writing my_sim_tesi_ros2_interfaces.egg-info/PKG-INFO
[1.143s] writing dependency_links to my_sim_tesi_ros2_interfaces.egg-info/dependency_links.txt
[1.144s] writing top-level names to my_sim_tesi_ros2_interfaces.egg-info/top_level.txt
[1.144s] writing manifest file 'my_sim_tesi_ros2_interfaces.egg-info/SOURCES.txt'
[1.145s] reading manifest file 'my_sim_tesi_ros2_interfaces.egg-info/SOURCES.txt'
[1.145s] writing manifest file 'my_sim_tesi_ros2_interfaces.egg-info/SOURCES.txt'
[1.159s] [  6%] Built target ament_cmake_python_build_my_sim_tesi_ros2_interfaces_egg
[1.241s] [  9%] [32mBuilding C object CMakeFiles/my_sim_tesi_ros2_interfaces__rosidl_generator_c.dir/rosidl_generator_c/my_sim_tesi_ros2_interfaces/action/detail/drone_pose_control__functions.c.o[0m
[1.246s] [  9%] Built target my_sim_tesi_ros2_interfaces__cpp
[1.252s] [ 16%] [34m[1mGenerating C++ introspection for ROS interfaces[0m
[1.252s] [ 16%] [34m[1mGenerating C++ type support for eProsima Fast-RTPS[0m
[1.252s] [ 19%] [34m[1mGenerating C++ type support dispatch for ROS interfaces[0m
[1.319s] [ 22%] [32m[1mLinking C shared library libmy_sim_tesi_ros2_interfaces__rosidl_generator_c.so[0m
[1.342s] [ 22%] Built target my_sim_tesi_ros2_interfaces__rosidl_generator_c
[1.347s] [ 25%] [34m[1mGenerating C type support dispatch for ROS interfaces[0m
[1.348s] [ 29%] [34m[1mGenerating C type support for eProsima Fast-RTPS[0m
[1.348s] [ 32%] [34m[1mGenerating C introspection for ROS interfaces[0m
[1.403s] [ 35%] [32mBuilding CXX object CMakeFiles/my_sim_tesi_ros2_interfaces__rosidl_typesupport_cpp.dir/rosidl_typesupport_cpp/my_sim_tesi_ros2_interfaces/action/drone_pose_control__type_support.cpp.o[0m
[1.427s] [ 38%] [32mBuilding CXX object CMakeFiles/my_sim_tesi_ros2_interfaces__rosidl_typesupport_introspection_cpp.dir/rosidl_typesupport_introspection_cpp/my_sim_tesi_ros2_interfaces/action/detail/drone_pose_control__type_support.cpp.o[0m
[1.458s] [ 41%] [32mBuilding CXX object CMakeFiles/my_sim_tesi_ros2_interfaces__rosidl_typesupport_fastrtps_cpp.dir/rosidl_typesupport_fastrtps_cpp/my_sim_tesi_ros2_interfaces/action/detail/dds_fastrtps/drone_pose_control__type_support.cpp.o[0m
[1.505s] [ 45%] [32mBuilding CXX object CMakeFiles/my_sim_tesi_ros2_interfaces__rosidl_typesupport_c.dir/rosidl_typesupport_c/my_sim_tesi_ros2_interfaces/action/drone_pose_control__type_support.cpp.o[0m
[1.536s] [ 51%] [32mBuilding C object CMakeFiles/my_sim_tesi_ros2_interfaces__rosidl_typesupport_introspection_c.dir/rosidl_typesupport_introspection_c/my_sim_tesi_ros2_interfaces/action/detail/drone_pose_control__type_support.c.o[0m
[1.536s] [ 51%] [32m[1mLinking CXX shared library libmy_sim_tesi_ros2_interfaces__rosidl_typesupport_c.so[0m
[1.548s] [ 54%] [32mBuilding CXX object CMakeFiles/my_sim_tesi_ros2_interfaces__rosidl_typesupport_fastrtps_c.dir/rosidl_typesupport_fastrtps_c/my_sim_tesi_ros2_interfaces/action/detail/drone_pose_control__type_support_c.cpp.o[0m
[1.561s] [ 54%] Built target my_sim_tesi_ros2_interfaces__rosidl_typesupport_c
[1.564s] [ 58%] [32m[1mLinking C shared library libmy_sim_tesi_ros2_interfaces__rosidl_typesupport_introspection_c.so[0m
[1.584s] [ 58%] Built target my_sim_tesi_ros2_interfaces__rosidl_typesupport_introspection_c
[1.666s] [ 61%] [32m[1mLinking CXX shared library libmy_sim_tesi_ros2_interfaces__rosidl_typesupport_cpp.so[0m
[1.692s] [ 61%] Built target my_sim_tesi_ros2_interfaces__rosidl_typesupport_cpp
[1.726s] [ 64%] [32m[1mLinking CXX shared library libmy_sim_tesi_ros2_interfaces__rosidl_typesupport_introspection_cpp.so[0m
[1.741s] [ 67%] [32m[1mLinking CXX shared library libmy_sim_tesi_ros2_interfaces__rosidl_typesupport_fastrtps_c.so[0m
[1.750s] [ 70%] [32m[1mLinking CXX shared library libmy_sim_tesi_ros2_interfaces__rosidl_typesupport_fastrtps_cpp.so[0m
[1.765s] [ 70%] Built target my_sim_tesi_ros2_interfaces__rosidl_typesupport_introspection_cpp
[1.784s] [ 70%] Built target my_sim_tesi_ros2_interfaces__rosidl_typesupport_fastrtps_c
[1.792s] [ 70%] Built target my_sim_tesi_ros2_interfaces__rosidl_typesupport_fastrtps_cpp
[1.804s] [ 70%] Built target my_sim_tesi_ros2_interfaces
[1.816s] [ 74%] [34m[1mGenerating Python code for ROS interfaces[0m
[2.181s] [ 74%] Built target my_sim_tesi_ros2_interfaces__py
[2.192s] [ 77%] [32mBuilding C object CMakeFiles/my_sim_tesi_ros2_interfaces__rosidl_generator_py.dir/rosidl_generator_py/my_sim_tesi_ros2_interfaces/action/_drone_pose_control_s.c.o[0m
[2.285s] [ 80%] [32m[1mLinking C shared library rosidl_generator_py/my_sim_tesi_ros2_interfaces/libmy_sim_tesi_ros2_interfaces__rosidl_generator_py.so[0m
[2.311s] [ 80%] Built target my_sim_tesi_ros2_interfaces__rosidl_generator_py
[2.324s] [ 83%] [32mBuilding C object CMakeFiles/my_sim_tesi_ros2_interfaces__rosidl_typesupport_c__pyext.dir/rosidl_generator_py/my_sim_tesi_ros2_interfaces/_my_sim_tesi_ros2_interfaces_s.ep.rosidl_typesupport_c.c.o[0m
[2.324s] [ 87%] [32mBuilding C object CMakeFiles/my_sim_tesi_ros2_interfaces__rosidl_typesupport_introspection_c__pyext.dir/rosidl_generator_py/my_sim_tesi_ros2_interfaces/_my_sim_tesi_ros2_interfaces_s.ep.rosidl_typesupport_introspection_c.c.o[0m
[2.325s] [ 90%] [32mBuilding C object CMakeFiles/my_sim_tesi_ros2_interfaces__rosidl_typesupport_fastrtps_c__pyext.dir/rosidl_generator_py/my_sim_tesi_ros2_interfaces/_my_sim_tesi_ros2_interfaces_s.ep.rosidl_typesupport_fastrtps_c.c.o[0m
[2.390s] [ 96%] [32m[1mLinking C shared library rosidl_generator_py/my_sim_tesi_ros2_interfaces/my_sim_tesi_ros2_interfaces_s__rosidl_typesupport_fastrtps_c.cpython-310-x86_64-linux-gnu.so[0m
[2.390s] [ 96%] [32m[1mLinking C shared library rosidl_generator_py/my_sim_tesi_ros2_interfaces/my_sim_tesi_ros2_interfaces_s__rosidl_typesupport_c.cpython-310-x86_64-linux-gnu.so[0m
[2.390s] [100%] [32m[1mLinking C shared library rosidl_generator_py/my_sim_tesi_ros2_interfaces/my_sim_tesi_ros2_interfaces_s__rosidl_typesupport_introspection_c.cpython-310-x86_64-linux-gnu.so[0m
[2.413s] [100%] Built target my_sim_tesi_ros2_interfaces__rosidl_typesupport_c__pyext
[2.414s] [100%] Built target my_sim_tesi_ros2_interfaces__rosidl_typesupport_introspection_c__pyext
[2.414s] [100%] Built target my_sim_tesi_ros2_interfaces__rosidl_typesupport_fastrtps_c__pyext
