[0.010s] Invoking command in '/home/moonlab/ros2_ws/build/my_sim_tesi_ros2_nodes': CMAKE_PREFIX_PATH=/home/moonlab/ros2_ws/install/my_sim_tesi_ros2_interfaces:/home/moonlab/ros2_ws/install/turtlebot3_simulation:/home/moonlab/ros2_ws/install/my_sim_tesi_ros2_nodes:/home/moonlab/ros2_ws/install/my_sim_tesi_gazebo:/home/moonlab/ros2_ws/install/my_sim_tesi_bringup:/home/moonlab/ros2_ws/install/turtlebot3_control:/opt/ros/humble LD_LIBRARY_PATH=/home/moonlab/ros2_ws/install/my_sim_tesi_ros2_interfaces/lib:/home/moonlab/ros2_ws/install/my_sim_tesi_ros2_nodes/lib:/opt/ros/humble/opt/rviz_ogre_vendor/lib:/opt/ros/humble/lib/x86_64-linux-gnu:/opt/ros/humble/lib /usr/bin/cmake --build /home/moonlab/ros2_ws/build/my_sim_tesi_ros2_nodes -- -j24 -l24
[0.046s] [ 66%] Built target action_client
[0.047s] [ 66%] Built target orchestrator_node
[0.047s] [ 66%] Built target pose_control_action_server
[0.047s] [ 66%] Built target pose_control_action_client
[0.047s] [ 83%] Built target action_server
[0.048s] [100%] Built target orchestrator
[0.057s] Invoked command in '/home/moonlab/ros2_ws/build/my_sim_tesi_ros2_nodes' returned '0': CMAKE_PREFIX_PATH=/home/moonlab/ros2_ws/install/my_sim_tesi_ros2_interfaces:/home/moonlab/ros2_ws/install/turtlebot3_simulation:/home/moonlab/ros2_ws/install/my_sim_tesi_ros2_nodes:/home/moonlab/ros2_ws/install/my_sim_tesi_gazebo:/home/moonlab/ros2_ws/install/my_sim_tesi_bringup:/home/moonlab/ros2_ws/install/turtlebot3_control:/opt/ros/humble LD_LIBRARY_PATH=/home/moonlab/ros2_ws/install/my_sim_tesi_ros2_interfaces/lib:/home/moonlab/ros2_ws/install/my_sim_tesi_ros2_nodes/lib:/opt/ros/humble/opt/rviz_ogre_vendor/lib:/opt/ros/humble/lib/x86_64-linux-gnu:/opt/ros/humble/lib /usr/bin/cmake --build /home/moonlab/ros2_ws/build/my_sim_tesi_ros2_nodes -- -j24 -l24
[0.058s] Invoking command in '/home/moonlab/ros2_ws/build/my_sim_tesi_ros2_nodes': CMAKE_PREFIX_PATH=/home/moonlab/ros2_ws/install/my_sim_tesi_ros2_interfaces:/home/moonlab/ros2_ws/install/turtlebot3_simulation:/home/moonlab/ros2_ws/install/my_sim_tesi_ros2_nodes:/home/moonlab/ros2_ws/install/my_sim_tesi_gazebo:/home/moonlab/ros2_ws/install/my_sim_tesi_bringup:/home/moonlab/ros2_ws/install/turtlebot3_control:/opt/ros/humble LD_LIBRARY_PATH=/home/moonlab/ros2_ws/install/my_sim_tesi_ros2_interfaces/lib:/home/moonlab/ros2_ws/install/my_sim_tesi_ros2_nodes/lib:/opt/ros/humble/opt/rviz_ogre_vendor/lib:/opt/ros/humble/lib/x86_64-linux-gnu:/opt/ros/humble/lib /usr/bin/cmake --install /home/moonlab/ros2_ws/build/my_sim_tesi_ros2_nodes
[0.062s] -- Install configuration: ""
[0.062s] -- Execute custom install script
[0.062s] -- Up-to-date symlink: /home/moonlab/ros2_ws/install/my_sim_tesi_ros2_nodes/lib/my_sim_tesi_ros2_nodes/pose_control_action_server
[0.062s] -- Up-to-date symlink: /home/moonlab/ros2_ws/install/my_sim_tesi_ros2_nodes/lib/my_sim_tesi_ros2_nodes/pose_control_action_client
[0.062s] -- Up-to-date symlink: /home/moonlab/ros2_ws/install/my_sim_tesi_ros2_nodes/lib/my_sim_tesi_ros2_nodes/orchestrator_node
[0.063s] -- Up-to-date symlink: /home/moonlab/ros2_ws/install/my_sim_tesi_ros2_nodes/lib/libaction_server.so
[0.063s] -- Up-to-date symlink: /home/moonlab/ros2_ws/install/my_sim_tesi_ros2_nodes/lib/libaction_client.so
[0.063s] -- Up-to-date symlink: /home/moonlab/ros2_ws/install/my_sim_tesi_ros2_nodes/lib/liborchestrator.so
[0.063s] -- Up-to-date symlink: /home/moonlab/ros2_ws/install/my_sim_tesi_ros2_nodes/include/my_sim_tesi_ros2_nodes/my_sim_tesi_ros2_nodes/orchestrator_node.hpp
[0.063s] -- Up-to-date symlink: /home/moonlab/ros2_ws/install/my_sim_tesi_ros2_nodes/include/my_sim_tesi_ros2_nodes/my_sim_tesi_ros2_nodes/pose_control_action_client.hpp
[0.063s] -- Up-to-date symlink: /home/moonlab/ros2_ws/install/my_sim_tesi_ros2_nodes/include/my_sim_tesi_ros2_nodes/my_sim_tesi_ros2_nodes/pose_control_action_server.hpp
[0.063s] -- Up-to-date symlink: /home/moonlab/ros2_ws/install/my_sim_tesi_ros2_nodes/share/ament_index/resource_index/package_run_dependencies/my_sim_tesi_ros2_nodes
[0.063s] -- Up-to-date symlink: /home/moonlab/ros2_ws/install/my_sim_tesi_ros2_nodes/share/ament_index/resource_index/parent_prefix_path/my_sim_tesi_ros2_nodes
[0.064s] -- Up-to-date symlink: /home/moonlab/ros2_ws/install/my_sim_tesi_ros2_nodes/share/my_sim_tesi_ros2_nodes/environment/ament_prefix_path.sh
[0.064s] -- Up-to-date symlink: /home/moonlab/ros2_ws/install/my_sim_tesi_ros2_nodes/share/my_sim_tesi_ros2_nodes/environment/ament_prefix_path.dsv
[0.064s] -- Up-to-date symlink: /home/moonlab/ros2_ws/install/my_sim_tesi_ros2_nodes/share/my_sim_tesi_ros2_nodes/environment/path.sh
[0.064s] -- Up-to-date symlink: /home/moonlab/ros2_ws/install/my_sim_tesi_ros2_nodes/share/my_sim_tesi_ros2_nodes/environment/path.dsv
[0.064s] -- Up-to-date symlink: /home/moonlab/ros2_ws/install/my_sim_tesi_ros2_nodes/share/my_sim_tesi_ros2_nodes/local_setup.bash
[0.064s] -- Up-to-date symlink: /home/moonlab/ros2_ws/install/my_sim_tesi_ros2_nodes/share/my_sim_tesi_ros2_nodes/local_setup.sh
[0.064s] -- Up-to-date symlink: /home/moonlab/ros2_ws/install/my_sim_tesi_ros2_nodes/share/my_sim_tesi_ros2_nodes/local_setup.zsh
[0.064s] -- Up-to-date symlink: /home/moonlab/ros2_ws/install/my_sim_tesi_ros2_nodes/share/my_sim_tesi_ros2_nodes/local_setup.dsv
[0.064s] -- Symlinking: /home/moonlab/ros2_ws/install/my_sim_tesi_ros2_nodes/share/my_sim_tesi_ros2_nodes/package.dsv
[0.070s] -- Up-to-date symlink: /home/moonlab/ros2_ws/install/my_sim_tesi_ros2_nodes/share/ament_index/resource_index/packages/my_sim_tesi_ros2_nodes
[0.071s] -- Up-to-date symlink: /home/moonlab/ros2_ws/install/my_sim_tesi_ros2_nodes/share/ament_index/resource_index/rclcpp_components/my_sim_tesi_ros2_nodes
[0.071s] -- Up-to-date symlink: /home/moonlab/ros2_ws/install/my_sim_tesi_ros2_nodes/share/my_sim_tesi_ros2_nodes/cmake/my_sim_tesi_ros2_nodesConfig.cmake
[0.071s] -- Up-to-date symlink: /home/moonlab/ros2_ws/install/my_sim_tesi_ros2_nodes/share/my_sim_tesi_ros2_nodes/cmake/my_sim_tesi_ros2_nodesConfig-version.cmake
[0.071s] -- Up-to-date symlink: /home/moonlab/ros2_ws/install/my_sim_tesi_ros2_nodes/share/my_sim_tesi_ros2_nodes/package.xml
[0.072s] Invoked command in '/home/moonlab/ros2_ws/build/my_sim_tesi_ros2_nodes' returned '0': CMAKE_PREFIX_PATH=/home/moonlab/ros2_ws/install/my_sim_tesi_ros2_interfaces:/home/moonlab/ros2_ws/install/turtlebot3_simulation:/home/moonlab/ros2_ws/install/my_sim_tesi_ros2_nodes:/home/moonlab/ros2_ws/install/my_sim_tesi_gazebo:/home/moonlab/ros2_ws/install/my_sim_tesi_bringup:/home/moonlab/ros2_ws/install/turtlebot3_control:/opt/ros/humble LD_LIBRARY_PATH=/home/moonlab/ros2_ws/install/my_sim_tesi_ros2_interfaces/lib:/home/moonlab/ros2_ws/install/my_sim_tesi_ros2_nodes/lib:/opt/ros/humble/opt/rviz_ogre_vendor/lib:/opt/ros/humble/lib/x86_64-linux-gnu:/opt/ros/humble/lib /usr/bin/cmake --install /home/moonlab/ros2_ws/build/my_sim_tesi_ros2_nodes
