[0.389s] Invoking command in '/home/moonlab/ros2_ws/build/turtlebot3_control': PYTHONPATH=/home/moonlab/ros2_ws/build/turtlebot3_control/prefix_override:/usr/lib/python3/dist-packages/colcon_core/task/python/colcon_distutils_commands:/home/moonlab/ros2_ws/install/turtlebot3_control/lib/python3.10/site-packages:${PYTHONPATH} /usr/bin/python3 -W ignore:setup.py install is deprecated -W ignore:easy_install command is deprecated setup.py develop --editable --build-directory /home/moonlab/ros2_ws/build/turtlebot3_control/build --no-deps symlink_data --force
[0.544s] running develop
[0.642s] running egg_info
[0.642s] writing turtlebot3_control.egg-info/PKG-INFO
[0.643s] writing dependency_links to turtlebot3_control.egg-info/dependency_links.txt
[0.643s] writing entry points to turtlebot3_control.egg-info/entry_points.txt
[0.643s] writing requirements to turtlebot3_control.egg-info/requires.txt
[0.643s] writing top-level names to turtlebot3_control.egg-info/top_level.txt
[0.644s] reading manifest file 'turtlebot3_control.egg-info/SOURCES.txt'
[0.644s] writing manifest file 'turtlebot3_control.egg-info/SOURCES.txt'
[0.645s] running build_ext
[0.646s] Creating /home/moonlab/ros2_ws/install/turtlebot3_control/lib/python3.10/site-packages/turtlebot3-control.egg-link (link to .)
[0.646s] Installing robot_controller script to /home/moonlab/ros2_ws/install/turtlebot3_control/lib/turtlebot3_control
[0.646s] Installing test_movements script to /home/moonlab/ros2_ws/install/turtlebot3_control/lib/turtlebot3_control
[0.646s] 
[0.646s] Installed /home/moonlab/ros2_ws/build/turtlebot3_control
[0.646s] running symlink_data
[0.646s] symbolically linking /home/moonlab/ros2_ws/build/turtlebot3_control/resource/turtlebot3_control -> /home/moonlab/ros2_ws/install/turtlebot3_control/share/ament_index/resource_index/packages
[0.646s] symbolically linking /home/moonlab/ros2_ws/build/turtlebot3_control/package.xml -> /home/moonlab/ros2_ws/install/turtlebot3_control/share/turtlebot3_control
[0.666s] Invoked command in '/home/moonlab/ros2_ws/build/turtlebot3_control' returned '0': PYTHONPATH=/home/moonlab/ros2_ws/build/turtlebot3_control/prefix_override:/usr/lib/python3/dist-packages/colcon_core/task/python/colcon_distutils_commands:/home/moonlab/ros2_ws/install/turtlebot3_control/lib/python3.10/site-packages:${PYTHONPATH} /usr/bin/python3 -W ignore:setup.py install is deprecated -W ignore:easy_install command is deprecated setup.py develop --editable --build-directory /home/moonlab/ros2_ws/build/turtlebot3_control/build --no-deps symlink_data --force
