[0.078s] DEBUG:colcon:Command line arguments: ['/usr/bin/colcon', 'build', '--symlink-install']
[0.078s] DEBUG:colcon:Parsed command line arguments: Namespace(log_base=None, log_level=None, verb_name='build', build_base='build', install_base='install', merge_install=False, symlink_install=True, test_result_base=None, continue_on_error=False, executor='parallel', parallel_workers=24, event_handlers=None, ignore_user_meta=False, metas=['./colcon.meta'], base_paths=['.'], packages_ignore=None, packages_ignore_regex=None, paths=None, packages_up_to=None, packages_up_to_regex=None, packages_above=None, packages_above_and_dependencies=None, packages_above_depth=None, packages_select_by_dep=None, packages_skip_by_dep=None, packages_skip_up_to=None, packages_select_build_failed=False, packages_skip_build_finished=False, packages_select_test_failures=False, packages_skip_test_passed=False, packages_select=None, packages_skip=None, packages_select_regex=None, packages_skip_regex=None, packages_start=None, packages_end=None, allow_overriding=[], cmake_args=None, cmake_target=None, cmake_target_skip_unavailable=False, cmake_clean_cache=False, cmake_clean_first=False, cmake_force_configure=False, ament_cmake_args=None, catkin_cmake_args=None, catkin_skip_building_tests=False, verb_parser=<colcon_defaults.argument_parser.defaults.DefaultArgumentsDecorator object at 0x7b0b10223f10>, verb_extension=<colcon_core.verb.build.BuildVerb object at 0x7b0b10223a00>, main=<bound method BuildVerb.main of <colcon_core.verb.build.BuildVerb object at 0x7b0b10223a00>>)
[0.194s] Level 1:colcon.colcon_core.package_discovery:discover_packages(colcon_meta) check parameters
[0.194s] Level 1:colcon.colcon_core.package_discovery:discover_packages(recursive) check parameters
[0.194s] Level 1:colcon.colcon_core.package_discovery:discover_packages(ignore) check parameters
[0.194s] Level 1:colcon.colcon_core.package_discovery:discover_packages(path) check parameters
[0.194s] Level 1:colcon.colcon_core.package_discovery:discover_packages(colcon_meta) discover
[0.194s] Level 1:colcon.colcon_core.package_discovery:discover_packages(recursive) discover
[0.194s] INFO:colcon.colcon_core.package_discovery:Crawling recursively for packages in '/home/moonlab/ros2_ws'
[0.194s] Level 1:colcon.colcon_core.package_identification:_identify(.) by extensions ['ignore', 'ignore_ament_install']
[0.194s] Level 1:colcon.colcon_core.package_identification:_identify(.) by extension 'ignore'
[0.194s] Level 1:colcon.colcon_core.package_identification:_identify(.) by extension 'ignore_ament_install'
[0.194s] Level 1:colcon.colcon_core.package_identification:_identify(.) by extensions ['colcon_pkg']
[0.194s] Level 1:colcon.colcon_core.package_identification:_identify(.) by extension 'colcon_pkg'
[0.194s] Level 1:colcon.colcon_core.package_identification:_identify(.) by extensions ['colcon_meta']
[0.194s] Level 1:colcon.colcon_core.package_identification:_identify(.) by extension 'colcon_meta'
[0.194s] Level 1:colcon.colcon_core.package_identification:_identify(.) by extensions ['ros']
[0.194s] Level 1:colcon.colcon_core.package_identification:_identify(.) by extension 'ros'
[0.200s] Level 1:colcon.colcon_core.package_identification:_identify(.) by extensions ['cmake', 'python']
[0.200s] Level 1:colcon.colcon_core.package_identification:_identify(.) by extension 'cmake'
[0.200s] Level 1:colcon.colcon_core.package_identification:_identify(.) by extension 'python'
[0.200s] Level 1:colcon.colcon_core.package_identification:_identify(.) by extensions ['python_setup_py']
[0.200s] Level 1:colcon.colcon_core.package_identification:_identify(.) by extension 'python_setup_py'
[0.200s] Level 1:colcon.colcon_core.package_identification:_identify(build) by extensions ['ignore', 'ignore_ament_install']
[0.200s] Level 1:colcon.colcon_core.package_identification:_identify(build) by extension 'ignore'
[0.200s] Level 1:colcon.colcon_core.package_identification:_identify(build) ignored
[0.200s] Level 1:colcon.colcon_core.package_identification:_identify(install) by extensions ['ignore', 'ignore_ament_install']
[0.200s] Level 1:colcon.colcon_core.package_identification:_identify(install) by extension 'ignore'
[0.200s] Level 1:colcon.colcon_core.package_identification:_identify(install) ignored
[0.200s] Level 1:colcon.colcon_core.package_identification:_identify(log) by extensions ['ignore', 'ignore_ament_install']
[0.200s] Level 1:colcon.colcon_core.package_identification:_identify(log) by extension 'ignore'
[0.200s] Level 1:colcon.colcon_core.package_identification:_identify(log) ignored
[0.200s] Level 1:colcon.colcon_core.package_identification:_identify(src) by extensions ['ignore', 'ignore_ament_install']
[0.200s] Level 1:colcon.colcon_core.package_identification:_identify(src) by extension 'ignore'
[0.200s] Level 1:colcon.colcon_core.package_identification:_identify(src) by extension 'ignore_ament_install'
[0.200s] Level 1:colcon.colcon_core.package_identification:_identify(src) by extensions ['colcon_pkg']
[0.200s] Level 1:colcon.colcon_core.package_identification:_identify(src) by extension 'colcon_pkg'
[0.200s] Level 1:colcon.colcon_core.package_identification:_identify(src) by extensions ['colcon_meta']
[0.200s] Level 1:colcon.colcon_core.package_identification:_identify(src) by extension 'colcon_meta'
[0.200s] Level 1:colcon.colcon_core.package_identification:_identify(src) by extensions ['ros']
[0.200s] Level 1:colcon.colcon_core.package_identification:_identify(src) by extension 'ros'
[0.200s] Level 1:colcon.colcon_core.package_identification:_identify(src) by extensions ['cmake', 'python']
[0.200s] Level 1:colcon.colcon_core.package_identification:_identify(src) by extension 'cmake'
[0.200s] Level 1:colcon.colcon_core.package_identification:_identify(src) by extension 'python'
[0.200s] Level 1:colcon.colcon_core.package_identification:_identify(src) by extensions ['python_setup_py']
[0.200s] Level 1:colcon.colcon_core.package_identification:_identify(src) by extension 'python_setup_py'
[0.201s] Level 1:colcon.colcon_core.package_identification:_identify(src/projectH) by extensions ['ignore', 'ignore_ament_install']
[0.201s] Level 1:colcon.colcon_core.package_identification:_identify(src/projectH) by extension 'ignore'
[0.201s] Level 1:colcon.colcon_core.package_identification:_identify(src/projectH) by extension 'ignore_ament_install'
[0.201s] Level 1:colcon.colcon_core.package_identification:_identify(src/projectH) by extensions ['colcon_pkg']
[0.201s] Level 1:colcon.colcon_core.package_identification:_identify(src/projectH) by extension 'colcon_pkg'
[0.201s] Level 1:colcon.colcon_core.package_identification:_identify(src/projectH) by extensions ['colcon_meta']
[0.201s] Level 1:colcon.colcon_core.package_identification:_identify(src/projectH) by extension 'colcon_meta'
[0.201s] Level 1:colcon.colcon_core.package_identification:_identify(src/projectH) by extensions ['ros']
[0.201s] Level 1:colcon.colcon_core.package_identification:_identify(src/projectH) by extension 'ros'
[0.202s] DEBUG:colcon.colcon_core.package_identification:Package 'src/projectH' with type 'ros.ament_cmake' and name 'projectH'
[0.203s] Level 1:colcon.colcon_core.package_identification:_identify(src/ros2_ignition_thesis) by extensions ['ignore', 'ignore_ament_install']
[0.203s] Level 1:colcon.colcon_core.package_identification:_identify(src/ros2_ignition_thesis) by extension 'ignore'
[0.203s] Level 1:colcon.colcon_core.package_identification:_identify(src/ros2_ignition_thesis) by extension 'ignore_ament_install'
[0.203s] Level 1:colcon.colcon_core.package_identification:_identify(src/ros2_ignition_thesis) by extensions ['colcon_pkg']
[0.203s] Level 1:colcon.colcon_core.package_identification:_identify(src/ros2_ignition_thesis) by extension 'colcon_pkg'
[0.203s] Level 1:colcon.colcon_core.package_identification:_identify(src/ros2_ignition_thesis) by extensions ['colcon_meta']
[0.203s] Level 1:colcon.colcon_core.package_identification:_identify(src/ros2_ignition_thesis) by extension 'colcon_meta'
[0.203s] Level 1:colcon.colcon_core.package_identification:_identify(src/ros2_ignition_thesis) by extensions ['ros']
[0.203s] Level 1:colcon.colcon_core.package_identification:_identify(src/ros2_ignition_thesis) by extension 'ros'
[0.203s] Level 1:colcon.colcon_core.package_identification:_identify(src/ros2_ignition_thesis) by extensions ['cmake', 'python']
[0.203s] Level 1:colcon.colcon_core.package_identification:_identify(src/ros2_ignition_thesis) by extension 'cmake'
[0.203s] Level 1:colcon.colcon_core.package_identification:_identify(src/ros2_ignition_thesis) by extension 'python'
[0.203s] Level 1:colcon.colcon_core.package_identification:_identify(src/ros2_ignition_thesis) by extensions ['python_setup_py']
[0.203s] Level 1:colcon.colcon_core.package_identification:_identify(src/ros2_ignition_thesis) by extension 'python_setup_py'
[0.203s] Level 1:colcon.colcon_core.package_identification:_identify(src/ros2_ignition_thesis/img) by extensions ['ignore', 'ignore_ament_install']
[0.203s] Level 1:colcon.colcon_core.package_identification:_identify(src/ros2_ignition_thesis/img) by extension 'ignore'
[0.203s] Level 1:colcon.colcon_core.package_identification:_identify(src/ros2_ignition_thesis/img) by extension 'ignore_ament_install'
[0.203s] Level 1:colcon.colcon_core.package_identification:_identify(src/ros2_ignition_thesis/img) by extensions ['colcon_pkg']
[0.203s] Level 1:colcon.colcon_core.package_identification:_identify(src/ros2_ignition_thesis/img) by extension 'colcon_pkg'
[0.203s] Level 1:colcon.colcon_core.package_identification:_identify(src/ros2_ignition_thesis/img) by extensions ['colcon_meta']
[0.203s] Level 1:colcon.colcon_core.package_identification:_identify(src/ros2_ignition_thesis/img) by extension 'colcon_meta'
[0.203s] Level 1:colcon.colcon_core.package_identification:_identify(src/ros2_ignition_thesis/img) by extensions ['ros']
[0.203s] Level 1:colcon.colcon_core.package_identification:_identify(src/ros2_ignition_thesis/img) by extension 'ros'
[0.203s] Level 1:colcon.colcon_core.package_identification:_identify(src/ros2_ignition_thesis/img) by extensions ['cmake', 'python']
[0.203s] Level 1:colcon.colcon_core.package_identification:_identify(src/ros2_ignition_thesis/img) by extension 'cmake'
[0.203s] Level 1:colcon.colcon_core.package_identification:_identify(src/ros2_ignition_thesis/img) by extension 'python'
[0.203s] Level 1:colcon.colcon_core.package_identification:_identify(src/ros2_ignition_thesis/img) by extensions ['python_setup_py']
[0.203s] Level 1:colcon.colcon_core.package_identification:_identify(src/ros2_ignition_thesis/img) by extension 'python_setup_py'
[0.203s] Level 1:colcon.colcon_core.package_identification:_identify(src/ros2_ignition_thesis/my_sim_tesi_bringup) by extensions ['ignore', 'ignore_ament_install']
[0.203s] Level 1:colcon.colcon_core.package_identification:_identify(src/ros2_ignition_thesis/my_sim_tesi_bringup) by extension 'ignore'
[0.203s] Level 1:colcon.colcon_core.package_identification:_identify(src/ros2_ignition_thesis/my_sim_tesi_bringup) by extension 'ignore_ament_install'
[0.203s] Level 1:colcon.colcon_core.package_identification:_identify(src/ros2_ignition_thesis/my_sim_tesi_bringup) by extensions ['colcon_pkg']
[0.203s] Level 1:colcon.colcon_core.package_identification:_identify(src/ros2_ignition_thesis/my_sim_tesi_bringup) by extension 'colcon_pkg'
[0.203s] Level 1:colcon.colcon_core.package_identification:_identify(src/ros2_ignition_thesis/my_sim_tesi_bringup) by extensions ['colcon_meta']
[0.203s] Level 1:colcon.colcon_core.package_identification:_identify(src/ros2_ignition_thesis/my_sim_tesi_bringup) by extension 'colcon_meta'
[0.203s] Level 1:colcon.colcon_core.package_identification:_identify(src/ros2_ignition_thesis/my_sim_tesi_bringup) by extensions ['ros']
[0.203s] Level 1:colcon.colcon_core.package_identification:_identify(src/ros2_ignition_thesis/my_sim_tesi_bringup) by extension 'ros'
[0.204s] DEBUG:colcon.colcon_core.package_identification:Package 'src/ros2_ignition_thesis/my_sim_tesi_bringup' with type 'ros.ament_cmake' and name 'my_sim_tesi_bringup'
[0.205s] Level 1:colcon.colcon_core.package_identification:_identify(src/ros2_ignition_thesis/my_sim_tesi_gazebo) by extensions ['ignore', 'ignore_ament_install']
[0.205s] Level 1:colcon.colcon_core.package_identification:_identify(src/ros2_ignition_thesis/my_sim_tesi_gazebo) by extension 'ignore'
[0.205s] Level 1:colcon.colcon_core.package_identification:_identify(src/ros2_ignition_thesis/my_sim_tesi_gazebo) by extension 'ignore_ament_install'
[0.205s] Level 1:colcon.colcon_core.package_identification:_identify(src/ros2_ignition_thesis/my_sim_tesi_gazebo) by extensions ['colcon_pkg']
[0.205s] Level 1:colcon.colcon_core.package_identification:_identify(src/ros2_ignition_thesis/my_sim_tesi_gazebo) by extension 'colcon_pkg'
[0.205s] Level 1:colcon.colcon_core.package_identification:_identify(src/ros2_ignition_thesis/my_sim_tesi_gazebo) by extensions ['colcon_meta']
[0.205s] Level 1:colcon.colcon_core.package_identification:_identify(src/ros2_ignition_thesis/my_sim_tesi_gazebo) by extension 'colcon_meta'
[0.205s] Level 1:colcon.colcon_core.package_identification:_identify(src/ros2_ignition_thesis/my_sim_tesi_gazebo) by extensions ['ros']
[0.205s] Level 1:colcon.colcon_core.package_identification:_identify(src/ros2_ignition_thesis/my_sim_tesi_gazebo) by extension 'ros'
[0.205s] DEBUG:colcon.colcon_core.package_identification:Package 'src/ros2_ignition_thesis/my_sim_tesi_gazebo' with type 'ros.ament_cmake' and name 'my_sim_tesi_gazebo'
[0.205s] Level 1:colcon.colcon_core.package_identification:_identify(src/ros2_ignition_thesis/my_sim_tesi_ros2_interfaces) by extensions ['ignore', 'ignore_ament_install']
[0.205s] Level 1:colcon.colcon_core.package_identification:_identify(src/ros2_ignition_thesis/my_sim_tesi_ros2_interfaces) by extension 'ignore'
[0.205s] Level 1:colcon.colcon_core.package_identification:_identify(src/ros2_ignition_thesis/my_sim_tesi_ros2_interfaces) by extension 'ignore_ament_install'
[0.205s] Level 1:colcon.colcon_core.package_identification:_identify(src/ros2_ignition_thesis/my_sim_tesi_ros2_interfaces) by extensions ['colcon_pkg']
[0.205s] Level 1:colcon.colcon_core.package_identification:_identify(src/ros2_ignition_thesis/my_sim_tesi_ros2_interfaces) by extension 'colcon_pkg'
[0.205s] Level 1:colcon.colcon_core.package_identification:_identify(src/ros2_ignition_thesis/my_sim_tesi_ros2_interfaces) by extensions ['colcon_meta']
[0.205s] Level 1:colcon.colcon_core.package_identification:_identify(src/ros2_ignition_thesis/my_sim_tesi_ros2_interfaces) by extension 'colcon_meta'
[0.205s] Level 1:colcon.colcon_core.package_identification:_identify(src/ros2_ignition_thesis/my_sim_tesi_ros2_interfaces) by extensions ['ros']
[0.205s] Level 1:colcon.colcon_core.package_identification:_identify(src/ros2_ignition_thesis/my_sim_tesi_ros2_interfaces) by extension 'ros'
[0.206s] DEBUG:colcon.colcon_core.package_identification:Package 'src/ros2_ignition_thesis/my_sim_tesi_ros2_interfaces' with type 'ros.ament_cmake' and name 'my_sim_tesi_ros2_interfaces'
[0.206s] Level 1:colcon.colcon_core.package_identification:_identify(src/ros2_ignition_thesis/my_sim_tesi_ros2_nodes) by extensions ['ignore', 'ignore_ament_install']
[0.206s] Level 1:colcon.colcon_core.package_identification:_identify(src/ros2_ignition_thesis/my_sim_tesi_ros2_nodes) by extension 'ignore'
[0.206s] Level 1:colcon.colcon_core.package_identification:_identify(src/ros2_ignition_thesis/my_sim_tesi_ros2_nodes) by extension 'ignore_ament_install'
[0.206s] Level 1:colcon.colcon_core.package_identification:_identify(src/ros2_ignition_thesis/my_sim_tesi_ros2_nodes) by extensions ['colcon_pkg']
[0.206s] Level 1:colcon.colcon_core.package_identification:_identify(src/ros2_ignition_thesis/my_sim_tesi_ros2_nodes) by extension 'colcon_pkg'
[0.206s] Level 1:colcon.colcon_core.package_identification:_identify(src/ros2_ignition_thesis/my_sim_tesi_ros2_nodes) by extensions ['colcon_meta']
[0.206s] Level 1:colcon.colcon_core.package_identification:_identify(src/ros2_ignition_thesis/my_sim_tesi_ros2_nodes) by extension 'colcon_meta'
[0.206s] Level 1:colcon.colcon_core.package_identification:_identify(src/ros2_ignition_thesis/my_sim_tesi_ros2_nodes) by extensions ['ros']
[0.206s] Level 1:colcon.colcon_core.package_identification:_identify(src/ros2_ignition_thesis/my_sim_tesi_ros2_nodes) by extension 'ros'
[0.207s] DEBUG:colcon.colcon_core.package_identification:Package 'src/ros2_ignition_thesis/my_sim_tesi_ros2_nodes' with type 'ros.ament_cmake' and name 'my_sim_tesi_ros2_nodes'
[0.207s] Level 1:colcon.colcon_core.package_discovery:discover_packages(recursive) using defaults
[0.207s] Level 1:colcon.colcon_core.package_discovery:discover_packages(ignore) discover
[0.207s] Level 1:colcon.colcon_core.package_discovery:discover_packages(ignore) using defaults
[0.207s] Level 1:colcon.colcon_core.package_discovery:discover_packages(path) discover
[0.207s] Level 1:colcon.colcon_core.package_discovery:discover_packages(path) using defaults
[0.224s] Level 1:colcon.colcon_core.package_discovery:discover_packages(prefix_path) check parameters
[0.224s] Level 1:colcon.colcon_core.package_discovery:discover_packages(prefix_path) discover
[0.226s] DEBUG:colcon.colcon_installed_package_information.package_discovery:Found 337 installed packages in /opt/ros/humble
[0.227s] Level 1:colcon.colcon_core.package_discovery:discover_packages(prefix_path) using defaults
[0.247s] Level 5:colcon.colcon_core.verb:set package 'my_sim_tesi_bringup' build argument 'cmake_args' from command line to 'None'
[0.247s] Level 5:colcon.colcon_core.verb:set package 'my_sim_tesi_bringup' build argument 'cmake_target' from command line to 'None'
[0.247s] Level 5:colcon.colcon_core.verb:set package 'my_sim_tesi_bringup' build argument 'cmake_target_skip_unavailable' from command line to 'False'
[0.247s] Level 5:colcon.colcon_core.verb:set package 'my_sim_tesi_bringup' build argument 'cmake_clean_cache' from command line to 'False'
[0.247s] Level 5:colcon.colcon_core.verb:set package 'my_sim_tesi_bringup' build argument 'cmake_clean_first' from command line to 'False'
[0.247s] Level 5:colcon.colcon_core.verb:set package 'my_sim_tesi_bringup' build argument 'cmake_force_configure' from command line to 'False'
[0.247s] Level 5:colcon.colcon_core.verb:set package 'my_sim_tesi_bringup' build argument 'ament_cmake_args' from command line to 'None'
[0.247s] Level 5:colcon.colcon_core.verb:set package 'my_sim_tesi_bringup' build argument 'catkin_cmake_args' from command line to 'None'
[0.247s] Level 5:colcon.colcon_core.verb:set package 'my_sim_tesi_bringup' build argument 'catkin_skip_building_tests' from command line to 'False'
[0.247s] DEBUG:colcon.colcon_core.verb:Building package 'my_sim_tesi_bringup' with the following arguments: {'ament_cmake_args': None, 'build_base': '/home/moonlab/ros2_ws/build/my_sim_tesi_bringup', 'catkin_cmake_args': None, 'catkin_skip_building_tests': False, 'cmake_args': None, 'cmake_clean_cache': False, 'cmake_clean_first': False, 'cmake_force_configure': False, 'cmake_target': None, 'cmake_target_skip_unavailable': False, 'install_base': '/home/moonlab/ros2_ws/install/my_sim_tesi_bringup', 'merge_install': False, 'path': '/home/moonlab/ros2_ws/src/ros2_ignition_thesis/my_sim_tesi_bringup', 'symlink_install': True, 'test_result_base': None}
[0.247s] Level 5:colcon.colcon_core.verb:set package 'my_sim_tesi_gazebo' build argument 'cmake_args' from command line to 'None'
[0.247s] Level 5:colcon.colcon_core.verb:set package 'my_sim_tesi_gazebo' build argument 'cmake_target' from command line to 'None'
[0.247s] Level 5:colcon.colcon_core.verb:set package 'my_sim_tesi_gazebo' build argument 'cmake_target_skip_unavailable' from command line to 'False'
[0.247s] Level 5:colcon.colcon_core.verb:set package 'my_sim_tesi_gazebo' build argument 'cmake_clean_cache' from command line to 'False'
[0.247s] Level 5:colcon.colcon_core.verb:set package 'my_sim_tesi_gazebo' build argument 'cmake_clean_first' from command line to 'False'
[0.247s] Level 5:colcon.colcon_core.verb:set package 'my_sim_tesi_gazebo' build argument 'cmake_force_configure' from command line to 'False'
[0.247s] Level 5:colcon.colcon_core.verb:set package 'my_sim_tesi_gazebo' build argument 'ament_cmake_args' from command line to 'None'
[0.247s] Level 5:colcon.colcon_core.verb:set package 'my_sim_tesi_gazebo' build argument 'catkin_cmake_args' from command line to 'None'
[0.247s] Level 5:colcon.colcon_core.verb:set package 'my_sim_tesi_gazebo' build argument 'catkin_skip_building_tests' from command line to 'False'
[0.247s] DEBUG:colcon.colcon_core.verb:Building package 'my_sim_tesi_gazebo' with the following arguments: {'ament_cmake_args': None, 'build_base': '/home/moonlab/ros2_ws/build/my_sim_tesi_gazebo', 'catkin_cmake_args': None, 'catkin_skip_building_tests': False, 'cmake_args': None, 'cmake_clean_cache': False, 'cmake_clean_first': False, 'cmake_force_configure': False, 'cmake_target': None, 'cmake_target_skip_unavailable': False, 'install_base': '/home/moonlab/ros2_ws/install/my_sim_tesi_gazebo', 'merge_install': False, 'path': '/home/moonlab/ros2_ws/src/ros2_ignition_thesis/my_sim_tesi_gazebo', 'symlink_install': True, 'test_result_base': None}
[0.247s] Level 5:colcon.colcon_core.verb:set package 'my_sim_tesi_ros2_interfaces' build argument 'cmake_args' from command line to 'None'
[0.247s] Level 5:colcon.colcon_core.verb:set package 'my_sim_tesi_ros2_interfaces' build argument 'cmake_target' from command line to 'None'
[0.247s] Level 5:colcon.colcon_core.verb:set package 'my_sim_tesi_ros2_interfaces' build argument 'cmake_target_skip_unavailable' from command line to 'False'
[0.248s] Level 5:colcon.colcon_core.verb:set package 'my_sim_tesi_ros2_interfaces' build argument 'cmake_clean_cache' from command line to 'False'
[0.248s] Level 5:colcon.colcon_core.verb:set package 'my_sim_tesi_ros2_interfaces' build argument 'cmake_clean_first' from command line to 'False'
[0.248s] Level 5:colcon.colcon_core.verb:set package 'my_sim_tesi_ros2_interfaces' build argument 'cmake_force_configure' from command line to 'False'
[0.248s] Level 5:colcon.colcon_core.verb:set package 'my_sim_tesi_ros2_interfaces' build argument 'ament_cmake_args' from command line to 'None'
[0.248s] Level 5:colcon.colcon_core.verb:set package 'my_sim_tesi_ros2_interfaces' build argument 'catkin_cmake_args' from command line to 'None'
[0.248s] Level 5:colcon.colcon_core.verb:set package 'my_sim_tesi_ros2_interfaces' build argument 'catkin_skip_building_tests' from command line to 'False'
[0.248s] DEBUG:colcon.colcon_core.verb:Building package 'my_sim_tesi_ros2_interfaces' with the following arguments: {'ament_cmake_args': None, 'build_base': '/home/moonlab/ros2_ws/build/my_sim_tesi_ros2_interfaces', 'catkin_cmake_args': None, 'catkin_skip_building_tests': False, 'cmake_args': None, 'cmake_clean_cache': False, 'cmake_clean_first': False, 'cmake_force_configure': False, 'cmake_target': None, 'cmake_target_skip_unavailable': False, 'install_base': '/home/moonlab/ros2_ws/install/my_sim_tesi_ros2_interfaces', 'merge_install': False, 'path': '/home/moonlab/ros2_ws/src/ros2_ignition_thesis/my_sim_tesi_ros2_interfaces', 'symlink_install': True, 'test_result_base': None}
[0.248s] Level 5:colcon.colcon_core.verb:set package 'projectH' build argument 'cmake_args' from command line to 'None'
[0.248s] Level 5:colcon.colcon_core.verb:set package 'projectH' build argument 'cmake_target' from command line to 'None'
[0.248s] Level 5:colcon.colcon_core.verb:set package 'projectH' build argument 'cmake_target_skip_unavailable' from command line to 'False'
[0.248s] Level 5:colcon.colcon_core.verb:set package 'projectH' build argument 'cmake_clean_cache' from command line to 'False'
[0.248s] Level 5:colcon.colcon_core.verb:set package 'projectH' build argument 'cmake_clean_first' from command line to 'False'
[0.248s] Level 5:colcon.colcon_core.verb:set package 'projectH' build argument 'cmake_force_configure' from command line to 'False'
[0.248s] Level 5:colcon.colcon_core.verb:set package 'projectH' build argument 'ament_cmake_args' from command line to 'None'
[0.248s] Level 5:colcon.colcon_core.verb:set package 'projectH' build argument 'catkin_cmake_args' from command line to 'None'
[0.248s] Level 5:colcon.colcon_core.verb:set package 'projectH' build argument 'catkin_skip_building_tests' from command line to 'False'
[0.248s] DEBUG:colcon.colcon_core.verb:Building package 'projectH' with the following arguments: {'ament_cmake_args': None, 'build_base': '/home/moonlab/ros2_ws/build/projectH', 'catkin_cmake_args': None, 'catkin_skip_building_tests': False, 'cmake_args': None, 'cmake_clean_cache': False, 'cmake_clean_first': False, 'cmake_force_configure': False, 'cmake_target': None, 'cmake_target_skip_unavailable': False, 'install_base': '/home/moonlab/ros2_ws/install/projectH', 'merge_install': False, 'path': '/home/moonlab/ros2_ws/src/projectH', 'symlink_install': True, 'test_result_base': None}
[0.248s] Level 5:colcon.colcon_core.verb:set package 'my_sim_tesi_ros2_nodes' build argument 'cmake_args' from command line to 'None'
[0.248s] Level 5:colcon.colcon_core.verb:set package 'my_sim_tesi_ros2_nodes' build argument 'cmake_target' from command line to 'None'
[0.248s] Level 5:colcon.colcon_core.verb:set package 'my_sim_tesi_ros2_nodes' build argument 'cmake_target_skip_unavailable' from command line to 'False'
[0.248s] Level 5:colcon.colcon_core.verb:set package 'my_sim_tesi_ros2_nodes' build argument 'cmake_clean_cache' from command line to 'False'
[0.248s] Level 5:colcon.colcon_core.verb:set package 'my_sim_tesi_ros2_nodes' build argument 'cmake_clean_first' from command line to 'False'
[0.248s] Level 5:colcon.colcon_core.verb:set package 'my_sim_tesi_ros2_nodes' build argument 'cmake_force_configure' from command line to 'False'
[0.248s] Level 5:colcon.colcon_core.verb:set package 'my_sim_tesi_ros2_nodes' build argument 'ament_cmake_args' from command line to 'None'
[0.248s] Level 5:colcon.colcon_core.verb:set package 'my_sim_tesi_ros2_nodes' build argument 'catkin_cmake_args' from command line to 'None'
[0.248s] Level 5:colcon.colcon_core.verb:set package 'my_sim_tesi_ros2_nodes' build argument 'catkin_skip_building_tests' from command line to 'False'
[0.248s] DEBUG:colcon.colcon_core.verb:Building package 'my_sim_tesi_ros2_nodes' with the following arguments: {'ament_cmake_args': None, 'build_base': '/home/moonlab/ros2_ws/build/my_sim_tesi_ros2_nodes', 'catkin_cmake_args': None, 'catkin_skip_building_tests': False, 'cmake_args': None, 'cmake_clean_cache': False, 'cmake_clean_first': False, 'cmake_force_configure': False, 'cmake_target': None, 'cmake_target_skip_unavailable': False, 'install_base': '/home/moonlab/ros2_ws/install/my_sim_tesi_ros2_nodes', 'merge_install': False, 'path': '/home/moonlab/ros2_ws/src/ros2_ignition_thesis/my_sim_tesi_ros2_nodes', 'symlink_install': True, 'test_result_base': None}
[0.248s] INFO:colcon.colcon_core.executor:Executing jobs using 'parallel' executor
[0.249s] DEBUG:colcon.colcon_parallel_executor.executor.parallel:run_until_complete
[0.249s] INFO:colcon.colcon_ros.task.ament_cmake.build:Building ROS package in '/home/moonlab/ros2_ws/src/ros2_ignition_thesis/my_sim_tesi_ros2_interfaces' with build type 'ament_cmake'
[0.249s] INFO:colcon.colcon_cmake.task.cmake.build:Building CMake package in '/home/moonlab/ros2_ws/src/ros2_ignition_thesis/my_sim_tesi_ros2_interfaces'
[0.252s] INFO:colcon.colcon_core.plugin_system:Skipping extension 'colcon_core.shell.bat': Not used on non-Windows systems
[0.252s] INFO:colcon.colcon_core.shell:Skip shell extension 'powershell' for command environment: Not usable outside of PowerShell
[0.252s] DEBUG:colcon.colcon_core.shell:Skip shell extension 'dsv' for command environment
[0.254s] INFO:colcon.colcon_ros.task.ament_cmake.build:Building ROS package in '/home/moonlab/ros2_ws/src/ros2_ignition_thesis/my_sim_tesi_bringup' with build type 'ament_cmake'
[0.254s] INFO:colcon.colcon_cmake.task.cmake.build:Building CMake package in '/home/moonlab/ros2_ws/src/ros2_ignition_thesis/my_sim_tesi_bringup'
[0.254s] INFO:colcon.colcon_core.shell:Skip shell extension 'powershell' for command environment: Not usable outside of PowerShell
[0.254s] DEBUG:colcon.colcon_core.shell:Skip shell extension 'dsv' for command environment
[0.256s] INFO:colcon.colcon_ros.task.ament_cmake.build:Building ROS package in '/home/moonlab/ros2_ws/src/ros2_ignition_thesis/my_sim_tesi_gazebo' with build type 'ament_cmake'
[0.256s] INFO:colcon.colcon_cmake.task.cmake.build:Building CMake package in '/home/moonlab/ros2_ws/src/ros2_ignition_thesis/my_sim_tesi_gazebo'
[0.256s] INFO:colcon.colcon_core.shell:Skip shell extension 'powershell' for command environment: Not usable outside of PowerShell
[0.256s] DEBUG:colcon.colcon_core.shell:Skip shell extension 'dsv' for command environment
[0.257s] INFO:colcon.colcon_ros.task.ament_cmake.build:Building ROS package in '/home/moonlab/ros2_ws/src/projectH' with build type 'ament_cmake'
[0.257s] INFO:colcon.colcon_cmake.task.cmake.build:Building CMake package in '/home/moonlab/ros2_ws/src/projectH'
[0.258s] INFO:colcon.colcon_core.shell:Skip shell extension 'powershell' for command environment: Not usable outside of PowerShell
[0.258s] DEBUG:colcon.colcon_core.shell:Skip shell extension 'dsv' for command environment
[0.261s] DEBUG:colcon.colcon_core.event_handler.log_command:Invoking command in '/home/moonlab/ros2_ws/build/my_sim_tesi_ros2_interfaces': CMAKE_PREFIX_PATH=/opt/ros/humble /usr/bin/cmake /home/moonlab/ros2_ws/src/ros2_ignition_thesis/my_sim_tesi_ros2_interfaces -DAMENT_CMAKE_SYMLINK_INSTALL=1 -DCMAKE_INSTALL_PREFIX=/home/moonlab/ros2_ws/install/my_sim_tesi_ros2_interfaces
[0.263s] DEBUG:colcon.colcon_core.event_handler.log_command:Invoking command in '/home/moonlab/ros2_ws/build/my_sim_tesi_bringup': CMAKE_PREFIX_PATH=/opt/ros/humble /usr/bin/cmake /home/moonlab/ros2_ws/src/ros2_ignition_thesis/my_sim_tesi_bringup -DAMENT_CMAKE_SYMLINK_INSTALL=1 -DCMAKE_INSTALL_PREFIX=/home/moonlab/ros2_ws/install/my_sim_tesi_bringup
[0.264s] DEBUG:colcon.colcon_core.event_handler.log_command:Invoking command in '/home/moonlab/ros2_ws/build/my_sim_tesi_gazebo': CMAKE_PREFIX_PATH=/opt/ros/humble /usr/bin/cmake /home/moonlab/ros2_ws/src/ros2_ignition_thesis/my_sim_tesi_gazebo -DAMENT_CMAKE_SYMLINK_INSTALL=1 -DCMAKE_INSTALL_PREFIX=/home/moonlab/ros2_ws/install/my_sim_tesi_gazebo
[0.266s] DEBUG:colcon.colcon_core.event_handler.log_command:Invoking command in '/home/moonlab/ros2_ws/build/projectH': CMAKE_PREFIX_PATH=/opt/ros/humble /usr/bin/cmake /home/moonlab/ros2_ws/src/projectH -DAMENT_CMAKE_SYMLINK_INSTALL=1 -DCMAKE_INSTALL_PREFIX=/home/moonlab/ros2_ws/install/projectH
[0.740s] DEBUG:colcon.colcon_core.event_handler.log_command:Invoked command in '/home/moonlab/ros2_ws/build/my_sim_tesi_bringup' returned '0': CMAKE_PREFIX_PATH=/opt/ros/humble /usr/bin/cmake /home/moonlab/ros2_ws/src/ros2_ignition_thesis/my_sim_tesi_bringup -DAMENT_CMAKE_SYMLINK_INSTALL=1 -DCMAKE_INSTALL_PREFIX=/home/moonlab/ros2_ws/install/my_sim_tesi_bringup
[0.741s] DEBUG:colcon.colcon_core.event_handler.log_command:Invoking command in '/home/moonlab/ros2_ws/build/my_sim_tesi_bringup': CMAKE_PREFIX_PATH=/opt/ros/humble /usr/bin/cmake --build /home/moonlab/ros2_ws/build/my_sim_tesi_bringup -- -j24 -l24
[0.751s] DEBUG:colcon.colcon_core.event_handler.log_command:Invoked command in '/home/moonlab/ros2_ws/build/my_sim_tesi_gazebo' returned '0': CMAKE_PREFIX_PATH=/opt/ros/humble /usr/bin/cmake /home/moonlab/ros2_ws/src/ros2_ignition_thesis/my_sim_tesi_gazebo -DAMENT_CMAKE_SYMLINK_INSTALL=1 -DCMAKE_INSTALL_PREFIX=/home/moonlab/ros2_ws/install/my_sim_tesi_gazebo
[0.752s] DEBUG:colcon.colcon_core.event_handler.log_command:Invoking command in '/home/moonlab/ros2_ws/build/my_sim_tesi_gazebo': CMAKE_PREFIX_PATH=/opt/ros/humble /usr/bin/cmake --build /home/moonlab/ros2_ws/build/my_sim_tesi_gazebo -- -j24 -l24
[0.768s] DEBUG:colcon.colcon_core.event_handler.log_command:Invoked command in '/home/moonlab/ros2_ws/build/my_sim_tesi_bringup' returned '0': CMAKE_PREFIX_PATH=/opt/ros/humble /usr/bin/cmake --build /home/moonlab/ros2_ws/build/my_sim_tesi_bringup -- -j24 -l24
[0.774s] DEBUG:colcon.colcon_core.event_handler.log_command:Invoking command in '/home/moonlab/ros2_ws/build/my_sim_tesi_bringup': CMAKE_PREFIX_PATH=/opt/ros/humble /usr/bin/cmake --install /home/moonlab/ros2_ws/build/my_sim_tesi_bringup
[0.775s] DEBUG:colcon.colcon_core.event_handler.log_command:Invoked command in '/home/moonlab/ros2_ws/build/my_sim_tesi_gazebo' returned '0': CMAKE_PREFIX_PATH=/opt/ros/humble /usr/bin/cmake --build /home/moonlab/ros2_ws/build/my_sim_tesi_gazebo -- -j24 -l24
[0.776s] DEBUG:colcon.colcon_core.event_handler.log_command:Invoking command in '/home/moonlab/ros2_ws/build/my_sim_tesi_gazebo': CMAKE_PREFIX_PATH=/opt/ros/humble /usr/bin/cmake --install /home/moonlab/ros2_ws/build/my_sim_tesi_gazebo
[0.937s] Level 1:colcon.colcon_core.environment:create_environment_scripts_only(my_sim_tesi_bringup)
[0.938s] DEBUG:colcon.colcon_core.event_handler.log_command:Invoked command in '/home/moonlab/ros2_ws/build/my_sim_tesi_bringup' returned '0': CMAKE_PREFIX_PATH=/opt/ros/humble /usr/bin/cmake --install /home/moonlab/ros2_ws/build/my_sim_tesi_bringup
[0.941s] Level 1:colcon.colcon_core.environment:checking '/home/moonlab/ros2_ws/install/my_sim_tesi_bringup' for CMake module files
[0.941s] Level 1:colcon.colcon_core.environment:checking '/home/moonlab/ros2_ws/install/my_sim_tesi_bringup' for CMake config files
[0.941s] Level 1:colcon.colcon_core.shell:create_environment_hook('my_sim_tesi_bringup', 'cmake_prefix_path')
[0.942s] INFO:colcon.colcon_core.shell:Creating environment hook '/home/moonlab/ros2_ws/install/my_sim_tesi_bringup/share/my_sim_tesi_bringup/hook/cmake_prefix_path.ps1'
[0.942s] INFO:colcon.colcon_core.shell:Creating environment descriptor '/home/moonlab/ros2_ws/install/my_sim_tesi_bringup/share/my_sim_tesi_bringup/hook/cmake_prefix_path.dsv'
[0.942s] INFO:colcon.colcon_core.shell:Creating environment hook '/home/moonlab/ros2_ws/install/my_sim_tesi_bringup/share/my_sim_tesi_bringup/hook/cmake_prefix_path.sh'
[0.943s] Level 1:colcon.colcon_core.environment:checking '/home/moonlab/ros2_ws/install/my_sim_tesi_bringup/bin'
[0.943s] Level 1:colcon.colcon_core.environment:checking '/home/moonlab/ros2_ws/install/my_sim_tesi_bringup/lib/pkgconfig/my_sim_tesi_bringup.pc'
[0.943s] Level 1:colcon.colcon_core.environment:checking '/home/moonlab/ros2_ws/install/my_sim_tesi_bringup/lib/python3.10/site-packages'
[0.943s] Level 1:colcon.colcon_core.environment:checking '/home/moonlab/ros2_ws/install/my_sim_tesi_bringup/bin'
[0.943s] INFO:colcon.colcon_core.shell:Creating package script '/home/moonlab/ros2_ws/install/my_sim_tesi_bringup/share/my_sim_tesi_bringup/package.ps1'
[0.944s] INFO:colcon.colcon_core.shell:Creating package descriptor '/home/moonlab/ros2_ws/install/my_sim_tesi_bringup/share/my_sim_tesi_bringup/package.dsv'
[0.944s] INFO:colcon.colcon_core.shell:Creating package script '/home/moonlab/ros2_ws/install/my_sim_tesi_bringup/share/my_sim_tesi_bringup/package.sh'
[0.945s] INFO:colcon.colcon_core.shell:Creating package script '/home/moonlab/ros2_ws/install/my_sim_tesi_bringup/share/my_sim_tesi_bringup/package.bash'
[0.945s] INFO:colcon.colcon_core.shell:Creating package script '/home/moonlab/ros2_ws/install/my_sim_tesi_bringup/share/my_sim_tesi_bringup/package.zsh'
[0.946s] Level 1:colcon.colcon_core.environment:create_file_with_runtime_dependencies(/home/moonlab/ros2_ws/install/my_sim_tesi_bringup/share/colcon-core/packages/my_sim_tesi_bringup)
[0.946s] Level 1:colcon.colcon_core.environment:create_environment_scripts_only(my_sim_tesi_bringup)
[0.946s] Level 1:colcon.colcon_core.environment:checking '/home/moonlab/ros2_ws/install/my_sim_tesi_bringup' for CMake module files
[0.946s] Level 1:colcon.colcon_core.environment:checking '/home/moonlab/ros2_ws/install/my_sim_tesi_bringup' for CMake config files
[0.947s] Level 1:colcon.colcon_core.shell:create_environment_hook('my_sim_tesi_bringup', 'cmake_prefix_path')
[0.947s] INFO:colcon.colcon_core.shell:Creating environment hook '/home/moonlab/ros2_ws/install/my_sim_tesi_bringup/share/my_sim_tesi_bringup/hook/cmake_prefix_path.ps1'
[0.947s] INFO:colcon.colcon_core.shell:Creating environment descriptor '/home/moonlab/ros2_ws/install/my_sim_tesi_bringup/share/my_sim_tesi_bringup/hook/cmake_prefix_path.dsv'
[0.947s] INFO:colcon.colcon_core.shell:Creating environment hook '/home/moonlab/ros2_ws/install/my_sim_tesi_bringup/share/my_sim_tesi_bringup/hook/cmake_prefix_path.sh'
[0.947s] Level 1:colcon.colcon_core.environment:checking '/home/moonlab/ros2_ws/install/my_sim_tesi_bringup/bin'
[0.947s] Level 1:colcon.colcon_core.environment:checking '/home/moonlab/ros2_ws/install/my_sim_tesi_bringup/lib/pkgconfig/my_sim_tesi_bringup.pc'
[0.948s] Level 1:colcon.colcon_core.environment:checking '/home/moonlab/ros2_ws/install/my_sim_tesi_bringup/lib/python3.10/site-packages'
[0.948s] Level 1:colcon.colcon_core.environment:checking '/home/moonlab/ros2_ws/install/my_sim_tesi_bringup/bin'
[0.948s] INFO:colcon.colcon_core.shell:Creating package script '/home/moonlab/ros2_ws/install/my_sim_tesi_bringup/share/my_sim_tesi_bringup/package.ps1'
[0.948s] INFO:colcon.colcon_core.shell:Creating package descriptor '/home/moonlab/ros2_ws/install/my_sim_tesi_bringup/share/my_sim_tesi_bringup/package.dsv'
[0.949s] INFO:colcon.colcon_core.shell:Creating package script '/home/moonlab/ros2_ws/install/my_sim_tesi_bringup/share/my_sim_tesi_bringup/package.sh'
[0.949s] INFO:colcon.colcon_core.shell:Creating package script '/home/moonlab/ros2_ws/install/my_sim_tesi_bringup/share/my_sim_tesi_bringup/package.bash'
[0.949s] INFO:colcon.colcon_core.shell:Creating package script '/home/moonlab/ros2_ws/install/my_sim_tesi_bringup/share/my_sim_tesi_bringup/package.zsh'
[0.949s] Level 1:colcon.colcon_core.environment:create_file_with_runtime_dependencies(/home/moonlab/ros2_ws/install/my_sim_tesi_bringup/share/colcon-core/packages/my_sim_tesi_bringup)
[1.243s] DEBUG:colcon.colcon_core.event_handler.log_command:Invoked command in '/home/moonlab/ros2_ws/build/my_sim_tesi_ros2_interfaces' returned '0': CMAKE_PREFIX_PATH=/opt/ros/humble /usr/bin/cmake /home/moonlab/ros2_ws/src/ros2_ignition_thesis/my_sim_tesi_ros2_interfaces -DAMENT_CMAKE_SYMLINK_INSTALL=1 -DCMAKE_INSTALL_PREFIX=/home/moonlab/ros2_ws/install/my_sim_tesi_ros2_interfaces
[1.244s] DEBUG:colcon.colcon_core.event_handler.log_command:Invoking command in '/home/moonlab/ros2_ws/build/my_sim_tesi_ros2_interfaces': CMAKE_PREFIX_PATH=/opt/ros/humble /usr/bin/cmake --build /home/moonlab/ros2_ws/build/my_sim_tesi_ros2_interfaces -- -j24 -l24
[1.482s] DEBUG:colcon.colcon_core.event_handler.log_command:Invoked command in '/home/moonlab/ros2_ws/build/projectH' returned '1': CMAKE_PREFIX_PATH=/opt/ros/humble /usr/bin/cmake /home/moonlab/ros2_ws/src/projectH -DAMENT_CMAKE_SYMLINK_INSTALL=1 -DCMAKE_INSTALL_PREFIX=/home/moonlab/ros2_ws/install/projectH
[1.490s] Level 1:colcon.colcon_core.environment:create_environment_scripts_only(projectH)
[1.490s] Level 1:colcon.colcon_core.environment:checking '/home/moonlab/ros2_ws/install/projectH' for CMake module files
[1.490s] Level 1:colcon.colcon_core.environment:checking '/home/moonlab/ros2_ws/install/projectH' for CMake config files
[1.490s] Level 1:colcon.colcon_core.environment:checking '/home/moonlab/ros2_ws/install/projectH/bin'
[1.490s] Level 1:colcon.colcon_core.environment:checking '/home/moonlab/ros2_ws/install/projectH/lib/pkgconfig/projectH.pc'
[1.491s] Level 1:colcon.colcon_core.environment:checking '/home/moonlab/ros2_ws/install/projectH/lib/python3.10/site-packages'
[1.491s] Level 1:colcon.colcon_core.environment:checking '/home/moonlab/ros2_ws/install/projectH/bin'
[1.491s] INFO:colcon.colcon_core.shell:Creating package script '/home/moonlab/ros2_ws/install/projectH/share/projectH/package.ps1'
[1.491s] INFO:colcon.colcon_core.shell:Creating package descriptor '/home/moonlab/ros2_ws/install/projectH/share/projectH/package.dsv'
[1.491s] INFO:colcon.colcon_core.shell:Creating package script '/home/moonlab/ros2_ws/install/projectH/share/projectH/package.sh'
[1.492s] INFO:colcon.colcon_core.shell:Creating package script '/home/moonlab/ros2_ws/install/projectH/share/projectH/package.bash'
[1.492s] INFO:colcon.colcon_core.shell:Creating package script '/home/moonlab/ros2_ws/install/projectH/share/projectH/package.zsh'
[1.492s] Level 1:colcon.colcon_core.environment:create_file_with_runtime_dependencies(/home/moonlab/ros2_ws/install/projectH/share/colcon-core/packages/projectH)
[2.681s] DEBUG:colcon.colcon_parallel_executor.executor.parallel:closing loop
[2.681s] DEBUG:colcon.colcon_parallel_executor.executor.parallel:loop closed
[2.681s] DEBUG:colcon.colcon_parallel_executor.executor.parallel:run_until_complete finished with '1'
[2.681s] DEBUG:colcon.colcon_core.event_reactor:joining thread
[2.685s] INFO:colcon.colcon_core.plugin_system:Skipping extension 'colcon_notification.desktop_notification.terminal_notifier': Not used on non-Darwin systems
[2.685s] INFO:colcon.colcon_core.plugin_system:Skipping extension 'colcon_notification.desktop_notification.win32': Not used on non-Windows systems
[2.685s] INFO:colcon.colcon_notification.desktop_notification:Sending desktop notification using 'notify2'
[2.692s] DEBUG:colcon.colcon_core.event_reactor:joined thread
[2.693s] INFO:colcon.colcon_core.shell:Creating prefix script '/home/moonlab/ros2_ws/install/local_setup.ps1'
[2.693s] INFO:colcon.colcon_core.shell:Creating prefix util module '/home/moonlab/ros2_ws/install/_local_setup_util_ps1.py'
[2.694s] INFO:colcon.colcon_core.shell:Creating prefix chain script '/home/moonlab/ros2_ws/install/setup.ps1'
[2.694s] INFO:colcon.colcon_core.shell:Creating prefix script '/home/moonlab/ros2_ws/install/local_setup.sh'
[2.695s] INFO:colcon.colcon_core.shell:Creating prefix util module '/home/moonlab/ros2_ws/install/_local_setup_util_sh.py'
[2.695s] INFO:colcon.colcon_core.shell:Creating prefix chain script '/home/moonlab/ros2_ws/install/setup.sh'
[2.695s] INFO:colcon.colcon_core.shell:Creating prefix script '/home/moonlab/ros2_ws/install/local_setup.bash'
[2.696s] INFO:colcon.colcon_core.shell:Creating prefix chain script '/home/moonlab/ros2_ws/install/setup.bash'
[2.696s] INFO:colcon.colcon_core.shell:Creating prefix script '/home/moonlab/ros2_ws/install/local_setup.zsh'
[2.697s] INFO:colcon.colcon_core.shell:Creating prefix chain script '/home/moonlab/ros2_ws/install/setup.zsh'
