[0.009s] Invoking command in '/home/moonlab/ros2_ws/build/my_sim_tesi_gazebo': CMAKE_PREFIX_PATH=${CMAKE_PREFIX_PATH}:/opt/ros/humble /usr/bin/cmake /home/moonlab/ros2_ws/src/ros2_ignition_thesis/my_sim_tesi_gazebo -DCMAKE_INSTALL_PREFIX=/home/moonlab/ros2_ws/install/my_sim_tesi_gazebo
[0.033s] -- Found ament_cmake: 1.3.12 (/opt/ros/humble/share/ament_cmake/cmake)
[0.103s] -- Override CMake install command with custom implementation using symlinks instead of copying resources
[0.115s] -- Found ament_lint_auto: 0.12.14 (/opt/ros/humble/share/ament_lint_auto/cmake)
[0.199s] -- Added test 'lint_cmake' to check CMake code style
[0.236s] -- Added test 'xmllint' to check XML markup files
[0.237s] -- Configuring done
[0.240s] -- Generating done
[0.241s] -- Build files have been written to: /home/moonlab/ros2_ws/build/my_sim_tesi_gazebo
[0.243s] Invoked command in '/home/moonlab/ros2_ws/build/my_sim_tesi_gazebo' returned '0': CMAKE_PREFIX_PATH=${CMAKE_PREFIX_PATH}:/opt/ros/humble /usr/bin/cmake /home/moonlab/ros2_ws/src/ros2_ignition_thesis/my_sim_tesi_gazebo -DCMAKE_INSTALL_PREFIX=/home/moonlab/ros2_ws/install/my_sim_tesi_gazebo
[0.244s] Invoking command in '/home/moonlab/ros2_ws/build/my_sim_tesi_gazebo': CMAKE_PREFIX_PATH=${CMAKE_PREFIX_PATH}:/opt/ros/humble /usr/bin/cmake --build /home/moonlab/ros2_ws/build/my_sim_tesi_gazebo -- -j24 -l24
[0.269s] Invoked command in '/home/moonlab/ros2_ws/build/my_sim_tesi_gazebo' returned '0': CMAKE_PREFIX_PATH=${CMAKE_PREFIX_PATH}:/opt/ros/humble /usr/bin/cmake --build /home/moonlab/ros2_ws/build/my_sim_tesi_gazebo -- -j24 -l24
[0.270s] Invoking command in '/home/moonlab/ros2_ws/build/my_sim_tesi_gazebo': CMAKE_PREFIX_PATH=${CMAKE_PREFIX_PATH}:/opt/ros/humble /usr/bin/cmake --install /home/moonlab/ros2_ws/build/my_sim_tesi_gazebo
[0.274s] -- Install configuration: ""
[0.274s] -- Execute custom install script
[0.280s] -- Up-to-date symlink: /home/moonlab/ros2_ws/install/my_sim_tesi_gazebo/share/my_sim_tesi_gazebo/models/Depot/materials/scripts/model.material
[0.280s] -- Up-to-date symlink: /home/moonlab/ros2_ws/install/my_sim_tesi_gazebo/share/my_sim_tesi_gazebo/models/Depot/materials/textures/BOXSET_Albedo.png
[0.280s] -- Up-to-date symlink: /home/moonlab/ros2_ws/install/my_sim_tesi_gazebo/share/my_sim_tesi_gazebo/models/Depot/materials/textures/BOXSET_Emissive.png
[0.280s] -- Up-to-date symlink: /home/moonlab/ros2_ws/install/my_sim_tesi_gazebo/share/my_sim_tesi_gazebo/models/Depot/materials/textures/BOXSET_Metalness.png
[0.280s] -- Up-to-date symlink: /home/moonlab/ros2_ws/install/my_sim_tesi_gazebo/share/my_sim_tesi_gazebo/models/Depot/materials/textures/BOXSET_Normal.png
[0.280s] -- Up-to-date symlink: /home/moonlab/ros2_ws/install/my_sim_tesi_gazebo/share/my_sim_tesi_gazebo/models/Depot/materials/textures/BOXSET_Roughness.png
[0.280s] -- Up-to-date symlink: /home/moonlab/ros2_ws/install/my_sim_tesi_gazebo/share/my_sim_tesi_gazebo/models/Depot/materials/textures/Crates_Crates_BaseColor.png
[0.280s] -- Up-to-date symlink: /home/moonlab/ros2_ws/install/my_sim_tesi_gazebo/share/my_sim_tesi_gazebo/models/Depot/materials/textures/Crates_Crates_Normal.png
[0.280s] -- Up-to-date symlink: /home/moonlab/ros2_ws/install/my_sim_tesi_gazebo/share/my_sim_tesi_gazebo/models/Depot/materials/textures/Crates_Crates_Roughness.png
[0.280s] -- Up-to-date symlink: /home/moonlab/ros2_ws/install/my_sim_tesi_gazebo/share/my_sim_tesi_gazebo/models/Depot/materials/textures/DepotLightmap.png
[0.280s] -- Up-to-date symlink: /home/moonlab/ros2_ws/install/my_sim_tesi_gazebo/share/my_sim_tesi_gazebo/models/Depot/materials/textures/FANS_Albedo.png
[0.280s] -- Up-to-date symlink: /home/moonlab/ros2_ws/install/my_sim_tesi_gazebo/share/my_sim_tesi_gazebo/models/Depot/materials/textures/FANS_Metalness.png
[0.281s] -- Up-to-date symlink: /home/moonlab/ros2_ws/install/my_sim_tesi_gazebo/share/my_sim_tesi_gazebo/models/Depot/materials/textures/FANS_Normal.png
[0.281s] -- Up-to-date symlink: /home/moonlab/ros2_ws/install/my_sim_tesi_gazebo/share/my_sim_tesi_gazebo/models/Depot/materials/textures/FANS_Roughness.png
[0.281s] -- Up-to-date symlink: /home/moonlab/ros2_ws/install/my_sim_tesi_gazebo/share/my_sim_tesi_gazebo/models/Depot/materials/textures/FLOOR_Albedo.png
[0.281s] -- Up-to-date symlink: /home/moonlab/ros2_ws/install/my_sim_tesi_gazebo/share/my_sim_tesi_gazebo/models/Depot/materials/textures/FLOOR_Metalness.png
[0.281s] -- Up-to-date symlink: /home/moonlab/ros2_ws/install/my_sim_tesi_gazebo/share/my_sim_tesi_gazebo/models/Depot/materials/textures/FLOOR_Normal.png
[0.281s] -- Up-to-date symlink: /home/moonlab/ros2_ws/install/my_sim_tesi_gazebo/share/my_sim_tesi_gazebo/models/Depot/materials/textures/FLOOR_Roughness.png
[0.281s] -- Up-to-date symlink: /home/moonlab/ros2_ws/install/my_sim_tesi_gazebo/share/my_sim_tesi_gazebo/models/Depot/materials/textures/FanBack_FanBack_BaseColor.png
[0.281s] -- Up-to-date symlink: /home/moonlab/ros2_ws/install/my_sim_tesi_gazebo/share/my_sim_tesi_gazebo/models/Depot/materials/textures/FireAlarmPole_Albedo.png
[0.281s] -- Up-to-date symlink: /home/moonlab/ros2_ws/install/my_sim_tesi_gazebo/share/my_sim_tesi_gazebo/models/Depot/materials/textures/FireAlarmPole_Metalness.png
[0.281s] -- Up-to-date symlink: /home/moonlab/ros2_ws/install/my_sim_tesi_gazebo/share/my_sim_tesi_gazebo/models/Depot/materials/textures/FireAlarmPole_Normal.png
[0.281s] -- Up-to-date symlink: /home/moonlab/ros2_ws/install/my_sim_tesi_gazebo/share/my_sim_tesi_gazebo/models/Depot/materials/textures/FireAlarmPole_Roughness.png
[0.281s] -- Up-to-date symlink: /home/moonlab/ros2_ws/install/my_sim_tesi_gazebo/share/my_sim_tesi_gazebo/models/Depot/materials/textures/FireAlarm_Albedo.png
[0.281s] -- Up-to-date symlink: /home/moonlab/ros2_ws/install/my_sim_tesi_gazebo/share/my_sim_tesi_gazebo/models/Depot/materials/textures/FireAlarm_Metalness.png
[0.281s] -- Up-to-date symlink: /home/moonlab/ros2_ws/install/my_sim_tesi_gazebo/share/my_sim_tesi_gazebo/models/Depot/materials/textures/FireAlarm_Normal.png
[0.281s] -- Up-to-date symlink: /home/moonlab/ros2_ws/install/my_sim_tesi_gazebo/share/my_sim_tesi_gazebo/models/Depot/materials/textures/FireAlarm_Roughness.png
[0.282s] -- Up-to-date symlink: /home/moonlab/ros2_ws/install/my_sim_tesi_gazebo/share/my_sim_tesi_gazebo/models/Depot/materials/textures/Forklift_Forklift_BaseColor.png
[0.282s] -- Up-to-date symlink: /home/moonlab/ros2_ws/install/my_sim_tesi_gazebo/share/my_sim_tesi_gazebo/models/Depot/materials/textures/Forklift_Forklift_Metallic.png
[0.282s] -- Up-to-date symlink: /home/moonlab/ros2_ws/install/my_sim_tesi_gazebo/share/my_sim_tesi_gazebo/models/Depot/materials/textures/Forklift_Forklift_Normal.png
[0.282s] -- Up-to-date symlink: /home/moonlab/ros2_ws/install/my_sim_tesi_gazebo/share/my_sim_tesi_gazebo/models/Depot/materials/textures/Forklift_Forklift_Roughness.png
[0.282s] -- Up-to-date symlink: /home/moonlab/ros2_ws/install/my_sim_tesi_gazebo/share/my_sim_tesi_gazebo/models/Depot/materials/textures/INTERCOM_Albedo.png
[0.282s] -- Up-to-date symlink: /home/moonlab/ros2_ws/install/my_sim_tesi_gazebo/share/my_sim_tesi_gazebo/models/Depot/materials/textures/INTERCOM_Emissive.png
[0.282s] -- Up-to-date symlink: /home/moonlab/ros2_ws/install/my_sim_tesi_gazebo/share/my_sim_tesi_gazebo/models/Depot/materials/textures/INTERCOM_Metalness.png
[0.282s] -- Up-to-date symlink: /home/moonlab/ros2_ws/install/my_sim_tesi_gazebo/share/my_sim_tesi_gazebo/models/Depot/materials/textures/INTERCOM_Normal.png
[0.282s] -- Up-to-date symlink: /home/moonlab/ros2_ws/install/my_sim_tesi_gazebo/share/my_sim_tesi_gazebo/models/Depot/materials/textures/INTERCOM_Roughness.png
[0.282s] -- Up-to-date symlink: /home/moonlab/ros2_ws/install/my_sim_tesi_gazebo/share/my_sim_tesi_gazebo/models/Depot/materials/textures/PILLERS_Albedo.png
[0.282s] -- Up-to-date symlink: /home/moonlab/ros2_ws/install/my_sim_tesi_gazebo/share/my_sim_tesi_gazebo/models/Depot/materials/textures/PILLERS_Metalness.png
[0.282s] -- Up-to-date symlink: /home/moonlab/ros2_ws/install/my_sim_tesi_gazebo/share/my_sim_tesi_gazebo/models/Depot/materials/textures/PILLERS_Normal.png
[0.282s] -- Up-to-date symlink: /home/moonlab/ros2_ws/install/my_sim_tesi_gazebo/share/my_sim_tesi_gazebo/models/Depot/materials/textures/PILLERS_Roughness.png
[0.282s] -- Up-to-date symlink: /home/moonlab/ros2_ws/install/my_sim_tesi_gazebo/share/my_sim_tesi_gazebo/models/Depot/materials/textures/Pipes_Albedo.png
[0.282s] -- Up-to-date symlink: /home/moonlab/ros2_ws/install/my_sim_tesi_gazebo/share/my_sim_tesi_gazebo/models/Depot/materials/textures/Pipes_Metalness.png
[0.283s] -- Up-to-date symlink: /home/moonlab/ros2_ws/install/my_sim_tesi_gazebo/share/my_sim_tesi_gazebo/models/Depot/materials/textures/Pipes_Normal.png
[0.283s] -- Up-to-date symlink: /home/moonlab/ros2_ws/install/my_sim_tesi_gazebo/share/my_sim_tesi_gazebo/models/Depot/materials/textures/Pipes_Roughness.png
[0.283s] -- Up-to-date symlink: /home/moonlab/ros2_ws/install/my_sim_tesi_gazebo/share/my_sim_tesi_gazebo/models/Depot/materials/textures/ROOF_Albedo.png
[0.283s] -- Up-to-date symlink: /home/moonlab/ros2_ws/install/my_sim_tesi_gazebo/share/my_sim_tesi_gazebo/models/Depot/materials/textures/ROOF_Emissive.png
[0.283s] -- Up-to-date symlink: /home/moonlab/ros2_ws/install/my_sim_tesi_gazebo/share/my_sim_tesi_gazebo/models/Depot/materials/textures/ROOF_Metalness.png
[0.283s] -- Up-to-date symlink: /home/moonlab/ros2_ws/install/my_sim_tesi_gazebo/share/my_sim_tesi_gazebo/models/Depot/materials/textures/ROOF_Normal.png
[0.283s] -- Up-to-date symlink: /home/moonlab/ros2_ws/install/my_sim_tesi_gazebo/share/my_sim_tesi_gazebo/models/Depot/materials/textures/ROOF_Roughness.png
[0.283s] -- Up-to-date symlink: /home/moonlab/ros2_ws/install/my_sim_tesi_gazebo/share/my_sim_tesi_gazebo/models/Depot/materials/textures/STAIRS_Albedo.png
[0.283s] -- Up-to-date symlink: /home/moonlab/ros2_ws/install/my_sim_tesi_gazebo/share/my_sim_tesi_gazebo/models/Depot/materials/textures/STAIRS_Metalness.png
[0.283s] -- Up-to-date symlink: /home/moonlab/ros2_ws/install/my_sim_tesi_gazebo/share/my_sim_tesi_gazebo/models/Depot/materials/textures/STAIRS_Normal.png
[0.283s] -- Up-to-date symlink: /home/moonlab/ros2_ws/install/my_sim_tesi_gazebo/share/my_sim_tesi_gazebo/models/Depot/materials/textures/STAIRS_Roughness.png
[0.283s] -- Up-to-date symlink: /home/moonlab/ros2_ws/install/my_sim_tesi_gazebo/share/my_sim_tesi_gazebo/models/Depot/materials/textures/WALLS_Albedo.png
[0.283s] -- Up-to-date symlink: /home/moonlab/ros2_ws/install/my_sim_tesi_gazebo/share/my_sim_tesi_gazebo/models/Depot/materials/textures/WALLS_Metalness.png
[0.283s] -- Up-to-date symlink: /home/moonlab/ros2_ws/install/my_sim_tesi_gazebo/share/my_sim_tesi_gazebo/models/Depot/materials/textures/WALLS_Normal.png
[0.283s] -- Up-to-date symlink: /home/moonlab/ros2_ws/install/my_sim_tesi_gazebo/share/my_sim_tesi_gazebo/models/Depot/materials/textures/WALLS_Roughness.png
[0.284s] -- Up-to-date symlink: /home/moonlab/ros2_ws/install/my_sim_tesi_gazebo/share/my_sim_tesi_gazebo/models/Depot/materials/textures/Window_WINDOW_BaseColor.png
[0.284s] -- Up-to-date symlink: /home/moonlab/ros2_ws/install/my_sim_tesi_gazebo/share/my_sim_tesi_gazebo/models/Depot/materials/textures/Window_WINDOW_Metallic.png
[0.284s] -- Up-to-date symlink: /home/moonlab/ros2_ws/install/my_sim_tesi_gazebo/share/my_sim_tesi_gazebo/models/Depot/materials/textures/Window_WINDOW_Roughness.png
[0.284s] -- Up-to-date symlink: /home/moonlab/ros2_ws/install/my_sim_tesi_gazebo/share/my_sim_tesi_gazebo/models/Depot/meshes/Crates.dae
[0.284s] -- Up-to-date symlink: /home/moonlab/ros2_ws/install/my_sim_tesi_gazebo/share/my_sim_tesi_gazebo/models/Depot/meshes/Depot.dae
[0.284s] -- Up-to-date symlink: /home/moonlab/ros2_ws/install/my_sim_tesi_gazebo/share/my_sim_tesi_gazebo/models/Depot/model.config
[0.284s] -- Up-to-date symlink: /home/moonlab/ros2_ws/install/my_sim_tesi_gazebo/share/my_sim_tesi_gazebo/models/Depot/model.sdf
[0.284s] -- Up-to-date symlink: /home/moonlab/ros2_ws/install/my_sim_tesi_gazebo/share/my_sim_tesi_gazebo/models/Depot/thumbnails/0.png
[0.284s] -- Up-to-date symlink: /home/moonlab/ros2_ws/install/my_sim_tesi_gazebo/share/my_sim_tesi_gazebo/models/Depot/thumbnails/1.png
[0.284s] -- Up-to-date symlink: /home/moonlab/ros2_ws/install/my_sim_tesi_gazebo/share/my_sim_tesi_gazebo/models/Depot/thumbnails/2.png
[0.284s] -- Up-to-date symlink: /home/moonlab/ros2_ws/install/my_sim_tesi_gazebo/share/my_sim_tesi_gazebo/models/Depot/thumbnails/3.png
[0.284s] -- Up-to-date symlink: /home/moonlab/ros2_ws/install/my_sim_tesi_gazebo/share/my_sim_tesi_gazebo/models/Depot/thumbnails/4.png
[0.284s] -- Up-to-date symlink: /home/moonlab/ros2_ws/install/my_sim_tesi_gazebo/share/my_sim_tesi_gazebo/models/Depot/thumbnails/5.png
[0.284s] -- Symlinking: /home/moonlab/ros2_ws/install/my_sim_tesi_gazebo/share/my_sim_tesi_gazebo/models/aruco_marker/materials/scripts/marker.materials
[0.290s] -- Symlinking: /home/moonlab/ros2_ws/install/my_sim_tesi_gazebo/share/my_sim_tesi_gazebo/models/aruco_marker/materials/textures/marker.png
[0.296s] -- Symlinking: /home/moonlab/ros2_ws/install/my_sim_tesi_gazebo/share/my_sim_tesi_gazebo/models/aruco_marker/model.config
[0.301s] -- Symlinking: /home/moonlab/ros2_ws/install/my_sim_tesi_gazebo/share/my_sim_tesi_gazebo/models/aruco_marker/model.sdf
[0.307s] -- Symlinking: /home/moonlab/ros2_ws/install/my_sim_tesi_gazebo/share/my_sim_tesi_gazebo/models/aws_robomaker_residential_AirconditionerA_01/materials/textures/aws_AirconditionerA_01.png
[0.313s] -- Symlinking: /home/moonlab/ros2_ws/install/my_sim_tesi_gazebo/share/my_sim_tesi_gazebo/models/aws_robomaker_residential_AirconditionerA_01/meshes/aws_AirconditionerA_01_collision.DAE
[0.319s] -- Symlinking: /home/moonlab/ros2_ws/install/my_sim_tesi_gazebo/share/my_sim_tesi_gazebo/models/aws_robomaker_residential_AirconditionerA_01/meshes/aws_AirconditionerA_01_visual.DAE
[0.324s] -- Symlinking: /home/moonlab/ros2_ws/install/my_sim_tesi_gazebo/share/my_sim_tesi_gazebo/models/aws_robomaker_residential_AirconditionerA_01/model.config
[0.330s] -- Symlinking: /home/moonlab/ros2_ws/install/my_sim_tesi_gazebo/share/my_sim_tesi_gazebo/models/aws_robomaker_residential_AirconditionerA_01/model.sdf
[0.336s] -- Symlinking: /home/moonlab/ros2_ws/install/my_sim_tesi_gazebo/share/my_sim_tesi_gazebo/models/aws_robomaker_residential_AirconditionerB_01/materials/textures/aws_AirconditionerB_01.png
[0.341s] -- Symlinking: /home/moonlab/ros2_ws/install/my_sim_tesi_gazebo/share/my_sim_tesi_gazebo/models/aws_robomaker_residential_AirconditionerB_01/meshes/aws_AirconditionerB_01_collision.DAE
[0.347s] -- Symlinking: /home/moonlab/ros2_ws/install/my_sim_tesi_gazebo/share/my_sim_tesi_gazebo/models/aws_robomaker_residential_AirconditionerB_01/meshes/aws_AirconditionerB_01_visual.DAE
[0.353s] -- Symlinking: /home/moonlab/ros2_ws/install/my_sim_tesi_gazebo/share/my_sim_tesi_gazebo/models/aws_robomaker_residential_AirconditionerB_01/model.config
[0.358s] -- Symlinking: /home/moonlab/ros2_ws/install/my_sim_tesi_gazebo/share/my_sim_tesi_gazebo/models/aws_robomaker_residential_AirconditionerB_01/model.sdf
[0.365s] -- Symlinking: /home/moonlab/ros2_ws/install/my_sim_tesi_gazebo/share/my_sim_tesi_gazebo/models/aws_robomaker_residential_BalconyTable_01/materials/textures/aws_BalconyTable_01.png
[0.370s] -- Symlinking: /home/moonlab/ros2_ws/install/my_sim_tesi_gazebo/share/my_sim_tesi_gazebo/models/aws_robomaker_residential_BalconyTable_01/meshes/aws_BalconyTable_01_collision.DAE
[0.376s] -- Symlinking: /home/moonlab/ros2_ws/install/my_sim_tesi_gazebo/share/my_sim_tesi_gazebo/models/aws_robomaker_residential_BalconyTable_01/meshes/aws_BalconyTable_01_visual.DAE
[0.382s] -- Symlinking: /home/moonlab/ros2_ws/install/my_sim_tesi_gazebo/share/my_sim_tesi_gazebo/models/aws_robomaker_residential_BalconyTable_01/model.config
[0.387s] -- Symlinking: /home/moonlab/ros2_ws/install/my_sim_tesi_gazebo/share/my_sim_tesi_gazebo/models/aws_robomaker_residential_BalconyTable_01/model.sdf
[0.392s] -- Symlinking: /home/moonlab/ros2_ws/install/my_sim_tesi_gazebo/share/my_sim_tesi_gazebo/models/aws_robomaker_residential_Ball_01/materials/textures/aws_Ball_01.png
[0.398s] -- Symlinking: /home/moonlab/ros2_ws/install/my_sim_tesi_gazebo/share/my_sim_tesi_gazebo/models/aws_robomaker_residential_Ball_01/meshes/aws_Ball_01_collision.DAE
[0.404s] -- Symlinking: /home/moonlab/ros2_ws/install/my_sim_tesi_gazebo/share/my_sim_tesi_gazebo/models/aws_robomaker_residential_Ball_01/meshes/aws_Ball_01_visual.DAE
[0.410s] -- Symlinking: /home/moonlab/ros2_ws/install/my_sim_tesi_gazebo/share/my_sim_tesi_gazebo/models/aws_robomaker_residential_Ball_01/model.config
[0.415s] -- Symlinking: /home/moonlab/ros2_ws/install/my_sim_tesi_gazebo/share/my_sim_tesi_gazebo/models/aws_robomaker_residential_Ball_01/model.sdf
[0.421s] -- Symlinking: /home/moonlab/ros2_ws/install/my_sim_tesi_gazebo/share/my_sim_tesi_gazebo/models/aws_robomaker_residential_Bed_01/materials/textures/aws_BedA_01.png
[0.427s] -- Symlinking: /home/moonlab/ros2_ws/install/my_sim_tesi_gazebo/share/my_sim_tesi_gazebo/models/aws_robomaker_residential_Bed_01/materials/textures/aws_BedB_01.png
[0.434s] -- Symlinking: /home/moonlab/ros2_ws/install/my_sim_tesi_gazebo/share/my_sim_tesi_gazebo/models/aws_robomaker_residential_Bed_01/materials/textures/aws_BedC_01.png
[0.439s] -- Symlinking: /home/moonlab/ros2_ws/install/my_sim_tesi_gazebo/share/my_sim_tesi_gazebo/models/aws_robomaker_residential_Bed_01/materials/textures/aws_Bed_01.png
[0.445s] -- Symlinking: /home/moonlab/ros2_ws/install/my_sim_tesi_gazebo/share/my_sim_tesi_gazebo/models/aws_robomaker_residential_Bed_01/meshes/aws_Bed_01_collision.DAE
[0.450s] -- Symlinking: /home/moonlab/ros2_ws/install/my_sim_tesi_gazebo/share/my_sim_tesi_gazebo/models/aws_robomaker_residential_Bed_01/meshes/aws_Bed_01_visual.DAE
[0.456s] -- Symlinking: /home/moonlab/ros2_ws/install/my_sim_tesi_gazebo/share/my_sim_tesi_gazebo/models/aws_robomaker_residential_Bed_01/model.config
[0.462s] -- Symlinking: /home/moonlab/ros2_ws/install/my_sim_tesi_gazebo/share/my_sim_tesi_gazebo/models/aws_robomaker_residential_Bed_01/model.sdf
[0.468s] -- Symlinking: /home/moonlab/ros2_ws/install/my_sim_tesi_gazebo/share/my_sim_tesi_gazebo/models/aws_robomaker_residential_Board_01/materials/textures/aws_Board_01.png
[0.474s] -- Symlinking: /home/moonlab/ros2_ws/install/my_sim_tesi_gazebo/share/my_sim_tesi_gazebo/models/aws_robomaker_residential_Board_01/meshes/aws_Board_01_collision.DAE
[0.480s] -- Symlinking: /home/moonlab/ros2_ws/install/my_sim_tesi_gazebo/share/my_sim_tesi_gazebo/models/aws_robomaker_residential_Board_01/meshes/aws_Board_01_visual.DAE
[0.487s] -- Symlinking: /home/moonlab/ros2_ws/install/my_sim_tesi_gazebo/share/my_sim_tesi_gazebo/models/aws_robomaker_residential_Board_01/model.config
[0.492s] -- Symlinking: /home/moonlab/ros2_ws/install/my_sim_tesi_gazebo/share/my_sim_tesi_gazebo/models/aws_robomaker_residential_Board_01/model.sdf
[0.498s] -- Symlinking: /home/moonlab/ros2_ws/install/my_sim_tesi_gazebo/share/my_sim_tesi_gazebo/models/aws_robomaker_residential_Carpet_01/materials/textures/aws_Carpet_01.png
[0.504s] -- Symlinking: /home/moonlab/ros2_ws/install/my_sim_tesi_gazebo/share/my_sim_tesi_gazebo/models/aws_robomaker_residential_Carpet_01/meshes/aws_Carpet_01_collision.DAE
[0.510s] -- Symlinking: /home/moonlab/ros2_ws/install/my_sim_tesi_gazebo/share/my_sim_tesi_gazebo/models/aws_robomaker_residential_Carpet_01/meshes/aws_Carpet_01_visual.DAE
[0.515s] -- Symlinking: /home/moonlab/ros2_ws/install/my_sim_tesi_gazebo/share/my_sim_tesi_gazebo/models/aws_robomaker_residential_Carpet_01/model.config
[0.520s] -- Symlinking: /home/moonlab/ros2_ws/install/my_sim_tesi_gazebo/share/my_sim_tesi_gazebo/models/aws_robomaker_residential_Carpet_01/model.sdf
[0.526s] -- Symlinking: /home/moonlab/ros2_ws/install/my_sim_tesi_gazebo/share/my_sim_tesi_gazebo/models/aws_robomaker_residential_ChairA_01/materials/textures/aws_ChairA_01.png
[0.531s] -- Symlinking: /home/moonlab/ros2_ws/install/my_sim_tesi_gazebo/share/my_sim_tesi_gazebo/models/aws_robomaker_residential_ChairA_01/meshes/aws_ChairA_01_collision.DAE
[0.537s] -- Symlinking: /home/moonlab/ros2_ws/install/my_sim_tesi_gazebo/share/my_sim_tesi_gazebo/models/aws_robomaker_residential_ChairA_01/meshes/aws_ChairA_01_visual.DAE
[0.542s] -- Symlinking: /home/moonlab/ros2_ws/install/my_sim_tesi_gazebo/share/my_sim_tesi_gazebo/models/aws_robomaker_residential_ChairA_01/model.config
[0.547s] -- Symlinking: /home/moonlab/ros2_ws/install/my_sim_tesi_gazebo/share/my_sim_tesi_gazebo/models/aws_robomaker_residential_ChairA_01/model.sdf
[0.552s] -- Symlinking: /home/moonlab/ros2_ws/install/my_sim_tesi_gazebo/share/my_sim_tesi_gazebo/models/aws_robomaker_residential_ChairD_01/materials/textures/aws_ChairD_01.png
[0.557s] -- Symlinking: /home/moonlab/ros2_ws/install/my_sim_tesi_gazebo/share/my_sim_tesi_gazebo/models/aws_robomaker_residential_ChairD_01/meshes/aws_ChairD_01_collision.DAE
[0.563s] -- Symlinking: /home/moonlab/ros2_ws/install/my_sim_tesi_gazebo/share/my_sim_tesi_gazebo/models/aws_robomaker_residential_ChairD_01/meshes/aws_ChairD_01_visual.DAE
[0.568s] -- Symlinking: /home/moonlab/ros2_ws/install/my_sim_tesi_gazebo/share/my_sim_tesi_gazebo/models/aws_robomaker_residential_ChairD_01/model.config
[0.574s] -- Symlinking: /home/moonlab/ros2_ws/install/my_sim_tesi_gazebo/share/my_sim_tesi_gazebo/models/aws_robomaker_residential_ChairD_01/model.sdf
[0.579s] -- Symlinking: /home/moonlab/ros2_ws/install/my_sim_tesi_gazebo/share/my_sim_tesi_gazebo/models/aws_robomaker_residential_Chandelier_01/materials/textures/aws_Chandelier_01.png
[0.585s] -- Symlinking: /home/moonlab/ros2_ws/install/my_sim_tesi_gazebo/share/my_sim_tesi_gazebo/models/aws_robomaker_residential_Chandelier_01/meshes/aws_Chandelier_01.DAE
[0.590s] -- Symlinking: /home/moonlab/ros2_ws/install/my_sim_tesi_gazebo/share/my_sim_tesi_gazebo/models/aws_robomaker_residential_Chandelier_01/meshes/aws_Chandelier_01_collision.DAE
[0.595s] -- Symlinking: /home/moonlab/ros2_ws/install/my_sim_tesi_gazebo/share/my_sim_tesi_gazebo/models/aws_robomaker_residential_Chandelier_01/meshes/aws_Chandelier_01_visual.DAE
[0.601s] -- Symlinking: /home/moonlab/ros2_ws/install/my_sim_tesi_gazebo/share/my_sim_tesi_gazebo/models/aws_robomaker_residential_Chandelier_01/model.config
[0.606s] -- Symlinking: /home/moonlab/ros2_ws/install/my_sim_tesi_gazebo/share/my_sim_tesi_gazebo/models/aws_robomaker_residential_Chandelier_01/model.sdf
[0.612s] -- Symlinking: /home/moonlab/ros2_ws/install/my_sim_tesi_gazebo/share/my_sim_tesi_gazebo/models/aws_robomaker_residential_CoffeeTable_01/materials/textures/aws_CoffeeTable_01.png
[0.617s] -- Symlinking: /home/moonlab/ros2_ws/install/my_sim_tesi_gazebo/share/my_sim_tesi_gazebo/models/aws_robomaker_residential_CoffeeTable_01/meshes/aws_CoffeeTable_01_collision.DAE
[0.622s] -- Symlinking: /home/moonlab/ros2_ws/install/my_sim_tesi_gazebo/share/my_sim_tesi_gazebo/models/aws_robomaker_residential_CoffeeTable_01/meshes/aws_CoffeeTable_01_visual.DAE
[0.627s] -- Symlinking: /home/moonlab/ros2_ws/install/my_sim_tesi_gazebo/share/my_sim_tesi_gazebo/models/aws_robomaker_residential_CoffeeTable_01/model.config
[0.632s] -- Symlinking: /home/moonlab/ros2_ws/install/my_sim_tesi_gazebo/share/my_sim_tesi_gazebo/models/aws_robomaker_residential_CoffeeTable_01/model.sdf
[0.638s] -- Symlinking: /home/moonlab/ros2_ws/install/my_sim_tesi_gazebo/share/my_sim_tesi_gazebo/models/aws_robomaker_residential_CookingBench_01/materials/textures/aws_CookingBench_01.png
[0.643s] -- Symlinking: /home/moonlab/ros2_ws/install/my_sim_tesi_gazebo/share/my_sim_tesi_gazebo/models/aws_robomaker_residential_CookingBench_01/meshes/aws_CookingBench_01.DAE
[0.649s] -- Symlinking: /home/moonlab/ros2_ws/install/my_sim_tesi_gazebo/share/my_sim_tesi_gazebo/models/aws_robomaker_residential_CookingBench_01/meshes/aws_CookingBench_01_collision.DAE
[0.654s] -- Symlinking: /home/moonlab/ros2_ws/install/my_sim_tesi_gazebo/share/my_sim_tesi_gazebo/models/aws_robomaker_residential_CookingBench_01/meshes/aws_CookingBench_01_visual.DAE
[0.659s] -- Symlinking: /home/moonlab/ros2_ws/install/my_sim_tesi_gazebo/share/my_sim_tesi_gazebo/models/aws_robomaker_residential_CookingBench_01/model.config
[0.665s] -- Symlinking: /home/moonlab/ros2_ws/install/my_sim_tesi_gazebo/share/my_sim_tesi_gazebo/models/aws_robomaker_residential_CookingBench_01/model.sdf
[0.670s] -- Symlinking: /home/moonlab/ros2_ws/install/my_sim_tesi_gazebo/share/my_sim_tesi_gazebo/models/aws_robomaker_residential_Curtain_01/materials/textures/aws_Curtain_01.png
[0.675s] -- Symlinking: /home/moonlab/ros2_ws/install/my_sim_tesi_gazebo/share/my_sim_tesi_gazebo/models/aws_robomaker_residential_Curtain_01/meshes/aws_Curtain_01_collision.DAE
[0.680s] -- Symlinking: /home/moonlab/ros2_ws/install/my_sim_tesi_gazebo/share/my_sim_tesi_gazebo/models/aws_robomaker_residential_Curtain_01/meshes/aws_Curtain_01_visual.DAE
[0.685s] -- Symlinking: /home/moonlab/ros2_ws/install/my_sim_tesi_gazebo/share/my_sim_tesi_gazebo/models/aws_robomaker_residential_Curtain_01/model.config
[0.691s] -- Symlinking: /home/moonlab/ros2_ws/install/my_sim_tesi_gazebo/share/my_sim_tesi_gazebo/models/aws_robomaker_residential_Curtain_01/model.sdf
[0.696s] -- Symlinking: /home/moonlab/ros2_ws/install/my_sim_tesi_gazebo/share/my_sim_tesi_gazebo/models/aws_robomaker_residential_DeskPortraitA_01/materials/textures/DeskPortraitA_01.jpg
[0.701s] -- Symlinking: /home/moonlab/ros2_ws/install/my_sim_tesi_gazebo/share/my_sim_tesi_gazebo/models/aws_robomaker_residential_DeskPortraitA_01/materials/textures/aws_DeskPortraitA_01.png
[0.707s] -- Symlinking: /home/moonlab/ros2_ws/install/my_sim_tesi_gazebo/share/my_sim_tesi_gazebo/models/aws_robomaker_residential_DeskPortraitA_01/materials/textures/aws_DeskPortraitA_02.png
[0.712s] -- Symlinking: /home/moonlab/ros2_ws/install/my_sim_tesi_gazebo/share/my_sim_tesi_gazebo/models/aws_robomaker_residential_DeskPortraitA_01/meshes/aws_DeskPortraitA_01_collision.DAE
[0.718s] -- Symlinking: /home/moonlab/ros2_ws/install/my_sim_tesi_gazebo/share/my_sim_tesi_gazebo/models/aws_robomaker_residential_DeskPortraitA_01/meshes/aws_DeskPortraitA_01_visual.DAE
[0.723s] -- Symlinking: /home/moonlab/ros2_ws/install/my_sim_tesi_gazebo/share/my_sim_tesi_gazebo/models/aws_robomaker_residential_DeskPortraitA_01/model.config
[0.729s] -- Symlinking: /home/moonlab/ros2_ws/install/my_sim_tesi_gazebo/share/my_sim_tesi_gazebo/models/aws_robomaker_residential_DeskPortraitA_01/model.sdf
[0.735s] -- Symlinking: /home/moonlab/ros2_ws/install/my_sim_tesi_gazebo/share/my_sim_tesi_gazebo/models/aws_robomaker_residential_DeskPortraitA_02/materials/textures/DeskPortraitA_02.jpg
[0.740s] -- Symlinking: /home/moonlab/ros2_ws/install/my_sim_tesi_gazebo/share/my_sim_tesi_gazebo/models/aws_robomaker_residential_DeskPortraitA_02/materials/textures/aws_DeskPortraitA_01.png
[0.745s] -- Symlinking: /home/moonlab/ros2_ws/install/my_sim_tesi_gazebo/share/my_sim_tesi_gazebo/models/aws_robomaker_residential_DeskPortraitA_02/materials/textures/aws_DeskPortraitA_02.png
[0.750s] -- Symlinking: /home/moonlab/ros2_ws/install/my_sim_tesi_gazebo/share/my_sim_tesi_gazebo/models/aws_robomaker_residential_DeskPortraitA_02/meshes/aws_DeskPortraitA_01_collision.DAE
[0.755s] -- Symlinking: /home/moonlab/ros2_ws/install/my_sim_tesi_gazebo/share/my_sim_tesi_gazebo/models/aws_robomaker_residential_DeskPortraitA_02/meshes/aws_DeskPortraitA_01_visual.DAE
[0.761s] -- Symlinking: /home/moonlab/ros2_ws/install/my_sim_tesi_gazebo/share/my_sim_tesi_gazebo/models/aws_robomaker_residential_DeskPortraitA_02/model.config
[0.767s] -- Symlinking: /home/moonlab/ros2_ws/install/my_sim_tesi_gazebo/share/my_sim_tesi_gazebo/models/aws_robomaker_residential_DeskPortraitA_02/model.sdf
[0.772s] -- Symlinking: /home/moonlab/ros2_ws/install/my_sim_tesi_gazebo/share/my_sim_tesi_gazebo/models/aws_robomaker_residential_DeskPortraitB_01/materials/textures/DeskPortraitB_01.jpg
[0.778s] -- Symlinking: /home/moonlab/ros2_ws/install/my_sim_tesi_gazebo/share/my_sim_tesi_gazebo/models/aws_robomaker_residential_DeskPortraitB_01/materials/textures/aws_DeskPortraitB_01.png
[0.783s] -- Symlinking: /home/moonlab/ros2_ws/install/my_sim_tesi_gazebo/share/my_sim_tesi_gazebo/models/aws_robomaker_residential_DeskPortraitB_01/materials/textures/aws_DeskPortraitB_02.png
[0.789s] -- Symlinking: /home/moonlab/ros2_ws/install/my_sim_tesi_gazebo/share/my_sim_tesi_gazebo/models/aws_robomaker_residential_DeskPortraitB_01/meshes/aws_DeskPortraitB_01_collision.DAE
[0.795s] -- Symlinking: /home/moonlab/ros2_ws/install/my_sim_tesi_gazebo/share/my_sim_tesi_gazebo/models/aws_robomaker_residential_DeskPortraitB_01/meshes/aws_DeskPortraitB_01_visual.DAE
[0.800s] -- Symlinking: /home/moonlab/ros2_ws/install/my_sim_tesi_gazebo/share/my_sim_tesi_gazebo/models/aws_robomaker_residential_DeskPortraitB_01/model.config
[0.806s] -- Symlinking: /home/moonlab/ros2_ws/install/my_sim_tesi_gazebo/share/my_sim_tesi_gazebo/models/aws_robomaker_residential_DeskPortraitB_01/model.sdf
[0.811s] -- Symlinking: /home/moonlab/ros2_ws/install/my_sim_tesi_gazebo/share/my_sim_tesi_gazebo/models/aws_robomaker_residential_DeskPortraitB_02/materials/textures/DeskPortraitB_02.jpg
[0.817s] -- Symlinking: /home/moonlab/ros2_ws/install/my_sim_tesi_gazebo/share/my_sim_tesi_gazebo/models/aws_robomaker_residential_DeskPortraitB_02/materials/textures/aws_DeskPortraitB_01.png
[0.822s] -- Symlinking: /home/moonlab/ros2_ws/install/my_sim_tesi_gazebo/share/my_sim_tesi_gazebo/models/aws_robomaker_residential_DeskPortraitB_02/materials/textures/aws_DeskPortraitB_02.png
[0.828s] -- Symlinking: /home/moonlab/ros2_ws/install/my_sim_tesi_gazebo/share/my_sim_tesi_gazebo/models/aws_robomaker_residential_DeskPortraitB_02/meshes/aws_DeskPortraitB_01_collision.DAE
[0.833s] -- Symlinking: /home/moonlab/ros2_ws/install/my_sim_tesi_gazebo/share/my_sim_tesi_gazebo/models/aws_robomaker_residential_DeskPortraitB_02/meshes/aws_DeskPortraitB_01_visual.DAE
[0.839s] -- Symlinking: /home/moonlab/ros2_ws/install/my_sim_tesi_gazebo/share/my_sim_tesi_gazebo/models/aws_robomaker_residential_DeskPortraitB_02/model.config
[0.846s] -- Symlinking: /home/moonlab/ros2_ws/install/my_sim_tesi_gazebo/share/my_sim_tesi_gazebo/models/aws_robomaker_residential_DeskPortraitB_02/model.sdf
[0.852s] -- Symlinking: /home/moonlab/ros2_ws/install/my_sim_tesi_gazebo/share/my_sim_tesi_gazebo/models/aws_robomaker_residential_DeskPortraitC_01/materials/textures/DeskPortraitC_01.jpg
[0.857s] -- Symlinking: /home/moonlab/ros2_ws/install/my_sim_tesi_gazebo/share/my_sim_tesi_gazebo/models/aws_robomaker_residential_DeskPortraitC_01/materials/textures/aws_DeskPortraitC_01.png
[0.863s] -- Symlinking: /home/moonlab/ros2_ws/install/my_sim_tesi_gazebo/share/my_sim_tesi_gazebo/models/aws_robomaker_residential_DeskPortraitC_01/materials/textures/aws_DeskPortraitC_02.png
[0.868s] -- Symlinking: /home/moonlab/ros2_ws/install/my_sim_tesi_gazebo/share/my_sim_tesi_gazebo/models/aws_robomaker_residential_DeskPortraitC_01/meshes/aws_DeskPortraitC_01_collision.DAE
[0.874s] -- Symlinking: /home/moonlab/ros2_ws/install/my_sim_tesi_gazebo/share/my_sim_tesi_gazebo/models/aws_robomaker_residential_DeskPortraitC_01/meshes/aws_DeskPortraitC_01_visual.DAE
[0.880s] -- Symlinking: /home/moonlab/ros2_ws/install/my_sim_tesi_gazebo/share/my_sim_tesi_gazebo/models/aws_robomaker_residential_DeskPortraitC_01/model.config
[0.885s] -- Symlinking: /home/moonlab/ros2_ws/install/my_sim_tesi_gazebo/share/my_sim_tesi_gazebo/models/aws_robomaker_residential_DeskPortraitC_01/model.sdf
[0.890s] -- Symlinking: /home/moonlab/ros2_ws/install/my_sim_tesi_gazebo/share/my_sim_tesi_gazebo/models/aws_robomaker_residential_DeskPortraitC_02/materials/textures/DeskPortraitC_02.jpg
[0.895s] -- Symlinking: /home/moonlab/ros2_ws/install/my_sim_tesi_gazebo/share/my_sim_tesi_gazebo/models/aws_robomaker_residential_DeskPortraitC_02/materials/textures/aws_DeskPortraitC_01.png
[0.900s] -- Symlinking: /home/moonlab/ros2_ws/install/my_sim_tesi_gazebo/share/my_sim_tesi_gazebo/models/aws_robomaker_residential_DeskPortraitC_02/materials/textures/aws_DeskPortraitC_02.png
[0.906s] -- Symlinking: /home/moonlab/ros2_ws/install/my_sim_tesi_gazebo/share/my_sim_tesi_gazebo/models/aws_robomaker_residential_DeskPortraitC_02/meshes/aws_DeskPortraitC_01_collision.DAE
[0.911s] -- Symlinking: /home/moonlab/ros2_ws/install/my_sim_tesi_gazebo/share/my_sim_tesi_gazebo/models/aws_robomaker_residential_DeskPortraitC_02/meshes/aws_DeskPortraitC_01_visual.DAE
[0.917s] -- Symlinking: /home/moonlab/ros2_ws/install/my_sim_tesi_gazebo/share/my_sim_tesi_gazebo/models/aws_robomaker_residential_DeskPortraitC_02/model.config
[0.922s] -- Symlinking: /home/moonlab/ros2_ws/install/my_sim_tesi_gazebo/share/my_sim_tesi_gazebo/models/aws_robomaker_residential_DeskPortraitC_02/model.sdf
[0.927s] -- Symlinking: /home/moonlab/ros2_ws/install/my_sim_tesi_gazebo/share/my_sim_tesi_gazebo/models/aws_robomaker_residential_DeskPortraitD_01/materials/textures/DeskPortraitD_01.jpg
[0.933s] -- Symlinking: /home/moonlab/ros2_ws/install/my_sim_tesi_gazebo/share/my_sim_tesi_gazebo/models/aws_robomaker_residential_DeskPortraitD_01/materials/textures/aws_DeskPortraitD_01.png
[0.938s] -- Symlinking: /home/moonlab/ros2_ws/install/my_sim_tesi_gazebo/share/my_sim_tesi_gazebo/models/aws_robomaker_residential_DeskPortraitD_01/materials/textures/aws_DeskPortraitD_02.png
[0.944s] -- Symlinking: /home/moonlab/ros2_ws/install/my_sim_tesi_gazebo/share/my_sim_tesi_gazebo/models/aws_robomaker_residential_DeskPortraitD_01/meshes/aws_DeskPortraitD_01_collision.DAE
[0.949s] -- Symlinking: /home/moonlab/ros2_ws/install/my_sim_tesi_gazebo/share/my_sim_tesi_gazebo/models/aws_robomaker_residential_DeskPortraitD_01/meshes/aws_DeskPortraitD_01_visual.DAE
[0.955s] -- Symlinking: /home/moonlab/ros2_ws/install/my_sim_tesi_gazebo/share/my_sim_tesi_gazebo/models/aws_robomaker_residential_DeskPortraitD_01/model.config
[0.960s] -- Symlinking: /home/moonlab/ros2_ws/install/my_sim_tesi_gazebo/share/my_sim_tesi_gazebo/models/aws_robomaker_residential_DeskPortraitD_01/model.sdf
[0.966s] -- Symlinking: /home/moonlab/ros2_ws/install/my_sim_tesi_gazebo/share/my_sim_tesi_gazebo/models/aws_robomaker_residential_DeskPortraitD_02/materials/textures/DeskPortraitD_02.jpg
[0.971s] -- Symlinking: /home/moonlab/ros2_ws/install/my_sim_tesi_gazebo/share/my_sim_tesi_gazebo/models/aws_robomaker_residential_DeskPortraitD_02/materials/textures/aws_DeskPortraitD_01.png
[0.976s] -- Symlinking: /home/moonlab/ros2_ws/install/my_sim_tesi_gazebo/share/my_sim_tesi_gazebo/models/aws_robomaker_residential_DeskPortraitD_02/materials/textures/aws_DeskPortraitD_02.png
[0.982s] -- Symlinking: /home/moonlab/ros2_ws/install/my_sim_tesi_gazebo/share/my_sim_tesi_gazebo/models/aws_robomaker_residential_DeskPortraitD_02/meshes/aws_DeskPortraitD_01_collision.DAE
[0.987s] -- Symlinking: /home/moonlab/ros2_ws/install/my_sim_tesi_gazebo/share/my_sim_tesi_gazebo/models/aws_robomaker_residential_DeskPortraitD_02/meshes/aws_DeskPortraitD_01_visual.DAE
[0.993s] -- Symlinking: /home/moonlab/ros2_ws/install/my_sim_tesi_gazebo/share/my_sim_tesi_gazebo/models/aws_robomaker_residential_DeskPortraitD_02/model.config
[0.998s] -- Symlinking: /home/moonlab/ros2_ws/install/my_sim_tesi_gazebo/share/my_sim_tesi_gazebo/models/aws_robomaker_residential_DeskPortraitD_02/model.sdf
[1.004s] -- Symlinking: /home/moonlab/ros2_ws/install/my_sim_tesi_gazebo/share/my_sim_tesi_gazebo/models/aws_robomaker_residential_DeskPortraitD_03/materials/textures/DeskPortraitD_03.jpg
[1.009s] -- Symlinking: /home/moonlab/ros2_ws/install/my_sim_tesi_gazebo/share/my_sim_tesi_gazebo/models/aws_robomaker_residential_DeskPortraitD_03/materials/textures/aws_DeskPortraitD_01.png
[1.014s] -- Symlinking: /home/moonlab/ros2_ws/install/my_sim_tesi_gazebo/share/my_sim_tesi_gazebo/models/aws_robomaker_residential_DeskPortraitD_03/materials/textures/aws_DeskPortraitD_02.png
[1.020s] -- Symlinking: /home/moonlab/ros2_ws/install/my_sim_tesi_gazebo/share/my_sim_tesi_gazebo/models/aws_robomaker_residential_DeskPortraitD_03/meshes/aws_DeskPortraitD_01_collision.DAE
[1.026s] -- Symlinking: /home/moonlab/ros2_ws/install/my_sim_tesi_gazebo/share/my_sim_tesi_gazebo/models/aws_robomaker_residential_DeskPortraitD_03/meshes/aws_DeskPortraitD_01_visual.DAE
[1.031s] -- Symlinking: /home/moonlab/ros2_ws/install/my_sim_tesi_gazebo/share/my_sim_tesi_gazebo/models/aws_robomaker_residential_DeskPortraitD_03/model.config
[1.037s] -- Symlinking: /home/moonlab/ros2_ws/install/my_sim_tesi_gazebo/share/my_sim_tesi_gazebo/models/aws_robomaker_residential_DeskPortraitD_03/model.sdf
[1.042s] -- Symlinking: /home/moonlab/ros2_ws/install/my_sim_tesi_gazebo/share/my_sim_tesi_gazebo/models/aws_robomaker_residential_DeskPortraitD_04/materials/textures/DeskPortraitD_04.jpg
[1.048s] -- Symlinking: /home/moonlab/ros2_ws/install/my_sim_tesi_gazebo/share/my_sim_tesi_gazebo/models/aws_robomaker_residential_DeskPortraitD_04/materials/textures/aws_DeskPortraitD_01.png
[1.053s] -- Symlinking: /home/moonlab/ros2_ws/install/my_sim_tesi_gazebo/share/my_sim_tesi_gazebo/models/aws_robomaker_residential_DeskPortraitD_04/materials/textures/aws_DeskPortraitD_02.png
[1.059s] -- Symlinking: /home/moonlab/ros2_ws/install/my_sim_tesi_gazebo/share/my_sim_tesi_gazebo/models/aws_robomaker_residential_DeskPortraitD_04/meshes/aws_DeskPortraitD_01_collision.DAE
[1.064s] -- Symlinking: /home/moonlab/ros2_ws/install/my_sim_tesi_gazebo/share/my_sim_tesi_gazebo/models/aws_robomaker_residential_DeskPortraitD_04/meshes/aws_DeskPortraitD_01_visual.DAE
[1.069s] -- Symlinking: /home/moonlab/ros2_ws/install/my_sim_tesi_gazebo/share/my_sim_tesi_gazebo/models/aws_robomaker_residential_DeskPortraitD_04/model.config
[1.075s] -- Symlinking: /home/moonlab/ros2_ws/install/my_sim_tesi_gazebo/share/my_sim_tesi_gazebo/models/aws_robomaker_residential_DeskPortraitD_04/model.sdf
[1.080s] -- Symlinking: /home/moonlab/ros2_ws/install/my_sim_tesi_gazebo/share/my_sim_tesi_gazebo/models/aws_robomaker_residential_Door_01/materials/textures/aws_Door_01.png
[1.086s] -- Symlinking: /home/moonlab/ros2_ws/install/my_sim_tesi_gazebo/share/my_sim_tesi_gazebo/models/aws_robomaker_residential_Door_01/meshes/aws_Door_01_collision.DAE
[1.091s] -- Symlinking: /home/moonlab/ros2_ws/install/my_sim_tesi_gazebo/share/my_sim_tesi_gazebo/models/aws_robomaker_residential_Door_01/meshes/aws_Door_01_visual.DAE
[1.097s] -- Symlinking: /home/moonlab/ros2_ws/install/my_sim_tesi_gazebo/share/my_sim_tesi_gazebo/models/aws_robomaker_residential_Door_01/model.config
[1.102s] -- Symlinking: /home/moonlab/ros2_ws/install/my_sim_tesi_gazebo/share/my_sim_tesi_gazebo/models/aws_robomaker_residential_Door_01/model.sdf
[1.107s] -- Symlinking: /home/moonlab/ros2_ws/install/my_sim_tesi_gazebo/share/my_sim_tesi_gazebo/models/aws_robomaker_residential_Dumbbell_01/materials/textures/aws_Dumbbell_01.png
[1.111s] -- Symlinking: /home/moonlab/ros2_ws/install/my_sim_tesi_gazebo/share/my_sim_tesi_gazebo/models/aws_robomaker_residential_Dumbbell_01/meshes/aws_Dumbbell_01_collision.DAE
[1.116s] -- Symlinking: /home/moonlab/ros2_ws/install/my_sim_tesi_gazebo/share/my_sim_tesi_gazebo/models/aws_robomaker_residential_Dumbbell_01/meshes/aws_Dumbbell_01_visual.DAE
[1.121s] -- Symlinking: /home/moonlab/ros2_ws/install/my_sim_tesi_gazebo/share/my_sim_tesi_gazebo/models/aws_robomaker_residential_Dumbbell_01/model.config
[1.127s] -- Symlinking: /home/moonlab/ros2_ws/install/my_sim_tesi_gazebo/share/my_sim_tesi_gazebo/models/aws_robomaker_residential_Dumbbell_01/model.sdf
[1.132s] -- Symlinking: /home/moonlab/ros2_ws/install/my_sim_tesi_gazebo/share/my_sim_tesi_gazebo/models/aws_robomaker_residential_FitnessEquipment_01/materials/textures/aws_FitnessEquipment_01.png
[1.138s] -- Symlinking: /home/moonlab/ros2_ws/install/my_sim_tesi_gazebo/share/my_sim_tesi_gazebo/models/aws_robomaker_residential_FitnessEquipment_01/meshes/aws_FitnessEquipment_01_collision.DAE
[1.143s] -- Symlinking: /home/moonlab/ros2_ws/install/my_sim_tesi_gazebo/share/my_sim_tesi_gazebo/models/aws_robomaker_residential_FitnessEquipment_01/meshes/aws_FitnessEquipment_01_visual.DAE
[1.148s] -- Symlinking: /home/moonlab/ros2_ws/install/my_sim_tesi_gazebo/share/my_sim_tesi_gazebo/models/aws_robomaker_residential_FitnessEquipment_01/model.config
[1.153s] -- Symlinking: /home/moonlab/ros2_ws/install/my_sim_tesi_gazebo/share/my_sim_tesi_gazebo/models/aws_robomaker_residential_FitnessEquipment_01/model.sdf
[1.159s] -- Symlinking: /home/moonlab/ros2_ws/install/my_sim_tesi_gazebo/share/my_sim_tesi_gazebo/models/aws_robomaker_residential_FloorB_01/materials/textures/aws_FloorB_01.png
[1.164s] -- Symlinking: /home/moonlab/ros2_ws/install/my_sim_tesi_gazebo/share/my_sim_tesi_gazebo/models/aws_robomaker_residential_FloorB_01/meshes/aws_FloorB_01_collision.DAE
[1.169s] -- Symlinking: /home/moonlab/ros2_ws/install/my_sim_tesi_gazebo/share/my_sim_tesi_gazebo/models/aws_robomaker_residential_FloorB_01/meshes/aws_FloorB_01_visual.DAE
[1.174s] -- Symlinking: /home/moonlab/ros2_ws/install/my_sim_tesi_gazebo/share/my_sim_tesi_gazebo/models/aws_robomaker_residential_FloorB_01/model.config
[1.179s] -- Symlinking: /home/moonlab/ros2_ws/install/my_sim_tesi_gazebo/share/my_sim_tesi_gazebo/models/aws_robomaker_residential_FloorB_01/model.sdf
[1.184s] -- Symlinking: /home/moonlab/ros2_ws/install/my_sim_tesi_gazebo/share/my_sim_tesi_gazebo/models/aws_robomaker_residential_FoldingDoor_01/materials/textures/aws_FoldingDoor_01.png
[1.189s] -- Symlinking: /home/moonlab/ros2_ws/install/my_sim_tesi_gazebo/share/my_sim_tesi_gazebo/models/aws_robomaker_residential_FoldingDoor_01/meshes/aws_FoldingDoor_01_collision.DAE
[1.194s] -- Symlinking: /home/moonlab/ros2_ws/install/my_sim_tesi_gazebo/share/my_sim_tesi_gazebo/models/aws_robomaker_residential_FoldingDoor_01/meshes/aws_FoldingDoor_01_visual.DAE
[1.200s] -- Symlinking: /home/moonlab/ros2_ws/install/my_sim_tesi_gazebo/share/my_sim_tesi_gazebo/models/aws_robomaker_residential_FoldingDoor_01/model.config
[1.206s] -- Symlinking: /home/moonlab/ros2_ws/install/my_sim_tesi_gazebo/share/my_sim_tesi_gazebo/models/aws_robomaker_residential_FoldingDoor_01/model.sdf
[1.211s] -- Symlinking: /home/moonlab/ros2_ws/install/my_sim_tesi_gazebo/share/my_sim_tesi_gazebo/models/aws_robomaker_residential_FoldingDoor_02/materials/textures/aws_FoldingDoor_02.png
[1.216s] -- Symlinking: /home/moonlab/ros2_ws/install/my_sim_tesi_gazebo/share/my_sim_tesi_gazebo/models/aws_robomaker_residential_FoldingDoor_02/meshes/aws_FoldingDoor_02_collision.DAE
[1.222s] -- Symlinking: /home/moonlab/ros2_ws/install/my_sim_tesi_gazebo/share/my_sim_tesi_gazebo/models/aws_robomaker_residential_FoldingDoor_02/meshes/aws_FoldingDoor_02_visual.DAE
[1.227s] -- Symlinking: /home/moonlab/ros2_ws/install/my_sim_tesi_gazebo/share/my_sim_tesi_gazebo/models/aws_robomaker_residential_FoldingDoor_02/model.config
[1.232s] -- Symlinking: /home/moonlab/ros2_ws/install/my_sim_tesi_gazebo/share/my_sim_tesi_gazebo/models/aws_robomaker_residential_FoldingDoor_02/model.sdf
[1.238s] -- Symlinking: /home/moonlab/ros2_ws/install/my_sim_tesi_gazebo/share/my_sim_tesi_gazebo/models/aws_robomaker_residential_Handle_01/materials/textures/aws_Handle_01.png
[1.244s] -- Symlinking: /home/moonlab/ros2_ws/install/my_sim_tesi_gazebo/share/my_sim_tesi_gazebo/models/aws_robomaker_residential_Handle_01/meshes/aws_Handle_01_collision.DAE
[1.249s] -- Symlinking: /home/moonlab/ros2_ws/install/my_sim_tesi_gazebo/share/my_sim_tesi_gazebo/models/aws_robomaker_residential_Handle_01/meshes/aws_Handle_01_visual.DAE
[1.255s] -- Symlinking: /home/moonlab/ros2_ws/install/my_sim_tesi_gazebo/share/my_sim_tesi_gazebo/models/aws_robomaker_residential_Handle_01/model.config
[1.260s] -- Symlinking: /home/moonlab/ros2_ws/install/my_sim_tesi_gazebo/share/my_sim_tesi_gazebo/models/aws_robomaker_residential_Handle_01/model.sdf
[1.266s] -- Symlinking: /home/moonlab/ros2_ws/install/my_sim_tesi_gazebo/share/my_sim_tesi_gazebo/models/aws_robomaker_residential_HouseWallB_01/materials/textures/aws_HouseWallB_01.png
[1.272s] -- Symlinking: /home/moonlab/ros2_ws/install/my_sim_tesi_gazebo/share/my_sim_tesi_gazebo/models/aws_robomaker_residential_HouseWallB_01/meshes/aws_HouseWallB_01_collision.DAE
[1.277s] -- Symlinking: /home/moonlab/ros2_ws/install/my_sim_tesi_gazebo/share/my_sim_tesi_gazebo/models/aws_robomaker_residential_HouseWallB_01/meshes/aws_HouseWallB_01_visual.DAE
[1.283s] -- Symlinking: /home/moonlab/ros2_ws/install/my_sim_tesi_gazebo/share/my_sim_tesi_gazebo/models/aws_robomaker_residential_HouseWallB_01/model.config
[1.289s] -- Symlinking: /home/moonlab/ros2_ws/install/my_sim_tesi_gazebo/share/my_sim_tesi_gazebo/models/aws_robomaker_residential_HouseWallB_01/model.sdf
[1.294s] -- Symlinking: /home/moonlab/ros2_ws/install/my_sim_tesi_gazebo/share/my_sim_tesi_gazebo/models/aws_robomaker_residential_KitchenCabinet_01/materials/textures/aws_KitchenCabinet_01.png
[1.301s] -- Symlinking: /home/moonlab/ros2_ws/install/my_sim_tesi_gazebo/share/my_sim_tesi_gazebo/models/aws_robomaker_residential_KitchenCabinet_01/meshes/aws_KitchenCabinet_01_collision.DAE
[1.307s] -- Symlinking: /home/moonlab/ros2_ws/install/my_sim_tesi_gazebo/share/my_sim_tesi_gazebo/models/aws_robomaker_residential_KitchenCabinet_01/meshes/aws_KitchenCabinet_01_visual.DAE
[1.312s] -- Symlinking: /home/moonlab/ros2_ws/install/my_sim_tesi_gazebo/share/my_sim_tesi_gazebo/models/aws_robomaker_residential_KitchenCabinet_01/model.config
[1.318s] -- Symlinking: /home/moonlab/ros2_ws/install/my_sim_tesi_gazebo/share/my_sim_tesi_gazebo/models/aws_robomaker_residential_KitchenCabinet_01/model.sdf
[1.324s] -- Symlinking: /home/moonlab/ros2_ws/install/my_sim_tesi_gazebo/share/my_sim_tesi_gazebo/models/aws_robomaker_residential_KitchenTable_01/materials/textures/aws_KitchenTable_01.png
[1.329s] -- Symlinking: /home/moonlab/ros2_ws/install/my_sim_tesi_gazebo/share/my_sim_tesi_gazebo/models/aws_robomaker_residential_KitchenTable_01/meshes/aws_KitchenTable_01_collision.DAE
[1.335s] -- Symlinking: /home/moonlab/ros2_ws/install/my_sim_tesi_gazebo/share/my_sim_tesi_gazebo/models/aws_robomaker_residential_KitchenTable_01/meshes/aws_KitchenTable_01_visual.DAE
[1.340s] -- Symlinking: /home/moonlab/ros2_ws/install/my_sim_tesi_gazebo/share/my_sim_tesi_gazebo/models/aws_robomaker_residential_KitchenTable_01/model.config
[1.347s] -- Symlinking: /home/moonlab/ros2_ws/install/my_sim_tesi_gazebo/share/my_sim_tesi_gazebo/models/aws_robomaker_residential_KitchenTable_01/model.sdf
[1.353s] -- Symlinking: /home/moonlab/ros2_ws/install/my_sim_tesi_gazebo/share/my_sim_tesi_gazebo/models/aws_robomaker_residential_KitchenUtensils_01/materials/textures/aws_KitchenUtensils_01.png
[1.359s] -- Symlinking: /home/moonlab/ros2_ws/install/my_sim_tesi_gazebo/share/my_sim_tesi_gazebo/models/aws_robomaker_residential_KitchenUtensils_01/meshes/aws_KitchenUtensils_01_collision.DAE
[1.364s] -- Symlinking: /home/moonlab/ros2_ws/install/my_sim_tesi_gazebo/share/my_sim_tesi_gazebo/models/aws_robomaker_residential_KitchenUtensils_01/meshes/aws_KitchenUtensils_01_visual.DAE
[1.370s] -- Symlinking: /home/moonlab/ros2_ws/install/my_sim_tesi_gazebo/share/my_sim_tesi_gazebo/models/aws_robomaker_residential_KitchenUtensils_01/model.config
[1.375s] -- Symlinking: /home/moonlab/ros2_ws/install/my_sim_tesi_gazebo/share/my_sim_tesi_gazebo/models/aws_robomaker_residential_KitchenUtensils_01/model.sdf
[1.381s] -- Symlinking: /home/moonlab/ros2_ws/install/my_sim_tesi_gazebo/share/my_sim_tesi_gazebo/models/aws_robomaker_residential_LightC_01/materials/textures/aws_LightC_01.png
[1.387s] -- Symlinking: /home/moonlab/ros2_ws/install/my_sim_tesi_gazebo/share/my_sim_tesi_gazebo/models/aws_robomaker_residential_LightC_01/meshes/aws_LightC_01_collision.DAE
[1.393s] -- Symlinking: /home/moonlab/ros2_ws/install/my_sim_tesi_gazebo/share/my_sim_tesi_gazebo/models/aws_robomaker_residential_LightC_01/meshes/aws_LightC_01_visual.DAE
[1.397s] -- Symlinking: /home/moonlab/ros2_ws/install/my_sim_tesi_gazebo/share/my_sim_tesi_gazebo/models/aws_robomaker_residential_LightC_01/model.config
[1.403s] -- Symlinking: /home/moonlab/ros2_ws/install/my_sim_tesi_gazebo/share/my_sim_tesi_gazebo/models/aws_robomaker_residential_LightC_01/model.sdf
[1.408s] -- Symlinking: /home/moonlab/ros2_ws/install/my_sim_tesi_gazebo/share/my_sim_tesi_gazebo/models/aws_robomaker_residential_NightStand_01/materials/textures/aws_NightStand_01.png
[1.414s] -- Symlinking: /home/moonlab/ros2_ws/install/my_sim_tesi_gazebo/share/my_sim_tesi_gazebo/models/aws_robomaker_residential_NightStand_01/meshes/aws_NightStand_01_collision.DAE
[1.420s] -- Symlinking: /home/moonlab/ros2_ws/install/my_sim_tesi_gazebo/share/my_sim_tesi_gazebo/models/aws_robomaker_residential_NightStand_01/meshes/aws_NightStand_01_visual.DAE
[1.425s] -- Symlinking: /home/moonlab/ros2_ws/install/my_sim_tesi_gazebo/share/my_sim_tesi_gazebo/models/aws_robomaker_residential_NightStand_01/model.config
[1.431s] -- Symlinking: /home/moonlab/ros2_ws/install/my_sim_tesi_gazebo/share/my_sim_tesi_gazebo/models/aws_robomaker_residential_NightStand_01/model.sdf
[1.436s] -- Symlinking: /home/moonlab/ros2_ws/install/my_sim_tesi_gazebo/share/my_sim_tesi_gazebo/models/aws_robomaker_residential_Pillow_01/materials/textures/aws_Pillow_01.png
[1.442s] -- Symlinking: /home/moonlab/ros2_ws/install/my_sim_tesi_gazebo/share/my_sim_tesi_gazebo/models/aws_robomaker_residential_Pillow_01/meshes/aws_Pillow_01_collision.DAE
[1.447s] -- Symlinking: /home/moonlab/ros2_ws/install/my_sim_tesi_gazebo/share/my_sim_tesi_gazebo/models/aws_robomaker_residential_Pillow_01/meshes/aws_Pillow_01_visual.DAE
[1.452s] -- Symlinking: /home/moonlab/ros2_ws/install/my_sim_tesi_gazebo/share/my_sim_tesi_gazebo/models/aws_robomaker_residential_Pillow_01/model.config
[1.457s] -- Symlinking: /home/moonlab/ros2_ws/install/my_sim_tesi_gazebo/share/my_sim_tesi_gazebo/models/aws_robomaker_residential_Pillow_01/model.sdf
[1.464s] -- Symlinking: /home/moonlab/ros2_ws/install/my_sim_tesi_gazebo/share/my_sim_tesi_gazebo/models/aws_robomaker_residential_PortraitA_01/materials/textures/PortraitA_01.jpg
[1.469s] -- Symlinking: /home/moonlab/ros2_ws/install/my_sim_tesi_gazebo/share/my_sim_tesi_gazebo/models/aws_robomaker_residential_PortraitA_01/materials/textures/aws_PortraitA_01.png
[1.475s] -- Symlinking: /home/moonlab/ros2_ws/install/my_sim_tesi_gazebo/share/my_sim_tesi_gazebo/models/aws_robomaker_residential_PortraitA_01/materials/textures/aws_PortraitA_02.png
[1.480s] -- Symlinking: /home/moonlab/ros2_ws/install/my_sim_tesi_gazebo/share/my_sim_tesi_gazebo/models/aws_robomaker_residential_PortraitA_01/meshes/aws_PortraitA_01_collision.DAE
[1.485s] -- Symlinking: /home/moonlab/ros2_ws/install/my_sim_tesi_gazebo/share/my_sim_tesi_gazebo/models/aws_robomaker_residential_PortraitA_01/meshes/aws_PortraitA_01_visual.DAE
[1.491s] -- Symlinking: /home/moonlab/ros2_ws/install/my_sim_tesi_gazebo/share/my_sim_tesi_gazebo/models/aws_robomaker_residential_PortraitA_01/model.config
[1.497s] -- Symlinking: /home/moonlab/ros2_ws/install/my_sim_tesi_gazebo/share/my_sim_tesi_gazebo/models/aws_robomaker_residential_PortraitA_01/model.sdf
[1.502s] -- Symlinking: /home/moonlab/ros2_ws/install/my_sim_tesi_gazebo/share/my_sim_tesi_gazebo/models/aws_robomaker_residential_PortraitA_02/materials/textures/PortraitA_02.jpg
[1.508s] -- Symlinking: /home/moonlab/ros2_ws/install/my_sim_tesi_gazebo/share/my_sim_tesi_gazebo/models/aws_robomaker_residential_PortraitA_02/materials/textures/aws_PortraitA_01.png
[1.513s] -- Symlinking: /home/moonlab/ros2_ws/install/my_sim_tesi_gazebo/share/my_sim_tesi_gazebo/models/aws_robomaker_residential_PortraitA_02/materials/textures/aws_PortraitA_02.png
[1.519s] -- Symlinking: /home/moonlab/ros2_ws/install/my_sim_tesi_gazebo/share/my_sim_tesi_gazebo/models/aws_robomaker_residential_PortraitA_02/meshes/aws_PortraitA_01_collision.DAE
[1.525s] -- Symlinking: /home/moonlab/ros2_ws/install/my_sim_tesi_gazebo/share/my_sim_tesi_gazebo/models/aws_robomaker_residential_PortraitA_02/meshes/aws_PortraitA_01_visual.DAE
[1.531s] -- Symlinking: /home/moonlab/ros2_ws/install/my_sim_tesi_gazebo/share/my_sim_tesi_gazebo/models/aws_robomaker_residential_PortraitA_02/model.config
[1.536s] -- Symlinking: /home/moonlab/ros2_ws/install/my_sim_tesi_gazebo/share/my_sim_tesi_gazebo/models/aws_robomaker_residential_PortraitA_02/model.sdf
[1.541s] -- Symlinking: /home/moonlab/ros2_ws/install/my_sim_tesi_gazebo/share/my_sim_tesi_gazebo/models/aws_robomaker_residential_PortraitB_01/materials/textures/PortraitB_01.jpg
[1.547s] -- Symlinking: /home/moonlab/ros2_ws/install/my_sim_tesi_gazebo/share/my_sim_tesi_gazebo/models/aws_robomaker_residential_PortraitB_01/materials/textures/aws_PortraitB_01.png
[1.552s] -- Symlinking: /home/moonlab/ros2_ws/install/my_sim_tesi_gazebo/share/my_sim_tesi_gazebo/models/aws_robomaker_residential_PortraitB_01/materials/textures/aws_PortraitB_02.png
[1.558s] -- Symlinking: /home/moonlab/ros2_ws/install/my_sim_tesi_gazebo/share/my_sim_tesi_gazebo/models/aws_robomaker_residential_PortraitB_01/meshes/aws_PortraitB_01_collision.DAE
[1.564s] -- Symlinking: /home/moonlab/ros2_ws/install/my_sim_tesi_gazebo/share/my_sim_tesi_gazebo/models/aws_robomaker_residential_PortraitB_01/meshes/aws_PortraitB_01_visual.DAE
[1.569s] -- Symlinking: /home/moonlab/ros2_ws/install/my_sim_tesi_gazebo/share/my_sim_tesi_gazebo/models/aws_robomaker_residential_PortraitB_01/model.config
[1.575s] -- Symlinking: /home/moonlab/ros2_ws/install/my_sim_tesi_gazebo/share/my_sim_tesi_gazebo/models/aws_robomaker_residential_PortraitB_01/model.sdf
[1.581s] -- Symlinking: /home/moonlab/ros2_ws/install/my_sim_tesi_gazebo/share/my_sim_tesi_gazebo/models/aws_robomaker_residential_PortraitB_02/materials/textures/PortraitB_02.jpg
[1.587s] -- Symlinking: /home/moonlab/ros2_ws/install/my_sim_tesi_gazebo/share/my_sim_tesi_gazebo/models/aws_robomaker_residential_PortraitB_02/materials/textures/aws_PortraitB_01.png
[1.592s] -- Symlinking: /home/moonlab/ros2_ws/install/my_sim_tesi_gazebo/share/my_sim_tesi_gazebo/models/aws_robomaker_residential_PortraitB_02/materials/textures/aws_PortraitB_02.png
[1.597s] -- Symlinking: /home/moonlab/ros2_ws/install/my_sim_tesi_gazebo/share/my_sim_tesi_gazebo/models/aws_robomaker_residential_PortraitB_02/meshes/aws_PortraitB_01_collision.DAE
[1.603s] -- Symlinking: /home/moonlab/ros2_ws/install/my_sim_tesi_gazebo/share/my_sim_tesi_gazebo/models/aws_robomaker_residential_PortraitB_02/meshes/aws_PortraitB_01_visual.DAE
[1.608s] -- Symlinking: /home/moonlab/ros2_ws/install/my_sim_tesi_gazebo/share/my_sim_tesi_gazebo/models/aws_robomaker_residential_PortraitB_02/model.config
[1.613s] -- Symlinking: /home/moonlab/ros2_ws/install/my_sim_tesi_gazebo/share/my_sim_tesi_gazebo/models/aws_robomaker_residential_PortraitB_02/model.sdf
[1.619s] -- Symlinking: /home/moonlab/ros2_ws/install/my_sim_tesi_gazebo/share/my_sim_tesi_gazebo/models/aws_robomaker_residential_PortraitB_03/materials/textures/PortraitB_03.jpg
[1.625s] -- Symlinking: /home/moonlab/ros2_ws/install/my_sim_tesi_gazebo/share/my_sim_tesi_gazebo/models/aws_robomaker_residential_PortraitB_03/materials/textures/aws_PortraitB_01.png
[1.630s] -- Symlinking: /home/moonlab/ros2_ws/install/my_sim_tesi_gazebo/share/my_sim_tesi_gazebo/models/aws_robomaker_residential_PortraitB_03/materials/textures/aws_PortraitB_02.png
[1.636s] -- Symlinking: /home/moonlab/ros2_ws/install/my_sim_tesi_gazebo/share/my_sim_tesi_gazebo/models/aws_robomaker_residential_PortraitB_03/meshes/aws_PortraitB_01_collision.DAE
[1.642s] -- Symlinking: /home/moonlab/ros2_ws/install/my_sim_tesi_gazebo/share/my_sim_tesi_gazebo/models/aws_robomaker_residential_PortraitB_03/meshes/aws_PortraitB_01_visual.DAE
[1.647s] -- Symlinking: /home/moonlab/ros2_ws/install/my_sim_tesi_gazebo/share/my_sim_tesi_gazebo/models/aws_robomaker_residential_PortraitB_03/model.config
[1.653s] -- Symlinking: /home/moonlab/ros2_ws/install/my_sim_tesi_gazebo/share/my_sim_tesi_gazebo/models/aws_robomaker_residential_PortraitB_03/model.sdf
[1.659s] -- Symlinking: /home/moonlab/ros2_ws/install/my_sim_tesi_gazebo/share/my_sim_tesi_gazebo/models/aws_robomaker_residential_PortraitC_01/materials/textures/PortraitC_01.jpg
[1.664s] -- Symlinking: /home/moonlab/ros2_ws/install/my_sim_tesi_gazebo/share/my_sim_tesi_gazebo/models/aws_robomaker_residential_PortraitC_01/materials/textures/aws_PortraitC_01.png
[1.670s] -- Symlinking: /home/moonlab/ros2_ws/install/my_sim_tesi_gazebo/share/my_sim_tesi_gazebo/models/aws_robomaker_residential_PortraitC_01/materials/textures/aws_PortraitC_02.png
[1.675s] -- Symlinking: /home/moonlab/ros2_ws/install/my_sim_tesi_gazebo/share/my_sim_tesi_gazebo/models/aws_robomaker_residential_PortraitC_01/meshes/aws_PortraitC_01_collision.DAE
[1.681s] -- Symlinking: /home/moonlab/ros2_ws/install/my_sim_tesi_gazebo/share/my_sim_tesi_gazebo/models/aws_robomaker_residential_PortraitC_01/meshes/aws_PortraitC_01_visual.DAE
[1.686s] -- Symlinking: /home/moonlab/ros2_ws/install/my_sim_tesi_gazebo/share/my_sim_tesi_gazebo/models/aws_robomaker_residential_PortraitC_01/model.config
[1.691s] -- Symlinking: /home/moonlab/ros2_ws/install/my_sim_tesi_gazebo/share/my_sim_tesi_gazebo/models/aws_robomaker_residential_PortraitC_01/model.sdf
[1.697s] -- Symlinking: /home/moonlab/ros2_ws/install/my_sim_tesi_gazebo/share/my_sim_tesi_gazebo/models/aws_robomaker_residential_PortraitD_01/materials/textures/PortraitD_01.jpg
[1.702s] -- Symlinking: /home/moonlab/ros2_ws/install/my_sim_tesi_gazebo/share/my_sim_tesi_gazebo/models/aws_robomaker_residential_PortraitD_01/materials/textures/aws_PortraitD_01.png
[1.707s] -- Symlinking: /home/moonlab/ros2_ws/install/my_sim_tesi_gazebo/share/my_sim_tesi_gazebo/models/aws_robomaker_residential_PortraitD_01/materials/textures/aws_PortraitD_02.png
[1.713s] -- Symlinking: /home/moonlab/ros2_ws/install/my_sim_tesi_gazebo/share/my_sim_tesi_gazebo/models/aws_robomaker_residential_PortraitD_01/meshes/aws_PortraitD_01_collision.DAE
[1.718s] -- Symlinking: /home/moonlab/ros2_ws/install/my_sim_tesi_gazebo/share/my_sim_tesi_gazebo/models/aws_robomaker_residential_PortraitD_01/meshes/aws_PortraitD_01_visual.DAE
[1.724s] -- Symlinking: /home/moonlab/ros2_ws/install/my_sim_tesi_gazebo/share/my_sim_tesi_gazebo/models/aws_robomaker_residential_PortraitD_01/model.config
[1.729s] -- Symlinking: /home/moonlab/ros2_ws/install/my_sim_tesi_gazebo/share/my_sim_tesi_gazebo/models/aws_robomaker_residential_PortraitD_01/model.sdf
[1.735s] -- Symlinking: /home/moonlab/ros2_ws/install/my_sim_tesi_gazebo/share/my_sim_tesi_gazebo/models/aws_robomaker_residential_PortraitD_02/materials/textures/PortraitD_02.jpg
[1.741s] -- Symlinking: /home/moonlab/ros2_ws/install/my_sim_tesi_gazebo/share/my_sim_tesi_gazebo/models/aws_robomaker_residential_PortraitD_02/materials/textures/aws_PortraitD_01.png
[1.746s] -- Symlinking: /home/moonlab/ros2_ws/install/my_sim_tesi_gazebo/share/my_sim_tesi_gazebo/models/aws_robomaker_residential_PortraitD_02/materials/textures/aws_PortraitD_02.png
[1.752s] -- Symlinking: /home/moonlab/ros2_ws/install/my_sim_tesi_gazebo/share/my_sim_tesi_gazebo/models/aws_robomaker_residential_PortraitD_02/meshes/aws_PortraitD_01_collision.DAE
[1.758s] -- Symlinking: /home/moonlab/ros2_ws/install/my_sim_tesi_gazebo/share/my_sim_tesi_gazebo/models/aws_robomaker_residential_PortraitD_02/meshes/aws_PortraitD_01_visual.DAE
[1.763s] -- Symlinking: /home/moonlab/ros2_ws/install/my_sim_tesi_gazebo/share/my_sim_tesi_gazebo/models/aws_robomaker_residential_PortraitD_02/model.config
[1.768s] -- Symlinking: /home/moonlab/ros2_ws/install/my_sim_tesi_gazebo/share/my_sim_tesi_gazebo/models/aws_robomaker_residential_PortraitD_02/model.sdf
[1.773s] -- Symlinking: /home/moonlab/ros2_ws/install/my_sim_tesi_gazebo/share/my_sim_tesi_gazebo/models/aws_robomaker_residential_PortraitE_01/materials/textures/PortraitE_01.jpg
[1.779s] -- Symlinking: /home/moonlab/ros2_ws/install/my_sim_tesi_gazebo/share/my_sim_tesi_gazebo/models/aws_robomaker_residential_PortraitE_01/materials/textures/aws_PortraitE_01.png
[1.784s] -- Symlinking: /home/moonlab/ros2_ws/install/my_sim_tesi_gazebo/share/my_sim_tesi_gazebo/models/aws_robomaker_residential_PortraitE_01/materials/textures/aws_PortraitE_02.png
[1.789s] -- Symlinking: /home/moonlab/ros2_ws/install/my_sim_tesi_gazebo/share/my_sim_tesi_gazebo/models/aws_robomaker_residential_PortraitE_01/meshes/aws_PortraitE_01_collision.DAE
[1.795s] -- Symlinking: /home/moonlab/ros2_ws/install/my_sim_tesi_gazebo/share/my_sim_tesi_gazebo/models/aws_robomaker_residential_PortraitE_01/meshes/aws_PortraitE_01_visual.DAE
[1.800s] -- Symlinking: /home/moonlab/ros2_ws/install/my_sim_tesi_gazebo/share/my_sim_tesi_gazebo/models/aws_robomaker_residential_PortraitE_01/model.config
[1.805s] -- Symlinking: /home/moonlab/ros2_ws/install/my_sim_tesi_gazebo/share/my_sim_tesi_gazebo/models/aws_robomaker_residential_PortraitE_01/model.sdf
[1.811s] -- Symlinking: /home/moonlab/ros2_ws/install/my_sim_tesi_gazebo/share/my_sim_tesi_gazebo/models/aws_robomaker_residential_PortraitE_02/materials/textures/PortraitE_02.jpg
[1.816s] -- Symlinking: /home/moonlab/ros2_ws/install/my_sim_tesi_gazebo/share/my_sim_tesi_gazebo/models/aws_robomaker_residential_PortraitE_02/materials/textures/aws_PortraitE_01.png
[1.821s] -- Symlinking: /home/moonlab/ros2_ws/install/my_sim_tesi_gazebo/share/my_sim_tesi_gazebo/models/aws_robomaker_residential_PortraitE_02/materials/textures/aws_PortraitE_02.png
[1.826s] -- Symlinking: /home/moonlab/ros2_ws/install/my_sim_tesi_gazebo/share/my_sim_tesi_gazebo/models/aws_robomaker_residential_PortraitE_02/meshes/aws_PortraitE_01_collision.DAE
[1.832s] -- Symlinking: /home/moonlab/ros2_ws/install/my_sim_tesi_gazebo/share/my_sim_tesi_gazebo/models/aws_robomaker_residential_PortraitE_02/meshes/aws_PortraitE_01_visual.DAE
[1.837s] -- Symlinking: /home/moonlab/ros2_ws/install/my_sim_tesi_gazebo/share/my_sim_tesi_gazebo/models/aws_robomaker_residential_PortraitE_02/model.config
[1.843s] -- Symlinking: /home/moonlab/ros2_ws/install/my_sim_tesi_gazebo/share/my_sim_tesi_gazebo/models/aws_robomaker_residential_PortraitE_02/model.sdf
[1.849s] -- Symlinking: /home/moonlab/ros2_ws/install/my_sim_tesi_gazebo/share/my_sim_tesi_gazebo/models/aws_robomaker_residential_Quilt_01/materials/textures/aws_Quilt_01.png
[1.854s] -- Symlinking: /home/moonlab/ros2_ws/install/my_sim_tesi_gazebo/share/my_sim_tesi_gazebo/models/aws_robomaker_residential_Quilt_01/meshes/aws_Quilt_01_collision.DAE
[1.859s] -- Symlinking: /home/moonlab/ros2_ws/install/my_sim_tesi_gazebo/share/my_sim_tesi_gazebo/models/aws_robomaker_residential_Quilt_01/meshes/aws_Quilt_01_visual.DAE
[1.864s] -- Symlinking: /home/moonlab/ros2_ws/install/my_sim_tesi_gazebo/share/my_sim_tesi_gazebo/models/aws_robomaker_residential_Quilt_01/model.config
[1.870s] -- Symlinking: /home/moonlab/ros2_ws/install/my_sim_tesi_gazebo/share/my_sim_tesi_gazebo/models/aws_robomaker_residential_Quilt_01/model.sdf
[1.876s] -- Symlinking: /home/moonlab/ros2_ws/install/my_sim_tesi_gazebo/share/my_sim_tesi_gazebo/models/aws_robomaker_residential_Rangehood_01/materials/textures/aws_Rangehood_01.png
[1.881s] -- Symlinking: /home/moonlab/ros2_ws/install/my_sim_tesi_gazebo/share/my_sim_tesi_gazebo/models/aws_robomaker_residential_Rangehood_01/meshes/aws_Rangehood_01_collision.DAE
[1.887s] -- Symlinking: /home/moonlab/ros2_ws/install/my_sim_tesi_gazebo/share/my_sim_tesi_gazebo/models/aws_robomaker_residential_Rangehood_01/meshes/aws_Rangehood_01_visual.DAE
[1.893s] -- Symlinking: /home/moonlab/ros2_ws/install/my_sim_tesi_gazebo/share/my_sim_tesi_gazebo/models/aws_robomaker_residential_Rangehood_01/model.config
[1.898s] -- Symlinking: /home/moonlab/ros2_ws/install/my_sim_tesi_gazebo/share/my_sim_tesi_gazebo/models/aws_robomaker_residential_Rangehood_01/model.sdf
[1.903s] -- Symlinking: /home/moonlab/ros2_ws/install/my_sim_tesi_gazebo/share/my_sim_tesi_gazebo/models/aws_robomaker_residential_ReadingDesk_01/materials/textures/aws_ReadingDesk_01.png
[1.909s] -- Symlinking: /home/moonlab/ros2_ws/install/my_sim_tesi_gazebo/share/my_sim_tesi_gazebo/models/aws_robomaker_residential_ReadingDesk_01/meshes/aws_ReadingDesk_01_collision.DAE
[1.914s] -- Symlinking: /home/moonlab/ros2_ws/install/my_sim_tesi_gazebo/share/my_sim_tesi_gazebo/models/aws_robomaker_residential_ReadingDesk_01/meshes/aws_ReadingDesk_01_visual.DAE
[1.920s] -- Symlinking: /home/moonlab/ros2_ws/install/my_sim_tesi_gazebo/share/my_sim_tesi_gazebo/models/aws_robomaker_residential_ReadingDesk_01/model.config
[1.925s] -- Symlinking: /home/moonlab/ros2_ws/install/my_sim_tesi_gazebo/share/my_sim_tesi_gazebo/models/aws_robomaker_residential_ReadingDesk_01/model.sdf
[1.931s] -- Symlinking: /home/moonlab/ros2_ws/install/my_sim_tesi_gazebo/share/my_sim_tesi_gazebo/models/aws_robomaker_residential_Refrigerator_01/materials/textures/aws_Refrigerator_01.png
[1.936s] -- Symlinking: /home/moonlab/ros2_ws/install/my_sim_tesi_gazebo/share/my_sim_tesi_gazebo/models/aws_robomaker_residential_Refrigerator_01/materials/textures/aws_Refrigerator_02.png
[1.942s] -- Symlinking: /home/moonlab/ros2_ws/install/my_sim_tesi_gazebo/share/my_sim_tesi_gazebo/models/aws_robomaker_residential_Refrigerator_01/meshes/aws_Refrigerator_01.DAE
[1.947s] -- Symlinking: /home/moonlab/ros2_ws/install/my_sim_tesi_gazebo/share/my_sim_tesi_gazebo/models/aws_robomaker_residential_Refrigerator_01/meshes/aws_Refrigerator_01_collision.DAE
[1.952s] -- Symlinking: /home/moonlab/ros2_ws/install/my_sim_tesi_gazebo/share/my_sim_tesi_gazebo/models/aws_robomaker_residential_Refrigerator_01/meshes/aws_Refrigerator_01_visual.DAE
[1.957s] -- Symlinking: /home/moonlab/ros2_ws/install/my_sim_tesi_gazebo/share/my_sim_tesi_gazebo/models/aws_robomaker_residential_Refrigerator_01/model.config
[1.962s] -- Symlinking: /home/moonlab/ros2_ws/install/my_sim_tesi_gazebo/share/my_sim_tesi_gazebo/models/aws_robomaker_residential_Refrigerator_01/model.sdf
[1.967s] -- Symlinking: /home/moonlab/ros2_ws/install/my_sim_tesi_gazebo/share/my_sim_tesi_gazebo/models/aws_robomaker_residential_RoomCeiling_01/materials/textures/aws_RoomCeiling_01.png
[1.973s] -- Symlinking: /home/moonlab/ros2_ws/install/my_sim_tesi_gazebo/share/my_sim_tesi_gazebo/models/aws_robomaker_residential_RoomCeiling_01/meshes/aws_RoomCeiling_01_collision.DAE
[1.978s] -- Symlinking: /home/moonlab/ros2_ws/install/my_sim_tesi_gazebo/share/my_sim_tesi_gazebo/models/aws_robomaker_residential_RoomCeiling_01/meshes/aws_RoomCeiling_01_visual.DAE
[1.984s] -- Symlinking: /home/moonlab/ros2_ws/install/my_sim_tesi_gazebo/share/my_sim_tesi_gazebo/models/aws_robomaker_residential_RoomCeiling_01/model.config
[1.989s] -- Symlinking: /home/moonlab/ros2_ws/install/my_sim_tesi_gazebo/share/my_sim_tesi_gazebo/models/aws_robomaker_residential_RoomCeiling_01/model.sdf
[1.994s] -- Symlinking: /home/moonlab/ros2_ws/install/my_sim_tesi_gazebo/share/my_sim_tesi_gazebo/models/aws_robomaker_residential_RoomWall_01/materials/textures/aws_RoomWall_01.png
[2.000s] -- Symlinking: /home/moonlab/ros2_ws/install/my_sim_tesi_gazebo/share/my_sim_tesi_gazebo/models/aws_robomaker_residential_RoomWall_01/meshes/aws_RoomWall_01_collision.DAE
[2.005s] -- Symlinking: /home/moonlab/ros2_ws/install/my_sim_tesi_gazebo/share/my_sim_tesi_gazebo/models/aws_robomaker_residential_RoomWall_01/meshes/aws_RoomWall_01_visual.DAE
[2.011s] -- Symlinking: /home/moonlab/ros2_ws/install/my_sim_tesi_gazebo/share/my_sim_tesi_gazebo/models/aws_robomaker_residential_RoomWall_01/model.config
[2.016s] -- Symlinking: /home/moonlab/ros2_ws/install/my_sim_tesi_gazebo/share/my_sim_tesi_gazebo/models/aws_robomaker_residential_RoomWall_01/model.sdf
[2.022s] -- Symlinking: /home/moonlab/ros2_ws/install/my_sim_tesi_gazebo/share/my_sim_tesi_gazebo/models/aws_robomaker_residential_RoomWindow_01/materials/textures/aws_RoomWindow_01.png
[2.028s] -- Symlinking: /home/moonlab/ros2_ws/install/my_sim_tesi_gazebo/share/my_sim_tesi_gazebo/models/aws_robomaker_residential_RoomWindow_01/meshes/aws_RoomWindow_01_collision.DAE
[2.033s] -- Symlinking: /home/moonlab/ros2_ws/install/my_sim_tesi_gazebo/share/my_sim_tesi_gazebo/models/aws_robomaker_residential_RoomWindow_01/meshes/aws_RoomWindow_01_visual.DAE
[2.039s] -- Symlinking: /home/moonlab/ros2_ws/install/my_sim_tesi_gazebo/share/my_sim_tesi_gazebo/models/aws_robomaker_residential_RoomWindow_01/model.config
[2.044s] -- Symlinking: /home/moonlab/ros2_ws/install/my_sim_tesi_gazebo/share/my_sim_tesi_gazebo/models/aws_robomaker_residential_RoomWindow_01/model.sdf
[2.049s] -- Symlinking: /home/moonlab/ros2_ws/install/my_sim_tesi_gazebo/share/my_sim_tesi_gazebo/models/aws_robomaker_residential_SeasoningBox_01/materials/textures/aws_SeasoningBox_01.png
[2.054s] -- Symlinking: /home/moonlab/ros2_ws/install/my_sim_tesi_gazebo/share/my_sim_tesi_gazebo/models/aws_robomaker_residential_SeasoningBox_01/meshes/aws_SeasoningBox_01_collision.DAE
[2.058s] -- Symlinking: /home/moonlab/ros2_ws/install/my_sim_tesi_gazebo/share/my_sim_tesi_gazebo/models/aws_robomaker_residential_SeasoningBox_01/meshes/aws_SeasoningBox_01_visual.DAE
[2.064s] -- Symlinking: /home/moonlab/ros2_ws/install/my_sim_tesi_gazebo/share/my_sim_tesi_gazebo/models/aws_robomaker_residential_SeasoningBox_01/model.config
[2.069s] -- Symlinking: /home/moonlab/ros2_ws/install/my_sim_tesi_gazebo/share/my_sim_tesi_gazebo/models/aws_robomaker_residential_SeasoningBox_01/model.sdf
[2.075s] -- Symlinking: /home/moonlab/ros2_ws/install/my_sim_tesi_gazebo/share/my_sim_tesi_gazebo/models/aws_robomaker_residential_SecurityCamera_01/materials/textures/aws_SecurityCamera_01.png
[2.080s] -- Symlinking: /home/moonlab/ros2_ws/install/my_sim_tesi_gazebo/share/my_sim_tesi_gazebo/models/aws_robomaker_residential_SecurityCamera_01/meshes/aws_SecurityCamera_01_collision.DAE
[2.085s] -- Symlinking: /home/moonlab/ros2_ws/install/my_sim_tesi_gazebo/share/my_sim_tesi_gazebo/models/aws_robomaker_residential_SecurityCamera_01/meshes/aws_SecurityCamera_01_visual.DAE
[2.090s] -- Symlinking: /home/moonlab/ros2_ws/install/my_sim_tesi_gazebo/share/my_sim_tesi_gazebo/models/aws_robomaker_residential_SecurityCamera_01/model.config
[2.095s] -- Symlinking: /home/moonlab/ros2_ws/install/my_sim_tesi_gazebo/share/my_sim_tesi_gazebo/models/aws_robomaker_residential_SecurityCamera_01/model.sdf
[2.101s] -- Symlinking: /home/moonlab/ros2_ws/install/my_sim_tesi_gazebo/share/my_sim_tesi_gazebo/models/aws_robomaker_residential_ShoeRack_01/materials/textures/aws_ShoeRack_01.png
[2.106s] -- Symlinking: /home/moonlab/ros2_ws/install/my_sim_tesi_gazebo/share/my_sim_tesi_gazebo/models/aws_robomaker_residential_ShoeRack_01/meshes/aws_ShoeRack_01_collision.DAE
[2.111s] -- Symlinking: /home/moonlab/ros2_ws/install/my_sim_tesi_gazebo/share/my_sim_tesi_gazebo/models/aws_robomaker_residential_ShoeRack_01/meshes/aws_ShoeRack_01_visual.DAE
[2.116s] -- Symlinking: /home/moonlab/ros2_ws/install/my_sim_tesi_gazebo/share/my_sim_tesi_gazebo/models/aws_robomaker_residential_ShoeRack_01/model.config
[2.121s] -- Symlinking: /home/moonlab/ros2_ws/install/my_sim_tesi_gazebo/share/my_sim_tesi_gazebo/models/aws_robomaker_residential_ShoeRack_01/model.sdf
[2.127s] -- Symlinking: /home/moonlab/ros2_ws/install/my_sim_tesi_gazebo/share/my_sim_tesi_gazebo/models/aws_robomaker_residential_SofaB_01/materials/textures/aws_SofaB_01.png
[2.132s] -- Symlinking: /home/moonlab/ros2_ws/install/my_sim_tesi_gazebo/share/my_sim_tesi_gazebo/models/aws_robomaker_residential_SofaB_01/meshes/aws_SofaB_01_collision.DAE
[2.138s] -- Symlinking: /home/moonlab/ros2_ws/install/my_sim_tesi_gazebo/share/my_sim_tesi_gazebo/models/aws_robomaker_residential_SofaB_01/meshes/aws_SofaB_01_visual.DAE
[2.143s] -- Symlinking: /home/moonlab/ros2_ws/install/my_sim_tesi_gazebo/share/my_sim_tesi_gazebo/models/aws_robomaker_residential_SofaB_01/model.config
[2.149s] -- Symlinking: /home/moonlab/ros2_ws/install/my_sim_tesi_gazebo/share/my_sim_tesi_gazebo/models/aws_robomaker_residential_SofaB_01/model.sdf
[2.154s] -- Symlinking: /home/moonlab/ros2_ws/install/my_sim_tesi_gazebo/share/my_sim_tesi_gazebo/models/aws_robomaker_residential_SofaC_01/materials/textures/aws_SofaC_01.png
[2.160s] -- Symlinking: /home/moonlab/ros2_ws/install/my_sim_tesi_gazebo/share/my_sim_tesi_gazebo/models/aws_robomaker_residential_SofaC_01/meshes/aws_SofaC_01_collision.DAE
[2.165s] -- Symlinking: /home/moonlab/ros2_ws/install/my_sim_tesi_gazebo/share/my_sim_tesi_gazebo/models/aws_robomaker_residential_SofaC_01/meshes/aws_SofaC_01_visual.DAE
[2.171s] -- Symlinking: /home/moonlab/ros2_ws/install/my_sim_tesi_gazebo/share/my_sim_tesi_gazebo/models/aws_robomaker_residential_SofaC_01/model.config
[2.176s] -- Symlinking: /home/moonlab/ros2_ws/install/my_sim_tesi_gazebo/share/my_sim_tesi_gazebo/models/aws_robomaker_residential_SofaC_01/model.sdf
[2.181s] -- Symlinking: /home/moonlab/ros2_ws/install/my_sim_tesi_gazebo/share/my_sim_tesi_gazebo/models/aws_robomaker_residential_Sofa_01/materials/textures/aws_Sofa_01.png
[2.187s] -- Symlinking: /home/moonlab/ros2_ws/install/my_sim_tesi_gazebo/share/my_sim_tesi_gazebo/models/aws_robomaker_residential_Sofa_01/meshes/aws_Sofa_01.DAE
[2.192s] -- Symlinking: /home/moonlab/ros2_ws/install/my_sim_tesi_gazebo/share/my_sim_tesi_gazebo/models/aws_robomaker_residential_Sofa_01/meshes/aws_Sofa_01_collision.DAE
[2.197s] -- Symlinking: /home/moonlab/ros2_ws/install/my_sim_tesi_gazebo/share/my_sim_tesi_gazebo/models/aws_robomaker_residential_Sofa_01/meshes/aws_Sofa_01_visual.DAE
[2.203s] -- Symlinking: /home/moonlab/ros2_ws/install/my_sim_tesi_gazebo/share/my_sim_tesi_gazebo/models/aws_robomaker_residential_Sofa_01/model.config
[2.209s] -- Symlinking: /home/moonlab/ros2_ws/install/my_sim_tesi_gazebo/share/my_sim_tesi_gazebo/models/aws_robomaker_residential_Sofa_01/model.sdf
[2.214s] -- Symlinking: /home/moonlab/ros2_ws/install/my_sim_tesi_gazebo/share/my_sim_tesi_gazebo/models/aws_robomaker_residential_TVCabinet_01/materials/textures/aws_TVCabinet_01.png
[2.219s] -- Symlinking: /home/moonlab/ros2_ws/install/my_sim_tesi_gazebo/share/my_sim_tesi_gazebo/models/aws_robomaker_residential_TVCabinet_01/meshes/aws_TVCabinet_01_collision.DAE
[2.225s] -- Symlinking: /home/moonlab/ros2_ws/install/my_sim_tesi_gazebo/share/my_sim_tesi_gazebo/models/aws_robomaker_residential_TVCabinet_01/meshes/aws_TVCabinet_01_visual.DAE
[2.230s] -- Symlinking: /home/moonlab/ros2_ws/install/my_sim_tesi_gazebo/share/my_sim_tesi_gazebo/models/aws_robomaker_residential_TVCabinet_01/model.config
[2.235s] -- Symlinking: /home/moonlab/ros2_ws/install/my_sim_tesi_gazebo/share/my_sim_tesi_gazebo/models/aws_robomaker_residential_TVCabinet_01/model.sdf
[2.241s] -- Symlinking: /home/moonlab/ros2_ws/install/my_sim_tesi_gazebo/share/my_sim_tesi_gazebo/models/aws_robomaker_residential_TV_01/materials/textures/aws_TV_01.png
[2.246s] -- Symlinking: /home/moonlab/ros2_ws/install/my_sim_tesi_gazebo/share/my_sim_tesi_gazebo/models/aws_robomaker_residential_TV_01/meshes/aws_TV_01_collision.DAE
[2.251s] -- Symlinking: /home/moonlab/ros2_ws/install/my_sim_tesi_gazebo/share/my_sim_tesi_gazebo/models/aws_robomaker_residential_TV_01/meshes/aws_TV_01_visual.DAE
[2.257s] -- Symlinking: /home/moonlab/ros2_ws/install/my_sim_tesi_gazebo/share/my_sim_tesi_gazebo/models/aws_robomaker_residential_TV_01/model.config
[2.262s] -- Symlinking: /home/moonlab/ros2_ws/install/my_sim_tesi_gazebo/share/my_sim_tesi_gazebo/models/aws_robomaker_residential_TV_01/model.sdf
[2.268s] -- Symlinking: /home/moonlab/ros2_ws/install/my_sim_tesi_gazebo/share/my_sim_tesi_gazebo/models/aws_robomaker_residential_TV_02/materials/textures/aws_TV_01.png
[2.273s] -- Symlinking: /home/moonlab/ros2_ws/install/my_sim_tesi_gazebo/share/my_sim_tesi_gazebo/models/aws_robomaker_residential_TV_02/meshes/aws_TV_01_collision.DAE
[2.279s] -- Symlinking: /home/moonlab/ros2_ws/install/my_sim_tesi_gazebo/share/my_sim_tesi_gazebo/models/aws_robomaker_residential_TV_02/meshes/aws_TV_01_visual.DAE
[2.284s] -- Symlinking: /home/moonlab/ros2_ws/install/my_sim_tesi_gazebo/share/my_sim_tesi_gazebo/models/aws_robomaker_residential_TV_02/model.config
[2.290s] -- Symlinking: /home/moonlab/ros2_ws/install/my_sim_tesi_gazebo/share/my_sim_tesi_gazebo/models/aws_robomaker_residential_TV_02/model.sdf
[2.295s] -- Symlinking: /home/moonlab/ros2_ws/install/my_sim_tesi_gazebo/share/my_sim_tesi_gazebo/models/aws_robomaker_residential_Tablet_01/.DS_Store
[2.300s] -- Symlinking: /home/moonlab/ros2_ws/install/my_sim_tesi_gazebo/share/my_sim_tesi_gazebo/models/aws_robomaker_residential_Tablet_01/materials/.DS_Store
[2.305s] -- Symlinking: /home/moonlab/ros2_ws/install/my_sim_tesi_gazebo/share/my_sim_tesi_gazebo/models/aws_robomaker_residential_Tablet_01/materials/textures/aws_Tablet_01_nologo.png
[2.311s] -- Symlinking: /home/moonlab/ros2_ws/install/my_sim_tesi_gazebo/share/my_sim_tesi_gazebo/models/aws_robomaker_residential_Tablet_01/meshes/aws_Tablet_01_collision.DAE
[2.316s] -- Symlinking: /home/moonlab/ros2_ws/install/my_sim_tesi_gazebo/share/my_sim_tesi_gazebo/models/aws_robomaker_residential_Tablet_01/meshes/aws_Tablet_01_visual.DAE
[2.321s] -- Symlinking: /home/moonlab/ros2_ws/install/my_sim_tesi_gazebo/share/my_sim_tesi_gazebo/models/aws_robomaker_residential_Tablet_01/model.config
[2.327s] -- Symlinking: /home/moonlab/ros2_ws/install/my_sim_tesi_gazebo/share/my_sim_tesi_gazebo/models/aws_robomaker_residential_Tablet_01/model.sdf
[2.332s] -- Symlinking: /home/moonlab/ros2_ws/install/my_sim_tesi_gazebo/share/my_sim_tesi_gazebo/models/aws_robomaker_residential_Tableware_01/materials/textures/aws_Tableware_01.png
[2.337s] -- Symlinking: /home/moonlab/ros2_ws/install/my_sim_tesi_gazebo/share/my_sim_tesi_gazebo/models/aws_robomaker_residential_Tableware_01/meshes/aws_Tableware_01_collision.DAE
[2.342s] -- Symlinking: /home/moonlab/ros2_ws/install/my_sim_tesi_gazebo/share/my_sim_tesi_gazebo/models/aws_robomaker_residential_Tableware_01/meshes/aws_Tableware_01_visual.DAE
[2.347s] -- Symlinking: /home/moonlab/ros2_ws/install/my_sim_tesi_gazebo/share/my_sim_tesi_gazebo/models/aws_robomaker_residential_Tableware_01/model.config
[2.353s] -- Symlinking: /home/moonlab/ros2_ws/install/my_sim_tesi_gazebo/share/my_sim_tesi_gazebo/models/aws_robomaker_residential_Tableware_01/model.sdf
[2.358s] -- Symlinking: /home/moonlab/ros2_ws/install/my_sim_tesi_gazebo/share/my_sim_tesi_gazebo/models/aws_robomaker_residential_Trash_01/materials/textures/aws_Trash_01.png
[2.363s] -- Symlinking: /home/moonlab/ros2_ws/install/my_sim_tesi_gazebo/share/my_sim_tesi_gazebo/models/aws_robomaker_residential_Trash_01/meshes/aws_Trash_01_collision.DAE
[2.368s] -- Symlinking: /home/moonlab/ros2_ws/install/my_sim_tesi_gazebo/share/my_sim_tesi_gazebo/models/aws_robomaker_residential_Trash_01/meshes/aws_Trash_01_visual.DAE
[2.374s] -- Symlinking: /home/moonlab/ros2_ws/install/my_sim_tesi_gazebo/share/my_sim_tesi_gazebo/models/aws_robomaker_residential_Trash_01/model.config
[2.380s] -- Symlinking: /home/moonlab/ros2_ws/install/my_sim_tesi_gazebo/share/my_sim_tesi_gazebo/models/aws_robomaker_residential_Trash_01/model.sdf
[2.385s] -- Symlinking: /home/moonlab/ros2_ws/install/my_sim_tesi_gazebo/share/my_sim_tesi_gazebo/models/aws_robomaker_residential_Vase_01/materials/textures/aws_Vase_01.png
[2.391s] -- Symlinking: /home/moonlab/ros2_ws/install/my_sim_tesi_gazebo/share/my_sim_tesi_gazebo/models/aws_robomaker_residential_Vase_01/meshes/aws_Vase_01_collision.DAE
[2.396s] -- Symlinking: /home/moonlab/ros2_ws/install/my_sim_tesi_gazebo/share/my_sim_tesi_gazebo/models/aws_robomaker_residential_Vase_01/meshes/aws_Vase_01_visual.DAE
[2.400s] -- Symlinking: /home/moonlab/ros2_ws/install/my_sim_tesi_gazebo/share/my_sim_tesi_gazebo/models/aws_robomaker_residential_Vase_01/model.config
[2.405s] -- Symlinking: /home/moonlab/ros2_ws/install/my_sim_tesi_gazebo/share/my_sim_tesi_gazebo/models/aws_robomaker_residential_Vase_01/model.sdf
[2.410s] -- Symlinking: /home/moonlab/ros2_ws/install/my_sim_tesi_gazebo/share/my_sim_tesi_gazebo/models/aws_robomaker_residential_Wardrobe_01/materials/textures/aws_Wardrobe_01.png
[2.416s] -- Symlinking: /home/moonlab/ros2_ws/install/my_sim_tesi_gazebo/share/my_sim_tesi_gazebo/models/aws_robomaker_residential_Wardrobe_01/meshes/aws_Wardrobe_01_collision.DAE
[2.420s] -- Symlinking: /home/moonlab/ros2_ws/install/my_sim_tesi_gazebo/share/my_sim_tesi_gazebo/models/aws_robomaker_residential_Wardrobe_01/meshes/aws_Wardrobe_01_visual.DAE
[2.426s] -- Symlinking: /home/moonlab/ros2_ws/install/my_sim_tesi_gazebo/share/my_sim_tesi_gazebo/models/aws_robomaker_residential_Wardrobe_01/model.config
[2.432s] -- Symlinking: /home/moonlab/ros2_ws/install/my_sim_tesi_gazebo/share/my_sim_tesi_gazebo/models/aws_robomaker_residential_Wardrobe_01/model.sdf
[2.437s] -- Up-to-date symlink: /home/moonlab/ros2_ws/install/my_sim_tesi_gazebo/share/my_sim_tesi_gazebo/models/garage_door/model.config
[2.437s] -- Up-to-date symlink: /home/moonlab/ros2_ws/install/my_sim_tesi_gazebo/share/my_sim_tesi_gazebo/models/garage_door/model.sdf
[2.437s] -- Up-to-date symlink: /home/moonlab/ros2_ws/install/my_sim_tesi_gazebo/share/my_sim_tesi_gazebo/models/pallet_box_mobile/meshes/Box_paper_04_1_Base_Color.png
[2.437s] -- Up-to-date symlink: /home/moonlab/ros2_ws/install/my_sim_tesi_gazebo/share/my_sim_tesi_gazebo/models/pallet_box_mobile/meshes/boxes.dae
[2.437s] -- Up-to-date symlink: /home/moonlab/ros2_ws/install/my_sim_tesi_gazebo/share/my_sim_tesi_gazebo/models/pallet_box_mobile/model.config
[2.437s] -- Up-to-date symlink: /home/moonlab/ros2_ws/install/my_sim_tesi_gazebo/share/my_sim_tesi_gazebo/models/pallet_box_mobile/model.sdf
[2.437s] -- Up-to-date symlink: /home/moonlab/ros2_ws/install/my_sim_tesi_gazebo/share/my_sim_tesi_gazebo/models/pallet_box_mobile/thumbnails/1.png
[2.437s] -- Up-to-date symlink: /home/moonlab/ros2_ws/install/my_sim_tesi_gazebo/share/my_sim_tesi_gazebo/models/parallelepiped/model.config
[2.437s] -- Up-to-date symlink: /home/moonlab/ros2_ws/install/my_sim_tesi_gazebo/share/my_sim_tesi_gazebo/models/parallelepiped/model.sdf
[2.438s] -- Symlinking: /home/moonlab/ros2_ws/install/my_sim_tesi_gazebo/share/my_sim_tesi_gazebo/models/quadrotor_ibvs/model.config
[2.442s] -- Symlinking: /home/moonlab/ros2_ws/install/my_sim_tesi_gazebo/share/my_sim_tesi_gazebo/models/quadrotor_ibvs/model.sdf
[2.448s] -- Up-to-date symlink: /home/moonlab/ros2_ws/install/my_sim_tesi_gazebo/share/my_sim_tesi_gazebo/models/shelf/meshes/Box_paper_04_1_Base_Color.png
[2.448s] -- Up-to-date symlink: /home/moonlab/ros2_ws/install/my_sim_tesi_gazebo/share/my_sim_tesi_gazebo/models/shelf/meshes/shelf_big_movai.dae
[2.448s] -- Up-to-date symlink: /home/moonlab/ros2_ws/install/my_sim_tesi_gazebo/share/my_sim_tesi_gazebo/models/shelf/model.config
[2.448s] -- Up-to-date symlink: /home/moonlab/ros2_ws/install/my_sim_tesi_gazebo/share/my_sim_tesi_gazebo/models/shelf/model.sdf
[2.448s] -- Up-to-date symlink: /home/moonlab/ros2_ws/install/my_sim_tesi_gazebo/share/my_sim_tesi_gazebo/models/shelf/thumbnails/1.png
[2.448s] -- Up-to-date symlink: /home/moonlab/ros2_ws/install/my_sim_tesi_gazebo/share/my_sim_tesi_gazebo/models/shelf_big/meshes/Box_paper_04_1_Base_Color.png
[2.448s] -- Up-to-date symlink: /home/moonlab/ros2_ws/install/my_sim_tesi_gazebo/share/my_sim_tesi_gazebo/models/shelf_big/meshes/shelf_big_movai.dae
[2.448s] -- Up-to-date symlink: /home/moonlab/ros2_ws/install/my_sim_tesi_gazebo/share/my_sim_tesi_gazebo/models/shelf_big/model.config
[2.448s] -- Up-to-date symlink: /home/moonlab/ros2_ws/install/my_sim_tesi_gazebo/share/my_sim_tesi_gazebo/models/shelf_big/model.sdf
[2.448s] -- Up-to-date symlink: /home/moonlab/ros2_ws/install/my_sim_tesi_gazebo/share/my_sim_tesi_gazebo/models/shelf_big/thumbnails/1.png
[2.448s] -- Up-to-date symlink: /home/moonlab/ros2_ws/install/my_sim_tesi_gazebo/share/my_sim_tesi_gazebo/models/turtlebot3_Burger/meshes/burger_base.stl
[2.448s] -- Up-to-date symlink: /home/moonlab/ros2_ws/install/my_sim_tesi_gazebo/share/my_sim_tesi_gazebo/models/turtlebot3_Burger/meshes/lds.stl
[2.449s] -- Up-to-date symlink: /home/moonlab/ros2_ws/install/my_sim_tesi_gazebo/share/my_sim_tesi_gazebo/models/turtlebot3_Burger/meshes/left_tire.stl
[2.449s] -- Up-to-date symlink: /home/moonlab/ros2_ws/install/my_sim_tesi_gazebo/share/my_sim_tesi_gazebo/models/turtlebot3_Burger/meshes/right_tire.stl
[2.449s] -- Up-to-date symlink: /home/moonlab/ros2_ws/install/my_sim_tesi_gazebo/share/my_sim_tesi_gazebo/models/turtlebot3_Burger/model.config
[2.449s] -- Up-to-date symlink: /home/moonlab/ros2_ws/install/my_sim_tesi_gazebo/share/my_sim_tesi_gazebo/models/turtlebot3_Burger/model.sdf
[2.449s] -- Up-to-date symlink: /home/moonlab/ros2_ws/install/my_sim_tesi_gazebo/share/my_sim_tesi_gazebo/models/turtlebot3_Burger/thumbnails/turtlebot3_burger.jpg
[2.449s] -- Symlinking: /home/moonlab/ros2_ws/install/my_sim_tesi_gazebo/share/my_sim_tesi_gazebo/models/x3/meshes/ardrone.dae
[2.454s] -- Symlinking: /home/moonlab/ros2_ws/install/my_sim_tesi_gazebo/share/my_sim_tesi_gazebo/models/x3/meshes/firefly.dae
[2.459s] -- Symlinking: /home/moonlab/ros2_ws/install/my_sim_tesi_gazebo/share/my_sim_tesi_gazebo/models/x3/meshes/hummingbird.dae
[2.464s] -- Symlinking: /home/moonlab/ros2_ws/install/my_sim_tesi_gazebo/share/my_sim_tesi_gazebo/models/x3/meshes/iris.dae
[2.469s] -- Symlinking: /home/moonlab/ros2_ws/install/my_sim_tesi_gazebo/share/my_sim_tesi_gazebo/models/x3/meshes/neo11.dae
[2.475s] -- Symlinking: /home/moonlab/ros2_ws/install/my_sim_tesi_gazebo/share/my_sim_tesi_gazebo/models/x3/meshes/neo11_propeller_ccw.dae
[2.480s] -- Symlinking: /home/moonlab/ros2_ws/install/my_sim_tesi_gazebo/share/my_sim_tesi_gazebo/models/x3/meshes/neo11_propeller_cw.dae
[2.485s] -- Symlinking: /home/moonlab/ros2_ws/install/my_sim_tesi_gazebo/share/my_sim_tesi_gazebo/models/x3/meshes/neo9.dae
[2.490s] -- Symlinking: /home/moonlab/ros2_ws/install/my_sim_tesi_gazebo/share/my_sim_tesi_gazebo/models/x3/meshes/neo9_propeller_ccw.dae
[2.496s] -- Symlinking: /home/moonlab/ros2_ws/install/my_sim_tesi_gazebo/share/my_sim_tesi_gazebo/models/x3/meshes/neo9_propeller_cw.dae
[2.501s] -- Symlinking: /home/moonlab/ros2_ws/install/my_sim_tesi_gazebo/share/my_sim_tesi_gazebo/models/x3/meshes/pelican.dae
[2.506s] -- Symlinking: /home/moonlab/ros2_ws/install/my_sim_tesi_gazebo/share/my_sim_tesi_gazebo/models/x3/meshes/propeller_ccw.dae
[2.511s] -- Symlinking: /home/moonlab/ros2_ws/install/my_sim_tesi_gazebo/share/my_sim_tesi_gazebo/models/x3/meshes/propeller_cw.dae
[2.516s] -- Symlinking: /home/moonlab/ros2_ws/install/my_sim_tesi_gazebo/share/my_sim_tesi_gazebo/models/x3/meshes/vi_camera.dae
[2.522s] -- Symlinking: /home/moonlab/ros2_ws/install/my_sim_tesi_gazebo/share/my_sim_tesi_gazebo/models/x3/meshes/vi_camera.jpg
[2.527s] -- Symlinking: /home/moonlab/ros2_ws/install/my_sim_tesi_gazebo/share/my_sim_tesi_gazebo/models/x3/meshes/vi_sensor.dae
[2.532s] -- Symlinking: /home/moonlab/ros2_ws/install/my_sim_tesi_gazebo/share/my_sim_tesi_gazebo/models/x3/meshes/vi_sensor.jpg
[2.537s] -- Symlinking: /home/moonlab/ros2_ws/install/my_sim_tesi_gazebo/share/my_sim_tesi_gazebo/models/x3/meshes/x3.dae
[2.542s] -- Symlinking: /home/moonlab/ros2_ws/install/my_sim_tesi_gazebo/share/my_sim_tesi_gazebo/models/x3/meshes/x3.jpg
[2.548s] -- Symlinking: /home/moonlab/ros2_ws/install/my_sim_tesi_gazebo/share/my_sim_tesi_gazebo/models/x3/model.config
[2.553s] -- Symlinking: /home/moonlab/ros2_ws/install/my_sim_tesi_gazebo/share/my_sim_tesi_gazebo/models/x3/model.sdf
[2.558s] -- Symlinking: /home/moonlab/ros2_ws/install/my_sim_tesi_gazebo/share/my_sim_tesi_gazebo/models/x3/thumbnails/1.jpg
[2.564s] -- Symlinking: /home/moonlab/ros2_ws/install/my_sim_tesi_gazebo/share/my_sim_tesi_gazebo/models/x3/thumbnails/2.jpg
[2.569s] -- Symlinking: /home/moonlab/ros2_ws/install/my_sim_tesi_gazebo/share/my_sim_tesi_gazebo/models/x3/thumbnails/3.jpg
[2.575s] -- Symlinking: /home/moonlab/ros2_ws/install/my_sim_tesi_gazebo/share/my_sim_tesi_gazebo/models/x3/thumbnails/4.jpg
[2.580s] -- Symlinking: /home/moonlab/ros2_ws/install/my_sim_tesi_gazebo/share/my_sim_tesi_gazebo/models/x3/thumbnails/5.jpg
[2.586s] -- Up-to-date symlink: /home/moonlab/ros2_ws/install/my_sim_tesi_gazebo/share/my_sim_tesi_gazebo/worlds/my_world.sdf
[2.586s] -- Up-to-date symlink: /home/moonlab/ros2_ws/install/my_sim_tesi_gazebo/share/my_sim_tesi_gazebo/worlds/my_world_backup.sdf
[2.586s] -- Symlinking: /home/moonlab/ros2_ws/install/my_sim_tesi_gazebo/share/my_sim_tesi_gazebo/worlds/small_house.world
[2.591s] -- Up-to-date symlink: /home/moonlab/ros2_ws/install/my_sim_tesi_gazebo/share/ament_index/resource_index/package_run_dependencies/my_sim_tesi_gazebo
[2.591s] -- Up-to-date symlink: /home/moonlab/ros2_ws/install/my_sim_tesi_gazebo/share/ament_index/resource_index/parent_prefix_path/my_sim_tesi_gazebo
[2.591s] -- Up-to-date symlink: /home/moonlab/ros2_ws/install/my_sim_tesi_gazebo/share/my_sim_tesi_gazebo/environment/ament_prefix_path.sh
[2.591s] -- Up-to-date symlink: /home/moonlab/ros2_ws/install/my_sim_tesi_gazebo/share/my_sim_tesi_gazebo/environment/ament_prefix_path.dsv
[2.591s] -- Up-to-date symlink: /home/moonlab/ros2_ws/install/my_sim_tesi_gazebo/share/my_sim_tesi_gazebo/environment/path.sh
[2.591s] -- Up-to-date symlink: /home/moonlab/ros2_ws/install/my_sim_tesi_gazebo/share/my_sim_tesi_gazebo/environment/path.dsv
[2.591s] -- Up-to-date symlink: /home/moonlab/ros2_ws/install/my_sim_tesi_gazebo/share/my_sim_tesi_gazebo/local_setup.bash
[2.591s] -- Up-to-date symlink: /home/moonlab/ros2_ws/install/my_sim_tesi_gazebo/share/my_sim_tesi_gazebo/local_setup.sh
[2.591s] -- Up-to-date symlink: /home/moonlab/ros2_ws/install/my_sim_tesi_gazebo/share/my_sim_tesi_gazebo/local_setup.zsh
[2.591s] -- Up-to-date symlink: /home/moonlab/ros2_ws/install/my_sim_tesi_gazebo/share/my_sim_tesi_gazebo/local_setup.dsv
[2.591s] -- Symlinking: /home/moonlab/ros2_ws/install/my_sim_tesi_gazebo/share/my_sim_tesi_gazebo/package.dsv
[2.597s] -- Up-to-date symlink: /home/moonlab/ros2_ws/install/my_sim_tesi_gazebo/share/ament_index/resource_index/packages/my_sim_tesi_gazebo
[2.597s] -- Up-to-date symlink: /home/moonlab/ros2_ws/install/my_sim_tesi_gazebo/share/my_sim_tesi_gazebo/cmake/my_sim_tesi_gazeboConfig.cmake
[2.597s] -- Up-to-date symlink: /home/moonlab/ros2_ws/install/my_sim_tesi_gazebo/share/my_sim_tesi_gazebo/cmake/my_sim_tesi_gazeboConfig-version.cmake
[2.597s] -- Up-to-date symlink: /home/moonlab/ros2_ws/install/my_sim_tesi_gazebo/share/my_sim_tesi_gazebo/package.xml
[2.599s] Invoked command in '/home/moonlab/ros2_ws/build/my_sim_tesi_gazebo' returned '0': CMAKE_PREFIX_PATH=${CMAKE_PREFIX_PATH}:/opt/ros/humble /usr/bin/cmake --install /home/moonlab/ros2_ws/build/my_sim_tesi_gazebo
