[0.008s] Invoking command in '/home/moonlab/ros2_ws/build/my_sim_tesi_bringup': CMAKE_PREFIX_PATH=/opt/ros/humble /usr/bin/cmake /home/moonlab/ros2_ws/src/ros2_ignition_thesis/my_sim_tesi_bringup -DAMENT_CMAKE_SYMLINK_INSTALL=1 -DCMAKE_INSTALL_PREFIX=/home/moonlab/ros2_ws/install/my_sim_tesi_bringup
[0.100s] -- The C compiler identification is GNU 11.4.0
[0.168s] -- The CXX compiler identification is GNU 11.4.0
[0.174s] -- Detecting C compiler ABI info
[0.222s] -- Detecting C compiler ABI info - done
[0.226s] -- Check for working C compiler: /usr/bin/cc - skipped
[0.226s] -- Detecting C compile features
[0.226s] -- Detecting C compile features - done
[0.228s] -- Detecting CXX compiler ABI info
[0.279s] -- Detecting CXX compiler ABI info - done
[0.283s] -- Check for working CXX compiler: /usr/bin/c++ - skipped
[0.283s] -- Detecting CXX compile features
[0.284s] -- Detecting CXX compile features - done
[0.288s] -- Found ament_cmake: 1.3.12 (/opt/ros/humble/share/ament_cmake/cmake)
[0.373s] -- Found Python3: /usr/bin/python3 (found version "3.10.12") found components: Interpreter 
[0.408s] -- Override CMake install command with custom implementation using symlinks instead of copying resources
[0.432s] -- Found ament_lint_auto: 0.12.14 (/opt/ros/humble/share/ament_lint_auto/cmake)
[0.477s] -- Added test 'flake8' to check Python code syntax and style conventions
[0.477s] -- Added test 'lint_cmake' to check CMake code style
[0.478s] -- Added test 'pep257' to check Python code against some of the docstring style conventions in PEP 257
[0.479s] -- Added test 'xmllint' to check XML markup files
[0.480s] -- Configuring done
[0.482s] -- Generating done
[0.483s] -- Build files have been written to: /home/moonlab/ros2_ws/build/my_sim_tesi_bringup
[0.486s] Invoked command in '/home/moonlab/ros2_ws/build/my_sim_tesi_bringup' returned '0': CMAKE_PREFIX_PATH=/opt/ros/humble /usr/bin/cmake /home/moonlab/ros2_ws/src/ros2_ignition_thesis/my_sim_tesi_bringup -DAMENT_CMAKE_SYMLINK_INSTALL=1 -DCMAKE_INSTALL_PREFIX=/home/moonlab/ros2_ws/install/my_sim_tesi_bringup
[0.487s] Invoking command in '/home/moonlab/ros2_ws/build/my_sim_tesi_bringup': CMAKE_PREFIX_PATH=/opt/ros/humble /usr/bin/cmake --build /home/moonlab/ros2_ws/build/my_sim_tesi_bringup -- -j24 -l24
[0.513s] Invoked command in '/home/moonlab/ros2_ws/build/my_sim_tesi_bringup' returned '0': CMAKE_PREFIX_PATH=/opt/ros/humble /usr/bin/cmake --build /home/moonlab/ros2_ws/build/my_sim_tesi_bringup -- -j24 -l24
[0.520s] Invoking command in '/home/moonlab/ros2_ws/build/my_sim_tesi_bringup': CMAKE_PREFIX_PATH=/opt/ros/humble /usr/bin/cmake --install /home/moonlab/ros2_ws/build/my_sim_tesi_bringup
[0.524s] -- Install configuration: ""
[0.525s] -- Execute custom install script
[0.525s] -- Symlinking: /home/moonlab/ros2_ws/install/my_sim_tesi_bringup/share/my_sim_tesi_bringup/launch/my_ros2_nodes.launch.py
[0.530s] -- Symlinking: /home/moonlab/ros2_ws/install/my_sim_tesi_bringup/share/my_sim_tesi_bringup/launch/my_sim_final.launch.py
[0.536s] -- Symlinking: /home/moonlab/ros2_ws/install/my_sim_tesi_bringup/share/my_sim_tesi_bringup/launch/my_sim_map_scan.launch.py
[0.542s] -- Symlinking: /home/moonlab/ros2_ws/install/my_sim_tesi_bringup/share/my_sim_tesi_bringup/launch/nav2.launch.py
[0.548s] -- Symlinking: /home/moonlab/ros2_ws/install/my_sim_tesi_bringup/share/my_sim_tesi_bringup/config/final_simulation_config.rviz
[0.553s] -- Symlinking: /home/moonlab/ros2_ws/install/my_sim_tesi_bringup/share/my_sim_tesi_bringup/config/map_scan_config.rviz
[0.561s] -- Symlinking: /home/moonlab/ros2_ws/install/my_sim_tesi_bringup/share/my_sim_tesi_bringup/config/nav2_param_config.yaml
[0.567s] -- Symlinking: /home/moonlab/ros2_ws/install/my_sim_tesi_bringup/share/my_sim_tesi_bringup/config/ros_gz_bridge_final_config.yaml
[0.572s] -- Symlinking: /home/moonlab/ros2_ws/install/my_sim_tesi_bringup/share/my_sim_tesi_bringup/config/ros_gz_bridge_scan_config.yaml
[0.577s] -- Symlinking: /home/moonlab/ros2_ws/install/my_sim_tesi_bringup/share/my_sim_tesi_bringup/config/slam_toolbox_config.yaml
[0.583s] -- Symlinking: /home/moonlab/ros2_ws/install/my_sim_tesi_bringup/share/my_sim_tesi_bringup/map/my_map.pgm
[0.588s] -- Symlinking: /home/moonlab/ros2_ws/install/my_sim_tesi_bringup/share/my_sim_tesi_bringup/map/my_map.yaml
[0.594s] -- Symlinking: /home/moonlab/ros2_ws/install/my_sim_tesi_bringup/share/my_sim_tesi_bringup/files/coordinates_goal.txt
[0.600s] -- Symlinking: /home/moonlab/ros2_ws/install/my_sim_tesi_bringup/share/ament_index/resource_index/package_run_dependencies/my_sim_tesi_bringup
[0.606s] -- Symlinking: /home/moonlab/ros2_ws/install/my_sim_tesi_bringup/share/ament_index/resource_index/parent_prefix_path/my_sim_tesi_bringup
[0.612s] -- Symlinking: /home/moonlab/ros2_ws/install/my_sim_tesi_bringup/share/my_sim_tesi_bringup/environment/ament_prefix_path.sh
[0.617s] -- Symlinking: /home/moonlab/ros2_ws/install/my_sim_tesi_bringup/share/my_sim_tesi_bringup/environment/ament_prefix_path.dsv
[0.623s] -- Symlinking: /home/moonlab/ros2_ws/install/my_sim_tesi_bringup/share/my_sim_tesi_bringup/environment/path.sh
[0.628s] -- Symlinking: /home/moonlab/ros2_ws/install/my_sim_tesi_bringup/share/my_sim_tesi_bringup/environment/path.dsv
[0.633s] -- Symlinking: /home/moonlab/ros2_ws/install/my_sim_tesi_bringup/share/my_sim_tesi_bringup/local_setup.bash
[0.638s] -- Symlinking: /home/moonlab/ros2_ws/install/my_sim_tesi_bringup/share/my_sim_tesi_bringup/local_setup.sh
[0.644s] -- Symlinking: /home/moonlab/ros2_ws/install/my_sim_tesi_bringup/share/my_sim_tesi_bringup/local_setup.zsh
[0.649s] -- Symlinking: /home/moonlab/ros2_ws/install/my_sim_tesi_bringup/share/my_sim_tesi_bringup/local_setup.dsv
[0.655s] -- Symlinking: /home/moonlab/ros2_ws/install/my_sim_tesi_bringup/share/my_sim_tesi_bringup/package.dsv
[0.660s] -- Symlinking: /home/moonlab/ros2_ws/install/my_sim_tesi_bringup/share/ament_index/resource_index/packages/my_sim_tesi_bringup
[0.666s] -- Symlinking: /home/moonlab/ros2_ws/install/my_sim_tesi_bringup/share/my_sim_tesi_bringup/cmake/my_sim_tesi_bringupConfig.cmake
[0.671s] -- Symlinking: /home/moonlab/ros2_ws/install/my_sim_tesi_bringup/share/my_sim_tesi_bringup/cmake/my_sim_tesi_bringupConfig-version.cmake
[0.676s] -- Symlinking: /home/moonlab/ros2_ws/install/my_sim_tesi_bringup/share/my_sim_tesi_bringup/package.xml
[0.683s] Invoked command in '/home/moonlab/ros2_ws/build/my_sim_tesi_bringup' returned '0': CMAKE_PREFIX_PATH=/opt/ros/humble /usr/bin/cmake --install /home/moonlab/ros2_ws/build/my_sim_tesi_bringup
