running develop
Removing /home/moonlab/ros2_ws/install/turtlebot3_control/lib/python3.10/site-packages/turtlebot3-control.egg-link (link to .)
running egg_info
writing ../../../build/turtlebot3_control/turtlebot3_control.egg-info/PKG-INFO
writing dependency_links to ../../../build/turtlebot3_control/turtlebot3_control.egg-info/dependency_links.txt
writing entry points to ../../../build/turtlebot3_control/turtlebot3_control.egg-info/entry_points.txt
writing requirements to ../../../build/turtlebot3_control/turtlebot3_control.egg-info/requires.txt
writing top-level names to ../../../build/turtlebot3_control/turtlebot3_control.egg-info/top_level.txt
reading manifest file '../../../build/turtlebot3_control/turtlebot3_control.egg-info/SOURCES.txt'
writing manifest file '../../../build/turtlebot3_control/turtlebot3_control.egg-info/SOURCES.txt'
running build
running build_py
creating /home/moonlab/ros2_ws/build/turtlebot3_control/build
creating /home/moonlab/ros2_ws/build/turtlebot3_control/build/lib
creating /home/moonlab/ros2_ws/build/turtlebot3_control/build/lib/turtlebot3_control
copying turtlebot3_control/robot_controller.py -> /home/moonlab/ros2_ws/build/turtlebot3_control/build/lib/turtlebot3_control
copying turtlebot3_control/test_movements.py -> /home/moonlab/ros2_ws/build/turtlebot3_control/build/lib/turtlebot3_control
copying turtlebot3_control/__init__.py -> /home/moonlab/ros2_ws/build/turtlebot3_control/build/lib/turtlebot3_control
running install
running install_lib
creating /home/moonlab/ros2_ws/install/turtlebot3_control/lib/python3.10/site-packages/turtlebot3_control
copying /home/moonlab/ros2_ws/build/turtlebot3_control/build/lib/turtlebot3_control/robot_controller.py -> /home/moonlab/ros2_ws/install/turtlebot3_control/lib/python3.10/site-packages/turtlebot3_control
copying /home/moonlab/ros2_ws/build/turtlebot3_control/build/lib/turtlebot3_control/test_movements.py -> /home/moonlab/ros2_ws/install/turtlebot3_control/lib/python3.10/site-packages/turtlebot3_control
copying /home/moonlab/ros2_ws/build/turtlebot3_control/build/lib/turtlebot3_control/__init__.py -> /home/moonlab/ros2_ws/install/turtlebot3_control/lib/python3.10/site-packages/turtlebot3_control
byte-compiling /home/moonlab/ros2_ws/install/turtlebot3_control/lib/python3.10/site-packages/turtlebot3_control/robot_controller.py to robot_controller.cpython-310.pyc
byte-compiling /home/moonlab/ros2_ws/install/turtlebot3_control/lib/python3.10/site-packages/turtlebot3_control/test_movements.py to test_movements.cpython-310.pyc
byte-compiling /home/moonlab/ros2_ws/install/turtlebot3_control/lib/python3.10/site-packages/turtlebot3_control/__init__.py to __init__.cpython-310.pyc
running install_data
copying resource/turtlebot3_control -> /home/moonlab/ros2_ws/install/turtlebot3_control/share/ament_index/resource_index/packages
copying package.xml -> /home/moonlab/ros2_ws/install/turtlebot3_control/share/turtlebot3_control
running install_egg_info
Copying ../../../build/turtlebot3_control/turtlebot3_control.egg-info to /home/moonlab/ros2_ws/install/turtlebot3_control/lib/python3.10/site-packages/turtlebot3_control-0.0.0-py3.10.egg-info
running install_scripts
Installing robot_controller script to /home/moonlab/ros2_ws/install/turtlebot3_control/lib/turtlebot3_control
Installing test_movements script to /home/moonlab/ros2_ws/install/turtlebot3_control/lib/turtlebot3_control
writing list of installed files to '/home/moonlab/ros2_ws/build/turtlebot3_control/install.log'
