[0.078s] DEBUG:colcon:Command line arguments: ['/usr/bin/colcon', 'build']
[0.078s] DEBUG:colcon:Parsed command line arguments: Namespace(log_base=None, log_level=None, verb_name='build', build_base='build', install_base='install', merge_install=False, symlink_install=False, test_result_base=None, continue_on_error=False, executor='parallel', parallel_workers=24, event_handlers=None, ignore_user_meta=False, metas=['./colcon.meta'], base_paths=['.'], packages_ignore=None, packages_ignore_regex=None, paths=None, packages_up_to=None, packages_up_to_regex=None, packages_above=None, packages_above_and_dependencies=None, packages_above_depth=None, packages_select_by_dep=None, packages_skip_by_dep=None, packages_skip_up_to=None, packages_select_build_failed=False, packages_skip_build_finished=False, packages_select_test_failures=False, packages_skip_test_passed=False, packages_select=None, packages_skip=None, packages_select_regex=None, packages_skip_regex=None, packages_start=None, packages_end=None, allow_overriding=[], cmake_args=None, cmake_target=None, cmake_target_skip_unavailable=False, cmake_clean_cache=False, cmake_clean_first=False, cmake_force_configure=False, ament_cmake_args=None, catkin_cmake_args=None, catkin_skip_building_tests=False, verb_parser=<colcon_defaults.argument_parser.defaults.DefaultArgumentsDecorator object at 0x79eaabb5d540>, verb_extension=<colcon_core.verb.build.BuildVerb object at 0x79eaabb5d030>, main=<bound method BuildVerb.main of <colcon_core.verb.build.BuildVerb object at 0x79eaabb5d030>>)
[0.228s] Level 1:colcon.colcon_core.package_discovery:discover_packages(colcon_meta) check parameters
[0.228s] Level 1:colcon.colcon_core.package_discovery:discover_packages(recursive) check parameters
[0.228s] Level 1:colcon.colcon_core.package_discovery:discover_packages(ignore) check parameters
[0.228s] Level 1:colcon.colcon_core.package_discovery:discover_packages(path) check parameters
[0.228s] Level 1:colcon.colcon_core.package_discovery:discover_packages(colcon_meta) discover
[0.228s] Level 1:colcon.colcon_core.package_discovery:discover_packages(recursive) discover
[0.228s] INFO:colcon.colcon_core.package_discovery:Crawling recursively for packages in '/home/moonlab/ros2_ws'
[0.228s] Level 1:colcon.colcon_core.package_identification:_identify(.) by extensions ['ignore', 'ignore_ament_install']
[0.228s] Level 1:colcon.colcon_core.package_identification:_identify(.) by extension 'ignore'
[0.228s] Level 1:colcon.colcon_core.package_identification:_identify(.) by extension 'ignore_ament_install'
[0.228s] Level 1:colcon.colcon_core.package_identification:_identify(.) by extensions ['colcon_pkg']
[0.228s] Level 1:colcon.colcon_core.package_identification:_identify(.) by extension 'colcon_pkg'
[0.229s] Level 1:colcon.colcon_core.package_identification:_identify(.) by extensions ['colcon_meta']
[0.229s] Level 1:colcon.colcon_core.package_identification:_identify(.) by extension 'colcon_meta'
[0.229s] Level 1:colcon.colcon_core.package_identification:_identify(.) by extensions ['ros']
[0.229s] Level 1:colcon.colcon_core.package_identification:_identify(.) by extension 'ros'
[0.235s] Level 1:colcon.colcon_core.package_identification:_identify(.) by extensions ['cmake', 'python']
[0.235s] Level 1:colcon.colcon_core.package_identification:_identify(.) by extension 'cmake'
[0.235s] Level 1:colcon.colcon_core.package_identification:_identify(.) by extension 'python'
[0.235s] Level 1:colcon.colcon_core.package_identification:_identify(.) by extensions ['python_setup_py']
[0.235s] Level 1:colcon.colcon_core.package_identification:_identify(.) by extension 'python_setup_py'
[0.235s] Level 1:colcon.colcon_core.package_identification:_identify(build) by extensions ['ignore', 'ignore_ament_install']
[0.235s] Level 1:colcon.colcon_core.package_identification:_identify(build) by extension 'ignore'
[0.235s] Level 1:colcon.colcon_core.package_identification:_identify(build) ignored
[0.236s] Level 1:colcon.colcon_core.package_identification:_identify(install) by extensions ['ignore', 'ignore_ament_install']
[0.236s] Level 1:colcon.colcon_core.package_identification:_identify(install) by extension 'ignore'
[0.236s] Level 1:colcon.colcon_core.package_identification:_identify(install) ignored
[0.236s] Level 1:colcon.colcon_core.package_identification:_identify(log) by extensions ['ignore', 'ignore_ament_install']
[0.236s] Level 1:colcon.colcon_core.package_identification:_identify(log) by extension 'ignore'
[0.236s] Level 1:colcon.colcon_core.package_identification:_identify(log) ignored
[0.236s] Level 1:colcon.colcon_core.package_identification:_identify(src) by extensions ['ignore', 'ignore_ament_install']
[0.236s] Level 1:colcon.colcon_core.package_identification:_identify(src) by extension 'ignore'
[0.236s] Level 1:colcon.colcon_core.package_identification:_identify(src) by extension 'ignore_ament_install'
[0.236s] Level 1:colcon.colcon_core.package_identification:_identify(src) by extensions ['colcon_pkg']
[0.236s] Level 1:colcon.colcon_core.package_identification:_identify(src) by extension 'colcon_pkg'
[0.236s] Level 1:colcon.colcon_core.package_identification:_identify(src) by extensions ['colcon_meta']
[0.236s] Level 1:colcon.colcon_core.package_identification:_identify(src) by extension 'colcon_meta'
[0.236s] Level 1:colcon.colcon_core.package_identification:_identify(src) by extensions ['ros']
[0.236s] Level 1:colcon.colcon_core.package_identification:_identify(src) by extension 'ros'
[0.236s] Level 1:colcon.colcon_core.package_identification:_identify(src) by extensions ['cmake', 'python']
[0.236s] Level 1:colcon.colcon_core.package_identification:_identify(src) by extension 'cmake'
[0.236s] Level 1:colcon.colcon_core.package_identification:_identify(src) by extension 'python'
[0.236s] Level 1:colcon.colcon_core.package_identification:_identify(src) by extensions ['python_setup_py']
[0.236s] Level 1:colcon.colcon_core.package_identification:_identify(src) by extension 'python_setup_py'
[0.236s] Level 1:colcon.colcon_core.package_identification:_identify(src/ros2_ignition_thesis) by extensions ['ignore', 'ignore_ament_install']
[0.236s] Level 1:colcon.colcon_core.package_identification:_identify(src/ros2_ignition_thesis) by extension 'ignore'
[0.236s] Level 1:colcon.colcon_core.package_identification:_identify(src/ros2_ignition_thesis) by extension 'ignore_ament_install'
[0.236s] Level 1:colcon.colcon_core.package_identification:_identify(src/ros2_ignition_thesis) by extensions ['colcon_pkg']
[0.236s] Level 1:colcon.colcon_core.package_identification:_identify(src/ros2_ignition_thesis) by extension 'colcon_pkg'
[0.236s] Level 1:colcon.colcon_core.package_identification:_identify(src/ros2_ignition_thesis) by extensions ['colcon_meta']
[0.236s] Level 1:colcon.colcon_core.package_identification:_identify(src/ros2_ignition_thesis) by extension 'colcon_meta'
[0.236s] Level 1:colcon.colcon_core.package_identification:_identify(src/ros2_ignition_thesis) by extensions ['ros']
[0.236s] Level 1:colcon.colcon_core.package_identification:_identify(src/ros2_ignition_thesis) by extension 'ros'
[0.236s] Level 1:colcon.colcon_core.package_identification:_identify(src/ros2_ignition_thesis) by extensions ['cmake', 'python']
[0.236s] Level 1:colcon.colcon_core.package_identification:_identify(src/ros2_ignition_thesis) by extension 'cmake'
[0.236s] Level 1:colcon.colcon_core.package_identification:_identify(src/ros2_ignition_thesis) by extension 'python'
[0.236s] Level 1:colcon.colcon_core.package_identification:_identify(src/ros2_ignition_thesis) by extensions ['python_setup_py']
[0.236s] Level 1:colcon.colcon_core.package_identification:_identify(src/ros2_ignition_thesis) by extension 'python_setup_py'
[0.387s] ERROR:colcon.colcon_core.package_identification:Exception in package identification extension 'python_setup_py' in 'src/ros2_ignition_thesis': Command '['/usr/bin/python3', '-c', 'import sys;from contextlib import suppress;exec("with suppress(ImportError):    from setuptools.extern.packaging.specifiers    import SpecifierSet");exec("with suppress(ImportError):    from packaging.specifiers import SpecifierSet");from distutils.core import run_setup;dist = run_setup(    \'setup.py\', script_args=(\'--dry-run\',), stop_after=\'config\');skip_keys = (\'cmdclass\', \'distclass\', \'ext_modules\', \'metadata\');data = {    key: value for key, value in dist.__dict__.items()     if (        not key.startswith(\'_\') and         not callable(value) and         key not in skip_keys and         key not in dist.display_option_names    )};data[\'metadata\'] = {    k: v for k, v in dist.metadata.__dict__.items()     if k not in (\'license_files\', \'provides_extras\')};sys.stdout.buffer.write(repr(data).encode(\'utf-8\'))']' returned non-zero exit status 1.
Traceback (most recent call last):
  File "/usr/lib/python3/dist-packages/colcon_core/package_identification/__init__.py", line 144, in _identify
    retval = extension.identify(_reused_descriptor_instance)
  File "/usr/lib/python3/dist-packages/colcon_python_setup_py/package_identification/python_setup_py.py", line 48, in identify
    config = get_setup_information(setup_py)
  File "/usr/lib/python3/dist-packages/colcon_python_setup_py/package_identification/python_setup_py.py", line 249, in get_setup_information
    _setup_information_cache[hashable_env] = _get_setup_information(
  File "/usr/lib/python3/dist-packages/colcon_python_setup_py/package_identification/python_setup_py.py", line 296, in _get_setup_information
    result = subprocess.run(
  File "/usr/lib/python3.10/subprocess.py", line 526, in run
    raise CalledProcessError(retcode, process.args,
subprocess.CalledProcessError: Command '['/usr/bin/python3', '-c', 'import sys;from contextlib import suppress;exec("with suppress(ImportError):    from setuptools.extern.packaging.specifiers    import SpecifierSet");exec("with suppress(ImportError):    from packaging.specifiers import SpecifierSet");from distutils.core import run_setup;dist = run_setup(    \'setup.py\', script_args=(\'--dry-run\',), stop_after=\'config\');skip_keys = (\'cmdclass\', \'distclass\', \'ext_modules\', \'metadata\');data = {    key: value for key, value in dist.__dict__.items()     if (        not key.startswith(\'_\') and         not callable(value) and         key not in skip_keys and         key not in dist.display_option_names    )};data[\'metadata\'] = {    k: v for k, v in dist.metadata.__dict__.items()     if k not in (\'license_files\', \'provides_extras\')};sys.stdout.buffer.write(repr(data).encode(\'utf-8\'))']' returned non-zero exit status 1.

[0.388s] Level 1:colcon.colcon_core.package_identification:_identify(src/ros2_ignition_thesis/img) by extensions ['ignore', 'ignore_ament_install']
[0.388s] Level 1:colcon.colcon_core.package_identification:_identify(src/ros2_ignition_thesis/img) by extension 'ignore'
[0.388s] Level 1:colcon.colcon_core.package_identification:_identify(src/ros2_ignition_thesis/img) by extension 'ignore_ament_install'
[0.388s] Level 1:colcon.colcon_core.package_identification:_identify(src/ros2_ignition_thesis/img) by extensions ['colcon_pkg']
[0.388s] Level 1:colcon.colcon_core.package_identification:_identify(src/ros2_ignition_thesis/img) by extension 'colcon_pkg'
[0.388s] Level 1:colcon.colcon_core.package_identification:_identify(src/ros2_ignition_thesis/img) by extensions ['colcon_meta']
[0.388s] Level 1:colcon.colcon_core.package_identification:_identify(src/ros2_ignition_thesis/img) by extension 'colcon_meta'
[0.388s] Level 1:colcon.colcon_core.package_identification:_identify(src/ros2_ignition_thesis/img) by extensions ['ros']
[0.388s] Level 1:colcon.colcon_core.package_identification:_identify(src/ros2_ignition_thesis/img) by extension 'ros'
[0.388s] Level 1:colcon.colcon_core.package_identification:_identify(src/ros2_ignition_thesis/img) by extensions ['cmake', 'python']
[0.388s] Level 1:colcon.colcon_core.package_identification:_identify(src/ros2_ignition_thesis/img) by extension 'cmake'
[0.388s] Level 1:colcon.colcon_core.package_identification:_identify(src/ros2_ignition_thesis/img) by extension 'python'
[0.388s] Level 1:colcon.colcon_core.package_identification:_identify(src/ros2_ignition_thesis/img) by extensions ['python_setup_py']
[0.388s] Level 1:colcon.colcon_core.package_identification:_identify(src/ros2_ignition_thesis/img) by extension 'python_setup_py'
[0.388s] Level 1:colcon.colcon_core.package_identification:_identify(src/ros2_ignition_thesis/my_sim_tesi_bringup) by extensions ['ignore', 'ignore_ament_install']
[0.388s] Level 1:colcon.colcon_core.package_identification:_identify(src/ros2_ignition_thesis/my_sim_tesi_bringup) by extension 'ignore'
[0.388s] Level 1:colcon.colcon_core.package_identification:_identify(src/ros2_ignition_thesis/my_sim_tesi_bringup) by extension 'ignore_ament_install'
[0.388s] Level 1:colcon.colcon_core.package_identification:_identify(src/ros2_ignition_thesis/my_sim_tesi_bringup) by extensions ['colcon_pkg']
[0.388s] Level 1:colcon.colcon_core.package_identification:_identify(src/ros2_ignition_thesis/my_sim_tesi_bringup) by extension 'colcon_pkg'
[0.388s] Level 1:colcon.colcon_core.package_identification:_identify(src/ros2_ignition_thesis/my_sim_tesi_bringup) by extensions ['colcon_meta']
[0.388s] Level 1:colcon.colcon_core.package_identification:_identify(src/ros2_ignition_thesis/my_sim_tesi_bringup) by extension 'colcon_meta'
[0.388s] Level 1:colcon.colcon_core.package_identification:_identify(src/ros2_ignition_thesis/my_sim_tesi_bringup) by extensions ['ros']
[0.388s] Level 1:colcon.colcon_core.package_identification:_identify(src/ros2_ignition_thesis/my_sim_tesi_bringup) by extension 'ros'
[0.392s] DEBUG:colcon.colcon_core.package_identification:Package 'src/ros2_ignition_thesis/my_sim_tesi_bringup' with type 'ros.ament_cmake' and name 'my_sim_tesi_bringup'
[0.392s] Level 1:colcon.colcon_core.package_identification:_identify(src/ros2_ignition_thesis/my_sim_tesi_gazebo) by extensions ['ignore', 'ignore_ament_install']
[0.392s] Level 1:colcon.colcon_core.package_identification:_identify(src/ros2_ignition_thesis/my_sim_tesi_gazebo) by extension 'ignore'
[0.392s] Level 1:colcon.colcon_core.package_identification:_identify(src/ros2_ignition_thesis/my_sim_tesi_gazebo) by extension 'ignore_ament_install'
[0.392s] Level 1:colcon.colcon_core.package_identification:_identify(src/ros2_ignition_thesis/my_sim_tesi_gazebo) by extensions ['colcon_pkg']
[0.392s] Level 1:colcon.colcon_core.package_identification:_identify(src/ros2_ignition_thesis/my_sim_tesi_gazebo) by extension 'colcon_pkg'
[0.392s] Level 1:colcon.colcon_core.package_identification:_identify(src/ros2_ignition_thesis/my_sim_tesi_gazebo) by extensions ['colcon_meta']
[0.392s] Level 1:colcon.colcon_core.package_identification:_identify(src/ros2_ignition_thesis/my_sim_tesi_gazebo) by extension 'colcon_meta'
[0.392s] Level 1:colcon.colcon_core.package_identification:_identify(src/ros2_ignition_thesis/my_sim_tesi_gazebo) by extensions ['ros']
[0.392s] Level 1:colcon.colcon_core.package_identification:_identify(src/ros2_ignition_thesis/my_sim_tesi_gazebo) by extension 'ros'
[0.392s] DEBUG:colcon.colcon_core.package_identification:Package 'src/ros2_ignition_thesis/my_sim_tesi_gazebo' with type 'ros.ament_cmake' and name 'my_sim_tesi_gazebo'
[0.392s] Level 1:colcon.colcon_core.package_identification:_identify(src/ros2_ignition_thesis/my_sim_tesi_ros2_interfaces) by extensions ['ignore', 'ignore_ament_install']
[0.392s] Level 1:colcon.colcon_core.package_identification:_identify(src/ros2_ignition_thesis/my_sim_tesi_ros2_interfaces) by extension 'ignore'
[0.393s] Level 1:colcon.colcon_core.package_identification:_identify(src/ros2_ignition_thesis/my_sim_tesi_ros2_interfaces) by extension 'ignore_ament_install'
[0.393s] Level 1:colcon.colcon_core.package_identification:_identify(src/ros2_ignition_thesis/my_sim_tesi_ros2_interfaces) by extensions ['colcon_pkg']
[0.393s] Level 1:colcon.colcon_core.package_identification:_identify(src/ros2_ignition_thesis/my_sim_tesi_ros2_interfaces) by extension 'colcon_pkg'
[0.393s] Level 1:colcon.colcon_core.package_identification:_identify(src/ros2_ignition_thesis/my_sim_tesi_ros2_interfaces) by extensions ['colcon_meta']
[0.393s] Level 1:colcon.colcon_core.package_identification:_identify(src/ros2_ignition_thesis/my_sim_tesi_ros2_interfaces) by extension 'colcon_meta'
[0.393s] Level 1:colcon.colcon_core.package_identification:_identify(src/ros2_ignition_thesis/my_sim_tesi_ros2_interfaces) by extensions ['ros']
[0.393s] Level 1:colcon.colcon_core.package_identification:_identify(src/ros2_ignition_thesis/my_sim_tesi_ros2_interfaces) by extension 'ros'
[0.393s] DEBUG:colcon.colcon_core.package_identification:Package 'src/ros2_ignition_thesis/my_sim_tesi_ros2_interfaces' with type 'ros.ament_cmake' and name 'my_sim_tesi_ros2_interfaces'
[0.393s] Level 1:colcon.colcon_core.package_identification:_identify(src/ros2_ignition_thesis/my_sim_tesi_ros2_nodes) by extensions ['ignore', 'ignore_ament_install']
[0.393s] Level 1:colcon.colcon_core.package_identification:_identify(src/ros2_ignition_thesis/my_sim_tesi_ros2_nodes) by extension 'ignore'
[0.393s] Level 1:colcon.colcon_core.package_identification:_identify(src/ros2_ignition_thesis/my_sim_tesi_ros2_nodes) by extension 'ignore_ament_install'
[0.393s] Level 1:colcon.colcon_core.package_identification:_identify(src/ros2_ignition_thesis/my_sim_tesi_ros2_nodes) by extensions ['colcon_pkg']
[0.393s] Level 1:colcon.colcon_core.package_identification:_identify(src/ros2_ignition_thesis/my_sim_tesi_ros2_nodes) by extension 'colcon_pkg'
[0.393s] Level 1:colcon.colcon_core.package_identification:_identify(src/ros2_ignition_thesis/my_sim_tesi_ros2_nodes) by extensions ['colcon_meta']
[0.393s] Level 1:colcon.colcon_core.package_identification:_identify(src/ros2_ignition_thesis/my_sim_tesi_ros2_nodes) by extension 'colcon_meta'
[0.393s] Level 1:colcon.colcon_core.package_identification:_identify(src/ros2_ignition_thesis/my_sim_tesi_ros2_nodes) by extensions ['ros']
[0.393s] Level 1:colcon.colcon_core.package_identification:_identify(src/ros2_ignition_thesis/my_sim_tesi_ros2_nodes) by extension 'ros'
[0.394s] DEBUG:colcon.colcon_core.package_identification:Package 'src/ros2_ignition_thesis/my_sim_tesi_ros2_nodes' with type 'ros.ament_cmake' and name 'my_sim_tesi_ros2_nodes'
[0.394s] Level 1:colcon.colcon_core.package_identification:_identify(src/ros2_ignition_thesis/scripts) by extensions ['ignore', 'ignore_ament_install']
[0.394s] Level 1:colcon.colcon_core.package_identification:_identify(src/ros2_ignition_thesis/scripts) by extension 'ignore'
[0.394s] Level 1:colcon.colcon_core.package_identification:_identify(src/ros2_ignition_thesis/scripts) by extension 'ignore_ament_install'
[0.394s] Level 1:colcon.colcon_core.package_identification:_identify(src/ros2_ignition_thesis/scripts) by extensions ['colcon_pkg']
[0.394s] Level 1:colcon.colcon_core.package_identification:_identify(src/ros2_ignition_thesis/scripts) by extension 'colcon_pkg'
[0.394s] Level 1:colcon.colcon_core.package_identification:_identify(src/ros2_ignition_thesis/scripts) by extensions ['colcon_meta']
[0.394s] Level 1:colcon.colcon_core.package_identification:_identify(src/ros2_ignition_thesis/scripts) by extension 'colcon_meta'
[0.394s] Level 1:colcon.colcon_core.package_identification:_identify(src/ros2_ignition_thesis/scripts) by extensions ['ros']
[0.394s] Level 1:colcon.colcon_core.package_identification:_identify(src/ros2_ignition_thesis/scripts) by extension 'ros'
[0.394s] Level 1:colcon.colcon_core.package_identification:_identify(src/ros2_ignition_thesis/scripts) by extensions ['cmake', 'python']
[0.394s] Level 1:colcon.colcon_core.package_identification:_identify(src/ros2_ignition_thesis/scripts) by extension 'cmake'
[0.394s] Level 1:colcon.colcon_core.package_identification:_identify(src/ros2_ignition_thesis/scripts) by extension 'python'
[0.394s] Level 1:colcon.colcon_core.package_identification:_identify(src/ros2_ignition_thesis/scripts) by extensions ['python_setup_py']
[0.394s] Level 1:colcon.colcon_core.package_identification:_identify(src/ros2_ignition_thesis/scripts) by extension 'python_setup_py'
[0.394s] Level 1:colcon.colcon_core.package_discovery:discover_packages(recursive) using defaults
[0.394s] Level 1:colcon.colcon_core.package_discovery:discover_packages(ignore) discover
[0.394s] Level 1:colcon.colcon_core.package_discovery:discover_packages(ignore) using defaults
[0.394s] Level 1:colcon.colcon_core.package_discovery:discover_packages(path) discover
[0.394s] Level 1:colcon.colcon_core.package_discovery:discover_packages(path) using defaults
[0.416s] Level 1:colcon.colcon_core.package_discovery:discover_packages(prefix_path) check parameters
[0.416s] Level 1:colcon.colcon_core.package_discovery:discover_packages(prefix_path) discover
[0.418s] DEBUG:colcon.colcon_installed_package_information.package_discovery:Found 5 installed packages in /home/moonlab/ros2_ws/install
[0.419s] DEBUG:colcon.colcon_installed_package_information.package_discovery:Found 462 installed packages in /opt/ros/humble
[0.420s] Level 1:colcon.colcon_core.package_discovery:discover_packages(prefix_path) using defaults
[0.450s] Level 5:colcon.colcon_core.verb:set package 'my_sim_tesi_bringup' build argument 'cmake_args' from command line to 'None'
[0.450s] Level 5:colcon.colcon_core.verb:set package 'my_sim_tesi_bringup' build argument 'cmake_target' from command line to 'None'
[0.450s] Level 5:colcon.colcon_core.verb:set package 'my_sim_tesi_bringup' build argument 'cmake_target_skip_unavailable' from command line to 'False'
[0.450s] Level 5:colcon.colcon_core.verb:set package 'my_sim_tesi_bringup' build argument 'cmake_clean_cache' from command line to 'False'
[0.450s] Level 5:colcon.colcon_core.verb:set package 'my_sim_tesi_bringup' build argument 'cmake_clean_first' from command line to 'False'
[0.450s] Level 5:colcon.colcon_core.verb:set package 'my_sim_tesi_bringup' build argument 'cmake_force_configure' from command line to 'False'
[0.450s] Level 5:colcon.colcon_core.verb:set package 'my_sim_tesi_bringup' build argument 'ament_cmake_args' from command line to 'None'
[0.450s] Level 5:colcon.colcon_core.verb:set package 'my_sim_tesi_bringup' build argument 'catkin_cmake_args' from command line to 'None'
[0.450s] Level 5:colcon.colcon_core.verb:set package 'my_sim_tesi_bringup' build argument 'catkin_skip_building_tests' from command line to 'False'
[0.450s] DEBUG:colcon.colcon_core.verb:Building package 'my_sim_tesi_bringup' with the following arguments: {'ament_cmake_args': None, 'build_base': '/home/moonlab/ros2_ws/build/my_sim_tesi_bringup', 'catkin_cmake_args': None, 'catkin_skip_building_tests': False, 'cmake_args': None, 'cmake_clean_cache': False, 'cmake_clean_first': False, 'cmake_force_configure': False, 'cmake_target': None, 'cmake_target_skip_unavailable': False, 'install_base': '/home/moonlab/ros2_ws/install/my_sim_tesi_bringup', 'merge_install': False, 'path': '/home/moonlab/ros2_ws/src/ros2_ignition_thesis/my_sim_tesi_bringup', 'symlink_install': False, 'test_result_base': None}
[0.450s] Level 5:colcon.colcon_core.verb:set package 'my_sim_tesi_gazebo' build argument 'cmake_args' from command line to 'None'
[0.450s] Level 5:colcon.colcon_core.verb:set package 'my_sim_tesi_gazebo' build argument 'cmake_target' from command line to 'None'
[0.450s] Level 5:colcon.colcon_core.verb:set package 'my_sim_tesi_gazebo' build argument 'cmake_target_skip_unavailable' from command line to 'False'
[0.450s] Level 5:colcon.colcon_core.verb:set package 'my_sim_tesi_gazebo' build argument 'cmake_clean_cache' from command line to 'False'
[0.450s] Level 5:colcon.colcon_core.verb:set package 'my_sim_tesi_gazebo' build argument 'cmake_clean_first' from command line to 'False'
[0.450s] Level 5:colcon.colcon_core.verb:set package 'my_sim_tesi_gazebo' build argument 'cmake_force_configure' from command line to 'False'
[0.450s] Level 5:colcon.colcon_core.verb:set package 'my_sim_tesi_gazebo' build argument 'ament_cmake_args' from command line to 'None'
[0.450s] Level 5:colcon.colcon_core.verb:set package 'my_sim_tesi_gazebo' build argument 'catkin_cmake_args' from command line to 'None'
[0.450s] Level 5:colcon.colcon_core.verb:set package 'my_sim_tesi_gazebo' build argument 'catkin_skip_building_tests' from command line to 'False'
[0.450s] DEBUG:colcon.colcon_core.verb:Building package 'my_sim_tesi_gazebo' with the following arguments: {'ament_cmake_args': None, 'build_base': '/home/moonlab/ros2_ws/build/my_sim_tesi_gazebo', 'catkin_cmake_args': None, 'catkin_skip_building_tests': False, 'cmake_args': None, 'cmake_clean_cache': False, 'cmake_clean_first': False, 'cmake_force_configure': False, 'cmake_target': None, 'cmake_target_skip_unavailable': False, 'install_base': '/home/moonlab/ros2_ws/install/my_sim_tesi_gazebo', 'merge_install': False, 'path': '/home/moonlab/ros2_ws/src/ros2_ignition_thesis/my_sim_tesi_gazebo', 'symlink_install': False, 'test_result_base': None}
[0.450s] Level 5:colcon.colcon_core.verb:set package 'my_sim_tesi_ros2_interfaces' build argument 'cmake_args' from command line to 'None'
[0.450s] Level 5:colcon.colcon_core.verb:set package 'my_sim_tesi_ros2_interfaces' build argument 'cmake_target' from command line to 'None'
[0.450s] Level 5:colcon.colcon_core.verb:set package 'my_sim_tesi_ros2_interfaces' build argument 'cmake_target_skip_unavailable' from command line to 'False'
[0.450s] Level 5:colcon.colcon_core.verb:set package 'my_sim_tesi_ros2_interfaces' build argument 'cmake_clean_cache' from command line to 'False'
[0.450s] Level 5:colcon.colcon_core.verb:set package 'my_sim_tesi_ros2_interfaces' build argument 'cmake_clean_first' from command line to 'False'
[0.450s] Level 5:colcon.colcon_core.verb:set package 'my_sim_tesi_ros2_interfaces' build argument 'cmake_force_configure' from command line to 'False'
[0.450s] Level 5:colcon.colcon_core.verb:set package 'my_sim_tesi_ros2_interfaces' build argument 'ament_cmake_args' from command line to 'None'
[0.450s] Level 5:colcon.colcon_core.verb:set package 'my_sim_tesi_ros2_interfaces' build argument 'catkin_cmake_args' from command line to 'None'
[0.450s] Level 5:colcon.colcon_core.verb:set package 'my_sim_tesi_ros2_interfaces' build argument 'catkin_skip_building_tests' from command line to 'False'
[0.450s] DEBUG:colcon.colcon_core.verb:Building package 'my_sim_tesi_ros2_interfaces' with the following arguments: {'ament_cmake_args': None, 'build_base': '/home/moonlab/ros2_ws/build/my_sim_tesi_ros2_interfaces', 'catkin_cmake_args': None, 'catkin_skip_building_tests': False, 'cmake_args': None, 'cmake_clean_cache': False, 'cmake_clean_first': False, 'cmake_force_configure': False, 'cmake_target': None, 'cmake_target_skip_unavailable': False, 'install_base': '/home/moonlab/ros2_ws/install/my_sim_tesi_ros2_interfaces', 'merge_install': False, 'path': '/home/moonlab/ros2_ws/src/ros2_ignition_thesis/my_sim_tesi_ros2_interfaces', 'symlink_install': False, 'test_result_base': None}
[0.450s] Level 5:colcon.colcon_core.verb:set package 'my_sim_tesi_ros2_nodes' build argument 'cmake_args' from command line to 'None'
[0.451s] Level 5:colcon.colcon_core.verb:set package 'my_sim_tesi_ros2_nodes' build argument 'cmake_target' from command line to 'None'
[0.451s] Level 5:colcon.colcon_core.verb:set package 'my_sim_tesi_ros2_nodes' build argument 'cmake_target_skip_unavailable' from command line to 'False'
[0.451s] Level 5:colcon.colcon_core.verb:set package 'my_sim_tesi_ros2_nodes' build argument 'cmake_clean_cache' from command line to 'False'
[0.451s] Level 5:colcon.colcon_core.verb:set package 'my_sim_tesi_ros2_nodes' build argument 'cmake_clean_first' from command line to 'False'
[0.451s] Level 5:colcon.colcon_core.verb:set package 'my_sim_tesi_ros2_nodes' build argument 'cmake_force_configure' from command line to 'False'
[0.451s] Level 5:colcon.colcon_core.verb:set package 'my_sim_tesi_ros2_nodes' build argument 'ament_cmake_args' from command line to 'None'
[0.451s] Level 5:colcon.colcon_core.verb:set package 'my_sim_tesi_ros2_nodes' build argument 'catkin_cmake_args' from command line to 'None'
[0.451s] Level 5:colcon.colcon_core.verb:set package 'my_sim_tesi_ros2_nodes' build argument 'catkin_skip_building_tests' from command line to 'False'
[0.451s] DEBUG:colcon.colcon_core.verb:Building package 'my_sim_tesi_ros2_nodes' with the following arguments: {'ament_cmake_args': None, 'build_base': '/home/moonlab/ros2_ws/build/my_sim_tesi_ros2_nodes', 'catkin_cmake_args': None, 'catkin_skip_building_tests': False, 'cmake_args': None, 'cmake_clean_cache': False, 'cmake_clean_first': False, 'cmake_force_configure': False, 'cmake_target': None, 'cmake_target_skip_unavailable': False, 'install_base': '/home/moonlab/ros2_ws/install/my_sim_tesi_ros2_nodes', 'merge_install': False, 'path': '/home/moonlab/ros2_ws/src/ros2_ignition_thesis/my_sim_tesi_ros2_nodes', 'symlink_install': False, 'test_result_base': None}
[0.451s] INFO:colcon.colcon_core.executor:Executing jobs using 'parallel' executor
[0.451s] DEBUG:colcon.colcon_parallel_executor.executor.parallel:run_until_complete
[0.451s] INFO:colcon.colcon_ros.task.ament_cmake.build:Building ROS package in '/home/moonlab/ros2_ws/src/ros2_ignition_thesis/my_sim_tesi_ros2_interfaces' with build type 'ament_cmake'
[0.451s] INFO:colcon.colcon_cmake.task.cmake.build:Building CMake package in '/home/moonlab/ros2_ws/src/ros2_ignition_thesis/my_sim_tesi_ros2_interfaces'
[0.453s] INFO:colcon.colcon_core.plugin_system:Skipping extension 'colcon_core.shell.bat': Not used on non-Windows systems
[0.453s] INFO:colcon.colcon_core.shell:Skip shell extension 'powershell' for command environment: Not usable outside of PowerShell
[0.453s] DEBUG:colcon.colcon_core.shell:Skip shell extension 'dsv' for command environment
[0.456s] INFO:colcon.colcon_ros.task.ament_cmake.build:Building ROS package in '/home/moonlab/ros2_ws/src/ros2_ignition_thesis/my_sim_tesi_bringup' with build type 'ament_cmake'
[0.456s] INFO:colcon.colcon_cmake.task.cmake.build:Building CMake package in '/home/moonlab/ros2_ws/src/ros2_ignition_thesis/my_sim_tesi_bringup'
[0.456s] INFO:colcon.colcon_core.shell:Skip shell extension 'powershell' for command environment: Not usable outside of PowerShell
[0.456s] DEBUG:colcon.colcon_core.shell:Skip shell extension 'dsv' for command environment
[0.459s] INFO:colcon.colcon_ros.task.ament_cmake.build:Building ROS package in '/home/moonlab/ros2_ws/src/ros2_ignition_thesis/my_sim_tesi_gazebo' with build type 'ament_cmake'
[0.459s] INFO:colcon.colcon_cmake.task.cmake.build:Building CMake package in '/home/moonlab/ros2_ws/src/ros2_ignition_thesis/my_sim_tesi_gazebo'
[0.459s] INFO:colcon.colcon_core.shell:Skip shell extension 'powershell' for command environment: Not usable outside of PowerShell
[0.459s] DEBUG:colcon.colcon_core.shell:Skip shell extension 'dsv' for command environment
[0.464s] DEBUG:colcon.colcon_core.event_handler.log_command:Invoking command in '/home/moonlab/ros2_ws/build/my_sim_tesi_ros2_interfaces': CMAKE_PREFIX_PATH=${CMAKE_PREFIX_PATH}:/opt/ros/humble /usr/bin/cmake --build /home/moonlab/ros2_ws/build/my_sim_tesi_ros2_interfaces -- -j24 -l24
[0.466s] DEBUG:colcon.colcon_core.event_handler.log_command:Invoking command in '/home/moonlab/ros2_ws/build/my_sim_tesi_bringup': CMAKE_PREFIX_PATH=${CMAKE_PREFIX_PATH}:/opt/ros/humble /usr/bin/cmake --build /home/moonlab/ros2_ws/build/my_sim_tesi_bringup -- -j24 -l24
[0.468s] DEBUG:colcon.colcon_core.event_handler.log_command:Invoking command in '/home/moonlab/ros2_ws/build/my_sim_tesi_gazebo': CMAKE_PREFIX_PATH=${CMAKE_PREFIX_PATH}:/opt/ros/humble /usr/bin/cmake --build /home/moonlab/ros2_ws/build/my_sim_tesi_gazebo -- -j24 -l24
[0.509s] DEBUG:colcon.colcon_core.event_handler.log_command:Invoked command in '/home/moonlab/ros2_ws/build/my_sim_tesi_bringup' returned '0': CMAKE_PREFIX_PATH=${CMAKE_PREFIX_PATH}:/opt/ros/humble /usr/bin/cmake --build /home/moonlab/ros2_ws/build/my_sim_tesi_bringup -- -j24 -l24
[0.515s] DEBUG:colcon.colcon_core.event_handler.log_command:Invoking command in '/home/moonlab/ros2_ws/build/my_sim_tesi_bringup': CMAKE_PREFIX_PATH=${CMAKE_PREFIX_PATH}:/opt/ros/humble /usr/bin/cmake --install /home/moonlab/ros2_ws/build/my_sim_tesi_bringup
[0.515s] DEBUG:colcon.colcon_core.event_handler.log_command:Invoked command in '/home/moonlab/ros2_ws/build/my_sim_tesi_gazebo' returned '0': CMAKE_PREFIX_PATH=${CMAKE_PREFIX_PATH}:/opt/ros/humble /usr/bin/cmake --build /home/moonlab/ros2_ws/build/my_sim_tesi_gazebo -- -j24 -l24
[0.517s] DEBUG:colcon.colcon_core.event_handler.log_command:Invoking command in '/home/moonlab/ros2_ws/build/my_sim_tesi_gazebo': CMAKE_PREFIX_PATH=${CMAKE_PREFIX_PATH}:/opt/ros/humble /usr/bin/cmake --install /home/moonlab/ros2_ws/build/my_sim_tesi_gazebo
[0.530s] Level 1:colcon.colcon_core.environment:create_environment_scripts_only(my_sim_tesi_bringup)
[0.531s] DEBUG:colcon.colcon_core.event_handler.log_command:Invoked command in '/home/moonlab/ros2_ws/build/my_sim_tesi_bringup' returned '0': CMAKE_PREFIX_PATH=${CMAKE_PREFIX_PATH}:/opt/ros/humble /usr/bin/cmake --install /home/moonlab/ros2_ws/build/my_sim_tesi_bringup
[0.538s] Level 1:colcon.colcon_core.environment:checking '/home/moonlab/ros2_ws/install/my_sim_tesi_bringup' for CMake module files
[0.540s] Level 1:colcon.colcon_core.environment:checking '/home/moonlab/ros2_ws/install/my_sim_tesi_bringup' for CMake config files
[0.545s] Level 1:colcon.colcon_core.shell:create_environment_hook('my_sim_tesi_bringup', 'cmake_prefix_path')
[0.545s] INFO:colcon.colcon_core.shell:Creating environment hook '/home/moonlab/ros2_ws/install/my_sim_tesi_bringup/share/my_sim_tesi_bringup/hook/cmake_prefix_path.ps1'
[0.546s] INFO:colcon.colcon_core.shell:Creating environment descriptor '/home/moonlab/ros2_ws/install/my_sim_tesi_bringup/share/my_sim_tesi_bringup/hook/cmake_prefix_path.dsv'
[0.547s] INFO:colcon.colcon_core.shell:Creating environment hook '/home/moonlab/ros2_ws/install/my_sim_tesi_bringup/share/my_sim_tesi_bringup/hook/cmake_prefix_path.sh'
[0.548s] Level 1:colcon.colcon_core.environment:checking '/home/moonlab/ros2_ws/install/my_sim_tesi_bringup/bin'
[0.548s] Level 1:colcon.colcon_core.environment:checking '/home/moonlab/ros2_ws/install/my_sim_tesi_bringup/lib/pkgconfig/my_sim_tesi_bringup.pc'
[0.548s] Level 1:colcon.colcon_core.environment:checking '/home/moonlab/ros2_ws/install/my_sim_tesi_bringup/lib/python3.10/site-packages'
[0.549s] Level 1:colcon.colcon_core.environment:checking '/home/moonlab/ros2_ws/install/my_sim_tesi_bringup/bin'
[0.549s] INFO:colcon.colcon_core.shell:Creating package script '/home/moonlab/ros2_ws/install/my_sim_tesi_bringup/share/my_sim_tesi_bringup/package.ps1'
[0.550s] INFO:colcon.colcon_core.shell:Creating package descriptor '/home/moonlab/ros2_ws/install/my_sim_tesi_bringup/share/my_sim_tesi_bringup/package.dsv'
[0.550s] INFO:colcon.colcon_core.shell:Creating package script '/home/moonlab/ros2_ws/install/my_sim_tesi_bringup/share/my_sim_tesi_bringup/package.sh'
[0.552s] INFO:colcon.colcon_core.shell:Creating package script '/home/moonlab/ros2_ws/install/my_sim_tesi_bringup/share/my_sim_tesi_bringup/package.bash'
[0.553s] INFO:colcon.colcon_core.shell:Creating package script '/home/moonlab/ros2_ws/install/my_sim_tesi_bringup/share/my_sim_tesi_bringup/package.zsh'
[0.554s] Level 1:colcon.colcon_core.environment:create_file_with_runtime_dependencies(/home/moonlab/ros2_ws/install/my_sim_tesi_bringup/share/colcon-core/packages/my_sim_tesi_bringup)
[0.555s] Level 1:colcon.colcon_core.environment:create_environment_scripts_only(my_sim_tesi_bringup)
[0.555s] Level 1:colcon.colcon_core.environment:checking '/home/moonlab/ros2_ws/install/my_sim_tesi_bringup' for CMake module files
[0.556s] Level 1:colcon.colcon_core.environment:checking '/home/moonlab/ros2_ws/install/my_sim_tesi_bringup' for CMake config files
[0.558s] Level 1:colcon.colcon_core.shell:create_environment_hook('my_sim_tesi_bringup', 'cmake_prefix_path')
[0.558s] INFO:colcon.colcon_core.shell:Creating environment hook '/home/moonlab/ros2_ws/install/my_sim_tesi_bringup/share/my_sim_tesi_bringup/hook/cmake_prefix_path.ps1'
[0.559s] INFO:colcon.colcon_core.shell:Creating environment descriptor '/home/moonlab/ros2_ws/install/my_sim_tesi_bringup/share/my_sim_tesi_bringup/hook/cmake_prefix_path.dsv'
[0.560s] INFO:colcon.colcon_core.shell:Creating environment hook '/home/moonlab/ros2_ws/install/my_sim_tesi_bringup/share/my_sim_tesi_bringup/hook/cmake_prefix_path.sh'
[0.560s] Level 1:colcon.colcon_core.environment:checking '/home/moonlab/ros2_ws/install/my_sim_tesi_bringup/bin'
[0.560s] Level 1:colcon.colcon_core.environment:checking '/home/moonlab/ros2_ws/install/my_sim_tesi_bringup/lib/pkgconfig/my_sim_tesi_bringup.pc'
[0.560s] Level 1:colcon.colcon_core.environment:checking '/home/moonlab/ros2_ws/install/my_sim_tesi_bringup/lib/python3.10/site-packages'
[0.561s] Level 1:colcon.colcon_core.environment:checking '/home/moonlab/ros2_ws/install/my_sim_tesi_bringup/bin'
[0.561s] INFO:colcon.colcon_core.shell:Creating package script '/home/moonlab/ros2_ws/install/my_sim_tesi_bringup/share/my_sim_tesi_bringup/package.ps1'
[0.561s] INFO:colcon.colcon_core.shell:Creating package descriptor '/home/moonlab/ros2_ws/install/my_sim_tesi_bringup/share/my_sim_tesi_bringup/package.dsv'
[0.561s] INFO:colcon.colcon_core.shell:Creating package script '/home/moonlab/ros2_ws/install/my_sim_tesi_bringup/share/my_sim_tesi_bringup/package.sh'
[0.562s] INFO:colcon.colcon_core.shell:Creating package script '/home/moonlab/ros2_ws/install/my_sim_tesi_bringup/share/my_sim_tesi_bringup/package.bash'
[0.562s] INFO:colcon.colcon_core.shell:Creating package script '/home/moonlab/ros2_ws/install/my_sim_tesi_bringup/share/my_sim_tesi_bringup/package.zsh'
[0.562s] Level 1:colcon.colcon_core.environment:create_file_with_runtime_dependencies(/home/moonlab/ros2_ws/install/my_sim_tesi_bringup/share/colcon-core/packages/my_sim_tesi_bringup)
[0.597s] Level 1:colcon.colcon_core.environment:create_environment_scripts_only(my_sim_tesi_gazebo)
[0.598s] Level 1:colcon.colcon_core.environment:checking '/home/moonlab/ros2_ws/install/my_sim_tesi_gazebo' for CMake module files
[0.598s] DEBUG:colcon.colcon_core.event_handler.log_command:Invoked command in '/home/moonlab/ros2_ws/build/my_sim_tesi_gazebo' returned '0': CMAKE_PREFIX_PATH=${CMAKE_PREFIX_PATH}:/opt/ros/humble /usr/bin/cmake --install /home/moonlab/ros2_ws/build/my_sim_tesi_gazebo
[0.598s] Level 1:colcon.colcon_core.environment:checking '/home/moonlab/ros2_ws/install/my_sim_tesi_gazebo' for CMake config files
[0.598s] Level 1:colcon.colcon_core.shell:create_environment_hook('my_sim_tesi_gazebo', 'cmake_prefix_path')
[0.599s] INFO:colcon.colcon_core.shell:Creating environment hook '/home/moonlab/ros2_ws/install/my_sim_tesi_gazebo/share/my_sim_tesi_gazebo/hook/cmake_prefix_path.ps1'
[0.599s] INFO:colcon.colcon_core.shell:Creating environment descriptor '/home/moonlab/ros2_ws/install/my_sim_tesi_gazebo/share/my_sim_tesi_gazebo/hook/cmake_prefix_path.dsv'
[0.599s] INFO:colcon.colcon_core.shell:Creating environment hook '/home/moonlab/ros2_ws/install/my_sim_tesi_gazebo/share/my_sim_tesi_gazebo/hook/cmake_prefix_path.sh'
[0.600s] Level 1:colcon.colcon_core.environment:checking '/home/moonlab/ros2_ws/install/my_sim_tesi_gazebo/bin'
[0.600s] Level 1:colcon.colcon_core.environment:checking '/home/moonlab/ros2_ws/install/my_sim_tesi_gazebo/lib/pkgconfig/my_sim_tesi_gazebo.pc'
[0.600s] Level 1:colcon.colcon_core.environment:checking '/home/moonlab/ros2_ws/install/my_sim_tesi_gazebo/lib/python3.10/site-packages'
[0.600s] Level 1:colcon.colcon_core.environment:checking '/home/moonlab/ros2_ws/install/my_sim_tesi_gazebo/bin'
[0.600s] INFO:colcon.colcon_core.shell:Creating package script '/home/moonlab/ros2_ws/install/my_sim_tesi_gazebo/share/my_sim_tesi_gazebo/package.ps1'
[0.600s] INFO:colcon.colcon_core.shell:Creating package descriptor '/home/moonlab/ros2_ws/install/my_sim_tesi_gazebo/share/my_sim_tesi_gazebo/package.dsv'
[0.601s] INFO:colcon.colcon_core.shell:Creating package script '/home/moonlab/ros2_ws/install/my_sim_tesi_gazebo/share/my_sim_tesi_gazebo/package.sh'
[0.601s] INFO:colcon.colcon_core.shell:Creating package script '/home/moonlab/ros2_ws/install/my_sim_tesi_gazebo/share/my_sim_tesi_gazebo/package.bash'
[0.601s] INFO:colcon.colcon_core.shell:Creating package script '/home/moonlab/ros2_ws/install/my_sim_tesi_gazebo/share/my_sim_tesi_gazebo/package.zsh'
[0.601s] Level 1:colcon.colcon_core.environment:create_file_with_runtime_dependencies(/home/moonlab/ros2_ws/install/my_sim_tesi_gazebo/share/colcon-core/packages/my_sim_tesi_gazebo)
[0.602s] Level 1:colcon.colcon_core.environment:create_environment_scripts_only(my_sim_tesi_gazebo)
[0.602s] Level 1:colcon.colcon_core.environment:checking '/home/moonlab/ros2_ws/install/my_sim_tesi_gazebo' for CMake module files
[0.602s] Level 1:colcon.colcon_core.environment:checking '/home/moonlab/ros2_ws/install/my_sim_tesi_gazebo' for CMake config files
[0.602s] Level 1:colcon.colcon_core.shell:create_environment_hook('my_sim_tesi_gazebo', 'cmake_prefix_path')
[0.602s] INFO:colcon.colcon_core.shell:Creating environment hook '/home/moonlab/ros2_ws/install/my_sim_tesi_gazebo/share/my_sim_tesi_gazebo/hook/cmake_prefix_path.ps1'
[0.602s] INFO:colcon.colcon_core.shell:Creating environment descriptor '/home/moonlab/ros2_ws/install/my_sim_tesi_gazebo/share/my_sim_tesi_gazebo/hook/cmake_prefix_path.dsv'
[0.603s] INFO:colcon.colcon_core.shell:Creating environment hook '/home/moonlab/ros2_ws/install/my_sim_tesi_gazebo/share/my_sim_tesi_gazebo/hook/cmake_prefix_path.sh'
[0.603s] Level 1:colcon.colcon_core.environment:checking '/home/moonlab/ros2_ws/install/my_sim_tesi_gazebo/bin'
[0.603s] Level 1:colcon.colcon_core.environment:checking '/home/moonlab/ros2_ws/install/my_sim_tesi_gazebo/lib/pkgconfig/my_sim_tesi_gazebo.pc'
[0.603s] Level 1:colcon.colcon_core.environment:checking '/home/moonlab/ros2_ws/install/my_sim_tesi_gazebo/lib/python3.10/site-packages'
[0.603s] Level 1:colcon.colcon_core.environment:checking '/home/moonlab/ros2_ws/install/my_sim_tesi_gazebo/bin'
[0.603s] INFO:colcon.colcon_core.shell:Creating package script '/home/moonlab/ros2_ws/install/my_sim_tesi_gazebo/share/my_sim_tesi_gazebo/package.ps1'
[0.604s] INFO:colcon.colcon_core.shell:Creating package descriptor '/home/moonlab/ros2_ws/install/my_sim_tesi_gazebo/share/my_sim_tesi_gazebo/package.dsv'
[0.604s] INFO:colcon.colcon_core.shell:Creating package script '/home/moonlab/ros2_ws/install/my_sim_tesi_gazebo/share/my_sim_tesi_gazebo/package.sh'
[0.604s] INFO:colcon.colcon_core.shell:Creating package script '/home/moonlab/ros2_ws/install/my_sim_tesi_gazebo/share/my_sim_tesi_gazebo/package.bash'
[0.604s] INFO:colcon.colcon_core.shell:Creating package script '/home/moonlab/ros2_ws/install/my_sim_tesi_gazebo/share/my_sim_tesi_gazebo/package.zsh'
[0.604s] Level 1:colcon.colcon_core.environment:create_file_with_runtime_dependencies(/home/moonlab/ros2_ws/install/my_sim_tesi_gazebo/share/colcon-core/packages/my_sim_tesi_gazebo)
[0.882s] DEBUG:colcon.colcon_core.event_handler.log_command:Invoked command in '/home/moonlab/ros2_ws/build/my_sim_tesi_ros2_interfaces' returned '0': CMAKE_PREFIX_PATH=${CMAKE_PREFIX_PATH}:/opt/ros/humble /usr/bin/cmake --build /home/moonlab/ros2_ws/build/my_sim_tesi_ros2_interfaces -- -j24 -l24
[0.883s] DEBUG:colcon.colcon_core.event_handler.log_command:Invoking command in '/home/moonlab/ros2_ws/build/my_sim_tesi_ros2_interfaces': CMAKE_PREFIX_PATH=${CMAKE_PREFIX_PATH}:/opt/ros/humble /usr/bin/cmake --install /home/moonlab/ros2_ws/build/my_sim_tesi_ros2_interfaces
[0.931s] Level 1:colcon.colcon_core.environment:create_environment_scripts_only(my_sim_tesi_ros2_interfaces)
[0.931s] Level 1:colcon.colcon_core.environment:checking '/home/moonlab/ros2_ws/install/my_sim_tesi_ros2_interfaces' for CMake module files
[0.932s] DEBUG:colcon.colcon_core.event_handler.log_command:Invoked command in '/home/moonlab/ros2_ws/build/my_sim_tesi_ros2_interfaces' returned '0': CMAKE_PREFIX_PATH=${CMAKE_PREFIX_PATH}:/opt/ros/humble /usr/bin/cmake --install /home/moonlab/ros2_ws/build/my_sim_tesi_ros2_interfaces
[0.932s] Level 1:colcon.colcon_core.environment:checking '/home/moonlab/ros2_ws/install/my_sim_tesi_ros2_interfaces' for CMake config files
[0.932s] Level 1:colcon.colcon_core.shell:create_environment_hook('my_sim_tesi_ros2_interfaces', 'cmake_prefix_path')
[0.933s] INFO:colcon.colcon_core.shell:Creating environment hook '/home/moonlab/ros2_ws/install/my_sim_tesi_ros2_interfaces/share/my_sim_tesi_ros2_interfaces/hook/cmake_prefix_path.ps1'
[0.933s] INFO:colcon.colcon_core.shell:Creating environment descriptor '/home/moonlab/ros2_ws/install/my_sim_tesi_ros2_interfaces/share/my_sim_tesi_ros2_interfaces/hook/cmake_prefix_path.dsv'
[0.933s] INFO:colcon.colcon_core.shell:Creating environment hook '/home/moonlab/ros2_ws/install/my_sim_tesi_ros2_interfaces/share/my_sim_tesi_ros2_interfaces/hook/cmake_prefix_path.sh'
[0.934s] Level 1:colcon.colcon_core.environment:checking '/home/moonlab/ros2_ws/install/my_sim_tesi_ros2_interfaces/lib'
[0.934s] Level 1:colcon.colcon_core.shell:create_environment_hook('my_sim_tesi_ros2_interfaces', 'ld_library_path_lib')
[0.934s] INFO:colcon.colcon_core.shell:Creating environment hook '/home/moonlab/ros2_ws/install/my_sim_tesi_ros2_interfaces/share/my_sim_tesi_ros2_interfaces/hook/ld_library_path_lib.ps1'
[0.934s] INFO:colcon.colcon_core.shell:Creating environment descriptor '/home/moonlab/ros2_ws/install/my_sim_tesi_ros2_interfaces/share/my_sim_tesi_ros2_interfaces/hook/ld_library_path_lib.dsv'
[0.934s] INFO:colcon.colcon_core.shell:Creating environment hook '/home/moonlab/ros2_ws/install/my_sim_tesi_ros2_interfaces/share/my_sim_tesi_ros2_interfaces/hook/ld_library_path_lib.sh'
[0.934s] Level 1:colcon.colcon_core.environment:checking '/home/moonlab/ros2_ws/install/my_sim_tesi_ros2_interfaces/bin'
[0.934s] Level 1:colcon.colcon_core.environment:checking '/home/moonlab/ros2_ws/install/my_sim_tesi_ros2_interfaces/lib/pkgconfig/my_sim_tesi_ros2_interfaces.pc'
[0.935s] Level 1:colcon.colcon_core.environment:checking '/home/moonlab/ros2_ws/install/my_sim_tesi_ros2_interfaces/lib/python3.10/site-packages'
[0.935s] Level 1:colcon.colcon_core.environment:checking '/home/moonlab/ros2_ws/install/my_sim_tesi_ros2_interfaces/bin'
[0.935s] INFO:colcon.colcon_core.shell:Creating package script '/home/moonlab/ros2_ws/install/my_sim_tesi_ros2_interfaces/share/my_sim_tesi_ros2_interfaces/package.ps1'
[0.935s] INFO:colcon.colcon_core.shell:Creating package descriptor '/home/moonlab/ros2_ws/install/my_sim_tesi_ros2_interfaces/share/my_sim_tesi_ros2_interfaces/package.dsv'
[0.935s] INFO:colcon.colcon_core.shell:Creating package script '/home/moonlab/ros2_ws/install/my_sim_tesi_ros2_interfaces/share/my_sim_tesi_ros2_interfaces/package.sh'
[0.936s] INFO:colcon.colcon_core.shell:Creating package script '/home/moonlab/ros2_ws/install/my_sim_tesi_ros2_interfaces/share/my_sim_tesi_ros2_interfaces/package.bash'
[0.936s] INFO:colcon.colcon_core.shell:Creating package script '/home/moonlab/ros2_ws/install/my_sim_tesi_ros2_interfaces/share/my_sim_tesi_ros2_interfaces/package.zsh'
[0.936s] Level 1:colcon.colcon_core.environment:create_file_with_runtime_dependencies(/home/moonlab/ros2_ws/install/my_sim_tesi_ros2_interfaces/share/colcon-core/packages/my_sim_tesi_ros2_interfaces)
[0.936s] Level 1:colcon.colcon_core.environment:create_environment_scripts_only(my_sim_tesi_ros2_interfaces)
[0.936s] Level 1:colcon.colcon_core.environment:checking '/home/moonlab/ros2_ws/install/my_sim_tesi_ros2_interfaces' for CMake module files
[0.937s] Level 1:colcon.colcon_core.environment:checking '/home/moonlab/ros2_ws/install/my_sim_tesi_ros2_interfaces' for CMake config files
[0.937s] Level 1:colcon.colcon_core.shell:create_environment_hook('my_sim_tesi_ros2_interfaces', 'cmake_prefix_path')
[0.937s] INFO:colcon.colcon_core.shell:Creating environment hook '/home/moonlab/ros2_ws/install/my_sim_tesi_ros2_interfaces/share/my_sim_tesi_ros2_interfaces/hook/cmake_prefix_path.ps1'
[0.938s] INFO:colcon.colcon_core.shell:Creating environment descriptor '/home/moonlab/ros2_ws/install/my_sim_tesi_ros2_interfaces/share/my_sim_tesi_ros2_interfaces/hook/cmake_prefix_path.dsv'
[0.938s] INFO:colcon.colcon_core.shell:Creating environment hook '/home/moonlab/ros2_ws/install/my_sim_tesi_ros2_interfaces/share/my_sim_tesi_ros2_interfaces/hook/cmake_prefix_path.sh'
[0.938s] Level 1:colcon.colcon_core.environment:checking '/home/moonlab/ros2_ws/install/my_sim_tesi_ros2_interfaces/lib'
[0.938s] Level 1:colcon.colcon_core.shell:create_environment_hook('my_sim_tesi_ros2_interfaces', 'ld_library_path_lib')
[0.938s] INFO:colcon.colcon_core.shell:Creating environment hook '/home/moonlab/ros2_ws/install/my_sim_tesi_ros2_interfaces/share/my_sim_tesi_ros2_interfaces/hook/ld_library_path_lib.ps1'
[0.938s] INFO:colcon.colcon_core.shell:Creating environment descriptor '/home/moonlab/ros2_ws/install/my_sim_tesi_ros2_interfaces/share/my_sim_tesi_ros2_interfaces/hook/ld_library_path_lib.dsv'
[0.938s] INFO:colcon.colcon_core.shell:Creating environment hook '/home/moonlab/ros2_ws/install/my_sim_tesi_ros2_interfaces/share/my_sim_tesi_ros2_interfaces/hook/ld_library_path_lib.sh'
[0.939s] Level 1:colcon.colcon_core.environment:checking '/home/moonlab/ros2_ws/install/my_sim_tesi_ros2_interfaces/bin'
[0.939s] Level 1:colcon.colcon_core.environment:checking '/home/moonlab/ros2_ws/install/my_sim_tesi_ros2_interfaces/lib/pkgconfig/my_sim_tesi_ros2_interfaces.pc'
[0.939s] Level 1:colcon.colcon_core.environment:checking '/home/moonlab/ros2_ws/install/my_sim_tesi_ros2_interfaces/lib/python3.10/site-packages'
[0.939s] Level 1:colcon.colcon_core.environment:checking '/home/moonlab/ros2_ws/install/my_sim_tesi_ros2_interfaces/bin'
[0.939s] INFO:colcon.colcon_core.shell:Creating package script '/home/moonlab/ros2_ws/install/my_sim_tesi_ros2_interfaces/share/my_sim_tesi_ros2_interfaces/package.ps1'
[0.939s] INFO:colcon.colcon_core.shell:Creating package descriptor '/home/moonlab/ros2_ws/install/my_sim_tesi_ros2_interfaces/share/my_sim_tesi_ros2_interfaces/package.dsv'
[0.940s] INFO:colcon.colcon_core.shell:Creating package script '/home/moonlab/ros2_ws/install/my_sim_tesi_ros2_interfaces/share/my_sim_tesi_ros2_interfaces/package.sh'
[0.940s] INFO:colcon.colcon_core.shell:Creating package script '/home/moonlab/ros2_ws/install/my_sim_tesi_ros2_interfaces/share/my_sim_tesi_ros2_interfaces/package.bash'
[0.940s] INFO:colcon.colcon_core.shell:Creating package script '/home/moonlab/ros2_ws/install/my_sim_tesi_ros2_interfaces/share/my_sim_tesi_ros2_interfaces/package.zsh'
[0.940s] Level 1:colcon.colcon_core.environment:create_file_with_runtime_dependencies(/home/moonlab/ros2_ws/install/my_sim_tesi_ros2_interfaces/share/colcon-core/packages/my_sim_tesi_ros2_interfaces)
[0.941s] INFO:colcon.colcon_ros.task.ament_cmake.build:Building ROS package in '/home/moonlab/ros2_ws/src/ros2_ignition_thesis/my_sim_tesi_ros2_nodes' with build type 'ament_cmake'
[0.941s] INFO:colcon.colcon_cmake.task.cmake.build:Building CMake package in '/home/moonlab/ros2_ws/src/ros2_ignition_thesis/my_sim_tesi_ros2_nodes'
[0.941s] INFO:colcon.colcon_core.shell:Skip shell extension 'powershell' for command environment: Not usable outside of PowerShell
[0.941s] DEBUG:colcon.colcon_core.shell:Skip shell extension 'dsv' for command environment
[0.949s] DEBUG:colcon.colcon_core.event_handler.log_command:Invoking command in '/home/moonlab/ros2_ws/build/my_sim_tesi_ros2_nodes': CMAKE_PREFIX_PATH=/home/moonlab/ros2_ws/install/my_sim_tesi_ros2_interfaces:/home/moonlab/ros2_ws/install/my_sim_tesi_ros2_nodes:/home/moonlab/ros2_ws/install/my_sim_tesi_gazebo:/home/moonlab/ros2_ws/install/my_sim_tesi_bringup:/opt/ros/humble LD_LIBRARY_PATH=/home/moonlab/ros2_ws/install/my_sim_tesi_ros2_interfaces/lib:/home/moonlab/ros2_ws/install/my_sim_tesi_ros2_nodes/lib:/usr/lib/x86_64-linux-gnu/gazebo-11/plugins:/opt/ros/humble/opt/rviz_ogre_vendor/lib:/opt/ros/humble/lib/x86_64-linux-gnu:/opt/ros/humble/lib /usr/bin/cmake --build /home/moonlab/ros2_ws/build/my_sim_tesi_ros2_nodes -- -j24 -l24
[1.447s] DEBUG:colcon.colcon_core.event_handler.log_command:Invoked command in '/home/moonlab/ros2_ws/build/my_sim_tesi_ros2_nodes' returned '0': CMAKE_PREFIX_PATH=/home/moonlab/ros2_ws/install/my_sim_tesi_ros2_interfaces:/home/moonlab/ros2_ws/install/my_sim_tesi_ros2_nodes:/home/moonlab/ros2_ws/install/my_sim_tesi_gazebo:/home/moonlab/ros2_ws/install/my_sim_tesi_bringup:/opt/ros/humble LD_LIBRARY_PATH=/home/moonlab/ros2_ws/install/my_sim_tesi_ros2_interfaces/lib:/home/moonlab/ros2_ws/install/my_sim_tesi_ros2_nodes/lib:/usr/lib/x86_64-linux-gnu/gazebo-11/plugins:/opt/ros/humble/opt/rviz_ogre_vendor/lib:/opt/ros/humble/lib/x86_64-linux-gnu:/opt/ros/humble/lib /usr/bin/cmake --build /home/moonlab/ros2_ws/build/my_sim_tesi_ros2_nodes -- -j24 -l24
[1.448s] DEBUG:colcon.colcon_core.event_handler.log_command:Invoking command in '/home/moonlab/ros2_ws/build/my_sim_tesi_ros2_nodes': CMAKE_PREFIX_PATH=/home/moonlab/ros2_ws/install/my_sim_tesi_ros2_interfaces:/home/moonlab/ros2_ws/install/my_sim_tesi_ros2_nodes:/home/moonlab/ros2_ws/install/my_sim_tesi_gazebo:/home/moonlab/ros2_ws/install/my_sim_tesi_bringup:/opt/ros/humble LD_LIBRARY_PATH=/home/moonlab/ros2_ws/install/my_sim_tesi_ros2_interfaces/lib:/home/moonlab/ros2_ws/install/my_sim_tesi_ros2_nodes/lib:/usr/lib/x86_64-linux-gnu/gazebo-11/plugins:/opt/ros/humble/opt/rviz_ogre_vendor/lib:/opt/ros/humble/lib/x86_64-linux-gnu:/opt/ros/humble/lib /usr/bin/cmake --install /home/moonlab/ros2_ws/build/my_sim_tesi_ros2_nodes
[1.463s] Level 1:colcon.colcon_core.environment:create_environment_scripts_only(my_sim_tesi_ros2_nodes)
[1.463s] Level 1:colcon.colcon_core.environment:checking '/home/moonlab/ros2_ws/install/my_sim_tesi_ros2_nodes' for CMake module files
[1.464s] DEBUG:colcon.colcon_core.event_handler.log_command:Invoked command in '/home/moonlab/ros2_ws/build/my_sim_tesi_ros2_nodes' returned '0': CMAKE_PREFIX_PATH=/home/moonlab/ros2_ws/install/my_sim_tesi_ros2_interfaces:/home/moonlab/ros2_ws/install/my_sim_tesi_ros2_nodes:/home/moonlab/ros2_ws/install/my_sim_tesi_gazebo:/home/moonlab/ros2_ws/install/my_sim_tesi_bringup:/opt/ros/humble LD_LIBRARY_PATH=/home/moonlab/ros2_ws/install/my_sim_tesi_ros2_interfaces/lib:/home/moonlab/ros2_ws/install/my_sim_tesi_ros2_nodes/lib:/usr/lib/x86_64-linux-gnu/gazebo-11/plugins:/opt/ros/humble/opt/rviz_ogre_vendor/lib:/opt/ros/humble/lib/x86_64-linux-gnu:/opt/ros/humble/lib /usr/bin/cmake --install /home/moonlab/ros2_ws/build/my_sim_tesi_ros2_nodes
[1.464s] Level 1:colcon.colcon_core.environment:checking '/home/moonlab/ros2_ws/install/my_sim_tesi_ros2_nodes' for CMake config files
[1.464s] Level 1:colcon.colcon_core.shell:create_environment_hook('my_sim_tesi_ros2_nodes', 'cmake_prefix_path')
[1.465s] INFO:colcon.colcon_core.shell:Creating environment hook '/home/moonlab/ros2_ws/install/my_sim_tesi_ros2_nodes/share/my_sim_tesi_ros2_nodes/hook/cmake_prefix_path.ps1'
[1.465s] INFO:colcon.colcon_core.shell:Creating environment descriptor '/home/moonlab/ros2_ws/install/my_sim_tesi_ros2_nodes/share/my_sim_tesi_ros2_nodes/hook/cmake_prefix_path.dsv'
[1.465s] INFO:colcon.colcon_core.shell:Creating environment hook '/home/moonlab/ros2_ws/install/my_sim_tesi_ros2_nodes/share/my_sim_tesi_ros2_nodes/hook/cmake_prefix_path.sh'
[1.465s] Level 1:colcon.colcon_core.environment:checking '/home/moonlab/ros2_ws/install/my_sim_tesi_ros2_nodes/lib'
[1.465s] Level 1:colcon.colcon_core.shell:create_environment_hook('my_sim_tesi_ros2_nodes', 'ld_library_path_lib')
[1.466s] INFO:colcon.colcon_core.shell:Creating environment hook '/home/moonlab/ros2_ws/install/my_sim_tesi_ros2_nodes/share/my_sim_tesi_ros2_nodes/hook/ld_library_path_lib.ps1'
[1.466s] INFO:colcon.colcon_core.shell:Creating environment descriptor '/home/moonlab/ros2_ws/install/my_sim_tesi_ros2_nodes/share/my_sim_tesi_ros2_nodes/hook/ld_library_path_lib.dsv'
[1.466s] INFO:colcon.colcon_core.shell:Creating environment hook '/home/moonlab/ros2_ws/install/my_sim_tesi_ros2_nodes/share/my_sim_tesi_ros2_nodes/hook/ld_library_path_lib.sh'
[1.466s] Level 1:colcon.colcon_core.environment:checking '/home/moonlab/ros2_ws/install/my_sim_tesi_ros2_nodes/bin'
[1.466s] Level 1:colcon.colcon_core.environment:checking '/home/moonlab/ros2_ws/install/my_sim_tesi_ros2_nodes/lib/pkgconfig/my_sim_tesi_ros2_nodes.pc'
[1.466s] Level 1:colcon.colcon_core.environment:checking '/home/moonlab/ros2_ws/install/my_sim_tesi_ros2_nodes/lib/python3.10/site-packages'
[1.466s] Level 1:colcon.colcon_core.environment:checking '/home/moonlab/ros2_ws/install/my_sim_tesi_ros2_nodes/bin'
[1.467s] INFO:colcon.colcon_core.shell:Creating package script '/home/moonlab/ros2_ws/install/my_sim_tesi_ros2_nodes/share/my_sim_tesi_ros2_nodes/package.ps1'
[1.467s] INFO:colcon.colcon_core.shell:Creating package descriptor '/home/moonlab/ros2_ws/install/my_sim_tesi_ros2_nodes/share/my_sim_tesi_ros2_nodes/package.dsv'
[1.467s] INFO:colcon.colcon_core.shell:Creating package script '/home/moonlab/ros2_ws/install/my_sim_tesi_ros2_nodes/share/my_sim_tesi_ros2_nodes/package.sh'
[1.467s] INFO:colcon.colcon_core.shell:Creating package script '/home/moonlab/ros2_ws/install/my_sim_tesi_ros2_nodes/share/my_sim_tesi_ros2_nodes/package.bash'
[1.467s] INFO:colcon.colcon_core.shell:Creating package script '/home/moonlab/ros2_ws/install/my_sim_tesi_ros2_nodes/share/my_sim_tesi_ros2_nodes/package.zsh'
[1.468s] Level 1:colcon.colcon_core.environment:create_file_with_runtime_dependencies(/home/moonlab/ros2_ws/install/my_sim_tesi_ros2_nodes/share/colcon-core/packages/my_sim_tesi_ros2_nodes)
[1.468s] Level 1:colcon.colcon_core.environment:create_environment_scripts_only(my_sim_tesi_ros2_nodes)
[1.468s] Level 1:colcon.colcon_core.environment:checking '/home/moonlab/ros2_ws/install/my_sim_tesi_ros2_nodes' for CMake module files
[1.468s] Level 1:colcon.colcon_core.environment:checking '/home/moonlab/ros2_ws/install/my_sim_tesi_ros2_nodes' for CMake config files
[1.468s] Level 1:colcon.colcon_core.shell:create_environment_hook('my_sim_tesi_ros2_nodes', 'cmake_prefix_path')
[1.469s] INFO:colcon.colcon_core.shell:Creating environment hook '/home/moonlab/ros2_ws/install/my_sim_tesi_ros2_nodes/share/my_sim_tesi_ros2_nodes/hook/cmake_prefix_path.ps1'
[1.469s] INFO:colcon.colcon_core.shell:Creating environment descriptor '/home/moonlab/ros2_ws/install/my_sim_tesi_ros2_nodes/share/my_sim_tesi_ros2_nodes/hook/cmake_prefix_path.dsv'
[1.469s] INFO:colcon.colcon_core.shell:Creating environment hook '/home/moonlab/ros2_ws/install/my_sim_tesi_ros2_nodes/share/my_sim_tesi_ros2_nodes/hook/cmake_prefix_path.sh'
[1.469s] Level 1:colcon.colcon_core.environment:checking '/home/moonlab/ros2_ws/install/my_sim_tesi_ros2_nodes/lib'
[1.469s] Level 1:colcon.colcon_core.shell:create_environment_hook('my_sim_tesi_ros2_nodes', 'ld_library_path_lib')
[1.469s] INFO:colcon.colcon_core.shell:Creating environment hook '/home/moonlab/ros2_ws/install/my_sim_tesi_ros2_nodes/share/my_sim_tesi_ros2_nodes/hook/ld_library_path_lib.ps1'
[1.470s] INFO:colcon.colcon_core.shell:Creating environment descriptor '/home/moonlab/ros2_ws/install/my_sim_tesi_ros2_nodes/share/my_sim_tesi_ros2_nodes/hook/ld_library_path_lib.dsv'
[1.470s] INFO:colcon.colcon_core.shell:Creating environment hook '/home/moonlab/ros2_ws/install/my_sim_tesi_ros2_nodes/share/my_sim_tesi_ros2_nodes/hook/ld_library_path_lib.sh'
[1.470s] Level 1:colcon.colcon_core.environment:checking '/home/moonlab/ros2_ws/install/my_sim_tesi_ros2_nodes/bin'
[1.470s] Level 1:colcon.colcon_core.environment:checking '/home/moonlab/ros2_ws/install/my_sim_tesi_ros2_nodes/lib/pkgconfig/my_sim_tesi_ros2_nodes.pc'
[1.470s] Level 1:colcon.colcon_core.environment:checking '/home/moonlab/ros2_ws/install/my_sim_tesi_ros2_nodes/lib/python3.10/site-packages'
[1.470s] Level 1:colcon.colcon_core.environment:checking '/home/moonlab/ros2_ws/install/my_sim_tesi_ros2_nodes/bin'
[1.471s] INFO:colcon.colcon_core.shell:Creating package script '/home/moonlab/ros2_ws/install/my_sim_tesi_ros2_nodes/share/my_sim_tesi_ros2_nodes/package.ps1'
[1.471s] INFO:colcon.colcon_core.shell:Creating package descriptor '/home/moonlab/ros2_ws/install/my_sim_tesi_ros2_nodes/share/my_sim_tesi_ros2_nodes/package.dsv'
[1.471s] INFO:colcon.colcon_core.shell:Creating package script '/home/moonlab/ros2_ws/install/my_sim_tesi_ros2_nodes/share/my_sim_tesi_ros2_nodes/package.sh'
[1.471s] INFO:colcon.colcon_core.shell:Creating package script '/home/moonlab/ros2_ws/install/my_sim_tesi_ros2_nodes/share/my_sim_tesi_ros2_nodes/package.bash'
[1.471s] INFO:colcon.colcon_core.shell:Creating package script '/home/moonlab/ros2_ws/install/my_sim_tesi_ros2_nodes/share/my_sim_tesi_ros2_nodes/package.zsh'
[1.472s] Level 1:colcon.colcon_core.environment:create_file_with_runtime_dependencies(/home/moonlab/ros2_ws/install/my_sim_tesi_ros2_nodes/share/colcon-core/packages/my_sim_tesi_ros2_nodes)
[1.472s] DEBUG:colcon.colcon_parallel_executor.executor.parallel:closing loop
[1.472s] DEBUG:colcon.colcon_parallel_executor.executor.parallel:loop closed
[1.472s] DEBUG:colcon.colcon_parallel_executor.executor.parallel:run_until_complete finished with '0'
[1.472s] DEBUG:colcon.colcon_core.event_reactor:joining thread
[1.476s] INFO:colcon.colcon_core.plugin_system:Skipping extension 'colcon_notification.desktop_notification.terminal_notifier': Not used on non-Darwin systems
[1.476s] INFO:colcon.colcon_core.plugin_system:Skipping extension 'colcon_notification.desktop_notification.win32': Not used on non-Windows systems
[1.476s] INFO:colcon.colcon_notification.desktop_notification:Sending desktop notification using 'notify2'
[1.483s] DEBUG:colcon.colcon_core.event_reactor:joined thread
[1.483s] INFO:colcon.colcon_core.shell:Creating prefix script '/home/moonlab/ros2_ws/install/local_setup.ps1'
[1.483s] INFO:colcon.colcon_core.shell:Creating prefix util module '/home/moonlab/ros2_ws/install/_local_setup_util_ps1.py'
[1.484s] INFO:colcon.colcon_core.shell:Creating prefix chain script '/home/moonlab/ros2_ws/install/setup.ps1'
[1.485s] INFO:colcon.colcon_core.shell:Creating prefix script '/home/moonlab/ros2_ws/install/local_setup.sh'
[1.485s] INFO:colcon.colcon_core.shell:Creating prefix util module '/home/moonlab/ros2_ws/install/_local_setup_util_sh.py'
[1.485s] INFO:colcon.colcon_core.shell:Creating prefix chain script '/home/moonlab/ros2_ws/install/setup.sh'
[1.486s] INFO:colcon.colcon_core.shell:Creating prefix script '/home/moonlab/ros2_ws/install/local_setup.bash'
[1.486s] INFO:colcon.colcon_core.shell:Creating prefix chain script '/home/moonlab/ros2_ws/install/setup.bash'
[1.487s] INFO:colcon.colcon_core.shell:Creating prefix script '/home/moonlab/ros2_ws/install/local_setup.zsh'
[1.487s] INFO:colcon.colcon_core.shell:Creating prefix chain script '/home/moonlab/ros2_ws/install/setup.zsh'
