[0.375s] Invoking command in '/home/moonlab/ros2_ws/src/ros2_ignition_thesis/turtlebot3_control': PYTHONPATH=/home/moonlab/ros2_ws/build/turtlebot3_control/prefix_override:/usr/lib/python3/dist-packages/colcon_core/task/python/colcon_distutils_commands:/home/moonlab/ros2_ws/install/turtlebot3_control/lib/python3.10/site-packages:${PYTHONPATH} /usr/bin/python3 -W ignore:setup.py install is deprecated -W ignore:easy_install command is deprecated setup.py egg_info --egg-base ../../../build/turtlebot3_control build --build-base /home/moonlab/ros2_ws/build/turtlebot3_control/build install --record /home/moonlab/ros2_ws/build/turtlebot3_control/install.log --single-version-externally-managed install_data
[0.499s] running egg_info
[0.499s] creating ../../../build/turtlebot3_control/turtlebot3_control.egg-info
[0.499s] writing ../../../build/turtlebot3_control/turtlebot3_control.egg-info/PKG-INFO
[0.499s] writing dependency_links to ../../../build/turtlebot3_control/turtlebot3_control.egg-info/dependency_links.txt
[0.499s] writing entry points to ../../../build/turtlebot3_control/turtlebot3_control.egg-info/entry_points.txt
[0.499s] writing requirements to ../../../build/turtlebot3_control/turtlebot3_control.egg-info/requires.txt
[0.499s] writing top-level names to ../../../build/turtlebot3_control/turtlebot3_control.egg-info/top_level.txt
[0.499s] writing manifest file '../../../build/turtlebot3_control/turtlebot3_control.egg-info/SOURCES.txt'
[0.500s] reading manifest file '../../../build/turtlebot3_control/turtlebot3_control.egg-info/SOURCES.txt'
[0.500s] writing manifest file '../../../build/turtlebot3_control/turtlebot3_control.egg-info/SOURCES.txt'
[0.500s] running build
[0.500s] running build_py
[0.501s] creating /home/moonlab/ros2_ws/build/turtlebot3_control/build
[0.501s] creating /home/moonlab/ros2_ws/build/turtlebot3_control/build/lib
[0.501s] creating /home/moonlab/ros2_ws/build/turtlebot3_control/build/lib/turtlebot3_control
[0.501s] copying turtlebot3_control/robot_controller.py -> /home/moonlab/ros2_ws/build/turtlebot3_control/build/lib/turtlebot3_control
[0.501s] copying turtlebot3_control/__init__.py -> /home/moonlab/ros2_ws/build/turtlebot3_control/build/lib/turtlebot3_control
[0.501s] running install
[0.501s] running install_lib
[0.501s] creating /home/moonlab/ros2_ws/install/turtlebot3_control/lib/python3.10/site-packages/turtlebot3_control
[0.501s] copying /home/moonlab/ros2_ws/build/turtlebot3_control/build/lib/turtlebot3_control/robot_controller.py -> /home/moonlab/ros2_ws/install/turtlebot3_control/lib/python3.10/site-packages/turtlebot3_control
[0.501s] copying /home/moonlab/ros2_ws/build/turtlebot3_control/build/lib/turtlebot3_control/__init__.py -> /home/moonlab/ros2_ws/install/turtlebot3_control/lib/python3.10/site-packages/turtlebot3_control
[0.502s] byte-compiling /home/moonlab/ros2_ws/install/turtlebot3_control/lib/python3.10/site-packages/turtlebot3_control/robot_controller.py to robot_controller.cpython-310.pyc
[0.503s] byte-compiling /home/moonlab/ros2_ws/install/turtlebot3_control/lib/python3.10/site-packages/turtlebot3_control/__init__.py to __init__.cpython-310.pyc
[0.503s] running install_data
[0.503s] creating /home/moonlab/ros2_ws/install/turtlebot3_control/share/ament_index
[0.503s] creating /home/moonlab/ros2_ws/install/turtlebot3_control/share/ament_index/resource_index
[0.503s] creating /home/moonlab/ros2_ws/install/turtlebot3_control/share/ament_index/resource_index/packages
[0.503s] copying resource/turtlebot3_control -> /home/moonlab/ros2_ws/install/turtlebot3_control/share/ament_index/resource_index/packages
[0.503s] copying package.xml -> /home/moonlab/ros2_ws/install/turtlebot3_control/share/turtlebot3_control
[0.503s] running install_egg_info
[0.504s] Copying ../../../build/turtlebot3_control/turtlebot3_control.egg-info to /home/moonlab/ros2_ws/install/turtlebot3_control/lib/python3.10/site-packages/turtlebot3_control-0.0.1-py3.10.egg-info
[0.504s] running install_scripts
[0.515s] Installing robot_controller script to /home/moonlab/ros2_ws/install/turtlebot3_control/lib/turtlebot3_control
[0.515s] Installing simple_test script to /home/moonlab/ros2_ws/install/turtlebot3_control/lib/turtlebot3_control
[0.515s] writing list of installed files to '/home/moonlab/ros2_ws/build/turtlebot3_control/install.log'
[0.528s] Invoked command in '/home/moonlab/ros2_ws/src/ros2_ignition_thesis/turtlebot3_control' returned '0': PYTHONPATH=/home/moonlab/ros2_ws/build/turtlebot3_control/prefix_override:/usr/lib/python3/dist-packages/colcon_core/task/python/colcon_distutils_commands:/home/moonlab/ros2_ws/install/turtlebot3_control/lib/python3.10/site-packages:${PYTHONPATH} /usr/bin/python3 -W ignore:setup.py install is deprecated -W ignore:easy_install command is deprecated setup.py egg_info --egg-base ../../../build/turtlebot3_control build --build-base /home/moonlab/ros2_ws/build/turtlebot3_control/build install --record /home/moonlab/ros2_ws/build/turtlebot3_control/install.log --single-version-externally-managed install_data
