[0.007s] Invoking command in '/home/moonlab/ros2_ws/build/my_sim_tesi_ros2_nodes': CMAKE_PREFIX_PATH=/home/moonlab/ros2_ws/install/my_sim_tesi_ros2_interfaces:/home/moonlab/ros2_ws/install/my_sim_tesi_ros2_nodes:/home/moonlab/ros2_ws/install/my_sim_tesi_gazebo:/home/moonlab/ros2_ws/install/my_sim_tesi_bringup:/opt/ros/humble LD_LIBRARY_PATH=/home/moonlab/ros2_ws/install/my_sim_tesi_ros2_interfaces/lib:/home/moonlab/ros2_ws/install/my_sim_tesi_ros2_nodes/lib:/usr/lib/x86_64-linux-gnu/gazebo-11/plugins:/opt/ros/humble/opt/rviz_ogre_vendor/lib:/opt/ros/humble/lib/x86_64-linux-gnu:/opt/ros/humble/lib /usr/bin/cmake --build /home/moonlab/ros2_ws/build/my_sim_tesi_ros2_nodes -- -j24 -l24
[0.054s] [ 33%] [32m[1mLinking CXX shared library liborchestrator.so[0m
[0.054s] [ 33%] [32m[1mLinking CXX executable orchestrator_node[0m
[0.054s] [ 33%] [32m[1mLinking CXX executable pose_control_action_client[0m
[0.054s] [ 33%] [32m[1mLinking CXX executable pose_control_action_server[0m
[0.054s] [ 41%] [32m[1mLinking CXX shared library libaction_client.so[0m
[0.055s] [ 50%] [32m[1mLinking CXX shared library libaction_server.so[0m
[0.167s] [ 66%] Built target orchestrator_node
[0.167s] [ 66%] Built target pose_control_action_server
[0.167s] [ 75%] Built target pose_control_action_client
[0.372s] [ 83%] Built target action_client
[0.459s] [ 91%] Built target orchestrator
[0.496s] [100%] Built target action_server
[0.505s] Invoked command in '/home/moonlab/ros2_ws/build/my_sim_tesi_ros2_nodes' returned '0': CMAKE_PREFIX_PATH=/home/moonlab/ros2_ws/install/my_sim_tesi_ros2_interfaces:/home/moonlab/ros2_ws/install/my_sim_tesi_ros2_nodes:/home/moonlab/ros2_ws/install/my_sim_tesi_gazebo:/home/moonlab/ros2_ws/install/my_sim_tesi_bringup:/opt/ros/humble LD_LIBRARY_PATH=/home/moonlab/ros2_ws/install/my_sim_tesi_ros2_interfaces/lib:/home/moonlab/ros2_ws/install/my_sim_tesi_ros2_nodes/lib:/usr/lib/x86_64-linux-gnu/gazebo-11/plugins:/opt/ros/humble/opt/rviz_ogre_vendor/lib:/opt/ros/humble/lib/x86_64-linux-gnu:/opt/ros/humble/lib /usr/bin/cmake --build /home/moonlab/ros2_ws/build/my_sim_tesi_ros2_nodes -- -j24 -l24
[0.506s] Invoking command in '/home/moonlab/ros2_ws/build/my_sim_tesi_ros2_nodes': CMAKE_PREFIX_PATH=/home/moonlab/ros2_ws/install/my_sim_tesi_ros2_interfaces:/home/moonlab/ros2_ws/install/my_sim_tesi_ros2_nodes:/home/moonlab/ros2_ws/install/my_sim_tesi_gazebo:/home/moonlab/ros2_ws/install/my_sim_tesi_bringup:/opt/ros/humble LD_LIBRARY_PATH=/home/moonlab/ros2_ws/install/my_sim_tesi_ros2_interfaces/lib:/home/moonlab/ros2_ws/install/my_sim_tesi_ros2_nodes/lib:/usr/lib/x86_64-linux-gnu/gazebo-11/plugins:/opt/ros/humble/opt/rviz_ogre_vendor/lib:/opt/ros/humble/lib/x86_64-linux-gnu:/opt/ros/humble/lib /usr/bin/cmake --install /home/moonlab/ros2_ws/build/my_sim_tesi_ros2_nodes
[0.511s] -- Install configuration: ""
[0.511s] -- Execute custom install script
[0.512s] -- Up-to-date symlink: /home/moonlab/ros2_ws/install/my_sim_tesi_ros2_nodes/lib/my_sim_tesi_ros2_nodes/pose_control_action_server
[0.512s] -- Up-to-date symlink: /home/moonlab/ros2_ws/install/my_sim_tesi_ros2_nodes/lib/my_sim_tesi_ros2_nodes/pose_control_action_client
[0.512s] -- Up-to-date symlink: /home/moonlab/ros2_ws/install/my_sim_tesi_ros2_nodes/lib/my_sim_tesi_ros2_nodes/orchestrator_node
[0.512s] -- Up-to-date symlink: /home/moonlab/ros2_ws/install/my_sim_tesi_ros2_nodes/lib/libaction_server.so
[0.512s] -- Up-to-date symlink: /home/moonlab/ros2_ws/install/my_sim_tesi_ros2_nodes/lib/libaction_client.so
[0.513s] -- Up-to-date symlink: /home/moonlab/ros2_ws/install/my_sim_tesi_ros2_nodes/lib/liborchestrator.so
[0.513s] -- Up-to-date symlink: /home/moonlab/ros2_ws/install/my_sim_tesi_ros2_nodes/include/my_sim_tesi_ros2_nodes/my_sim_tesi_ros2_nodes/orchestrator_node.hpp
[0.513s] -- Up-to-date symlink: /home/moonlab/ros2_ws/install/my_sim_tesi_ros2_nodes/include/my_sim_tesi_ros2_nodes/my_sim_tesi_ros2_nodes/pose_control_action_client.hpp
[0.513s] -- Up-to-date symlink: /home/moonlab/ros2_ws/install/my_sim_tesi_ros2_nodes/include/my_sim_tesi_ros2_nodes/my_sim_tesi_ros2_nodes/pose_control_action_server.hpp
[0.513s] -- Up-to-date symlink: /home/moonlab/ros2_ws/install/my_sim_tesi_ros2_nodes/share/ament_index/resource_index/package_run_dependencies/my_sim_tesi_ros2_nodes
[0.513s] -- Up-to-date symlink: /home/moonlab/ros2_ws/install/my_sim_tesi_ros2_nodes/share/ament_index/resource_index/parent_prefix_path/my_sim_tesi_ros2_nodes
[0.513s] -- Up-to-date symlink: /home/moonlab/ros2_ws/install/my_sim_tesi_ros2_nodes/share/my_sim_tesi_ros2_nodes/environment/ament_prefix_path.sh
[0.513s] -- Up-to-date symlink: /home/moonlab/ros2_ws/install/my_sim_tesi_ros2_nodes/share/my_sim_tesi_ros2_nodes/environment/ament_prefix_path.dsv
[0.513s] -- Up-to-date symlink: /home/moonlab/ros2_ws/install/my_sim_tesi_ros2_nodes/share/my_sim_tesi_ros2_nodes/environment/path.sh
[0.513s] -- Up-to-date symlink: /home/moonlab/ros2_ws/install/my_sim_tesi_ros2_nodes/share/my_sim_tesi_ros2_nodes/environment/path.dsv
[0.514s] -- Up-to-date symlink: /home/moonlab/ros2_ws/install/my_sim_tesi_ros2_nodes/share/my_sim_tesi_ros2_nodes/local_setup.bash
[0.514s] -- Up-to-date symlink: /home/moonlab/ros2_ws/install/my_sim_tesi_ros2_nodes/share/my_sim_tesi_ros2_nodes/local_setup.sh
[0.514s] -- Up-to-date symlink: /home/moonlab/ros2_ws/install/my_sim_tesi_ros2_nodes/share/my_sim_tesi_ros2_nodes/local_setup.zsh
[0.514s] -- Up-to-date symlink: /home/moonlab/ros2_ws/install/my_sim_tesi_ros2_nodes/share/my_sim_tesi_ros2_nodes/local_setup.dsv
[0.514s] -- Symlinking: /home/moonlab/ros2_ws/install/my_sim_tesi_ros2_nodes/share/my_sim_tesi_ros2_nodes/package.dsv
[0.520s] -- Up-to-date symlink: /home/moonlab/ros2_ws/install/my_sim_tesi_ros2_nodes/share/ament_index/resource_index/packages/my_sim_tesi_ros2_nodes
[0.520s] -- Up-to-date symlink: /home/moonlab/ros2_ws/install/my_sim_tesi_ros2_nodes/share/ament_index/resource_index/rclcpp_components/my_sim_tesi_ros2_nodes
[0.521s] -- Up-to-date symlink: /home/moonlab/ros2_ws/install/my_sim_tesi_ros2_nodes/share/my_sim_tesi_ros2_nodes/cmake/my_sim_tesi_ros2_nodesConfig.cmake
[0.521s] -- Up-to-date symlink: /home/moonlab/ros2_ws/install/my_sim_tesi_ros2_nodes/share/my_sim_tesi_ros2_nodes/cmake/my_sim_tesi_ros2_nodesConfig-version.cmake
[0.521s] -- Up-to-date symlink: /home/moonlab/ros2_ws/install/my_sim_tesi_ros2_nodes/share/my_sim_tesi_ros2_nodes/package.xml
[0.522s] Invoked command in '/home/moonlab/ros2_ws/build/my_sim_tesi_ros2_nodes' returned '0': CMAKE_PREFIX_PATH=/home/moonlab/ros2_ws/install/my_sim_tesi_ros2_interfaces:/home/moonlab/ros2_ws/install/my_sim_tesi_ros2_nodes:/home/moonlab/ros2_ws/install/my_sim_tesi_gazebo:/home/moonlab/ros2_ws/install/my_sim_tesi_bringup:/opt/ros/humble LD_LIBRARY_PATH=/home/moonlab/ros2_ws/install/my_sim_tesi_ros2_interfaces/lib:/home/moonlab/ros2_ws/install/my_sim_tesi_ros2_nodes/lib:/usr/lib/x86_64-linux-gnu/gazebo-11/plugins:/opt/ros/humble/opt/rviz_ogre_vendor/lib:/opt/ros/humble/lib/x86_64-linux-gnu:/opt/ros/humble/lib /usr/bin/cmake --install /home/moonlab/ros2_ws/build/my_sim_tesi_ros2_nodes
