[0.008s] Invoking command in '/home/moonlab/ros2_ws/build/turtlebot3_simulation': CMAKE_PREFIX_PATH=${CMAKE_PREFIX_PATH}:/home/moonlab/ros2_ws/install/turtlebot3_control:/opt/ros/humble /usr/bin/cmake /home/moonlab/ros2_ws/src/ros2_ignition_thesis/turtlebot3_simulation -DAMENT_CMAKE_SYMLINK_INSTALL=1 -DCMAKE_INSTALL_PREFIX=/home/moonlab/ros2_ws/install/turtlebot3_simulation
[0.044s] -- The C compiler identification is GNU 11.4.0
[0.078s] -- The CXX compiler identification is GNU 11.4.0
[0.082s] -- Detecting C compiler ABI info
[0.128s] -- Detecting C compiler ABI info - done
[0.132s] -- Check for working C compiler: /usr/bin/cc - skipped
[0.132s] -- Detecting C compile features
[0.133s] -- Detecting C compile features - done
[0.134s] -- Detecting CXX compiler ABI info
[0.188s] -- Detecting CXX compiler ABI info - done
[0.192s] -- Check for working CXX compiler: /usr/bin/c++ - skipped
[0.192s] -- Detecting CXX compile features
[0.193s] -- Detecting CXX compile features - done
[0.195s] -- Found ament_cmake: 1.3.12 (/opt/ros/humble/share/ament_cmake/cmake)
[0.293s] -- Found Python3: /usr/bin/python3 (found version "3.10.12") found components: Interpreter 
[0.332s] -- Override CMake install command with custom implementation using symlinks instead of copying resources
[0.358s] -- Found rclcpp: 16.0.15 (/opt/ros/humble/share/rclcpp/cmake)
[0.389s] -- Found rosidl_generator_c: 3.1.7 (/opt/ros/humble/share/rosidl_generator_c/cmake)
[0.393s] -- Found rosidl_adapter: 3.1.7 (/opt/ros/humble/share/rosidl_adapter/cmake)
[0.399s] -- Found rosidl_generator_cpp: 3.1.7 (/opt/ros/humble/share/rosidl_generator_cpp/cmake)
[0.407s] -- Using all available rosidl_typesupport_c: rosidl_typesupport_fastrtps_c;rosidl_typesupport_introspection_c
[0.417s] -- Using all available rosidl_typesupport_cpp: rosidl_typesupport_fastrtps_cpp;rosidl_typesupport_introspection_cpp
[0.449s] -- Found rmw_implementation_cmake: 6.1.2 (/opt/ros/humble/share/rmw_implementation_cmake/cmake)
[0.451s] -- Found rmw_fastrtps_cpp: 6.2.9 (/opt/ros/humble/share/rmw_fastrtps_cpp/cmake)
[0.517s] -- Found OpenSSL: /usr/lib/x86_64-linux-gnu/libcrypto.so (found version "3.0.2")  
[0.536s] -- Found FastRTPS: /opt/ros/humble/include  
[0.566s] -- Using RMW implementation 'rmw_fastrtps_cpp' as default
[0.573s] -- Looking for pthread.h
[0.617s] -- Looking for pthread.h - found
[0.617s] -- Performing Test CMAKE_HAVE_LIBC_PTHREAD
[0.663s] -- Performing Test CMAKE_HAVE_LIBC_PTHREAD - Success
[0.664s] -- Found Threads: TRUE  
[0.697s] -- Found geometry_msgs: 4.9.0 (/opt/ros/humble/share/geometry_msgs/cmake)
[0.706s] -- Found nav_msgs: 4.9.0 (/opt/ros/humble/share/nav_msgs/cmake)
[0.716s] -- Found sensor_msgs: 4.9.0 (/opt/ros/humble/share/sensor_msgs/cmake)
[0.726s] -- Found ament_lint_auto: 0.12.14 (/opt/ros/humble/share/ament_lint_auto/cmake)
[0.777s] -- Added test 'flake8' to check Python code syntax and style conventions
[0.777s] -- Added test 'lint_cmake' to check CMake code style
[0.777s] -- Added test 'pep257' to check Python code against some of the docstring style conventions in PEP 257
[0.778s] -- Added test 'xmllint' to check XML markup files
[0.779s] -- Configuring done
[0.782s] -- Generating done
[0.783s] -- Build files have been written to: /home/moonlab/ros2_ws/build/turtlebot3_simulation
[0.790s] Invoked command in '/home/moonlab/ros2_ws/build/turtlebot3_simulation' returned '0': CMAKE_PREFIX_PATH=${CMAKE_PREFIX_PATH}:/home/moonlab/ros2_ws/install/turtlebot3_control:/opt/ros/humble /usr/bin/cmake /home/moonlab/ros2_ws/src/ros2_ignition_thesis/turtlebot3_simulation -DAMENT_CMAKE_SYMLINK_INSTALL=1 -DCMAKE_INSTALL_PREFIX=/home/moonlab/ros2_ws/install/turtlebot3_simulation
[0.791s] Invoking command in '/home/moonlab/ros2_ws/build/turtlebot3_simulation': CMAKE_PREFIX_PATH=${CMAKE_PREFIX_PATH}:/home/moonlab/ros2_ws/install/turtlebot3_control:/opt/ros/humble /usr/bin/cmake --build /home/moonlab/ros2_ws/build/turtlebot3_simulation -- -j24 -l24
[0.818s] Invoked command in '/home/moonlab/ros2_ws/build/turtlebot3_simulation' returned '0': CMAKE_PREFIX_PATH=${CMAKE_PREFIX_PATH}:/home/moonlab/ros2_ws/install/turtlebot3_control:/opt/ros/humble /usr/bin/cmake --build /home/moonlab/ros2_ws/build/turtlebot3_simulation -- -j24 -l24
[0.824s] Invoking command in '/home/moonlab/ros2_ws/build/turtlebot3_simulation': CMAKE_PREFIX_PATH=${CMAKE_PREFIX_PATH}:/home/moonlab/ros2_ws/install/turtlebot3_control:/opt/ros/humble /usr/bin/cmake --install /home/moonlab/ros2_ws/build/turtlebot3_simulation
[0.829s] -- Install configuration: ""
[0.829s] -- Execute custom install script
[0.829s] -- Symlinking: /home/moonlab/ros2_ws/install/turtlebot3_simulation/share///launch/turtlebot3_sim.launch.py
[0.835s] -- Symlinking: /home/moonlab/ros2_ws/install/turtlebot3_simulation/share/ament_index/resource_index/package_run_dependencies/turtlebot3_simulation
[0.841s] -- Symlinking: /home/moonlab/ros2_ws/install/turtlebot3_simulation/share/ament_index/resource_index/parent_prefix_path/turtlebot3_simulation
[0.847s] -- Symlinking: /home/moonlab/ros2_ws/install/turtlebot3_simulation/share/turtlebot3_simulation/environment/ament_prefix_path.sh
[0.852s] -- Symlinking: /home/moonlab/ros2_ws/install/turtlebot3_simulation/share/turtlebot3_simulation/environment/ament_prefix_path.dsv
[0.858s] -- Symlinking: /home/moonlab/ros2_ws/install/turtlebot3_simulation/share/turtlebot3_simulation/environment/path.sh
[0.863s] -- Symlinking: /home/moonlab/ros2_ws/install/turtlebot3_simulation/share/turtlebot3_simulation/environment/path.dsv
[0.868s] -- Symlinking: /home/moonlab/ros2_ws/install/turtlebot3_simulation/share/turtlebot3_simulation/local_setup.bash
[0.873s] -- Symlinking: /home/moonlab/ros2_ws/install/turtlebot3_simulation/share/turtlebot3_simulation/local_setup.sh
[0.879s] -- Symlinking: /home/moonlab/ros2_ws/install/turtlebot3_simulation/share/turtlebot3_simulation/local_setup.zsh
[0.884s] -- Symlinking: /home/moonlab/ros2_ws/install/turtlebot3_simulation/share/turtlebot3_simulation/local_setup.dsv
[0.890s] -- Symlinking: /home/moonlab/ros2_ws/install/turtlebot3_simulation/share/turtlebot3_simulation/package.dsv
[0.895s] -- Symlinking: /home/moonlab/ros2_ws/install/turtlebot3_simulation/share/ament_index/resource_index/packages/turtlebot3_simulation
[0.900s] -- Symlinking: /home/moonlab/ros2_ws/install/turtlebot3_simulation/share/turtlebot3_simulation/cmake/turtlebot3_simulationConfig.cmake
[0.906s] -- Symlinking: /home/moonlab/ros2_ws/install/turtlebot3_simulation/share/turtlebot3_simulation/cmake/turtlebot3_simulationConfig-version.cmake
[0.911s] -- Symlinking: /home/moonlab/ros2_ws/install/turtlebot3_simulation/share/turtlebot3_simulation/package.xml
[0.919s] Invoked command in '/home/moonlab/ros2_ws/build/turtlebot3_simulation' returned '0': CMAKE_PREFIX_PATH=${CMAKE_PREFIX_PATH}:/home/moonlab/ros2_ws/install/turtlebot3_control:/opt/ros/humble /usr/bin/cmake --install /home/moonlab/ros2_ws/build/turtlebot3_simulation
