[0.050s] DEBUG:colcon:Command line arguments: ['/usr/bin/colcon', 'build', '--symlink-install']
[0.050s] DEBUG:colcon:Parsed command line arguments: Namespace(log_base=None, log_level=None, verb_name='build', build_base='build', install_base='install', merge_install=False, symlink_install=True, test_result_base=None, continue_on_error=False, executor='parallel', parallel_workers=24, event_handlers=None, ignore_user_meta=False, metas=['./colcon.meta'], base_paths=['.'], packages_ignore=None, packages_ignore_regex=None, paths=None, packages_up_to=None, packages_up_to_regex=None, packages_above=None, packages_above_and_dependencies=None, packages_above_depth=None, packages_select_by_dep=None, packages_skip_by_dep=None, packages_skip_up_to=None, packages_select_build_failed=False, packages_skip_build_finished=False, packages_select_test_failures=False, packages_skip_test_passed=False, packages_select=None, packages_skip=None, packages_select_regex=None, packages_skip_regex=None, packages_start=None, packages_end=None, allow_overriding=[], cmake_args=None, cmake_target=None, cmake_target_skip_unavailable=False, cmake_clean_cache=False, cmake_clean_first=False, cmake_force_configure=False, ament_cmake_args=None, catkin_cmake_args=None, catkin_skip_building_tests=False, verb_parser=<colcon_defaults.argument_parser.defaults.DefaultArgumentsDecorator object at 0x7acba4a23ee0>, verb_extension=<colcon_core.verb.build.BuildVerb object at 0x7acba4a239d0>, main=<bound method BuildVerb.main of <colcon_core.verb.build.BuildVerb object at 0x7acba4a239d0>>)
[0.128s] Level 1:colcon.colcon_core.package_discovery:discover_packages(colcon_meta) check parameters
[0.128s] Level 1:colcon.colcon_core.package_discovery:discover_packages(recursive) check parameters
[0.128s] Level 1:colcon.colcon_core.package_discovery:discover_packages(ignore) check parameters
[0.128s] Level 1:colcon.colcon_core.package_discovery:discover_packages(path) check parameters
[0.128s] Level 1:colcon.colcon_core.package_discovery:discover_packages(colcon_meta) discover
[0.128s] Level 1:colcon.colcon_core.package_discovery:discover_packages(recursive) discover
[0.128s] INFO:colcon.colcon_core.package_discovery:Crawling recursively for packages in '/home/moonlab/ros2_ws'
[0.128s] Level 1:colcon.colcon_core.package_identification:_identify(.) by extensions ['ignore', 'ignore_ament_install']
[0.128s] Level 1:colcon.colcon_core.package_identification:_identify(.) by extension 'ignore'
[0.128s] Level 1:colcon.colcon_core.package_identification:_identify(.) by extension 'ignore_ament_install'
[0.128s] Level 1:colcon.colcon_core.package_identification:_identify(.) by extensions ['colcon_pkg']
[0.128s] Level 1:colcon.colcon_core.package_identification:_identify(.) by extension 'colcon_pkg'
[0.128s] Level 1:colcon.colcon_core.package_identification:_identify(.) by extensions ['colcon_meta']
[0.129s] Level 1:colcon.colcon_core.package_identification:_identify(.) by extension 'colcon_meta'
[0.129s] Level 1:colcon.colcon_core.package_identification:_identify(.) by extensions ['ros']
[0.129s] Level 1:colcon.colcon_core.package_identification:_identify(.) by extension 'ros'
[0.134s] Level 1:colcon.colcon_core.package_identification:_identify(.) by extensions ['cmake', 'python']
[0.134s] Level 1:colcon.colcon_core.package_identification:_identify(.) by extension 'cmake'
[0.134s] Level 1:colcon.colcon_core.package_identification:_identify(.) by extension 'python'
[0.134s] Level 1:colcon.colcon_core.package_identification:_identify(.) by extensions ['python_setup_py']
[0.134s] Level 1:colcon.colcon_core.package_identification:_identify(.) by extension 'python_setup_py'
[0.134s] Level 1:colcon.colcon_core.package_identification:_identify(build) by extensions ['ignore', 'ignore_ament_install']
[0.134s] Level 1:colcon.colcon_core.package_identification:_identify(build) by extension 'ignore'
[0.134s] Level 1:colcon.colcon_core.package_identification:_identify(build) ignored
[0.134s] Level 1:colcon.colcon_core.package_identification:_identify(install) by extensions ['ignore', 'ignore_ament_install']
[0.134s] Level 1:colcon.colcon_core.package_identification:_identify(install) by extension 'ignore'
[0.134s] Level 1:colcon.colcon_core.package_identification:_identify(install) ignored
[0.134s] Level 1:colcon.colcon_core.package_identification:_identify(log) by extensions ['ignore', 'ignore_ament_install']
[0.134s] Level 1:colcon.colcon_core.package_identification:_identify(log) by extension 'ignore'
[0.134s] Level 1:colcon.colcon_core.package_identification:_identify(log) ignored
[0.134s] Level 1:colcon.colcon_core.package_identification:_identify(src) by extensions ['ignore', 'ignore_ament_install']
[0.134s] Level 1:colcon.colcon_core.package_identification:_identify(src) by extension 'ignore'
[0.134s] Level 1:colcon.colcon_core.package_identification:_identify(src) by extension 'ignore_ament_install'
[0.134s] Level 1:colcon.colcon_core.package_identification:_identify(src) by extensions ['colcon_pkg']
[0.134s] Level 1:colcon.colcon_core.package_identification:_identify(src) by extension 'colcon_pkg'
[0.134s] Level 1:colcon.colcon_core.package_identification:_identify(src) by extensions ['colcon_meta']
[0.134s] Level 1:colcon.colcon_core.package_identification:_identify(src) by extension 'colcon_meta'
[0.134s] Level 1:colcon.colcon_core.package_identification:_identify(src) by extensions ['ros']
[0.134s] Level 1:colcon.colcon_core.package_identification:_identify(src) by extension 'ros'
[0.135s] Level 1:colcon.colcon_core.package_identification:_identify(src) by extensions ['cmake', 'python']
[0.135s] Level 1:colcon.colcon_core.package_identification:_identify(src) by extension 'cmake'
[0.135s] Level 1:colcon.colcon_core.package_identification:_identify(src) by extension 'python'
[0.135s] Level 1:colcon.colcon_core.package_identification:_identify(src) by extensions ['python_setup_py']
[0.135s] Level 1:colcon.colcon_core.package_identification:_identify(src) by extension 'python_setup_py'
[0.135s] Level 1:colcon.colcon_core.package_identification:_identify(src/ros2_ignition_thesis) by extensions ['ignore', 'ignore_ament_install']
[0.135s] Level 1:colcon.colcon_core.package_identification:_identify(src/ros2_ignition_thesis) by extension 'ignore'
[0.135s] Level 1:colcon.colcon_core.package_identification:_identify(src/ros2_ignition_thesis) by extension 'ignore_ament_install'
[0.135s] Level 1:colcon.colcon_core.package_identification:_identify(src/ros2_ignition_thesis) by extensions ['colcon_pkg']
[0.135s] Level 1:colcon.colcon_core.package_identification:_identify(src/ros2_ignition_thesis) by extension 'colcon_pkg'
[0.135s] Level 1:colcon.colcon_core.package_identification:_identify(src/ros2_ignition_thesis) by extensions ['colcon_meta']
[0.135s] Level 1:colcon.colcon_core.package_identification:_identify(src/ros2_ignition_thesis) by extension 'colcon_meta'
[0.135s] Level 1:colcon.colcon_core.package_identification:_identify(src/ros2_ignition_thesis) by extensions ['ros']
[0.135s] Level 1:colcon.colcon_core.package_identification:_identify(src/ros2_ignition_thesis) by extension 'ros'
[0.135s] Level 1:colcon.colcon_core.package_identification:_identify(src/ros2_ignition_thesis) by extensions ['cmake', 'python']
[0.135s] Level 1:colcon.colcon_core.package_identification:_identify(src/ros2_ignition_thesis) by extension 'cmake'
[0.135s] Level 1:colcon.colcon_core.package_identification:_identify(src/ros2_ignition_thesis) by extension 'python'
[0.135s] Level 1:colcon.colcon_core.package_identification:_identify(src/ros2_ignition_thesis) by extensions ['python_setup_py']
[0.135s] Level 1:colcon.colcon_core.package_identification:_identify(src/ros2_ignition_thesis) by extension 'python_setup_py'
[0.135s] Level 1:colcon.colcon_core.package_identification:_identify(src/ros2_ignition_thesis/img) by extensions ['ignore', 'ignore_ament_install']
[0.135s] Level 1:colcon.colcon_core.package_identification:_identify(src/ros2_ignition_thesis/img) by extension 'ignore'
[0.135s] Level 1:colcon.colcon_core.package_identification:_identify(src/ros2_ignition_thesis/img) by extension 'ignore_ament_install'
[0.135s] Level 1:colcon.colcon_core.package_identification:_identify(src/ros2_ignition_thesis/img) by extensions ['colcon_pkg']
[0.135s] Level 1:colcon.colcon_core.package_identification:_identify(src/ros2_ignition_thesis/img) by extension 'colcon_pkg'
[0.135s] Level 1:colcon.colcon_core.package_identification:_identify(src/ros2_ignition_thesis/img) by extensions ['colcon_meta']
[0.135s] Level 1:colcon.colcon_core.package_identification:_identify(src/ros2_ignition_thesis/img) by extension 'colcon_meta'
[0.135s] Level 1:colcon.colcon_core.package_identification:_identify(src/ros2_ignition_thesis/img) by extensions ['ros']
[0.135s] Level 1:colcon.colcon_core.package_identification:_identify(src/ros2_ignition_thesis/img) by extension 'ros'
[0.135s] Level 1:colcon.colcon_core.package_identification:_identify(src/ros2_ignition_thesis/img) by extensions ['cmake', 'python']
[0.135s] Level 1:colcon.colcon_core.package_identification:_identify(src/ros2_ignition_thesis/img) by extension 'cmake'
[0.135s] Level 1:colcon.colcon_core.package_identification:_identify(src/ros2_ignition_thesis/img) by extension 'python'
[0.135s] Level 1:colcon.colcon_core.package_identification:_identify(src/ros2_ignition_thesis/img) by extensions ['python_setup_py']
[0.135s] Level 1:colcon.colcon_core.package_identification:_identify(src/ros2_ignition_thesis/img) by extension 'python_setup_py'
[0.135s] Level 1:colcon.colcon_core.package_identification:_identify(src/ros2_ignition_thesis/my_sim_tesi_bringup) by extensions ['ignore', 'ignore_ament_install']
[0.135s] Level 1:colcon.colcon_core.package_identification:_identify(src/ros2_ignition_thesis/my_sim_tesi_bringup) by extension 'ignore'
[0.135s] Level 1:colcon.colcon_core.package_identification:_identify(src/ros2_ignition_thesis/my_sim_tesi_bringup) by extension 'ignore_ament_install'
[0.135s] Level 1:colcon.colcon_core.package_identification:_identify(src/ros2_ignition_thesis/my_sim_tesi_bringup) by extensions ['colcon_pkg']
[0.135s] Level 1:colcon.colcon_core.package_identification:_identify(src/ros2_ignition_thesis/my_sim_tesi_bringup) by extension 'colcon_pkg'
[0.135s] Level 1:colcon.colcon_core.package_identification:_identify(src/ros2_ignition_thesis/my_sim_tesi_bringup) by extensions ['colcon_meta']
[0.135s] Level 1:colcon.colcon_core.package_identification:_identify(src/ros2_ignition_thesis/my_sim_tesi_bringup) by extension 'colcon_meta'
[0.135s] Level 1:colcon.colcon_core.package_identification:_identify(src/ros2_ignition_thesis/my_sim_tesi_bringup) by extensions ['ros']
[0.135s] Level 1:colcon.colcon_core.package_identification:_identify(src/ros2_ignition_thesis/my_sim_tesi_bringup) by extension 'ros'
[0.137s] DEBUG:colcon.colcon_core.package_identification:Package 'src/ros2_ignition_thesis/my_sim_tesi_bringup' with type 'ros.ament_cmake' and name 'my_sim_tesi_bringup'
[0.137s] Level 1:colcon.colcon_core.package_identification:_identify(src/ros2_ignition_thesis/my_sim_tesi_gazebo) by extensions ['ignore', 'ignore_ament_install']
[0.137s] Level 1:colcon.colcon_core.package_identification:_identify(src/ros2_ignition_thesis/my_sim_tesi_gazebo) by extension 'ignore'
[0.137s] Level 1:colcon.colcon_core.package_identification:_identify(src/ros2_ignition_thesis/my_sim_tesi_gazebo) by extension 'ignore_ament_install'
[0.137s] Level 1:colcon.colcon_core.package_identification:_identify(src/ros2_ignition_thesis/my_sim_tesi_gazebo) by extensions ['colcon_pkg']
[0.137s] Level 1:colcon.colcon_core.package_identification:_identify(src/ros2_ignition_thesis/my_sim_tesi_gazebo) by extension 'colcon_pkg'
[0.137s] Level 1:colcon.colcon_core.package_identification:_identify(src/ros2_ignition_thesis/my_sim_tesi_gazebo) by extensions ['colcon_meta']
[0.137s] Level 1:colcon.colcon_core.package_identification:_identify(src/ros2_ignition_thesis/my_sim_tesi_gazebo) by extension 'colcon_meta'
[0.137s] Level 1:colcon.colcon_core.package_identification:_identify(src/ros2_ignition_thesis/my_sim_tesi_gazebo) by extensions ['ros']
[0.137s] Level 1:colcon.colcon_core.package_identification:_identify(src/ros2_ignition_thesis/my_sim_tesi_gazebo) by extension 'ros'
[0.138s] DEBUG:colcon.colcon_core.package_identification:Package 'src/ros2_ignition_thesis/my_sim_tesi_gazebo' with type 'ros.ament_cmake' and name 'my_sim_tesi_gazebo'
[0.138s] Level 1:colcon.colcon_core.package_identification:_identify(src/ros2_ignition_thesis/my_sim_tesi_ros2_interfaces) by extensions ['ignore', 'ignore_ament_install']
[0.138s] Level 1:colcon.colcon_core.package_identification:_identify(src/ros2_ignition_thesis/my_sim_tesi_ros2_interfaces) by extension 'ignore'
[0.138s] Level 1:colcon.colcon_core.package_identification:_identify(src/ros2_ignition_thesis/my_sim_tesi_ros2_interfaces) by extension 'ignore_ament_install'
[0.138s] Level 1:colcon.colcon_core.package_identification:_identify(src/ros2_ignition_thesis/my_sim_tesi_ros2_interfaces) by extensions ['colcon_pkg']
[0.138s] Level 1:colcon.colcon_core.package_identification:_identify(src/ros2_ignition_thesis/my_sim_tesi_ros2_interfaces) by extension 'colcon_pkg'
[0.138s] Level 1:colcon.colcon_core.package_identification:_identify(src/ros2_ignition_thesis/my_sim_tesi_ros2_interfaces) by extensions ['colcon_meta']
[0.138s] Level 1:colcon.colcon_core.package_identification:_identify(src/ros2_ignition_thesis/my_sim_tesi_ros2_interfaces) by extension 'colcon_meta'
[0.138s] Level 1:colcon.colcon_core.package_identification:_identify(src/ros2_ignition_thesis/my_sim_tesi_ros2_interfaces) by extensions ['ros']
[0.138s] Level 1:colcon.colcon_core.package_identification:_identify(src/ros2_ignition_thesis/my_sim_tesi_ros2_interfaces) by extension 'ros'
[0.138s] DEBUG:colcon.colcon_core.package_identification:Package 'src/ros2_ignition_thesis/my_sim_tesi_ros2_interfaces' with type 'ros.ament_cmake' and name 'my_sim_tesi_ros2_interfaces'
[0.138s] Level 1:colcon.colcon_core.package_identification:_identify(src/ros2_ignition_thesis/my_sim_tesi_ros2_nodes) by extensions ['ignore', 'ignore_ament_install']
[0.138s] Level 1:colcon.colcon_core.package_identification:_identify(src/ros2_ignition_thesis/my_sim_tesi_ros2_nodes) by extension 'ignore'
[0.138s] Level 1:colcon.colcon_core.package_identification:_identify(src/ros2_ignition_thesis/my_sim_tesi_ros2_nodes) by extension 'ignore_ament_install'
[0.138s] Level 1:colcon.colcon_core.package_identification:_identify(src/ros2_ignition_thesis/my_sim_tesi_ros2_nodes) by extensions ['colcon_pkg']
[0.138s] Level 1:colcon.colcon_core.package_identification:_identify(src/ros2_ignition_thesis/my_sim_tesi_ros2_nodes) by extension 'colcon_pkg'
[0.138s] Level 1:colcon.colcon_core.package_identification:_identify(src/ros2_ignition_thesis/my_sim_tesi_ros2_nodes) by extensions ['colcon_meta']
[0.138s] Level 1:colcon.colcon_core.package_identification:_identify(src/ros2_ignition_thesis/my_sim_tesi_ros2_nodes) by extension 'colcon_meta'
[0.138s] Level 1:colcon.colcon_core.package_identification:_identify(src/ros2_ignition_thesis/my_sim_tesi_ros2_nodes) by extensions ['ros']
[0.138s] Level 1:colcon.colcon_core.package_identification:_identify(src/ros2_ignition_thesis/my_sim_tesi_ros2_nodes) by extension 'ros'
[0.139s] DEBUG:colcon.colcon_core.package_identification:Package 'src/ros2_ignition_thesis/my_sim_tesi_ros2_nodes' with type 'ros.ament_cmake' and name 'my_sim_tesi_ros2_nodes'
[0.139s] Level 1:colcon.colcon_core.package_discovery:discover_packages(recursive) using defaults
[0.139s] Level 1:colcon.colcon_core.package_discovery:discover_packages(ignore) discover
[0.139s] Level 1:colcon.colcon_core.package_discovery:discover_packages(ignore) using defaults
[0.139s] Level 1:colcon.colcon_core.package_discovery:discover_packages(path) discover
[0.139s] Level 1:colcon.colcon_core.package_discovery:discover_packages(path) using defaults
[0.155s] Level 1:colcon.colcon_core.package_discovery:discover_packages(prefix_path) check parameters
[0.155s] Level 1:colcon.colcon_core.package_discovery:discover_packages(prefix_path) discover
[0.156s] DEBUG:colcon.colcon_installed_package_information.package_discovery:Found 2 installed packages in /home/moonlab/ros2_ws/install
[0.156s] DEBUG:colcon.colcon_installed_package_information.package_discovery:Found 337 installed packages in /opt/ros/humble
[0.157s] Level 1:colcon.colcon_core.package_discovery:discover_packages(prefix_path) using defaults
[0.178s] Level 5:colcon.colcon_core.verb:set package 'my_sim_tesi_bringup' build argument 'cmake_args' from command line to 'None'
[0.178s] Level 5:colcon.colcon_core.verb:set package 'my_sim_tesi_bringup' build argument 'cmake_target' from command line to 'None'
[0.178s] Level 5:colcon.colcon_core.verb:set package 'my_sim_tesi_bringup' build argument 'cmake_target_skip_unavailable' from command line to 'False'
[0.178s] Level 5:colcon.colcon_core.verb:set package 'my_sim_tesi_bringup' build argument 'cmake_clean_cache' from command line to 'False'
[0.178s] Level 5:colcon.colcon_core.verb:set package 'my_sim_tesi_bringup' build argument 'cmake_clean_first' from command line to 'False'
[0.178s] Level 5:colcon.colcon_core.verb:set package 'my_sim_tesi_bringup' build argument 'cmake_force_configure' from command line to 'False'
[0.178s] Level 5:colcon.colcon_core.verb:set package 'my_sim_tesi_bringup' build argument 'ament_cmake_args' from command line to 'None'
[0.178s] Level 5:colcon.colcon_core.verb:set package 'my_sim_tesi_bringup' build argument 'catkin_cmake_args' from command line to 'None'
[0.178s] Level 5:colcon.colcon_core.verb:set package 'my_sim_tesi_bringup' build argument 'catkin_skip_building_tests' from command line to 'False'
[0.178s] DEBUG:colcon.colcon_core.verb:Building package 'my_sim_tesi_bringup' with the following arguments: {'ament_cmake_args': None, 'build_base': '/home/moonlab/ros2_ws/build/my_sim_tesi_bringup', 'catkin_cmake_args': None, 'catkin_skip_building_tests': False, 'cmake_args': None, 'cmake_clean_cache': False, 'cmake_clean_first': False, 'cmake_force_configure': False, 'cmake_target': None, 'cmake_target_skip_unavailable': False, 'install_base': '/home/moonlab/ros2_ws/install/my_sim_tesi_bringup', 'merge_install': False, 'path': '/home/moonlab/ros2_ws/src/ros2_ignition_thesis/my_sim_tesi_bringup', 'symlink_install': True, 'test_result_base': None}
[0.178s] Level 5:colcon.colcon_core.verb:set package 'my_sim_tesi_gazebo' build argument 'cmake_args' from command line to 'None'
[0.178s] Level 5:colcon.colcon_core.verb:set package 'my_sim_tesi_gazebo' build argument 'cmake_target' from command line to 'None'
[0.178s] Level 5:colcon.colcon_core.verb:set package 'my_sim_tesi_gazebo' build argument 'cmake_target_skip_unavailable' from command line to 'False'
[0.178s] Level 5:colcon.colcon_core.verb:set package 'my_sim_tesi_gazebo' build argument 'cmake_clean_cache' from command line to 'False'
[0.178s] Level 5:colcon.colcon_core.verb:set package 'my_sim_tesi_gazebo' build argument 'cmake_clean_first' from command line to 'False'
[0.178s] Level 5:colcon.colcon_core.verb:set package 'my_sim_tesi_gazebo' build argument 'cmake_force_configure' from command line to 'False'
[0.178s] Level 5:colcon.colcon_core.verb:set package 'my_sim_tesi_gazebo' build argument 'ament_cmake_args' from command line to 'None'
[0.178s] Level 5:colcon.colcon_core.verb:set package 'my_sim_tesi_gazebo' build argument 'catkin_cmake_args' from command line to 'None'
[0.178s] Level 5:colcon.colcon_core.verb:set package 'my_sim_tesi_gazebo' build argument 'catkin_skip_building_tests' from command line to 'False'
[0.178s] DEBUG:colcon.colcon_core.verb:Building package 'my_sim_tesi_gazebo' with the following arguments: {'ament_cmake_args': None, 'build_base': '/home/moonlab/ros2_ws/build/my_sim_tesi_gazebo', 'catkin_cmake_args': None, 'catkin_skip_building_tests': False, 'cmake_args': None, 'cmake_clean_cache': False, 'cmake_clean_first': False, 'cmake_force_configure': False, 'cmake_target': None, 'cmake_target_skip_unavailable': False, 'install_base': '/home/moonlab/ros2_ws/install/my_sim_tesi_gazebo', 'merge_install': False, 'path': '/home/moonlab/ros2_ws/src/ros2_ignition_thesis/my_sim_tesi_gazebo', 'symlink_install': True, 'test_result_base': None}
[0.178s] Level 5:colcon.colcon_core.verb:set package 'my_sim_tesi_ros2_interfaces' build argument 'cmake_args' from command line to 'None'
[0.178s] Level 5:colcon.colcon_core.verb:set package 'my_sim_tesi_ros2_interfaces' build argument 'cmake_target' from command line to 'None'
[0.178s] Level 5:colcon.colcon_core.verb:set package 'my_sim_tesi_ros2_interfaces' build argument 'cmake_target_skip_unavailable' from command line to 'False'
[0.178s] Level 5:colcon.colcon_core.verb:set package 'my_sim_tesi_ros2_interfaces' build argument 'cmake_clean_cache' from command line to 'False'
[0.178s] Level 5:colcon.colcon_core.verb:set package 'my_sim_tesi_ros2_interfaces' build argument 'cmake_clean_first' from command line to 'False'
[0.179s] Level 5:colcon.colcon_core.verb:set package 'my_sim_tesi_ros2_interfaces' build argument 'cmake_force_configure' from command line to 'False'
[0.179s] Level 5:colcon.colcon_core.verb:set package 'my_sim_tesi_ros2_interfaces' build argument 'ament_cmake_args' from command line to 'None'
[0.179s] Level 5:colcon.colcon_core.verb:set package 'my_sim_tesi_ros2_interfaces' build argument 'catkin_cmake_args' from command line to 'None'
[0.179s] Level 5:colcon.colcon_core.verb:set package 'my_sim_tesi_ros2_interfaces' build argument 'catkin_skip_building_tests' from command line to 'False'
[0.179s] DEBUG:colcon.colcon_core.verb:Building package 'my_sim_tesi_ros2_interfaces' with the following arguments: {'ament_cmake_args': None, 'build_base': '/home/moonlab/ros2_ws/build/my_sim_tesi_ros2_interfaces', 'catkin_cmake_args': None, 'catkin_skip_building_tests': False, 'cmake_args': None, 'cmake_clean_cache': False, 'cmake_clean_first': False, 'cmake_force_configure': False, 'cmake_target': None, 'cmake_target_skip_unavailable': False, 'install_base': '/home/moonlab/ros2_ws/install/my_sim_tesi_ros2_interfaces', 'merge_install': False, 'path': '/home/moonlab/ros2_ws/src/ros2_ignition_thesis/my_sim_tesi_ros2_interfaces', 'symlink_install': True, 'test_result_base': None}
[0.179s] Level 5:colcon.colcon_core.verb:set package 'my_sim_tesi_ros2_nodes' build argument 'cmake_args' from command line to 'None'
[0.179s] Level 5:colcon.colcon_core.verb:set package 'my_sim_tesi_ros2_nodes' build argument 'cmake_target' from command line to 'None'
[0.179s] Level 5:colcon.colcon_core.verb:set package 'my_sim_tesi_ros2_nodes' build argument 'cmake_target_skip_unavailable' from command line to 'False'
[0.179s] Level 5:colcon.colcon_core.verb:set package 'my_sim_tesi_ros2_nodes' build argument 'cmake_clean_cache' from command line to 'False'
[0.179s] Level 5:colcon.colcon_core.verb:set package 'my_sim_tesi_ros2_nodes' build argument 'cmake_clean_first' from command line to 'False'
[0.179s] Level 5:colcon.colcon_core.verb:set package 'my_sim_tesi_ros2_nodes' build argument 'cmake_force_configure' from command line to 'False'
[0.179s] Level 5:colcon.colcon_core.verb:set package 'my_sim_tesi_ros2_nodes' build argument 'ament_cmake_args' from command line to 'None'
[0.179s] Level 5:colcon.colcon_core.verb:set package 'my_sim_tesi_ros2_nodes' build argument 'catkin_cmake_args' from command line to 'None'
[0.179s] Level 5:colcon.colcon_core.verb:set package 'my_sim_tesi_ros2_nodes' build argument 'catkin_skip_building_tests' from command line to 'False'
[0.179s] DEBUG:colcon.colcon_core.verb:Building package 'my_sim_tesi_ros2_nodes' with the following arguments: {'ament_cmake_args': None, 'build_base': '/home/moonlab/ros2_ws/build/my_sim_tesi_ros2_nodes', 'catkin_cmake_args': None, 'catkin_skip_building_tests': False, 'cmake_args': None, 'cmake_clean_cache': False, 'cmake_clean_first': False, 'cmake_force_configure': False, 'cmake_target': None, 'cmake_target_skip_unavailable': False, 'install_base': '/home/moonlab/ros2_ws/install/my_sim_tesi_ros2_nodes', 'merge_install': False, 'path': '/home/moonlab/ros2_ws/src/ros2_ignition_thesis/my_sim_tesi_ros2_nodes', 'symlink_install': True, 'test_result_base': None}
[0.179s] INFO:colcon.colcon_core.executor:Executing jobs using 'parallel' executor
[0.180s] DEBUG:colcon.colcon_parallel_executor.executor.parallel:run_until_complete
[0.180s] INFO:colcon.colcon_ros.task.ament_cmake.build:Building ROS package in '/home/moonlab/ros2_ws/src/ros2_ignition_thesis/my_sim_tesi_ros2_interfaces' with build type 'ament_cmake'
[0.180s] INFO:colcon.colcon_cmake.task.cmake.build:Building CMake package in '/home/moonlab/ros2_ws/src/ros2_ignition_thesis/my_sim_tesi_ros2_interfaces'
[0.181s] INFO:colcon.colcon_core.plugin_system:Skipping extension 'colcon_core.shell.bat': Not used on non-Windows systems
[0.181s] INFO:colcon.colcon_core.shell:Skip shell extension 'powershell' for command environment: Not usable outside of PowerShell
[0.181s] DEBUG:colcon.colcon_core.shell:Skip shell extension 'dsv' for command environment
[0.183s] INFO:colcon.colcon_ros.task.ament_cmake.build:Building ROS package in '/home/moonlab/ros2_ws/src/ros2_ignition_thesis/my_sim_tesi_bringup' with build type 'ament_cmake'
[0.183s] INFO:colcon.colcon_cmake.task.cmake.build:Building CMake package in '/home/moonlab/ros2_ws/src/ros2_ignition_thesis/my_sim_tesi_bringup'
[0.183s] INFO:colcon.colcon_core.shell:Skip shell extension 'powershell' for command environment: Not usable outside of PowerShell
[0.183s] DEBUG:colcon.colcon_core.shell:Skip shell extension 'dsv' for command environment
[0.185s] INFO:colcon.colcon_ros.task.ament_cmake.build:Building ROS package in '/home/moonlab/ros2_ws/src/ros2_ignition_thesis/my_sim_tesi_gazebo' with build type 'ament_cmake'
[0.185s] INFO:colcon.colcon_cmake.task.cmake.build:Building CMake package in '/home/moonlab/ros2_ws/src/ros2_ignition_thesis/my_sim_tesi_gazebo'
[0.185s] INFO:colcon.colcon_core.shell:Skip shell extension 'powershell' for command environment: Not usable outside of PowerShell
[0.185s] DEBUG:colcon.colcon_core.shell:Skip shell extension 'dsv' for command environment
[0.189s] DEBUG:colcon.colcon_core.event_handler.log_command:Invoking command in '/home/moonlab/ros2_ws/build/my_sim_tesi_ros2_interfaces': CMAKE_PREFIX_PATH=${CMAKE_PREFIX_PATH}:/opt/ros/humble /usr/bin/cmake --build /home/moonlab/ros2_ws/build/my_sim_tesi_ros2_interfaces -- -j24 -l24
[0.190s] DEBUG:colcon.colcon_core.event_handler.log_command:Invoking command in '/home/moonlab/ros2_ws/build/my_sim_tesi_bringup': CMAKE_PREFIX_PATH=${CMAKE_PREFIX_PATH}:/opt/ros/humble /usr/bin/cmake --build /home/moonlab/ros2_ws/build/my_sim_tesi_bringup -- -j24 -l24
[0.192s] DEBUG:colcon.colcon_core.event_handler.log_command:Invoking command in '/home/moonlab/ros2_ws/build/my_sim_tesi_gazebo': CMAKE_PREFIX_PATH=${CMAKE_PREFIX_PATH}:/opt/ros/humble /usr/bin/cmake --build /home/moonlab/ros2_ws/build/my_sim_tesi_gazebo -- -j24 -l24
[0.215s] DEBUG:colcon.colcon_core.event_handler.log_command:Invoked command in '/home/moonlab/ros2_ws/build/my_sim_tesi_gazebo' returned '0': CMAKE_PREFIX_PATH=${CMAKE_PREFIX_PATH}:/opt/ros/humble /usr/bin/cmake --build /home/moonlab/ros2_ws/build/my_sim_tesi_gazebo -- -j24 -l24
[0.221s] DEBUG:colcon.colcon_core.event_handler.log_command:Invoking command in '/home/moonlab/ros2_ws/build/my_sim_tesi_gazebo': CMAKE_PREFIX_PATH=${CMAKE_PREFIX_PATH}:/opt/ros/humble /usr/bin/cmake --install /home/moonlab/ros2_ws/build/my_sim_tesi_gazebo
[0.221s] DEBUG:colcon.colcon_core.event_handler.log_command:Invoked command in '/home/moonlab/ros2_ws/build/my_sim_tesi_bringup' returned '0': CMAKE_PREFIX_PATH=${CMAKE_PREFIX_PATH}:/opt/ros/humble /usr/bin/cmake --build /home/moonlab/ros2_ws/build/my_sim_tesi_bringup -- -j24 -l24
[0.222s] DEBUG:colcon.colcon_core.event_handler.log_command:Invoking command in '/home/moonlab/ros2_ws/build/my_sim_tesi_bringup': CMAKE_PREFIX_PATH=${CMAKE_PREFIX_PATH}:/opt/ros/humble /usr/bin/cmake --install /home/moonlab/ros2_ws/build/my_sim_tesi_bringup
[0.237s] Level 1:colcon.colcon_core.environment:create_environment_scripts_only(my_sim_tesi_bringup)
[0.237s] DEBUG:colcon.colcon_core.event_handler.log_command:Invoked command in '/home/moonlab/ros2_ws/build/my_sim_tesi_bringup' returned '0': CMAKE_PREFIX_PATH=${CMAKE_PREFIX_PATH}:/opt/ros/humble /usr/bin/cmake --install /home/moonlab/ros2_ws/build/my_sim_tesi_bringup
[0.238s] Level 1:colcon.colcon_core.environment:checking '/home/moonlab/ros2_ws/install/my_sim_tesi_bringup' for CMake module files
[0.239s] Level 1:colcon.colcon_core.environment:checking '/home/moonlab/ros2_ws/install/my_sim_tesi_bringup' for CMake config files
[0.239s] Level 1:colcon.colcon_core.shell:create_environment_hook('my_sim_tesi_bringup', 'cmake_prefix_path')
[0.239s] INFO:colcon.colcon_core.shell:Creating environment hook '/home/moonlab/ros2_ws/install/my_sim_tesi_bringup/share/my_sim_tesi_bringup/hook/cmake_prefix_path.ps1'
[0.239s] INFO:colcon.colcon_core.shell:Creating environment descriptor '/home/moonlab/ros2_ws/install/my_sim_tesi_bringup/share/my_sim_tesi_bringup/hook/cmake_prefix_path.dsv'
[0.240s] INFO:colcon.colcon_core.shell:Creating environment hook '/home/moonlab/ros2_ws/install/my_sim_tesi_bringup/share/my_sim_tesi_bringup/hook/cmake_prefix_path.sh'
[0.240s] Level 1:colcon.colcon_core.environment:checking '/home/moonlab/ros2_ws/install/my_sim_tesi_bringup/bin'
[0.240s] Level 1:colcon.colcon_core.environment:checking '/home/moonlab/ros2_ws/install/my_sim_tesi_bringup/lib/pkgconfig/my_sim_tesi_bringup.pc'
[0.240s] Level 1:colcon.colcon_core.environment:checking '/home/moonlab/ros2_ws/install/my_sim_tesi_bringup/lib/python3.10/site-packages'
[0.241s] Level 1:colcon.colcon_core.environment:checking '/home/moonlab/ros2_ws/install/my_sim_tesi_bringup/bin'
[0.241s] INFO:colcon.colcon_core.shell:Creating package script '/home/moonlab/ros2_ws/install/my_sim_tesi_bringup/share/my_sim_tesi_bringup/package.ps1'
[0.241s] INFO:colcon.colcon_core.shell:Creating package descriptor '/home/moonlab/ros2_ws/install/my_sim_tesi_bringup/share/my_sim_tesi_bringup/package.dsv'
[0.242s] INFO:colcon.colcon_core.shell:Creating package script '/home/moonlab/ros2_ws/install/my_sim_tesi_bringup/share/my_sim_tesi_bringup/package.sh'
[0.242s] INFO:colcon.colcon_core.shell:Creating package script '/home/moonlab/ros2_ws/install/my_sim_tesi_bringup/share/my_sim_tesi_bringup/package.bash'
[0.242s] INFO:colcon.colcon_core.shell:Creating package script '/home/moonlab/ros2_ws/install/my_sim_tesi_bringup/share/my_sim_tesi_bringup/package.zsh'
[0.243s] Level 1:colcon.colcon_core.environment:create_file_with_runtime_dependencies(/home/moonlab/ros2_ws/install/my_sim_tesi_bringup/share/colcon-core/packages/my_sim_tesi_bringup)
[0.243s] Level 1:colcon.colcon_core.environment:create_environment_scripts_only(my_sim_tesi_bringup)
[0.243s] Level 1:colcon.colcon_core.environment:checking '/home/moonlab/ros2_ws/install/my_sim_tesi_bringup' for CMake module files
[0.243s] Level 1:colcon.colcon_core.environment:checking '/home/moonlab/ros2_ws/install/my_sim_tesi_bringup' for CMake config files
[0.243s] Level 1:colcon.colcon_core.shell:create_environment_hook('my_sim_tesi_bringup', 'cmake_prefix_path')
[0.244s] INFO:colcon.colcon_core.shell:Creating environment hook '/home/moonlab/ros2_ws/install/my_sim_tesi_bringup/share/my_sim_tesi_bringup/hook/cmake_prefix_path.ps1'
[0.244s] INFO:colcon.colcon_core.shell:Creating environment descriptor '/home/moonlab/ros2_ws/install/my_sim_tesi_bringup/share/my_sim_tesi_bringup/hook/cmake_prefix_path.dsv'
[0.244s] INFO:colcon.colcon_core.shell:Creating environment hook '/home/moonlab/ros2_ws/install/my_sim_tesi_bringup/share/my_sim_tesi_bringup/hook/cmake_prefix_path.sh'
[0.244s] Level 1:colcon.colcon_core.environment:checking '/home/moonlab/ros2_ws/install/my_sim_tesi_bringup/bin'
[0.244s] Level 1:colcon.colcon_core.environment:checking '/home/moonlab/ros2_ws/install/my_sim_tesi_bringup/lib/pkgconfig/my_sim_tesi_bringup.pc'
[0.244s] Level 1:colcon.colcon_core.environment:checking '/home/moonlab/ros2_ws/install/my_sim_tesi_bringup/lib/python3.10/site-packages'
[0.244s] Level 1:colcon.colcon_core.environment:checking '/home/moonlab/ros2_ws/install/my_sim_tesi_bringup/bin'
[0.245s] INFO:colcon.colcon_core.shell:Creating package script '/home/moonlab/ros2_ws/install/my_sim_tesi_bringup/share/my_sim_tesi_bringup/package.ps1'
[0.245s] INFO:colcon.colcon_core.shell:Creating package descriptor '/home/moonlab/ros2_ws/install/my_sim_tesi_bringup/share/my_sim_tesi_bringup/package.dsv'
[0.245s] INFO:colcon.colcon_core.shell:Creating package script '/home/moonlab/ros2_ws/install/my_sim_tesi_bringup/share/my_sim_tesi_bringup/package.sh'
[0.245s] INFO:colcon.colcon_core.shell:Creating package script '/home/moonlab/ros2_ws/install/my_sim_tesi_bringup/share/my_sim_tesi_bringup/package.bash'
[0.245s] INFO:colcon.colcon_core.shell:Creating package script '/home/moonlab/ros2_ws/install/my_sim_tesi_bringup/share/my_sim_tesi_bringup/package.zsh'
[0.246s] Level 1:colcon.colcon_core.environment:create_file_with_runtime_dependencies(/home/moonlab/ros2_ws/install/my_sim_tesi_bringup/share/colcon-core/packages/my_sim_tesi_bringup)
[0.246s] Level 1:colcon.colcon_core.environment:create_environment_scripts_only(my_sim_tesi_gazebo)
[0.246s] Level 1:colcon.colcon_core.environment:checking '/home/moonlab/ros2_ws/install/my_sim_tesi_gazebo' for CMake module files
[0.247s] DEBUG:colcon.colcon_core.event_handler.log_command:Invoked command in '/home/moonlab/ros2_ws/build/my_sim_tesi_gazebo' returned '0': CMAKE_PREFIX_PATH=${CMAKE_PREFIX_PATH}:/opt/ros/humble /usr/bin/cmake --install /home/moonlab/ros2_ws/build/my_sim_tesi_gazebo
[0.247s] Level 1:colcon.colcon_core.environment:checking '/home/moonlab/ros2_ws/install/my_sim_tesi_gazebo' for CMake config files
[0.247s] Level 1:colcon.colcon_core.shell:create_environment_hook('my_sim_tesi_gazebo', 'cmake_prefix_path')
[0.247s] INFO:colcon.colcon_core.shell:Creating environment hook '/home/moonlab/ros2_ws/install/my_sim_tesi_gazebo/share/my_sim_tesi_gazebo/hook/cmake_prefix_path.ps1'
[0.247s] INFO:colcon.colcon_core.shell:Creating environment descriptor '/home/moonlab/ros2_ws/install/my_sim_tesi_gazebo/share/my_sim_tesi_gazebo/hook/cmake_prefix_path.dsv'
[0.247s] INFO:colcon.colcon_core.shell:Creating environment hook '/home/moonlab/ros2_ws/install/my_sim_tesi_gazebo/share/my_sim_tesi_gazebo/hook/cmake_prefix_path.sh'
[0.248s] Level 1:colcon.colcon_core.environment:checking '/home/moonlab/ros2_ws/install/my_sim_tesi_gazebo/bin'
[0.248s] Level 1:colcon.colcon_core.environment:checking '/home/moonlab/ros2_ws/install/my_sim_tesi_gazebo/lib/pkgconfig/my_sim_tesi_gazebo.pc'
[0.248s] Level 1:colcon.colcon_core.environment:checking '/home/moonlab/ros2_ws/install/my_sim_tesi_gazebo/lib/python3.10/site-packages'
[0.248s] Level 1:colcon.colcon_core.environment:checking '/home/moonlab/ros2_ws/install/my_sim_tesi_gazebo/bin'
[0.248s] INFO:colcon.colcon_core.shell:Creating package script '/home/moonlab/ros2_ws/install/my_sim_tesi_gazebo/share/my_sim_tesi_gazebo/package.ps1'
[0.248s] INFO:colcon.colcon_core.shell:Creating package descriptor '/home/moonlab/ros2_ws/install/my_sim_tesi_gazebo/share/my_sim_tesi_gazebo/package.dsv'
[0.248s] INFO:colcon.colcon_core.shell:Creating package script '/home/moonlab/ros2_ws/install/my_sim_tesi_gazebo/share/my_sim_tesi_gazebo/package.sh'
[0.249s] INFO:colcon.colcon_core.shell:Creating package script '/home/moonlab/ros2_ws/install/my_sim_tesi_gazebo/share/my_sim_tesi_gazebo/package.bash'
[0.249s] INFO:colcon.colcon_core.shell:Creating package script '/home/moonlab/ros2_ws/install/my_sim_tesi_gazebo/share/my_sim_tesi_gazebo/package.zsh'
[0.249s] Level 1:colcon.colcon_core.environment:create_file_with_runtime_dependencies(/home/moonlab/ros2_ws/install/my_sim_tesi_gazebo/share/colcon-core/packages/my_sim_tesi_gazebo)
[0.249s] Level 1:colcon.colcon_core.environment:create_environment_scripts_only(my_sim_tesi_gazebo)
[0.249s] Level 1:colcon.colcon_core.environment:checking '/home/moonlab/ros2_ws/install/my_sim_tesi_gazebo' for CMake module files
[0.249s] Level 1:colcon.colcon_core.environment:checking '/home/moonlab/ros2_ws/install/my_sim_tesi_gazebo' for CMake config files
[0.250s] Level 1:colcon.colcon_core.shell:create_environment_hook('my_sim_tesi_gazebo', 'cmake_prefix_path')
[0.250s] INFO:colcon.colcon_core.shell:Creating environment hook '/home/moonlab/ros2_ws/install/my_sim_tesi_gazebo/share/my_sim_tesi_gazebo/hook/cmake_prefix_path.ps1'
[0.250s] INFO:colcon.colcon_core.shell:Creating environment descriptor '/home/moonlab/ros2_ws/install/my_sim_tesi_gazebo/share/my_sim_tesi_gazebo/hook/cmake_prefix_path.dsv'
[0.250s] INFO:colcon.colcon_core.shell:Creating environment hook '/home/moonlab/ros2_ws/install/my_sim_tesi_gazebo/share/my_sim_tesi_gazebo/hook/cmake_prefix_path.sh'
[0.250s] Level 1:colcon.colcon_core.environment:checking '/home/moonlab/ros2_ws/install/my_sim_tesi_gazebo/bin'
[0.250s] Level 1:colcon.colcon_core.environment:checking '/home/moonlab/ros2_ws/install/my_sim_tesi_gazebo/lib/pkgconfig/my_sim_tesi_gazebo.pc'
[0.251s] Level 1:colcon.colcon_core.environment:checking '/home/moonlab/ros2_ws/install/my_sim_tesi_gazebo/lib/python3.10/site-packages'
[0.251s] Level 1:colcon.colcon_core.environment:checking '/home/moonlab/ros2_ws/install/my_sim_tesi_gazebo/bin'
[0.251s] INFO:colcon.colcon_core.shell:Creating package script '/home/moonlab/ros2_ws/install/my_sim_tesi_gazebo/share/my_sim_tesi_gazebo/package.ps1'
[0.251s] INFO:colcon.colcon_core.shell:Creating package descriptor '/home/moonlab/ros2_ws/install/my_sim_tesi_gazebo/share/my_sim_tesi_gazebo/package.dsv'
[0.251s] INFO:colcon.colcon_core.shell:Creating package script '/home/moonlab/ros2_ws/install/my_sim_tesi_gazebo/share/my_sim_tesi_gazebo/package.sh'
[0.252s] INFO:colcon.colcon_core.shell:Creating package script '/home/moonlab/ros2_ws/install/my_sim_tesi_gazebo/share/my_sim_tesi_gazebo/package.bash'
[0.252s] INFO:colcon.colcon_core.shell:Creating package script '/home/moonlab/ros2_ws/install/my_sim_tesi_gazebo/share/my_sim_tesi_gazebo/package.zsh'
[0.252s] Level 1:colcon.colcon_core.environment:create_file_with_runtime_dependencies(/home/moonlab/ros2_ws/install/my_sim_tesi_gazebo/share/colcon-core/packages/my_sim_tesi_gazebo)
[0.369s] DEBUG:colcon.colcon_core.event_handler.log_command:Invoked command in '/home/moonlab/ros2_ws/build/my_sim_tesi_ros2_interfaces' returned '0': CMAKE_PREFIX_PATH=${CMAKE_PREFIX_PATH}:/opt/ros/humble /usr/bin/cmake --build /home/moonlab/ros2_ws/build/my_sim_tesi_ros2_interfaces -- -j24 -l24
[0.370s] DEBUG:colcon.colcon_core.event_handler.log_command:Invoking command in '/home/moonlab/ros2_ws/build/my_sim_tesi_ros2_interfaces': CMAKE_PREFIX_PATH=${CMAKE_PREFIX_PATH}:/opt/ros/humble /usr/bin/cmake --install /home/moonlab/ros2_ws/build/my_sim_tesi_ros2_interfaces
[0.730s] Level 1:colcon.colcon_core.environment:create_environment_scripts_only(my_sim_tesi_ros2_interfaces)
[0.731s] DEBUG:colcon.colcon_core.event_handler.log_command:Invoked command in '/home/moonlab/ros2_ws/build/my_sim_tesi_ros2_interfaces' returned '0': CMAKE_PREFIX_PATH=${CMAKE_PREFIX_PATH}:/opt/ros/humble /usr/bin/cmake --install /home/moonlab/ros2_ws/build/my_sim_tesi_ros2_interfaces
[0.731s] Level 1:colcon.colcon_core.environment:checking '/home/moonlab/ros2_ws/install/my_sim_tesi_ros2_interfaces' for CMake module files
[0.731s] Level 1:colcon.colcon_core.environment:checking '/home/moonlab/ros2_ws/install/my_sim_tesi_ros2_interfaces' for CMake config files
[0.732s] Level 1:colcon.colcon_core.shell:create_environment_hook('my_sim_tesi_ros2_interfaces', 'cmake_prefix_path')
[0.732s] INFO:colcon.colcon_core.shell:Creating environment hook '/home/moonlab/ros2_ws/install/my_sim_tesi_ros2_interfaces/share/my_sim_tesi_ros2_interfaces/hook/cmake_prefix_path.ps1'
[0.733s] INFO:colcon.colcon_core.shell:Creating environment descriptor '/home/moonlab/ros2_ws/install/my_sim_tesi_ros2_interfaces/share/my_sim_tesi_ros2_interfaces/hook/cmake_prefix_path.dsv'
[0.733s] INFO:colcon.colcon_core.shell:Creating environment hook '/home/moonlab/ros2_ws/install/my_sim_tesi_ros2_interfaces/share/my_sim_tesi_ros2_interfaces/hook/cmake_prefix_path.sh'
[0.733s] Level 1:colcon.colcon_core.environment:checking '/home/moonlab/ros2_ws/install/my_sim_tesi_ros2_interfaces/lib'
[0.733s] Level 1:colcon.colcon_core.shell:create_environment_hook('my_sim_tesi_ros2_interfaces', 'ld_library_path_lib')
[0.733s] INFO:colcon.colcon_core.shell:Creating environment hook '/home/moonlab/ros2_ws/install/my_sim_tesi_ros2_interfaces/share/my_sim_tesi_ros2_interfaces/hook/ld_library_path_lib.ps1'
[0.734s] INFO:colcon.colcon_core.shell:Creating environment descriptor '/home/moonlab/ros2_ws/install/my_sim_tesi_ros2_interfaces/share/my_sim_tesi_ros2_interfaces/hook/ld_library_path_lib.dsv'
[0.734s] INFO:colcon.colcon_core.shell:Creating environment hook '/home/moonlab/ros2_ws/install/my_sim_tesi_ros2_interfaces/share/my_sim_tesi_ros2_interfaces/hook/ld_library_path_lib.sh'
[0.734s] Level 1:colcon.colcon_core.environment:checking '/home/moonlab/ros2_ws/install/my_sim_tesi_ros2_interfaces/bin'
[0.734s] Level 1:colcon.colcon_core.environment:checking '/home/moonlab/ros2_ws/install/my_sim_tesi_ros2_interfaces/lib/pkgconfig/my_sim_tesi_ros2_interfaces.pc'
[0.734s] Level 1:colcon.colcon_core.environment:checking '/home/moonlab/ros2_ws/install/my_sim_tesi_ros2_interfaces/lib/python3.10/site-packages'
[0.735s] Level 1:colcon.colcon_core.environment:checking '/home/moonlab/ros2_ws/install/my_sim_tesi_ros2_interfaces/bin'
[0.735s] INFO:colcon.colcon_core.shell:Creating package script '/home/moonlab/ros2_ws/install/my_sim_tesi_ros2_interfaces/share/my_sim_tesi_ros2_interfaces/package.ps1'
[0.735s] INFO:colcon.colcon_core.shell:Creating package descriptor '/home/moonlab/ros2_ws/install/my_sim_tesi_ros2_interfaces/share/my_sim_tesi_ros2_interfaces/package.dsv'
[0.735s] INFO:colcon.colcon_core.shell:Creating package script '/home/moonlab/ros2_ws/install/my_sim_tesi_ros2_interfaces/share/my_sim_tesi_ros2_interfaces/package.sh'
[0.735s] INFO:colcon.colcon_core.shell:Creating package script '/home/moonlab/ros2_ws/install/my_sim_tesi_ros2_interfaces/share/my_sim_tesi_ros2_interfaces/package.bash'
[0.736s] INFO:colcon.colcon_core.shell:Creating package script '/home/moonlab/ros2_ws/install/my_sim_tesi_ros2_interfaces/share/my_sim_tesi_ros2_interfaces/package.zsh'
[0.736s] Level 1:colcon.colcon_core.environment:create_file_with_runtime_dependencies(/home/moonlab/ros2_ws/install/my_sim_tesi_ros2_interfaces/share/colcon-core/packages/my_sim_tesi_ros2_interfaces)
[0.736s] Level 1:colcon.colcon_core.environment:create_environment_scripts_only(my_sim_tesi_ros2_interfaces)
[0.736s] Level 1:colcon.colcon_core.environment:checking '/home/moonlab/ros2_ws/install/my_sim_tesi_ros2_interfaces' for CMake module files
[0.736s] Level 1:colcon.colcon_core.environment:checking '/home/moonlab/ros2_ws/install/my_sim_tesi_ros2_interfaces' for CMake config files
[0.737s] Level 1:colcon.colcon_core.shell:create_environment_hook('my_sim_tesi_ros2_interfaces', 'cmake_prefix_path')
[0.737s] INFO:colcon.colcon_core.shell:Creating environment hook '/home/moonlab/ros2_ws/install/my_sim_tesi_ros2_interfaces/share/my_sim_tesi_ros2_interfaces/hook/cmake_prefix_path.ps1'
[0.737s] INFO:colcon.colcon_core.shell:Creating environment descriptor '/home/moonlab/ros2_ws/install/my_sim_tesi_ros2_interfaces/share/my_sim_tesi_ros2_interfaces/hook/cmake_prefix_path.dsv'
[0.737s] INFO:colcon.colcon_core.shell:Creating environment hook '/home/moonlab/ros2_ws/install/my_sim_tesi_ros2_interfaces/share/my_sim_tesi_ros2_interfaces/hook/cmake_prefix_path.sh'
[0.737s] Level 1:colcon.colcon_core.environment:checking '/home/moonlab/ros2_ws/install/my_sim_tesi_ros2_interfaces/lib'
[0.738s] Level 1:colcon.colcon_core.shell:create_environment_hook('my_sim_tesi_ros2_interfaces', 'ld_library_path_lib')
[0.738s] INFO:colcon.colcon_core.shell:Creating environment hook '/home/moonlab/ros2_ws/install/my_sim_tesi_ros2_interfaces/share/my_sim_tesi_ros2_interfaces/hook/ld_library_path_lib.ps1'
[0.738s] INFO:colcon.colcon_core.shell:Creating environment descriptor '/home/moonlab/ros2_ws/install/my_sim_tesi_ros2_interfaces/share/my_sim_tesi_ros2_interfaces/hook/ld_library_path_lib.dsv'
[0.738s] INFO:colcon.colcon_core.shell:Creating environment hook '/home/moonlab/ros2_ws/install/my_sim_tesi_ros2_interfaces/share/my_sim_tesi_ros2_interfaces/hook/ld_library_path_lib.sh'
[0.738s] Level 1:colcon.colcon_core.environment:checking '/home/moonlab/ros2_ws/install/my_sim_tesi_ros2_interfaces/bin'
[0.738s] Level 1:colcon.colcon_core.environment:checking '/home/moonlab/ros2_ws/install/my_sim_tesi_ros2_interfaces/lib/pkgconfig/my_sim_tesi_ros2_interfaces.pc'
[0.738s] Level 1:colcon.colcon_core.environment:checking '/home/moonlab/ros2_ws/install/my_sim_tesi_ros2_interfaces/lib/python3.10/site-packages'
[0.738s] Level 1:colcon.colcon_core.environment:checking '/home/moonlab/ros2_ws/install/my_sim_tesi_ros2_interfaces/bin'
[0.739s] INFO:colcon.colcon_core.shell:Creating package script '/home/moonlab/ros2_ws/install/my_sim_tesi_ros2_interfaces/share/my_sim_tesi_ros2_interfaces/package.ps1'
[0.739s] INFO:colcon.colcon_core.shell:Creating package descriptor '/home/moonlab/ros2_ws/install/my_sim_tesi_ros2_interfaces/share/my_sim_tesi_ros2_interfaces/package.dsv'
[0.739s] INFO:colcon.colcon_core.shell:Creating package script '/home/moonlab/ros2_ws/install/my_sim_tesi_ros2_interfaces/share/my_sim_tesi_ros2_interfaces/package.sh'
[0.739s] INFO:colcon.colcon_core.shell:Creating package script '/home/moonlab/ros2_ws/install/my_sim_tesi_ros2_interfaces/share/my_sim_tesi_ros2_interfaces/package.bash'
[0.739s] INFO:colcon.colcon_core.shell:Creating package script '/home/moonlab/ros2_ws/install/my_sim_tesi_ros2_interfaces/share/my_sim_tesi_ros2_interfaces/package.zsh'
[0.739s] Level 1:colcon.colcon_core.environment:create_file_with_runtime_dependencies(/home/moonlab/ros2_ws/install/my_sim_tesi_ros2_interfaces/share/colcon-core/packages/my_sim_tesi_ros2_interfaces)
[0.740s] INFO:colcon.colcon_ros.task.ament_cmake.build:Building ROS package in '/home/moonlab/ros2_ws/src/ros2_ignition_thesis/my_sim_tesi_ros2_nodes' with build type 'ament_cmake'
[0.740s] INFO:colcon.colcon_cmake.task.cmake.build:Building CMake package in '/home/moonlab/ros2_ws/src/ros2_ignition_thesis/my_sim_tesi_ros2_nodes'
[0.740s] INFO:colcon.colcon_core.shell:Skip shell extension 'powershell' for command environment: Not usable outside of PowerShell
[0.740s] DEBUG:colcon.colcon_core.shell:Skip shell extension 'dsv' for command environment
[0.746s] DEBUG:colcon.colcon_core.event_handler.log_command:Invoking command in '/home/moonlab/ros2_ws/build/my_sim_tesi_ros2_nodes': AMENT_PREFIX_PATH=/home/moonlab/ros2_ws/install/my_sim_tesi_ros2_interfaces:${AMENT_PREFIX_PATH} CMAKE_PREFIX_PATH=/home/moonlab/ros2_ws/install/my_sim_tesi_ros2_interfaces:/home/moonlab/ros2_ws/install/my_sim_tesi_bringup:/opt/ros/humble LD_LIBRARY_PATH=/home/moonlab/ros2_ws/install/my_sim_tesi_ros2_interfaces/lib:${LD_LIBRARY_PATH} PYTHONPATH=/home/moonlab/ros2_ws/install/my_sim_tesi_ros2_interfaces/local/lib/python3.10/dist-packages:${PYTHONPATH} /usr/bin/cmake /home/moonlab/ros2_ws/src/ros2_ignition_thesis/my_sim_tesi_ros2_nodes -DAMENT_CMAKE_SYMLINK_INSTALL=1 -DCMAKE_INSTALL_PREFIX=/home/moonlab/ros2_ws/install/my_sim_tesi_ros2_nodes
[1.497s] DEBUG:colcon.colcon_core.event_handler.log_command:Invoked command in '/home/moonlab/ros2_ws/build/my_sim_tesi_ros2_nodes' returned '0': AMENT_PREFIX_PATH=/home/moonlab/ros2_ws/install/my_sim_tesi_ros2_interfaces:${AMENT_PREFIX_PATH} CMAKE_PREFIX_PATH=/home/moonlab/ros2_ws/install/my_sim_tesi_ros2_interfaces:/home/moonlab/ros2_ws/install/my_sim_tesi_bringup:/opt/ros/humble LD_LIBRARY_PATH=/home/moonlab/ros2_ws/install/my_sim_tesi_ros2_interfaces/lib:${LD_LIBRARY_PATH} PYTHONPATH=/home/moonlab/ros2_ws/install/my_sim_tesi_ros2_interfaces/local/lib/python3.10/dist-packages:${PYTHONPATH} /usr/bin/cmake /home/moonlab/ros2_ws/src/ros2_ignition_thesis/my_sim_tesi_ros2_nodes -DAMENT_CMAKE_SYMLINK_INSTALL=1 -DCMAKE_INSTALL_PREFIX=/home/moonlab/ros2_ws/install/my_sim_tesi_ros2_nodes
[1.498s] DEBUG:colcon.colcon_core.event_handler.log_command:Invoking command in '/home/moonlab/ros2_ws/build/my_sim_tesi_ros2_nodes': AMENT_PREFIX_PATH=/home/moonlab/ros2_ws/install/my_sim_tesi_ros2_interfaces:${AMENT_PREFIX_PATH} CMAKE_PREFIX_PATH=/home/moonlab/ros2_ws/install/my_sim_tesi_ros2_interfaces:/home/moonlab/ros2_ws/install/my_sim_tesi_bringup:/opt/ros/humble LD_LIBRARY_PATH=/home/moonlab/ros2_ws/install/my_sim_tesi_ros2_interfaces/lib:${LD_LIBRARY_PATH} PYTHONPATH=/home/moonlab/ros2_ws/install/my_sim_tesi_ros2_interfaces/local/lib/python3.10/dist-packages:${PYTHONPATH} /usr/bin/cmake --build /home/moonlab/ros2_ws/build/my_sim_tesi_ros2_nodes -- -j24 -l24
[8.705s] DEBUG:colcon.colcon_core.event_handler.log_command:Invoked command in '/home/moonlab/ros2_ws/build/my_sim_tesi_ros2_nodes' returned '0': AMENT_PREFIX_PATH=/home/moonlab/ros2_ws/install/my_sim_tesi_ros2_interfaces:${AMENT_PREFIX_PATH} CMAKE_PREFIX_PATH=/home/moonlab/ros2_ws/install/my_sim_tesi_ros2_interfaces:/home/moonlab/ros2_ws/install/my_sim_tesi_bringup:/opt/ros/humble LD_LIBRARY_PATH=/home/moonlab/ros2_ws/install/my_sim_tesi_ros2_interfaces/lib:${LD_LIBRARY_PATH} PYTHONPATH=/home/moonlab/ros2_ws/install/my_sim_tesi_ros2_interfaces/local/lib/python3.10/dist-packages:${PYTHONPATH} /usr/bin/cmake --build /home/moonlab/ros2_ws/build/my_sim_tesi_ros2_nodes -- -j24 -l24
[8.706s] DEBUG:colcon.colcon_core.event_handler.log_command:Invoking command in '/home/moonlab/ros2_ws/build/my_sim_tesi_ros2_nodes': AMENT_PREFIX_PATH=/home/moonlab/ros2_ws/install/my_sim_tesi_ros2_interfaces:${AMENT_PREFIX_PATH} CMAKE_PREFIX_PATH=/home/moonlab/ros2_ws/install/my_sim_tesi_ros2_interfaces:/home/moonlab/ros2_ws/install/my_sim_tesi_bringup:/opt/ros/humble LD_LIBRARY_PATH=/home/moonlab/ros2_ws/install/my_sim_tesi_ros2_interfaces/lib:${LD_LIBRARY_PATH} PYTHONPATH=/home/moonlab/ros2_ws/install/my_sim_tesi_ros2_interfaces/local/lib/python3.10/dist-packages:${PYTHONPATH} /usr/bin/cmake --install /home/moonlab/ros2_ws/build/my_sim_tesi_ros2_nodes
[8.842s] Level 1:colcon.colcon_core.environment:create_environment_scripts_only(my_sim_tesi_ros2_nodes)
[8.843s] DEBUG:colcon.colcon_core.event_handler.log_command:Invoked command in '/home/moonlab/ros2_ws/build/my_sim_tesi_ros2_nodes' returned '0': AMENT_PREFIX_PATH=/home/moonlab/ros2_ws/install/my_sim_tesi_ros2_interfaces:${AMENT_PREFIX_PATH} CMAKE_PREFIX_PATH=/home/moonlab/ros2_ws/install/my_sim_tesi_ros2_interfaces:/home/moonlab/ros2_ws/install/my_sim_tesi_bringup:/opt/ros/humble LD_LIBRARY_PATH=/home/moonlab/ros2_ws/install/my_sim_tesi_ros2_interfaces/lib:${LD_LIBRARY_PATH} PYTHONPATH=/home/moonlab/ros2_ws/install/my_sim_tesi_ros2_interfaces/local/lib/python3.10/dist-packages:${PYTHONPATH} /usr/bin/cmake --install /home/moonlab/ros2_ws/build/my_sim_tesi_ros2_nodes
[8.843s] Level 1:colcon.colcon_core.environment:checking '/home/moonlab/ros2_ws/install/my_sim_tesi_ros2_nodes' for CMake module files
[8.843s] Level 1:colcon.colcon_core.environment:checking '/home/moonlab/ros2_ws/install/my_sim_tesi_ros2_nodes' for CMake config files
[8.843s] Level 1:colcon.colcon_core.shell:create_environment_hook('my_sim_tesi_ros2_nodes', 'cmake_prefix_path')
[8.844s] INFO:colcon.colcon_core.shell:Creating environment hook '/home/moonlab/ros2_ws/install/my_sim_tesi_ros2_nodes/share/my_sim_tesi_ros2_nodes/hook/cmake_prefix_path.ps1'
[8.844s] INFO:colcon.colcon_core.shell:Creating environment descriptor '/home/moonlab/ros2_ws/install/my_sim_tesi_ros2_nodes/share/my_sim_tesi_ros2_nodes/hook/cmake_prefix_path.dsv'
[8.844s] INFO:colcon.colcon_core.shell:Creating environment hook '/home/moonlab/ros2_ws/install/my_sim_tesi_ros2_nodes/share/my_sim_tesi_ros2_nodes/hook/cmake_prefix_path.sh'
[8.844s] Level 1:colcon.colcon_core.environment:checking '/home/moonlab/ros2_ws/install/my_sim_tesi_ros2_nodes/lib'
[8.844s] Level 1:colcon.colcon_core.shell:create_environment_hook('my_sim_tesi_ros2_nodes', 'ld_library_path_lib')
[8.844s] INFO:colcon.colcon_core.shell:Creating environment hook '/home/moonlab/ros2_ws/install/my_sim_tesi_ros2_nodes/share/my_sim_tesi_ros2_nodes/hook/ld_library_path_lib.ps1'
[8.845s] INFO:colcon.colcon_core.shell:Creating environment descriptor '/home/moonlab/ros2_ws/install/my_sim_tesi_ros2_nodes/share/my_sim_tesi_ros2_nodes/hook/ld_library_path_lib.dsv'
[8.845s] INFO:colcon.colcon_core.shell:Creating environment hook '/home/moonlab/ros2_ws/install/my_sim_tesi_ros2_nodes/share/my_sim_tesi_ros2_nodes/hook/ld_library_path_lib.sh'
[8.845s] Level 1:colcon.colcon_core.environment:checking '/home/moonlab/ros2_ws/install/my_sim_tesi_ros2_nodes/bin'
[8.845s] Level 1:colcon.colcon_core.environment:checking '/home/moonlab/ros2_ws/install/my_sim_tesi_ros2_nodes/lib/pkgconfig/my_sim_tesi_ros2_nodes.pc'
[8.845s] Level 1:colcon.colcon_core.environment:checking '/home/moonlab/ros2_ws/install/my_sim_tesi_ros2_nodes/lib/python3.10/site-packages'
[8.845s] Level 1:colcon.colcon_core.environment:checking '/home/moonlab/ros2_ws/install/my_sim_tesi_ros2_nodes/bin'
[8.845s] INFO:colcon.colcon_core.shell:Creating package script '/home/moonlab/ros2_ws/install/my_sim_tesi_ros2_nodes/share/my_sim_tesi_ros2_nodes/package.ps1'
[8.846s] INFO:colcon.colcon_core.shell:Creating package descriptor '/home/moonlab/ros2_ws/install/my_sim_tesi_ros2_nodes/share/my_sim_tesi_ros2_nodes/package.dsv'
[8.846s] INFO:colcon.colcon_core.shell:Creating package script '/home/moonlab/ros2_ws/install/my_sim_tesi_ros2_nodes/share/my_sim_tesi_ros2_nodes/package.sh'
[8.846s] INFO:colcon.colcon_core.shell:Creating package script '/home/moonlab/ros2_ws/install/my_sim_tesi_ros2_nodes/share/my_sim_tesi_ros2_nodes/package.bash'
[8.846s] INFO:colcon.colcon_core.shell:Creating package script '/home/moonlab/ros2_ws/install/my_sim_tesi_ros2_nodes/share/my_sim_tesi_ros2_nodes/package.zsh'
[8.846s] Level 1:colcon.colcon_core.environment:create_file_with_runtime_dependencies(/home/moonlab/ros2_ws/install/my_sim_tesi_ros2_nodes/share/colcon-core/packages/my_sim_tesi_ros2_nodes)
[8.846s] Level 1:colcon.colcon_core.environment:create_environment_scripts_only(my_sim_tesi_ros2_nodes)
[8.847s] Level 1:colcon.colcon_core.environment:checking '/home/moonlab/ros2_ws/install/my_sim_tesi_ros2_nodes' for CMake module files
[8.847s] Level 1:colcon.colcon_core.environment:checking '/home/moonlab/ros2_ws/install/my_sim_tesi_ros2_nodes' for CMake config files
[8.847s] Level 1:colcon.colcon_core.shell:create_environment_hook('my_sim_tesi_ros2_nodes', 'cmake_prefix_path')
[8.847s] INFO:colcon.colcon_core.shell:Creating environment hook '/home/moonlab/ros2_ws/install/my_sim_tesi_ros2_nodes/share/my_sim_tesi_ros2_nodes/hook/cmake_prefix_path.ps1'
[8.847s] INFO:colcon.colcon_core.shell:Creating environment descriptor '/home/moonlab/ros2_ws/install/my_sim_tesi_ros2_nodes/share/my_sim_tesi_ros2_nodes/hook/cmake_prefix_path.dsv'
[8.847s] INFO:colcon.colcon_core.shell:Creating environment hook '/home/moonlab/ros2_ws/install/my_sim_tesi_ros2_nodes/share/my_sim_tesi_ros2_nodes/hook/cmake_prefix_path.sh'
[8.848s] Level 1:colcon.colcon_core.environment:checking '/home/moonlab/ros2_ws/install/my_sim_tesi_ros2_nodes/lib'
[8.848s] Level 1:colcon.colcon_core.shell:create_environment_hook('my_sim_tesi_ros2_nodes', 'ld_library_path_lib')
[8.848s] INFO:colcon.colcon_core.shell:Creating environment hook '/home/moonlab/ros2_ws/install/my_sim_tesi_ros2_nodes/share/my_sim_tesi_ros2_nodes/hook/ld_library_path_lib.ps1'
[8.848s] INFO:colcon.colcon_core.shell:Creating environment descriptor '/home/moonlab/ros2_ws/install/my_sim_tesi_ros2_nodes/share/my_sim_tesi_ros2_nodes/hook/ld_library_path_lib.dsv'
[8.848s] INFO:colcon.colcon_core.shell:Creating environment hook '/home/moonlab/ros2_ws/install/my_sim_tesi_ros2_nodes/share/my_sim_tesi_ros2_nodes/hook/ld_library_path_lib.sh'
[8.848s] Level 1:colcon.colcon_core.environment:checking '/home/moonlab/ros2_ws/install/my_sim_tesi_ros2_nodes/bin'
[8.848s] Level 1:colcon.colcon_core.environment:checking '/home/moonlab/ros2_ws/install/my_sim_tesi_ros2_nodes/lib/pkgconfig/my_sim_tesi_ros2_nodes.pc'
[8.849s] Level 1:colcon.colcon_core.environment:checking '/home/moonlab/ros2_ws/install/my_sim_tesi_ros2_nodes/lib/python3.10/site-packages'
[8.849s] Level 1:colcon.colcon_core.environment:checking '/home/moonlab/ros2_ws/install/my_sim_tesi_ros2_nodes/bin'
[8.849s] INFO:colcon.colcon_core.shell:Creating package script '/home/moonlab/ros2_ws/install/my_sim_tesi_ros2_nodes/share/my_sim_tesi_ros2_nodes/package.ps1'
[8.849s] INFO:colcon.colcon_core.shell:Creating package descriptor '/home/moonlab/ros2_ws/install/my_sim_tesi_ros2_nodes/share/my_sim_tesi_ros2_nodes/package.dsv'
[8.849s] INFO:colcon.colcon_core.shell:Creating package script '/home/moonlab/ros2_ws/install/my_sim_tesi_ros2_nodes/share/my_sim_tesi_ros2_nodes/package.sh'
[8.849s] INFO:colcon.colcon_core.shell:Creating package script '/home/moonlab/ros2_ws/install/my_sim_tesi_ros2_nodes/share/my_sim_tesi_ros2_nodes/package.bash'
[8.850s] INFO:colcon.colcon_core.shell:Creating package script '/home/moonlab/ros2_ws/install/my_sim_tesi_ros2_nodes/share/my_sim_tesi_ros2_nodes/package.zsh'
[8.850s] Level 1:colcon.colcon_core.environment:create_file_with_runtime_dependencies(/home/moonlab/ros2_ws/install/my_sim_tesi_ros2_nodes/share/colcon-core/packages/my_sim_tesi_ros2_nodes)
[8.850s] DEBUG:colcon.colcon_parallel_executor.executor.parallel:closing loop
[8.850s] DEBUG:colcon.colcon_parallel_executor.executor.parallel:loop closed
[8.850s] DEBUG:colcon.colcon_parallel_executor.executor.parallel:run_until_complete finished with '0'
[8.850s] DEBUG:colcon.colcon_core.event_reactor:joining thread
[8.853s] INFO:colcon.colcon_core.plugin_system:Skipping extension 'colcon_notification.desktop_notification.terminal_notifier': Not used on non-Darwin systems
[8.853s] INFO:colcon.colcon_core.plugin_system:Skipping extension 'colcon_notification.desktop_notification.win32': Not used on non-Windows systems
[8.853s] INFO:colcon.colcon_notification.desktop_notification:Sending desktop notification using 'notify2'
[8.859s] DEBUG:colcon.colcon_core.event_reactor:joined thread
[8.859s] INFO:colcon.colcon_core.shell:Creating prefix script '/home/moonlab/ros2_ws/install/local_setup.ps1'
[8.860s] INFO:colcon.colcon_core.shell:Creating prefix util module '/home/moonlab/ros2_ws/install/_local_setup_util_ps1.py'
[8.861s] INFO:colcon.colcon_core.shell:Creating prefix chain script '/home/moonlab/ros2_ws/install/setup.ps1'
[8.861s] INFO:colcon.colcon_core.shell:Creating prefix script '/home/moonlab/ros2_ws/install/local_setup.sh'
[8.861s] INFO:colcon.colcon_core.shell:Creating prefix util module '/home/moonlab/ros2_ws/install/_local_setup_util_sh.py'
[8.862s] INFO:colcon.colcon_core.shell:Creating prefix chain script '/home/moonlab/ros2_ws/install/setup.sh'
[8.862s] INFO:colcon.colcon_core.shell:Creating prefix script '/home/moonlab/ros2_ws/install/local_setup.bash'
[8.862s] INFO:colcon.colcon_core.shell:Creating prefix chain script '/home/moonlab/ros2_ws/install/setup.bash'
[8.863s] INFO:colcon.colcon_core.shell:Creating prefix script '/home/moonlab/ros2_ws/install/local_setup.zsh'
[8.863s] INFO:colcon.colcon_core.shell:Creating prefix chain script '/home/moonlab/ros2_ws/install/setup.zsh'
