running develop
running egg_info
creating turtlebot3_control.egg-info
writing turtlebot3_control.egg-info/PKG-INFO
writing dependency_links to turtlebot3_control.egg-info/dependency_links.txt
writing entry points to turtlebot3_control.egg-info/entry_points.txt
writing requirements to turtlebot3_control.egg-info/requires.txt
writing top-level names to turtlebot3_control.egg-info/top_level.txt
writing manifest file 'turtlebot3_control.egg-info/SOURCES.txt'
reading manifest file 'turtlebot3_control.egg-info/SOURCES.txt'
writing manifest file 'turtlebot3_control.egg-info/SOURCES.txt'
running build_ext
Creating /home/moonlab/ros2_ws/install/turtlebot3_control/lib/python3.10/site-packages/turtlebot3-control.egg-link (link to .)
Installing robot_controller script to /home/moonlab/ros2_ws/install/turtlebot3_control/lib/turtlebot3_control
Installing simple_test script to /home/moonlab/ros2_ws/install/turtlebot3_control/lib/turtlebot3_control

Installed /home/moonlab/ros2_ws/build/turtlebot3_control
running symlink_data
creating /home/moonlab/ros2_ws/install/turtlebot3_control/share/ament_index
creating /home/moonlab/ros2_ws/install/turtlebot3_control/share/ament_index/resource_index
creating /home/moonlab/ros2_ws/install/turtlebot3_control/share/ament_index/resource_index/packages
symbolically linking /home/moonlab/ros2_ws/build/turtlebot3_control/resource/turtlebot3_control -> /home/moonlab/ros2_ws/install/turtlebot3_control/share/ament_index/resource_index/packages
symbolically linking /home/moonlab/ros2_ws/build/turtlebot3_control/package.xml -> /home/moonlab/ros2_ws/install/turtlebot3_control/share/turtlebot3_control
