[0.337s] Invoking command in '/home/moonlab/ros2_ws/build/turtlebot3_control': PYTHONPATH=/home/moonlab/ros2_ws/build/turtlebot3_control/prefix_override:/usr/lib/python3/dist-packages/colcon_core/task/python/colcon_distutils_commands:/home/moonlab/ros2_ws/install/turtlebot3_control/lib/python3.10/site-packages:${PYTHONPATH} /usr/bin/python3 -W ignore:setup.py install is deprecated -W ignore:easy_install command is deprecated setup.py develop --editable --build-directory /home/moonlab/ros2_ws/build/turtlebot3_control/build --no-deps symlink_data
[0.471s] running develop
[0.549s] running egg_info
[0.550s] creating turtlebot3_control.egg-info
[0.550s] writing turtlebot3_control.egg-info/PKG-INFO
[0.550s] writing dependency_links to turtlebot3_control.egg-info/dependency_links.txt
[0.550s] writing entry points to turtlebot3_control.egg-info/entry_points.txt
[0.550s] writing requirements to turtlebot3_control.egg-info/requires.txt
[0.550s] writing top-level names to turtlebot3_control.egg-info/top_level.txt
[0.550s] writing manifest file 'turtlebot3_control.egg-info/SOURCES.txt'
[0.551s] reading manifest file 'turtlebot3_control.egg-info/SOURCES.txt'
[0.551s] writing manifest file 'turtlebot3_control.egg-info/SOURCES.txt'
[0.552s] running build_ext
[0.552s] Creating /home/moonlab/ros2_ws/install/turtlebot3_control/lib/python3.10/site-packages/turtlebot3-control.egg-link (link to .)
[0.552s] Installing robot_controller script to /home/moonlab/ros2_ws/install/turtlebot3_control/lib/turtlebot3_control
[0.552s] Installing simple_test script to /home/moonlab/ros2_ws/install/turtlebot3_control/lib/turtlebot3_control
[0.552s] 
[0.552s] Installed /home/moonlab/ros2_ws/build/turtlebot3_control
[0.553s] running symlink_data
[0.553s] creating /home/moonlab/ros2_ws/install/turtlebot3_control/share/ament_index
[0.553s] creating /home/moonlab/ros2_ws/install/turtlebot3_control/share/ament_index/resource_index
[0.553s] creating /home/moonlab/ros2_ws/install/turtlebot3_control/share/ament_index/resource_index/packages
[0.553s] symbolically linking /home/moonlab/ros2_ws/build/turtlebot3_control/resource/turtlebot3_control -> /home/moonlab/ros2_ws/install/turtlebot3_control/share/ament_index/resource_index/packages
[0.553s] symbolically linking /home/moonlab/ros2_ws/build/turtlebot3_control/package.xml -> /home/moonlab/ros2_ws/install/turtlebot3_control/share/turtlebot3_control
[0.567s] Invoked command in '/home/moonlab/ros2_ws/build/turtlebot3_control' returned '0': PYTHONPATH=/home/moonlab/ros2_ws/build/turtlebot3_control/prefix_override:/usr/lib/python3/dist-packages/colcon_core/task/python/colcon_distutils_commands:/home/moonlab/ros2_ws/install/turtlebot3_control/lib/python3.10/site-packages:${PYTHONPATH} /usr/bin/python3 -W ignore:setup.py install is deprecated -W ignore:easy_install command is deprecated setup.py develop --editable --build-directory /home/moonlab/ros2_ws/build/turtlebot3_control/build --no-deps symlink_data
