[0.472s] Invoking command in '/home/moonlab/ros2_ws/src/ros2_ignition_thesis/turtlebot3_control': PYTHONPATH=/home/moonlab/ros2_ws/build/turtlebot3_control/prefix_override:/usr/lib/python3/dist-packages/colcon_core/task/python/colcon_distutils_commands:/home/moonlab/ros2_ws/install/turtlebot3_control/lib/python3.10/site-packages:${PYTHONPATH} /usr/bin/python3 -W ignore:setup.py install is deprecated -W ignore:easy_install command is deprecated setup.py egg_info --egg-base ../../../build/turtlebot3_control build --build-base /home/moonlab/ros2_ws/build/turtlebot3_control/build install --record /home/moonlab/ros2_ws/build/turtlebot3_control/install.log --single-version-externally-managed install_data
[0.609s] running egg_info
[0.609s] writing ../../../build/turtlebot3_control/turtlebot3_control.egg-info/PKG-INFO
[0.609s] writing dependency_links to ../../../build/turtlebot3_control/turtlebot3_control.egg-info/dependency_links.txt
[0.610s] writing entry points to ../../../build/turtlebot3_control/turtlebot3_control.egg-info/entry_points.txt
[0.610s] writing requirements to ../../../build/turtlebot3_control/turtlebot3_control.egg-info/requires.txt
[0.610s] writing top-level names to ../../../build/turtlebot3_control/turtlebot3_control.egg-info/top_level.txt
[0.611s] reading manifest file '../../../build/turtlebot3_control/turtlebot3_control.egg-info/SOURCES.txt'
[0.611s] writing manifest file '../../../build/turtlebot3_control/turtlebot3_control.egg-info/SOURCES.txt'
[0.611s] running build
[0.612s] running build_py
[0.612s] copying turtlebot3_control/robot_controller.py -> /home/moonlab/ros2_ws/build/turtlebot3_control/build/lib/turtlebot3_control
[0.612s] running install
[0.612s] running install_lib
[0.613s] copying /home/moonlab/ros2_ws/build/turtlebot3_control/build/lib/turtlebot3_control/robot_controller.py -> /home/moonlab/ros2_ws/install/turtlebot3_control/lib/python3.10/site-packages/turtlebot3_control
[0.613s] byte-compiling /home/moonlab/ros2_ws/install/turtlebot3_control/lib/python3.10/site-packages/turtlebot3_control/robot_controller.py to robot_controller.cpython-310.pyc
[0.614s] running install_data
[0.614s] running install_egg_info
[0.616s] removing '/home/moonlab/ros2_ws/install/turtlebot3_control/lib/python3.10/site-packages/turtlebot3_control-0.0.0-py3.10.egg-info' (and everything under it)
[0.616s] Copying ../../../build/turtlebot3_control/turtlebot3_control.egg-info to /home/moonlab/ros2_ws/install/turtlebot3_control/lib/python3.10/site-packages/turtlebot3_control-0.0.0-py3.10.egg-info
[0.617s] running install_scripts
[0.629s] Installing robot_controller script to /home/moonlab/ros2_ws/install/turtlebot3_control/lib/turtlebot3_control
[0.629s] Installing test_movements script to /home/moonlab/ros2_ws/install/turtlebot3_control/lib/turtlebot3_control
[0.629s] writing list of installed files to '/home/moonlab/ros2_ws/build/turtlebot3_control/install.log'
[0.655s] Invoked command in '/home/moonlab/ros2_ws/src/ros2_ignition_thesis/turtlebot3_control' returned '0': PYTHONPATH=/home/moonlab/ros2_ws/build/turtlebot3_control/prefix_override:/usr/lib/python3/dist-packages/colcon_core/task/python/colcon_distutils_commands:/home/moonlab/ros2_ws/install/turtlebot3_control/lib/python3.10/site-packages:${PYTHONPATH} /usr/bin/python3 -W ignore:setup.py install is deprecated -W ignore:easy_install command is deprecated setup.py egg_info --egg-base ../../../build/turtlebot3_control build --build-base /home/moonlab/ros2_ws/build/turtlebot3_control/build install --record /home/moonlab/ros2_ws/build/turtlebot3_control/install.log --single-version-externally-managed install_data
