[0.172s] Invoking command in '/home/moonlab/ros2_ws/build/turtlebot3_simulation': CMAKE_PREFIX_PATH=${CMAKE_PREFIX_PATH}:/home/moonlab/ros2_ws/install/turtlebot3_control:/opt/ros/humble /usr/bin/cmake /home/moonlab/ros2_ws/src/ros2_ignition_thesis/turtlebot3_simulation -DAMENT_CMAKE_SYMLINK_INSTALL=1 -DCMAKE_INSTALL_PREFIX=/home/moonlab/ros2_ws/install/turtlebot3_simulation
[0.179s] -- Found ament_cmake: 1.3.12 (/opt/ros/humble/share/ament_cmake/cmake)
[0.256s] -- Override CMake install command with custom implementation using symlinks instead of copying resources
[0.261s] -- Found rclcpp: 16.0.15 (/opt/ros/humble/share/rclcpp/cmake)
[0.282s] -- Found rosidl_generator_c: 3.1.7 (/opt/ros/humble/share/rosidl_generator_c/cmake)
[0.283s] -- Found rosidl_adapter: 3.1.7 (/opt/ros/humble/share/rosidl_adapter/cmake)
[0.287s] -- Found rosidl_generator_cpp: 3.1.7 (/opt/ros/humble/share/rosidl_generator_cpp/cmake)
[0.292s] -- Using all available rosidl_typesupport_c: rosidl_typesupport_fastrtps_c;rosidl_typesupport_introspection_c
[0.300s] -- Using all available rosidl_typesupport_cpp: rosidl_typesupport_fastrtps_cpp;rosidl_typesupport_introspection_cpp
[0.323s] -- Found rmw_implementation_cmake: 6.1.2 (/opt/ros/humble/share/rmw_implementation_cmake/cmake)
[0.325s] -- Found rmw_fastrtps_cpp: 6.2.9 (/opt/ros/humble/share/rmw_fastrtps_cpp/cmake)
[0.412s] -- Using RMW implementation 'rmw_fastrtps_cpp' as default
[0.449s] -- Found geometry_msgs: 4.9.0 (/opt/ros/humble/share/geometry_msgs/cmake)
[0.459s] -- Found nav_msgs: 4.9.0 (/opt/ros/humble/share/nav_msgs/cmake)
[0.471s] -- Found sensor_msgs: 4.9.0 (/opt/ros/humble/share/sensor_msgs/cmake)
[0.484s] -- Found ament_lint_auto: 0.12.14 (/opt/ros/humble/share/ament_lint_auto/cmake)
[0.560s] -- Added test 'flake8' to check Python code syntax and style conventions
[0.569s] -- Added test 'lint_cmake' to check CMake code style
[0.573s] -- Added test 'pep257' to check Python code against some of the docstring style conventions in PEP 257
[0.608s] -- Added test 'xmllint' to check XML markup files
[0.609s] -- Configuring done
[0.613s] -- Generating done
[0.615s] -- Build files have been written to: /home/moonlab/ros2_ws/build/turtlebot3_simulation
[0.622s] Invoked command in '/home/moonlab/ros2_ws/build/turtlebot3_simulation' returned '0': CMAKE_PREFIX_PATH=${CMAKE_PREFIX_PATH}:/home/moonlab/ros2_ws/install/turtlebot3_control:/opt/ros/humble /usr/bin/cmake /home/moonlab/ros2_ws/src/ros2_ignition_thesis/turtlebot3_simulation -DAMENT_CMAKE_SYMLINK_INSTALL=1 -DCMAKE_INSTALL_PREFIX=/home/moonlab/ros2_ws/install/turtlebot3_simulation
[0.623s] Invoking command in '/home/moonlab/ros2_ws/build/turtlebot3_simulation': CMAKE_PREFIX_PATH=${CMAKE_PREFIX_PATH}:/home/moonlab/ros2_ws/install/turtlebot3_control:/opt/ros/humble /usr/bin/cmake --build /home/moonlab/ros2_ws/build/turtlebot3_simulation -- -j24 -l24
[0.653s] Invoked command in '/home/moonlab/ros2_ws/build/turtlebot3_simulation' returned '0': CMAKE_PREFIX_PATH=${CMAKE_PREFIX_PATH}:/home/moonlab/ros2_ws/install/turtlebot3_control:/opt/ros/humble /usr/bin/cmake --build /home/moonlab/ros2_ws/build/turtlebot3_simulation -- -j24 -l24
[0.655s] Invoking command in '/home/moonlab/ros2_ws/build/turtlebot3_simulation': CMAKE_PREFIX_PATH=${CMAKE_PREFIX_PATH}:/home/moonlab/ros2_ws/install/turtlebot3_control:/opt/ros/humble /usr/bin/cmake --install /home/moonlab/ros2_ws/build/turtlebot3_simulation
[0.661s] -- Install configuration: ""
[0.661s] -- Execute custom install script
[0.661s] -- Symlinking: /home/moonlab/ros2_ws/install/turtlebot3_simulation/share/turtlebot3_simulation//launch/turtlebot3_sim.launch.py
[0.668s] -- Symlinking: /home/moonlab/ros2_ws/install/turtlebot3_simulation/share/turtlebot3_simulation//worlds/my_world_exp1.sdf
[0.679s] -- Symlinking: /home/moonlab/ros2_ws/install/turtlebot3_simulation/share/turtlebot3_simulation//models/Depot/materials/scripts/model.material
[0.686s] -- Symlinking: /home/moonlab/ros2_ws/install/turtlebot3_simulation/share/turtlebot3_simulation//models/Depot/materials/textures/BOXSET_Albedo.png
[0.693s] -- Symlinking: /home/moonlab/ros2_ws/install/turtlebot3_simulation/share/turtlebot3_simulation//models/Depot/materials/textures/BOXSET_Emissive.png
[0.699s] -- Symlinking: /home/moonlab/ros2_ws/install/turtlebot3_simulation/share/turtlebot3_simulation//models/Depot/materials/textures/BOXSET_Metalness.png
[0.706s] -- Symlinking: /home/moonlab/ros2_ws/install/turtlebot3_simulation/share/turtlebot3_simulation//models/Depot/materials/textures/BOXSET_Normal.png
[0.711s] -- Symlinking: /home/moonlab/ros2_ws/install/turtlebot3_simulation/share/turtlebot3_simulation//models/Depot/materials/textures/BOXSET_Roughness.png
[0.717s] -- Symlinking: /home/moonlab/ros2_ws/install/turtlebot3_simulation/share/turtlebot3_simulation//models/Depot/materials/textures/Crates_Crates_BaseColor.png
[0.723s] -- Symlinking: /home/moonlab/ros2_ws/install/turtlebot3_simulation/share/turtlebot3_simulation//models/Depot/materials/textures/Crates_Crates_Normal.png
[0.730s] -- Symlinking: /home/moonlab/ros2_ws/install/turtlebot3_simulation/share/turtlebot3_simulation//models/Depot/materials/textures/Crates_Crates_Roughness.png
[0.736s] -- Symlinking: /home/moonlab/ros2_ws/install/turtlebot3_simulation/share/turtlebot3_simulation//models/Depot/materials/textures/DepotLightmap.png
[0.742s] -- Symlinking: /home/moonlab/ros2_ws/install/turtlebot3_simulation/share/turtlebot3_simulation//models/Depot/materials/textures/FANS_Albedo.png
[0.748s] -- Symlinking: /home/moonlab/ros2_ws/install/turtlebot3_simulation/share/turtlebot3_simulation//models/Depot/materials/textures/FANS_Metalness.png
[0.754s] -- Symlinking: /home/moonlab/ros2_ws/install/turtlebot3_simulation/share/turtlebot3_simulation//models/Depot/materials/textures/FANS_Normal.png
[0.761s] -- Symlinking: /home/moonlab/ros2_ws/install/turtlebot3_simulation/share/turtlebot3_simulation//models/Depot/materials/textures/FANS_Roughness.png
[0.768s] -- Symlinking: /home/moonlab/ros2_ws/install/turtlebot3_simulation/share/turtlebot3_simulation//models/Depot/materials/textures/FLOOR_Albedo.png
[0.774s] -- Symlinking: /home/moonlab/ros2_ws/install/turtlebot3_simulation/share/turtlebot3_simulation//models/Depot/materials/textures/FLOOR_Metalness.png
[0.779s] -- Symlinking: /home/moonlab/ros2_ws/install/turtlebot3_simulation/share/turtlebot3_simulation//models/Depot/materials/textures/FLOOR_Normal.png
[0.785s] -- Symlinking: /home/moonlab/ros2_ws/install/turtlebot3_simulation/share/turtlebot3_simulation//models/Depot/materials/textures/FLOOR_Roughness.png
[0.792s] -- Symlinking: /home/moonlab/ros2_ws/install/turtlebot3_simulation/share/turtlebot3_simulation//models/Depot/materials/textures/FanBack_FanBack_BaseColor.png
[0.798s] -- Symlinking: /home/moonlab/ros2_ws/install/turtlebot3_simulation/share/turtlebot3_simulation//models/Depot/materials/textures/FireAlarmPole_Albedo.png
[0.804s] -- Symlinking: /home/moonlab/ros2_ws/install/turtlebot3_simulation/share/turtlebot3_simulation//models/Depot/materials/textures/FireAlarmPole_Metalness.png
[0.811s] -- Symlinking: /home/moonlab/ros2_ws/install/turtlebot3_simulation/share/turtlebot3_simulation//models/Depot/materials/textures/FireAlarmPole_Normal.png
[0.816s] -- Symlinking: /home/moonlab/ros2_ws/install/turtlebot3_simulation/share/turtlebot3_simulation//models/Depot/materials/textures/FireAlarmPole_Roughness.png
[0.823s] -- Symlinking: /home/moonlab/ros2_ws/install/turtlebot3_simulation/share/turtlebot3_simulation//models/Depot/materials/textures/FireAlarm_Albedo.png
[0.829s] -- Symlinking: /home/moonlab/ros2_ws/install/turtlebot3_simulation/share/turtlebot3_simulation//models/Depot/materials/textures/FireAlarm_Metalness.png
[0.836s] -- Symlinking: /home/moonlab/ros2_ws/install/turtlebot3_simulation/share/turtlebot3_simulation//models/Depot/materials/textures/FireAlarm_Normal.png
[0.841s] -- Symlinking: /home/moonlab/ros2_ws/install/turtlebot3_simulation/share/turtlebot3_simulation//models/Depot/materials/textures/FireAlarm_Roughness.png
[0.849s] -- Symlinking: /home/moonlab/ros2_ws/install/turtlebot3_simulation/share/turtlebot3_simulation//models/Depot/materials/textures/Forklift_Forklift_BaseColor.png
[0.856s] -- Symlinking: /home/moonlab/ros2_ws/install/turtlebot3_simulation/share/turtlebot3_simulation//models/Depot/materials/textures/Forklift_Forklift_Metallic.png
[0.862s] -- Symlinking: /home/moonlab/ros2_ws/install/turtlebot3_simulation/share/turtlebot3_simulation//models/Depot/materials/textures/Forklift_Forklift_Normal.png
[0.869s] -- Symlinking: /home/moonlab/ros2_ws/install/turtlebot3_simulation/share/turtlebot3_simulation//models/Depot/materials/textures/Forklift_Forklift_Roughness.png
[0.874s] -- Symlinking: /home/moonlab/ros2_ws/install/turtlebot3_simulation/share/turtlebot3_simulation//models/Depot/materials/textures/INTERCOM_Albedo.png
[0.881s] -- Symlinking: /home/moonlab/ros2_ws/install/turtlebot3_simulation/share/turtlebot3_simulation//models/Depot/materials/textures/INTERCOM_Emissive.png
[0.888s] -- Symlinking: /home/moonlab/ros2_ws/install/turtlebot3_simulation/share/turtlebot3_simulation//models/Depot/materials/textures/INTERCOM_Metalness.png
[0.895s] -- Symlinking: /home/moonlab/ros2_ws/install/turtlebot3_simulation/share/turtlebot3_simulation//models/Depot/materials/textures/INTERCOM_Normal.png
[0.902s] -- Symlinking: /home/moonlab/ros2_ws/install/turtlebot3_simulation/share/turtlebot3_simulation//models/Depot/materials/textures/INTERCOM_Roughness.png
[0.908s] -- Symlinking: /home/moonlab/ros2_ws/install/turtlebot3_simulation/share/turtlebot3_simulation//models/Depot/materials/textures/PILLERS_Albedo.png
[0.915s] -- Symlinking: /home/moonlab/ros2_ws/install/turtlebot3_simulation/share/turtlebot3_simulation//models/Depot/materials/textures/PILLERS_Metalness.png
[0.922s] -- Symlinking: /home/moonlab/ros2_ws/install/turtlebot3_simulation/share/turtlebot3_simulation//models/Depot/materials/textures/PILLERS_Normal.png
[0.928s] -- Symlinking: /home/moonlab/ros2_ws/install/turtlebot3_simulation/share/turtlebot3_simulation//models/Depot/materials/textures/PILLERS_Roughness.png
[0.935s] -- Symlinking: /home/moonlab/ros2_ws/install/turtlebot3_simulation/share/turtlebot3_simulation//models/Depot/materials/textures/Pipes_Albedo.png
[0.941s] -- Symlinking: /home/moonlab/ros2_ws/install/turtlebot3_simulation/share/turtlebot3_simulation//models/Depot/materials/textures/Pipes_Metalness.png
[0.947s] -- Symlinking: /home/moonlab/ros2_ws/install/turtlebot3_simulation/share/turtlebot3_simulation//models/Depot/materials/textures/Pipes_Normal.png
[0.953s] -- Symlinking: /home/moonlab/ros2_ws/install/turtlebot3_simulation/share/turtlebot3_simulation//models/Depot/materials/textures/Pipes_Roughness.png
[0.960s] -- Symlinking: /home/moonlab/ros2_ws/install/turtlebot3_simulation/share/turtlebot3_simulation//models/Depot/materials/textures/ROOF_Albedo.png
[0.967s] -- Symlinking: /home/moonlab/ros2_ws/install/turtlebot3_simulation/share/turtlebot3_simulation//models/Depot/materials/textures/ROOF_Emissive.png
[0.973s] -- Symlinking: /home/moonlab/ros2_ws/install/turtlebot3_simulation/share/turtlebot3_simulation//models/Depot/materials/textures/ROOF_Metalness.png
[0.978s] -- Symlinking: /home/moonlab/ros2_ws/install/turtlebot3_simulation/share/turtlebot3_simulation//models/Depot/materials/textures/ROOF_Normal.png
[0.985s] -- Symlinking: /home/moonlab/ros2_ws/install/turtlebot3_simulation/share/turtlebot3_simulation//models/Depot/materials/textures/ROOF_Roughness.png
[0.991s] -- Symlinking: /home/moonlab/ros2_ws/install/turtlebot3_simulation/share/turtlebot3_simulation//models/Depot/materials/textures/STAIRS_Albedo.png
[0.997s] -- Symlinking: /home/moonlab/ros2_ws/install/turtlebot3_simulation/share/turtlebot3_simulation//models/Depot/materials/textures/STAIRS_Metalness.png
[1.004s] -- Symlinking: /home/moonlab/ros2_ws/install/turtlebot3_simulation/share/turtlebot3_simulation//models/Depot/materials/textures/STAIRS_Normal.png
[1.010s] -- Symlinking: /home/moonlab/ros2_ws/install/turtlebot3_simulation/share/turtlebot3_simulation//models/Depot/materials/textures/STAIRS_Roughness.png
[1.016s] -- Symlinking: /home/moonlab/ros2_ws/install/turtlebot3_simulation/share/turtlebot3_simulation//models/Depot/materials/textures/WALLS_Albedo.png
[1.022s] -- Symlinking: /home/moonlab/ros2_ws/install/turtlebot3_simulation/share/turtlebot3_simulation//models/Depot/materials/textures/WALLS_Metalness.png
[1.029s] -- Symlinking: /home/moonlab/ros2_ws/install/turtlebot3_simulation/share/turtlebot3_simulation//models/Depot/materials/textures/WALLS_Normal.png
[1.036s] -- Symlinking: /home/moonlab/ros2_ws/install/turtlebot3_simulation/share/turtlebot3_simulation//models/Depot/materials/textures/WALLS_Roughness.png
[1.042s] -- Symlinking: /home/moonlab/ros2_ws/install/turtlebot3_simulation/share/turtlebot3_simulation//models/Depot/materials/textures/Window_WINDOW_BaseColor.png
[1.049s] -- Symlinking: /home/moonlab/ros2_ws/install/turtlebot3_simulation/share/turtlebot3_simulation//models/Depot/materials/textures/Window_WINDOW_Metallic.png
[1.056s] -- Symlinking: /home/moonlab/ros2_ws/install/turtlebot3_simulation/share/turtlebot3_simulation//models/Depot/materials/textures/Window_WINDOW_Roughness.png
[1.063s] -- Symlinking: /home/moonlab/ros2_ws/install/turtlebot3_simulation/share/turtlebot3_simulation//models/Depot/meshes/Crates.dae
[1.071s] -- Symlinking: /home/moonlab/ros2_ws/install/turtlebot3_simulation/share/turtlebot3_simulation//models/Depot/meshes/Depot.dae
[1.077s] -- Symlinking: /home/moonlab/ros2_ws/install/turtlebot3_simulation/share/turtlebot3_simulation//models/Depot/model.config
[1.084s] -- Symlinking: /home/moonlab/ros2_ws/install/turtlebot3_simulation/share/turtlebot3_simulation//models/Depot/model.sdf
[1.091s] -- Symlinking: /home/moonlab/ros2_ws/install/turtlebot3_simulation/share/turtlebot3_simulation//models/Depot/thumbnails/0.png
[1.097s] -- Symlinking: /home/moonlab/ros2_ws/install/turtlebot3_simulation/share/turtlebot3_simulation//models/Depot/thumbnails/1.png
[1.104s] -- Symlinking: /home/moonlab/ros2_ws/install/turtlebot3_simulation/share/turtlebot3_simulation//models/Depot/thumbnails/2.png
[1.111s] -- Symlinking: /home/moonlab/ros2_ws/install/turtlebot3_simulation/share/turtlebot3_simulation//models/Depot/thumbnails/3.png
[1.117s] -- Symlinking: /home/moonlab/ros2_ws/install/turtlebot3_simulation/share/turtlebot3_simulation//models/Depot/thumbnails/4.png
[1.123s] -- Symlinking: /home/moonlab/ros2_ws/install/turtlebot3_simulation/share/turtlebot3_simulation//models/Depot/thumbnails/5.png
[1.129s] -- Symlinking: /home/moonlab/ros2_ws/install/turtlebot3_simulation/share/turtlebot3_simulation//models/aws_robomaker_residential_AirconditionerA_01/materials/textures/aws_AirconditionerA_01.png
[1.136s] -- Symlinking: /home/moonlab/ros2_ws/install/turtlebot3_simulation/share/turtlebot3_simulation//models/aws_robomaker_residential_AirconditionerA_01/meshes/aws_AirconditionerA_01_collision.DAE
[1.142s] -- Symlinking: /home/moonlab/ros2_ws/install/turtlebot3_simulation/share/turtlebot3_simulation//models/aws_robomaker_residential_AirconditionerA_01/meshes/aws_AirconditionerA_01_visual.DAE
[1.149s] -- Symlinking: /home/moonlab/ros2_ws/install/turtlebot3_simulation/share/turtlebot3_simulation//models/aws_robomaker_residential_AirconditionerA_01/model.config
[1.156s] -- Symlinking: /home/moonlab/ros2_ws/install/turtlebot3_simulation/share/turtlebot3_simulation//models/aws_robomaker_residential_AirconditionerA_01/model.sdf
[1.162s] -- Symlinking: /home/moonlab/ros2_ws/install/turtlebot3_simulation/share/turtlebot3_simulation//models/aws_robomaker_residential_AirconditionerB_01/materials/textures/aws_AirconditionerB_01.png
[1.170s] -- Symlinking: /home/moonlab/ros2_ws/install/turtlebot3_simulation/share/turtlebot3_simulation//models/aws_robomaker_residential_AirconditionerB_01/meshes/aws_AirconditionerB_01_collision.DAE
[1.176s] -- Symlinking: /home/moonlab/ros2_ws/install/turtlebot3_simulation/share/turtlebot3_simulation//models/aws_robomaker_residential_AirconditionerB_01/meshes/aws_AirconditionerB_01_visual.DAE
[1.183s] -- Symlinking: /home/moonlab/ros2_ws/install/turtlebot3_simulation/share/turtlebot3_simulation//models/aws_robomaker_residential_AirconditionerB_01/model.config
[1.190s] -- Symlinking: /home/moonlab/ros2_ws/install/turtlebot3_simulation/share/turtlebot3_simulation//models/aws_robomaker_residential_AirconditionerB_01/model.sdf
[1.196s] -- Symlinking: /home/moonlab/ros2_ws/install/turtlebot3_simulation/share/turtlebot3_simulation//models/aws_robomaker_residential_BalconyTable_01/materials/textures/aws_BalconyTable_01.png
[1.201s] -- Symlinking: /home/moonlab/ros2_ws/install/turtlebot3_simulation/share/turtlebot3_simulation//models/aws_robomaker_residential_BalconyTable_01/meshes/aws_BalconyTable_01_collision.DAE
[1.207s] -- Symlinking: /home/moonlab/ros2_ws/install/turtlebot3_simulation/share/turtlebot3_simulation//models/aws_robomaker_residential_BalconyTable_01/meshes/aws_BalconyTable_01_visual.DAE
[1.213s] -- Symlinking: /home/moonlab/ros2_ws/install/turtlebot3_simulation/share/turtlebot3_simulation//models/aws_robomaker_residential_BalconyTable_01/model.config
[1.219s] -- Symlinking: /home/moonlab/ros2_ws/install/turtlebot3_simulation/share/turtlebot3_simulation//models/aws_robomaker_residential_BalconyTable_01/model.sdf
[1.225s] -- Symlinking: /home/moonlab/ros2_ws/install/turtlebot3_simulation/share/turtlebot3_simulation//models/aws_robomaker_residential_Ball_01/materials/textures/aws_Ball_01.png
[1.232s] -- Symlinking: /home/moonlab/ros2_ws/install/turtlebot3_simulation/share/turtlebot3_simulation//models/aws_robomaker_residential_Ball_01/meshes/aws_Ball_01_collision.DAE
[1.238s] -- Symlinking: /home/moonlab/ros2_ws/install/turtlebot3_simulation/share/turtlebot3_simulation//models/aws_robomaker_residential_Ball_01/meshes/aws_Ball_01_visual.DAE
[1.244s] -- Symlinking: /home/moonlab/ros2_ws/install/turtlebot3_simulation/share/turtlebot3_simulation//models/aws_robomaker_residential_Ball_01/model.config
[1.251s] -- Symlinking: /home/moonlab/ros2_ws/install/turtlebot3_simulation/share/turtlebot3_simulation//models/aws_robomaker_residential_Ball_01/model.sdf
[1.259s] -- Symlinking: /home/moonlab/ros2_ws/install/turtlebot3_simulation/share/turtlebot3_simulation//models/aws_robomaker_residential_Bed_01/materials/textures/aws_BedA_01.png
[1.266s] -- Symlinking: /home/moonlab/ros2_ws/install/turtlebot3_simulation/share/turtlebot3_simulation//models/aws_robomaker_residential_Bed_01/materials/textures/aws_BedB_01.png
[1.273s] -- Symlinking: /home/moonlab/ros2_ws/install/turtlebot3_simulation/share/turtlebot3_simulation//models/aws_robomaker_residential_Bed_01/materials/textures/aws_BedC_01.png
[1.279s] -- Symlinking: /home/moonlab/ros2_ws/install/turtlebot3_simulation/share/turtlebot3_simulation//models/aws_robomaker_residential_Bed_01/materials/textures/aws_Bed_01.png
[1.286s] -- Symlinking: /home/moonlab/ros2_ws/install/turtlebot3_simulation/share/turtlebot3_simulation//models/aws_robomaker_residential_Bed_01/meshes/aws_Bed_01_collision.DAE
[1.292s] -- Symlinking: /home/moonlab/ros2_ws/install/turtlebot3_simulation/share/turtlebot3_simulation//models/aws_robomaker_residential_Bed_01/meshes/aws_Bed_01_visual.DAE
[1.299s] -- Symlinking: /home/moonlab/ros2_ws/install/turtlebot3_simulation/share/turtlebot3_simulation//models/aws_robomaker_residential_Bed_01/model.config
[1.306s] -- Symlinking: /home/moonlab/ros2_ws/install/turtlebot3_simulation/share/turtlebot3_simulation//models/aws_robomaker_residential_Bed_01/model.sdf
[1.312s] -- Symlinking: /home/moonlab/ros2_ws/install/turtlebot3_simulation/share/turtlebot3_simulation//models/aws_robomaker_residential_Board_01/materials/textures/aws_Board_01.png
[1.318s] -- Symlinking: /home/moonlab/ros2_ws/install/turtlebot3_simulation/share/turtlebot3_simulation//models/aws_robomaker_residential_Board_01/meshes/aws_Board_01_collision.DAE
[1.325s] -- Symlinking: /home/moonlab/ros2_ws/install/turtlebot3_simulation/share/turtlebot3_simulation//models/aws_robomaker_residential_Board_01/meshes/aws_Board_01_visual.DAE
[1.333s] -- Symlinking: /home/moonlab/ros2_ws/install/turtlebot3_simulation/share/turtlebot3_simulation//models/aws_robomaker_residential_Board_01/model.config
[1.340s] -- Symlinking: /home/moonlab/ros2_ws/install/turtlebot3_simulation/share/turtlebot3_simulation//models/aws_robomaker_residential_Board_01/model.sdf
[1.346s] -- Symlinking: /home/moonlab/ros2_ws/install/turtlebot3_simulation/share/turtlebot3_simulation//models/aws_robomaker_residential_Carpet_01/materials/textures/aws_Carpet_01.png
[1.352s] -- Symlinking: /home/moonlab/ros2_ws/install/turtlebot3_simulation/share/turtlebot3_simulation//models/aws_robomaker_residential_Carpet_01/meshes/aws_Carpet_01_collision.DAE
[1.358s] -- Symlinking: /home/moonlab/ros2_ws/install/turtlebot3_simulation/share/turtlebot3_simulation//models/aws_robomaker_residential_Carpet_01/meshes/aws_Carpet_01_visual.DAE
[1.365s] -- Symlinking: /home/moonlab/ros2_ws/install/turtlebot3_simulation/share/turtlebot3_simulation//models/aws_robomaker_residential_Carpet_01/model.config
[1.372s] -- Symlinking: /home/moonlab/ros2_ws/install/turtlebot3_simulation/share/turtlebot3_simulation//models/aws_robomaker_residential_Carpet_01/model.sdf
[1.377s] -- Symlinking: /home/moonlab/ros2_ws/install/turtlebot3_simulation/share/turtlebot3_simulation//models/aws_robomaker_residential_ChairA_01/materials/textures/aws_ChairA_01.png
[1.385s] -- Symlinking: /home/moonlab/ros2_ws/install/turtlebot3_simulation/share/turtlebot3_simulation//models/aws_robomaker_residential_ChairA_01/meshes/aws_ChairA_01_collision.DAE
[1.392s] -- Symlinking: /home/moonlab/ros2_ws/install/turtlebot3_simulation/share/turtlebot3_simulation//models/aws_robomaker_residential_ChairA_01/meshes/aws_ChairA_01_visual.DAE
[1.400s] -- Symlinking: /home/moonlab/ros2_ws/install/turtlebot3_simulation/share/turtlebot3_simulation//models/aws_robomaker_residential_ChairA_01/model.config
[1.407s] -- Symlinking: /home/moonlab/ros2_ws/install/turtlebot3_simulation/share/turtlebot3_simulation//models/aws_robomaker_residential_ChairA_01/model.sdf
[1.414s] -- Symlinking: /home/moonlab/ros2_ws/install/turtlebot3_simulation/share/turtlebot3_simulation//models/aws_robomaker_residential_ChairD_01/materials/textures/aws_ChairD_01.png
[1.421s] -- Symlinking: /home/moonlab/ros2_ws/install/turtlebot3_simulation/share/turtlebot3_simulation//models/aws_robomaker_residential_ChairD_01/meshes/aws_ChairD_01_collision.DAE
[1.427s] -- Symlinking: /home/moonlab/ros2_ws/install/turtlebot3_simulation/share/turtlebot3_simulation//models/aws_robomaker_residential_ChairD_01/meshes/aws_ChairD_01_visual.DAE
[1.435s] -- Symlinking: /home/moonlab/ros2_ws/install/turtlebot3_simulation/share/turtlebot3_simulation//models/aws_robomaker_residential_ChairD_01/model.config
[1.442s] -- Symlinking: /home/moonlab/ros2_ws/install/turtlebot3_simulation/share/turtlebot3_simulation//models/aws_robomaker_residential_ChairD_01/model.sdf
[1.449s] -- Symlinking: /home/moonlab/ros2_ws/install/turtlebot3_simulation/share/turtlebot3_simulation//models/aws_robomaker_residential_Chandelier_01/materials/textures/aws_Chandelier_01.png
[1.455s] -- Symlinking: /home/moonlab/ros2_ws/install/turtlebot3_simulation/share/turtlebot3_simulation//models/aws_robomaker_residential_Chandelier_01/meshes/aws_Chandelier_01.DAE
[1.461s] -- Symlinking: /home/moonlab/ros2_ws/install/turtlebot3_simulation/share/turtlebot3_simulation//models/aws_robomaker_residential_Chandelier_01/meshes/aws_Chandelier_01_collision.DAE
[1.469s] -- Symlinking: /home/moonlab/ros2_ws/install/turtlebot3_simulation/share/turtlebot3_simulation//models/aws_robomaker_residential_Chandelier_01/meshes/aws_Chandelier_01_visual.DAE
[1.476s] -- Symlinking: /home/moonlab/ros2_ws/install/turtlebot3_simulation/share/turtlebot3_simulation//models/aws_robomaker_residential_Chandelier_01/model.config
[1.482s] -- Symlinking: /home/moonlab/ros2_ws/install/turtlebot3_simulation/share/turtlebot3_simulation//models/aws_robomaker_residential_Chandelier_01/model.sdf
[1.489s] -- Symlinking: /home/moonlab/ros2_ws/install/turtlebot3_simulation/share/turtlebot3_simulation//models/aws_robomaker_residential_CoffeeTable_01/materials/textures/aws_CoffeeTable_01.png
[1.496s] -- Symlinking: /home/moonlab/ros2_ws/install/turtlebot3_simulation/share/turtlebot3_simulation//models/aws_robomaker_residential_CoffeeTable_01/meshes/aws_CoffeeTable_01_collision.DAE
[1.504s] -- Symlinking: /home/moonlab/ros2_ws/install/turtlebot3_simulation/share/turtlebot3_simulation//models/aws_robomaker_residential_CoffeeTable_01/meshes/aws_CoffeeTable_01_visual.DAE
[1.511s] -- Symlinking: /home/moonlab/ros2_ws/install/turtlebot3_simulation/share/turtlebot3_simulation//models/aws_robomaker_residential_CoffeeTable_01/model.config
[1.517s] -- Symlinking: /home/moonlab/ros2_ws/install/turtlebot3_simulation/share/turtlebot3_simulation//models/aws_robomaker_residential_CoffeeTable_01/model.sdf
[1.524s] -- Symlinking: /home/moonlab/ros2_ws/install/turtlebot3_simulation/share/turtlebot3_simulation//models/aws_robomaker_residential_CookingBench_01/materials/textures/aws_CookingBench_01.png
[1.531s] -- Symlinking: /home/moonlab/ros2_ws/install/turtlebot3_simulation/share/turtlebot3_simulation//models/aws_robomaker_residential_CookingBench_01/meshes/aws_CookingBench_01.DAE
[1.538s] -- Symlinking: /home/moonlab/ros2_ws/install/turtlebot3_simulation/share/turtlebot3_simulation//models/aws_robomaker_residential_CookingBench_01/meshes/aws_CookingBench_01_collision.DAE
[1.544s] -- Symlinking: /home/moonlab/ros2_ws/install/turtlebot3_simulation/share/turtlebot3_simulation//models/aws_robomaker_residential_CookingBench_01/meshes/aws_CookingBench_01_visual.DAE
[1.550s] -- Symlinking: /home/moonlab/ros2_ws/install/turtlebot3_simulation/share/turtlebot3_simulation//models/aws_robomaker_residential_CookingBench_01/model.config
[1.558s] -- Symlinking: /home/moonlab/ros2_ws/install/turtlebot3_simulation/share/turtlebot3_simulation//models/aws_robomaker_residential_CookingBench_01/model.sdf
[1.565s] -- Symlinking: /home/moonlab/ros2_ws/install/turtlebot3_simulation/share/turtlebot3_simulation//models/aws_robomaker_residential_Curtain_01/materials/textures/aws_Curtain_01.png
[1.572s] -- Symlinking: /home/moonlab/ros2_ws/install/turtlebot3_simulation/share/turtlebot3_simulation//models/aws_robomaker_residential_Curtain_01/meshes/aws_Curtain_01_collision.DAE
[1.578s] -- Symlinking: /home/moonlab/ros2_ws/install/turtlebot3_simulation/share/turtlebot3_simulation//models/aws_robomaker_residential_Curtain_01/meshes/aws_Curtain_01_visual.DAE
[1.586s] -- Symlinking: /home/moonlab/ros2_ws/install/turtlebot3_simulation/share/turtlebot3_simulation//models/aws_robomaker_residential_Curtain_01/model.config
[1.592s] -- Symlinking: /home/moonlab/ros2_ws/install/turtlebot3_simulation/share/turtlebot3_simulation//models/aws_robomaker_residential_Curtain_01/model.sdf
[1.600s] -- Symlinking: /home/moonlab/ros2_ws/install/turtlebot3_simulation/share/turtlebot3_simulation//models/aws_robomaker_residential_DeskPortraitA_01/materials/textures/DeskPortraitA_01.jpg
[1.607s] -- Symlinking: /home/moonlab/ros2_ws/install/turtlebot3_simulation/share/turtlebot3_simulation//models/aws_robomaker_residential_DeskPortraitA_01/materials/textures/aws_DeskPortraitA_01.png
[1.613s] -- Symlinking: /home/moonlab/ros2_ws/install/turtlebot3_simulation/share/turtlebot3_simulation//models/aws_robomaker_residential_DeskPortraitA_01/materials/textures/aws_DeskPortraitA_02.png
[1.621s] -- Symlinking: /home/moonlab/ros2_ws/install/turtlebot3_simulation/share/turtlebot3_simulation//models/aws_robomaker_residential_DeskPortraitA_01/meshes/aws_DeskPortraitA_01_collision.DAE
[1.627s] -- Symlinking: /home/moonlab/ros2_ws/install/turtlebot3_simulation/share/turtlebot3_simulation//models/aws_robomaker_residential_DeskPortraitA_01/meshes/aws_DeskPortraitA_01_visual.DAE
[1.635s] -- Symlinking: /home/moonlab/ros2_ws/install/turtlebot3_simulation/share/turtlebot3_simulation//models/aws_robomaker_residential_DeskPortraitA_01/model.config
[1.641s] -- Symlinking: /home/moonlab/ros2_ws/install/turtlebot3_simulation/share/turtlebot3_simulation//models/aws_robomaker_residential_DeskPortraitA_01/model.sdf
[1.648s] -- Symlinking: /home/moonlab/ros2_ws/install/turtlebot3_simulation/share/turtlebot3_simulation//models/aws_robomaker_residential_DeskPortraitA_02/materials/textures/DeskPortraitA_02.jpg
[1.655s] -- Symlinking: /home/moonlab/ros2_ws/install/turtlebot3_simulation/share/turtlebot3_simulation//models/aws_robomaker_residential_DeskPortraitA_02/materials/textures/aws_DeskPortraitA_01.png
[1.661s] -- Symlinking: /home/moonlab/ros2_ws/install/turtlebot3_simulation/share/turtlebot3_simulation//models/aws_robomaker_residential_DeskPortraitA_02/materials/textures/aws_DeskPortraitA_02.png
[1.668s] -- Symlinking: /home/moonlab/ros2_ws/install/turtlebot3_simulation/share/turtlebot3_simulation//models/aws_robomaker_residential_DeskPortraitA_02/meshes/aws_DeskPortraitA_01_collision.DAE
[1.674s] -- Symlinking: /home/moonlab/ros2_ws/install/turtlebot3_simulation/share/turtlebot3_simulation//models/aws_robomaker_residential_DeskPortraitA_02/meshes/aws_DeskPortraitA_01_visual.DAE
[1.680s] -- Symlinking: /home/moonlab/ros2_ws/install/turtlebot3_simulation/share/turtlebot3_simulation//models/aws_robomaker_residential_DeskPortraitA_02/model.config
[1.687s] -- Symlinking: /home/moonlab/ros2_ws/install/turtlebot3_simulation/share/turtlebot3_simulation//models/aws_robomaker_residential_DeskPortraitA_02/model.sdf
[1.693s] -- Symlinking: /home/moonlab/ros2_ws/install/turtlebot3_simulation/share/turtlebot3_simulation//models/aws_robomaker_residential_DeskPortraitB_01/materials/textures/DeskPortraitB_01.jpg
[1.700s] -- Symlinking: /home/moonlab/ros2_ws/install/turtlebot3_simulation/share/turtlebot3_simulation//models/aws_robomaker_residential_DeskPortraitB_01/materials/textures/aws_DeskPortraitB_01.png
[1.706s] -- Symlinking: /home/moonlab/ros2_ws/install/turtlebot3_simulation/share/turtlebot3_simulation//models/aws_robomaker_residential_DeskPortraitB_01/materials/textures/aws_DeskPortraitB_02.png
[1.712s] -- Symlinking: /home/moonlab/ros2_ws/install/turtlebot3_simulation/share/turtlebot3_simulation//models/aws_robomaker_residential_DeskPortraitB_01/meshes/aws_DeskPortraitB_01_collision.DAE
[1.718s] -- Symlinking: /home/moonlab/ros2_ws/install/turtlebot3_simulation/share/turtlebot3_simulation//models/aws_robomaker_residential_DeskPortraitB_01/meshes/aws_DeskPortraitB_01_visual.DAE
[1.724s] -- Symlinking: /home/moonlab/ros2_ws/install/turtlebot3_simulation/share/turtlebot3_simulation//models/aws_robomaker_residential_DeskPortraitB_01/model.config
[1.731s] -- Symlinking: /home/moonlab/ros2_ws/install/turtlebot3_simulation/share/turtlebot3_simulation//models/aws_robomaker_residential_DeskPortraitB_01/model.sdf
[1.737s] -- Symlinking: /home/moonlab/ros2_ws/install/turtlebot3_simulation/share/turtlebot3_simulation//models/aws_robomaker_residential_DeskPortraitB_02/materials/textures/DeskPortraitB_02.jpg
[1.742s] -- Symlinking: /home/moonlab/ros2_ws/install/turtlebot3_simulation/share/turtlebot3_simulation//models/aws_robomaker_residential_DeskPortraitB_02/materials/textures/aws_DeskPortraitB_01.png
[1.747s] -- Symlinking: /home/moonlab/ros2_ws/install/turtlebot3_simulation/share/turtlebot3_simulation//models/aws_robomaker_residential_DeskPortraitB_02/materials/textures/aws_DeskPortraitB_02.png
[1.754s] -- Symlinking: /home/moonlab/ros2_ws/install/turtlebot3_simulation/share/turtlebot3_simulation//models/aws_robomaker_residential_DeskPortraitB_02/meshes/aws_DeskPortraitB_01_collision.DAE
[1.760s] -- Symlinking: /home/moonlab/ros2_ws/install/turtlebot3_simulation/share/turtlebot3_simulation//models/aws_robomaker_residential_DeskPortraitB_02/meshes/aws_DeskPortraitB_01_visual.DAE
[1.766s] -- Symlinking: /home/moonlab/ros2_ws/install/turtlebot3_simulation/share/turtlebot3_simulation//models/aws_robomaker_residential_DeskPortraitB_02/model.config
[1.773s] -- Symlinking: /home/moonlab/ros2_ws/install/turtlebot3_simulation/share/turtlebot3_simulation//models/aws_robomaker_residential_DeskPortraitB_02/model.sdf
[1.779s] -- Symlinking: /home/moonlab/ros2_ws/install/turtlebot3_simulation/share/turtlebot3_simulation//models/aws_robomaker_residential_DeskPortraitC_01/materials/textures/DeskPortraitC_01.jpg
[1.785s] -- Symlinking: /home/moonlab/ros2_ws/install/turtlebot3_simulation/share/turtlebot3_simulation//models/aws_robomaker_residential_DeskPortraitC_01/materials/textures/aws_DeskPortraitC_01.png
[1.791s] -- Symlinking: /home/moonlab/ros2_ws/install/turtlebot3_simulation/share/turtlebot3_simulation//models/aws_robomaker_residential_DeskPortraitC_01/materials/textures/aws_DeskPortraitC_02.png
[1.798s] -- Symlinking: /home/moonlab/ros2_ws/install/turtlebot3_simulation/share/turtlebot3_simulation//models/aws_robomaker_residential_DeskPortraitC_01/meshes/aws_DeskPortraitC_01_collision.DAE
[1.804s] -- Symlinking: /home/moonlab/ros2_ws/install/turtlebot3_simulation/share/turtlebot3_simulation//models/aws_robomaker_residential_DeskPortraitC_01/meshes/aws_DeskPortraitC_01_visual.DAE
[1.811s] -- Symlinking: /home/moonlab/ros2_ws/install/turtlebot3_simulation/share/turtlebot3_simulation//models/aws_robomaker_residential_DeskPortraitC_01/model.config
[1.817s] -- Symlinking: /home/moonlab/ros2_ws/install/turtlebot3_simulation/share/turtlebot3_simulation//models/aws_robomaker_residential_DeskPortraitC_01/model.sdf
[1.824s] -- Symlinking: /home/moonlab/ros2_ws/install/turtlebot3_simulation/share/turtlebot3_simulation//models/aws_robomaker_residential_DeskPortraitC_02/materials/textures/DeskPortraitC_02.jpg
[1.830s] -- Symlinking: /home/moonlab/ros2_ws/install/turtlebot3_simulation/share/turtlebot3_simulation//models/aws_robomaker_residential_DeskPortraitC_02/materials/textures/aws_DeskPortraitC_01.png
[1.837s] -- Symlinking: /home/moonlab/ros2_ws/install/turtlebot3_simulation/share/turtlebot3_simulation//models/aws_robomaker_residential_DeskPortraitC_02/materials/textures/aws_DeskPortraitC_02.png
[1.844s] -- Symlinking: /home/moonlab/ros2_ws/install/turtlebot3_simulation/share/turtlebot3_simulation//models/aws_robomaker_residential_DeskPortraitC_02/meshes/aws_DeskPortraitC_01_collision.DAE
[1.851s] -- Symlinking: /home/moonlab/ros2_ws/install/turtlebot3_simulation/share/turtlebot3_simulation//models/aws_robomaker_residential_DeskPortraitC_02/meshes/aws_DeskPortraitC_01_visual.DAE
[1.858s] -- Symlinking: /home/moonlab/ros2_ws/install/turtlebot3_simulation/share/turtlebot3_simulation//models/aws_robomaker_residential_DeskPortraitC_02/model.config
[1.864s] -- Symlinking: /home/moonlab/ros2_ws/install/turtlebot3_simulation/share/turtlebot3_simulation//models/aws_robomaker_residential_DeskPortraitC_02/model.sdf
[1.871s] -- Symlinking: /home/moonlab/ros2_ws/install/turtlebot3_simulation/share/turtlebot3_simulation//models/aws_robomaker_residential_DeskPortraitD_01/materials/textures/DeskPortraitD_01.jpg
[1.877s] -- Symlinking: /home/moonlab/ros2_ws/install/turtlebot3_simulation/share/turtlebot3_simulation//models/aws_robomaker_residential_DeskPortraitD_01/materials/textures/aws_DeskPortraitD_01.png
[1.884s] -- Symlinking: /home/moonlab/ros2_ws/install/turtlebot3_simulation/share/turtlebot3_simulation//models/aws_robomaker_residential_DeskPortraitD_01/materials/textures/aws_DeskPortraitD_02.png
[1.891s] -- Symlinking: /home/moonlab/ros2_ws/install/turtlebot3_simulation/share/turtlebot3_simulation//models/aws_robomaker_residential_DeskPortraitD_01/meshes/aws_DeskPortraitD_01_collision.DAE
[1.897s] -- Symlinking: /home/moonlab/ros2_ws/install/turtlebot3_simulation/share/turtlebot3_simulation//models/aws_robomaker_residential_DeskPortraitD_01/meshes/aws_DeskPortraitD_01_visual.DAE
[1.903s] -- Symlinking: /home/moonlab/ros2_ws/install/turtlebot3_simulation/share/turtlebot3_simulation//models/aws_robomaker_residential_DeskPortraitD_01/model.config
[1.910s] -- Symlinking: /home/moonlab/ros2_ws/install/turtlebot3_simulation/share/turtlebot3_simulation//models/aws_robomaker_residential_DeskPortraitD_01/model.sdf
[1.915s] -- Symlinking: /home/moonlab/ros2_ws/install/turtlebot3_simulation/share/turtlebot3_simulation//models/aws_robomaker_residential_DeskPortraitD_02/materials/textures/DeskPortraitD_02.jpg
[1.921s] -- Symlinking: /home/moonlab/ros2_ws/install/turtlebot3_simulation/share/turtlebot3_simulation//models/aws_robomaker_residential_DeskPortraitD_02/materials/textures/aws_DeskPortraitD_01.png
[1.927s] -- Symlinking: /home/moonlab/ros2_ws/install/turtlebot3_simulation/share/turtlebot3_simulation//models/aws_robomaker_residential_DeskPortraitD_02/materials/textures/aws_DeskPortraitD_02.png
[1.933s] -- Symlinking: /home/moonlab/ros2_ws/install/turtlebot3_simulation/share/turtlebot3_simulation//models/aws_robomaker_residential_DeskPortraitD_02/meshes/aws_DeskPortraitD_01_collision.DAE
[1.939s] -- Symlinking: /home/moonlab/ros2_ws/install/turtlebot3_simulation/share/turtlebot3_simulation//models/aws_robomaker_residential_DeskPortraitD_02/meshes/aws_DeskPortraitD_01_visual.DAE
[1.945s] -- Symlinking: /home/moonlab/ros2_ws/install/turtlebot3_simulation/share/turtlebot3_simulation//models/aws_robomaker_residential_DeskPortraitD_02/model.config
[1.951s] -- Symlinking: /home/moonlab/ros2_ws/install/turtlebot3_simulation/share/turtlebot3_simulation//models/aws_robomaker_residential_DeskPortraitD_02/model.sdf
[1.957s] -- Symlinking: /home/moonlab/ros2_ws/install/turtlebot3_simulation/share/turtlebot3_simulation//models/aws_robomaker_residential_DeskPortraitD_03/materials/textures/DeskPortraitD_03.jpg
[1.964s] -- Symlinking: /home/moonlab/ros2_ws/install/turtlebot3_simulation/share/turtlebot3_simulation//models/aws_robomaker_residential_DeskPortraitD_03/materials/textures/aws_DeskPortraitD_01.png
[1.970s] -- Symlinking: /home/moonlab/ros2_ws/install/turtlebot3_simulation/share/turtlebot3_simulation//models/aws_robomaker_residential_DeskPortraitD_03/materials/textures/aws_DeskPortraitD_02.png
[1.976s] -- Symlinking: /home/moonlab/ros2_ws/install/turtlebot3_simulation/share/turtlebot3_simulation//models/aws_robomaker_residential_DeskPortraitD_03/meshes/aws_DeskPortraitD_01_collision.DAE
[1.981s] -- Symlinking: /home/moonlab/ros2_ws/install/turtlebot3_simulation/share/turtlebot3_simulation//models/aws_robomaker_residential_DeskPortraitD_03/meshes/aws_DeskPortraitD_01_visual.DAE
[1.987s] -- Symlinking: /home/moonlab/ros2_ws/install/turtlebot3_simulation/share/turtlebot3_simulation//models/aws_robomaker_residential_DeskPortraitD_03/model.config
[1.993s] -- Symlinking: /home/moonlab/ros2_ws/install/turtlebot3_simulation/share/turtlebot3_simulation//models/aws_robomaker_residential_DeskPortraitD_03/model.sdf
[2.000s] -- Symlinking: /home/moonlab/ros2_ws/install/turtlebot3_simulation/share/turtlebot3_simulation//models/aws_robomaker_residential_DeskPortraitD_04/materials/textures/DeskPortraitD_04.jpg
[2.006s] -- Symlinking: /home/moonlab/ros2_ws/install/turtlebot3_simulation/share/turtlebot3_simulation//models/aws_robomaker_residential_DeskPortraitD_04/materials/textures/aws_DeskPortraitD_01.png
[2.012s] -- Symlinking: /home/moonlab/ros2_ws/install/turtlebot3_simulation/share/turtlebot3_simulation//models/aws_robomaker_residential_DeskPortraitD_04/materials/textures/aws_DeskPortraitD_02.png
[2.018s] -- Symlinking: /home/moonlab/ros2_ws/install/turtlebot3_simulation/share/turtlebot3_simulation//models/aws_robomaker_residential_DeskPortraitD_04/meshes/aws_DeskPortraitD_01_collision.DAE
[2.023s] -- Symlinking: /home/moonlab/ros2_ws/install/turtlebot3_simulation/share/turtlebot3_simulation//models/aws_robomaker_residential_DeskPortraitD_04/meshes/aws_DeskPortraitD_01_visual.DAE
[2.030s] -- Symlinking: /home/moonlab/ros2_ws/install/turtlebot3_simulation/share/turtlebot3_simulation//models/aws_robomaker_residential_DeskPortraitD_04/model.config
[2.036s] -- Symlinking: /home/moonlab/ros2_ws/install/turtlebot3_simulation/share/turtlebot3_simulation//models/aws_robomaker_residential_DeskPortraitD_04/model.sdf
[2.042s] -- Symlinking: /home/moonlab/ros2_ws/install/turtlebot3_simulation/share/turtlebot3_simulation//models/aws_robomaker_residential_Door_01/materials/textures/aws_Door_01.png
[2.048s] -- Symlinking: /home/moonlab/ros2_ws/install/turtlebot3_simulation/share/turtlebot3_simulation//models/aws_robomaker_residential_Door_01/meshes/aws_Door_01_collision.DAE
[2.055s] -- Symlinking: /home/moonlab/ros2_ws/install/turtlebot3_simulation/share/turtlebot3_simulation//models/aws_robomaker_residential_Door_01/meshes/aws_Door_01_visual.DAE
[2.061s] -- Symlinking: /home/moonlab/ros2_ws/install/turtlebot3_simulation/share/turtlebot3_simulation//models/aws_robomaker_residential_Door_01/model.config
[2.067s] -- Symlinking: /home/moonlab/ros2_ws/install/turtlebot3_simulation/share/turtlebot3_simulation//models/aws_robomaker_residential_Door_01/model.sdf
[2.073s] -- Symlinking: /home/moonlab/ros2_ws/install/turtlebot3_simulation/share/turtlebot3_simulation//models/aws_robomaker_residential_Dumbbell_01/materials/textures/aws_Dumbbell_01.png
[2.079s] -- Symlinking: /home/moonlab/ros2_ws/install/turtlebot3_simulation/share/turtlebot3_simulation//models/aws_robomaker_residential_Dumbbell_01/meshes/aws_Dumbbell_01_collision.DAE
[2.086s] -- Symlinking: /home/moonlab/ros2_ws/install/turtlebot3_simulation/share/turtlebot3_simulation//models/aws_robomaker_residential_Dumbbell_01/meshes/aws_Dumbbell_01_visual.DAE
[2.092s] -- Symlinking: /home/moonlab/ros2_ws/install/turtlebot3_simulation/share/turtlebot3_simulation//models/aws_robomaker_residential_Dumbbell_01/model.config
[2.098s] -- Symlinking: /home/moonlab/ros2_ws/install/turtlebot3_simulation/share/turtlebot3_simulation//models/aws_robomaker_residential_Dumbbell_01/model.sdf
[2.103s] -- Symlinking: /home/moonlab/ros2_ws/install/turtlebot3_simulation/share/turtlebot3_simulation//models/aws_robomaker_residential_FitnessEquipment_01/materials/textures/aws_FitnessEquipment_01.png
[2.109s] -- Symlinking: /home/moonlab/ros2_ws/install/turtlebot3_simulation/share/turtlebot3_simulation//models/aws_robomaker_residential_FitnessEquipment_01/meshes/aws_FitnessEquipment_01_collision.DAE
[2.115s] -- Symlinking: /home/moonlab/ros2_ws/install/turtlebot3_simulation/share/turtlebot3_simulation//models/aws_robomaker_residential_FitnessEquipment_01/meshes/aws_FitnessEquipment_01_visual.DAE
[2.122s] -- Symlinking: /home/moonlab/ros2_ws/install/turtlebot3_simulation/share/turtlebot3_simulation//models/aws_robomaker_residential_FitnessEquipment_01/model.config
[2.129s] -- Symlinking: /home/moonlab/ros2_ws/install/turtlebot3_simulation/share/turtlebot3_simulation//models/aws_robomaker_residential_FitnessEquipment_01/model.sdf
[2.135s] -- Symlinking: /home/moonlab/ros2_ws/install/turtlebot3_simulation/share/turtlebot3_simulation//models/aws_robomaker_residential_FloorB_01/materials/textures/aws_FloorB_01.png
[2.140s] -- Symlinking: /home/moonlab/ros2_ws/install/turtlebot3_simulation/share/turtlebot3_simulation//models/aws_robomaker_residential_FloorB_01/meshes/aws_FloorB_01_collision.DAE
[2.146s] -- Symlinking: /home/moonlab/ros2_ws/install/turtlebot3_simulation/share/turtlebot3_simulation//models/aws_robomaker_residential_FloorB_01/meshes/aws_FloorB_01_visual.DAE
[2.153s] -- Symlinking: /home/moonlab/ros2_ws/install/turtlebot3_simulation/share/turtlebot3_simulation//models/aws_robomaker_residential_FloorB_01/model.config
[2.159s] -- Symlinking: /home/moonlab/ros2_ws/install/turtlebot3_simulation/share/turtlebot3_simulation//models/aws_robomaker_residential_FloorB_01/model.sdf
[2.166s] -- Symlinking: /home/moonlab/ros2_ws/install/turtlebot3_simulation/share/turtlebot3_simulation//models/aws_robomaker_residential_FoldingDoor_01/materials/textures/aws_FoldingDoor_01.png
[2.171s] -- Symlinking: /home/moonlab/ros2_ws/install/turtlebot3_simulation/share/turtlebot3_simulation//models/aws_robomaker_residential_FoldingDoor_01/meshes/aws_FoldingDoor_01_collision.DAE
[2.178s] -- Symlinking: /home/moonlab/ros2_ws/install/turtlebot3_simulation/share/turtlebot3_simulation//models/aws_robomaker_residential_FoldingDoor_01/meshes/aws_FoldingDoor_01_visual.DAE
[2.184s] -- Symlinking: /home/moonlab/ros2_ws/install/turtlebot3_simulation/share/turtlebot3_simulation//models/aws_robomaker_residential_FoldingDoor_01/model.config
[2.190s] -- Symlinking: /home/moonlab/ros2_ws/install/turtlebot3_simulation/share/turtlebot3_simulation//models/aws_robomaker_residential_FoldingDoor_01/model.sdf
[2.195s] -- Symlinking: /home/moonlab/ros2_ws/install/turtlebot3_simulation/share/turtlebot3_simulation//models/aws_robomaker_residential_FoldingDoor_02/materials/textures/aws_FoldingDoor_02.png
[2.202s] -- Symlinking: /home/moonlab/ros2_ws/install/turtlebot3_simulation/share/turtlebot3_simulation//models/aws_robomaker_residential_FoldingDoor_02/meshes/aws_FoldingDoor_02_collision.DAE
[2.208s] -- Symlinking: /home/moonlab/ros2_ws/install/turtlebot3_simulation/share/turtlebot3_simulation//models/aws_robomaker_residential_FoldingDoor_02/meshes/aws_FoldingDoor_02_visual.DAE
[2.214s] -- Symlinking: /home/moonlab/ros2_ws/install/turtlebot3_simulation/share/turtlebot3_simulation//models/aws_robomaker_residential_FoldingDoor_02/model.config
[2.220s] -- Symlinking: /home/moonlab/ros2_ws/install/turtlebot3_simulation/share/turtlebot3_simulation//models/aws_robomaker_residential_FoldingDoor_02/model.sdf
[2.225s] -- Symlinking: /home/moonlab/ros2_ws/install/turtlebot3_simulation/share/turtlebot3_simulation//models/aws_robomaker_residential_Handle_01/materials/textures/aws_Handle_01.png
[2.232s] -- Symlinking: /home/moonlab/ros2_ws/install/turtlebot3_simulation/share/turtlebot3_simulation//models/aws_robomaker_residential_Handle_01/meshes/aws_Handle_01_collision.DAE
[2.238s] -- Symlinking: /home/moonlab/ros2_ws/install/turtlebot3_simulation/share/turtlebot3_simulation//models/aws_robomaker_residential_Handle_01/meshes/aws_Handle_01_visual.DAE
[2.243s] -- Symlinking: /home/moonlab/ros2_ws/install/turtlebot3_simulation/share/turtlebot3_simulation//models/aws_robomaker_residential_Handle_01/model.config
[2.250s] -- Symlinking: /home/moonlab/ros2_ws/install/turtlebot3_simulation/share/turtlebot3_simulation//models/aws_robomaker_residential_Handle_01/model.sdf
[2.256s] -- Symlinking: /home/moonlab/ros2_ws/install/turtlebot3_simulation/share/turtlebot3_simulation//models/aws_robomaker_residential_HouseWallB_01/materials/textures/aws_HouseWallB_01.png
[2.262s] -- Symlinking: /home/moonlab/ros2_ws/install/turtlebot3_simulation/share/turtlebot3_simulation//models/aws_robomaker_residential_HouseWallB_01/meshes/aws_HouseWallB_01_collision.DAE
[2.268s] -- Symlinking: /home/moonlab/ros2_ws/install/turtlebot3_simulation/share/turtlebot3_simulation//models/aws_robomaker_residential_HouseWallB_01/meshes/aws_HouseWallB_01_visual.DAE
[2.273s] -- Symlinking: /home/moonlab/ros2_ws/install/turtlebot3_simulation/share/turtlebot3_simulation//models/aws_robomaker_residential_HouseWallB_01/model.config
[2.278s] -- Symlinking: /home/moonlab/ros2_ws/install/turtlebot3_simulation/share/turtlebot3_simulation//models/aws_robomaker_residential_HouseWallB_01/model.sdf
[2.284s] -- Symlinking: /home/moonlab/ros2_ws/install/turtlebot3_simulation/share/turtlebot3_simulation//models/aws_robomaker_residential_KitchenCabinet_01/materials/textures/aws_KitchenCabinet_01.png
[2.290s] -- Symlinking: /home/moonlab/ros2_ws/install/turtlebot3_simulation/share/turtlebot3_simulation//models/aws_robomaker_residential_KitchenCabinet_01/meshes/aws_KitchenCabinet_01_collision.DAE
[2.297s] -- Symlinking: /home/moonlab/ros2_ws/install/turtlebot3_simulation/share/turtlebot3_simulation//models/aws_robomaker_residential_KitchenCabinet_01/meshes/aws_KitchenCabinet_01_visual.DAE
[2.303s] -- Symlinking: /home/moonlab/ros2_ws/install/turtlebot3_simulation/share/turtlebot3_simulation//models/aws_robomaker_residential_KitchenCabinet_01/model.config
[2.308s] -- Symlinking: /home/moonlab/ros2_ws/install/turtlebot3_simulation/share/turtlebot3_simulation//models/aws_robomaker_residential_KitchenCabinet_01/model.sdf
[2.314s] -- Symlinking: /home/moonlab/ros2_ws/install/turtlebot3_simulation/share/turtlebot3_simulation//models/aws_robomaker_residential_KitchenTable_01/materials/textures/aws_KitchenTable_01.png
[2.320s] -- Symlinking: /home/moonlab/ros2_ws/install/turtlebot3_simulation/share/turtlebot3_simulation//models/aws_robomaker_residential_KitchenTable_01/meshes/aws_KitchenTable_01_collision.DAE
[2.326s] -- Symlinking: /home/moonlab/ros2_ws/install/turtlebot3_simulation/share/turtlebot3_simulation//models/aws_robomaker_residential_KitchenTable_01/meshes/aws_KitchenTable_01_visual.DAE
[2.333s] -- Symlinking: /home/moonlab/ros2_ws/install/turtlebot3_simulation/share/turtlebot3_simulation//models/aws_robomaker_residential_KitchenTable_01/model.config
[2.338s] -- Symlinking: /home/moonlab/ros2_ws/install/turtlebot3_simulation/share/turtlebot3_simulation//models/aws_robomaker_residential_KitchenTable_01/model.sdf
[2.344s] -- Symlinking: /home/moonlab/ros2_ws/install/turtlebot3_simulation/share/turtlebot3_simulation//models/aws_robomaker_residential_KitchenUtensils_01/materials/textures/aws_KitchenUtensils_01.png
[2.350s] -- Symlinking: /home/moonlab/ros2_ws/install/turtlebot3_simulation/share/turtlebot3_simulation//models/aws_robomaker_residential_KitchenUtensils_01/meshes/aws_KitchenUtensils_01_collision.DAE
[2.357s] -- Symlinking: /home/moonlab/ros2_ws/install/turtlebot3_simulation/share/turtlebot3_simulation//models/aws_robomaker_residential_KitchenUtensils_01/meshes/aws_KitchenUtensils_01_visual.DAE
[2.363s] -- Symlinking: /home/moonlab/ros2_ws/install/turtlebot3_simulation/share/turtlebot3_simulation//models/aws_robomaker_residential_KitchenUtensils_01/model.config
[2.369s] -- Symlinking: /home/moonlab/ros2_ws/install/turtlebot3_simulation/share/turtlebot3_simulation//models/aws_robomaker_residential_KitchenUtensils_01/model.sdf
[2.375s] -- Symlinking: /home/moonlab/ros2_ws/install/turtlebot3_simulation/share/turtlebot3_simulation//models/aws_robomaker_residential_LightC_01/materials/textures/aws_LightC_01.png
[2.380s] -- Symlinking: /home/moonlab/ros2_ws/install/turtlebot3_simulation/share/turtlebot3_simulation//models/aws_robomaker_residential_LightC_01/meshes/aws_LightC_01_collision.DAE
[2.386s] -- Symlinking: /home/moonlab/ros2_ws/install/turtlebot3_simulation/share/turtlebot3_simulation//models/aws_robomaker_residential_LightC_01/meshes/aws_LightC_01_visual.DAE
[2.393s] -- Symlinking: /home/moonlab/ros2_ws/install/turtlebot3_simulation/share/turtlebot3_simulation//models/aws_robomaker_residential_LightC_01/model.config
[2.399s] -- Symlinking: /home/moonlab/ros2_ws/install/turtlebot3_simulation/share/turtlebot3_simulation//models/aws_robomaker_residential_LightC_01/model.sdf
[2.404s] -- Symlinking: /home/moonlab/ros2_ws/install/turtlebot3_simulation/share/turtlebot3_simulation//models/aws_robomaker_residential_NightStand_01/materials/textures/aws_NightStand_01.png
[2.410s] -- Symlinking: /home/moonlab/ros2_ws/install/turtlebot3_simulation/share/turtlebot3_simulation//models/aws_robomaker_residential_NightStand_01/meshes/aws_NightStand_01_collision.DAE
[2.416s] -- Symlinking: /home/moonlab/ros2_ws/install/turtlebot3_simulation/share/turtlebot3_simulation//models/aws_robomaker_residential_NightStand_01/meshes/aws_NightStand_01_visual.DAE
[2.421s] -- Symlinking: /home/moonlab/ros2_ws/install/turtlebot3_simulation/share/turtlebot3_simulation//models/aws_robomaker_residential_NightStand_01/model.config
[2.427s] -- Symlinking: /home/moonlab/ros2_ws/install/turtlebot3_simulation/share/turtlebot3_simulation//models/aws_robomaker_residential_NightStand_01/model.sdf
[2.433s] -- Symlinking: /home/moonlab/ros2_ws/install/turtlebot3_simulation/share/turtlebot3_simulation//models/aws_robomaker_residential_Pillow_01/materials/textures/aws_Pillow_01.png
[2.438s] -- Symlinking: /home/moonlab/ros2_ws/install/turtlebot3_simulation/share/turtlebot3_simulation//models/aws_robomaker_residential_Pillow_01/meshes/aws_Pillow_01_collision.DAE
[2.445s] -- Symlinking: /home/moonlab/ros2_ws/install/turtlebot3_simulation/share/turtlebot3_simulation//models/aws_robomaker_residential_Pillow_01/meshes/aws_Pillow_01_visual.DAE
[2.451s] -- Symlinking: /home/moonlab/ros2_ws/install/turtlebot3_simulation/share/turtlebot3_simulation//models/aws_robomaker_residential_Pillow_01/model.config
[2.456s] -- Symlinking: /home/moonlab/ros2_ws/install/turtlebot3_simulation/share/turtlebot3_simulation//models/aws_robomaker_residential_Pillow_01/model.sdf
[2.462s] -- Symlinking: /home/moonlab/ros2_ws/install/turtlebot3_simulation/share/turtlebot3_simulation//models/aws_robomaker_residential_PortraitA_01/materials/textures/PortraitA_01.jpg
[2.468s] -- Symlinking: /home/moonlab/ros2_ws/install/turtlebot3_simulation/share/turtlebot3_simulation//models/aws_robomaker_residential_PortraitA_01/materials/textures/aws_PortraitA_01.png
[2.473s] -- Symlinking: /home/moonlab/ros2_ws/install/turtlebot3_simulation/share/turtlebot3_simulation//models/aws_robomaker_residential_PortraitA_01/materials/textures/aws_PortraitA_02.png
[2.479s] -- Symlinking: /home/moonlab/ros2_ws/install/turtlebot3_simulation/share/turtlebot3_simulation//models/aws_robomaker_residential_PortraitA_01/meshes/aws_PortraitA_01_collision.DAE
[2.485s] -- Symlinking: /home/moonlab/ros2_ws/install/turtlebot3_simulation/share/turtlebot3_simulation//models/aws_robomaker_residential_PortraitA_01/meshes/aws_PortraitA_01_visual.DAE
[2.490s] -- Symlinking: /home/moonlab/ros2_ws/install/turtlebot3_simulation/share/turtlebot3_simulation//models/aws_robomaker_residential_PortraitA_01/model.config
[2.496s] -- Symlinking: /home/moonlab/ros2_ws/install/turtlebot3_simulation/share/turtlebot3_simulation//models/aws_robomaker_residential_PortraitA_01/model.sdf
[2.502s] -- Symlinking: /home/moonlab/ros2_ws/install/turtlebot3_simulation/share/turtlebot3_simulation//models/aws_robomaker_residential_PortraitA_02/materials/textures/PortraitA_02.jpg
[2.507s] -- Symlinking: /home/moonlab/ros2_ws/install/turtlebot3_simulation/share/turtlebot3_simulation//models/aws_robomaker_residential_PortraitA_02/materials/textures/aws_PortraitA_01.png
[2.513s] -- Symlinking: /home/moonlab/ros2_ws/install/turtlebot3_simulation/share/turtlebot3_simulation//models/aws_robomaker_residential_PortraitA_02/materials/textures/aws_PortraitA_02.png
[2.519s] -- Symlinking: /home/moonlab/ros2_ws/install/turtlebot3_simulation/share/turtlebot3_simulation//models/aws_robomaker_residential_PortraitA_02/meshes/aws_PortraitA_01_collision.DAE
[2.525s] -- Symlinking: /home/moonlab/ros2_ws/install/turtlebot3_simulation/share/turtlebot3_simulation//models/aws_robomaker_residential_PortraitA_02/meshes/aws_PortraitA_01_visual.DAE
[2.530s] -- Symlinking: /home/moonlab/ros2_ws/install/turtlebot3_simulation/share/turtlebot3_simulation//models/aws_robomaker_residential_PortraitA_02/model.config
[2.536s] -- Symlinking: /home/moonlab/ros2_ws/install/turtlebot3_simulation/share/turtlebot3_simulation//models/aws_robomaker_residential_PortraitA_02/model.sdf
[2.542s] -- Symlinking: /home/moonlab/ros2_ws/install/turtlebot3_simulation/share/turtlebot3_simulation//models/aws_robomaker_residential_PortraitB_01/materials/textures/PortraitB_01.jpg
[2.548s] -- Symlinking: /home/moonlab/ros2_ws/install/turtlebot3_simulation/share/turtlebot3_simulation//models/aws_robomaker_residential_PortraitB_01/materials/textures/aws_PortraitB_01.png
[2.553s] -- Symlinking: /home/moonlab/ros2_ws/install/turtlebot3_simulation/share/turtlebot3_simulation//models/aws_robomaker_residential_PortraitB_01/materials/textures/aws_PortraitB_02.png
[2.559s] -- Symlinking: /home/moonlab/ros2_ws/install/turtlebot3_simulation/share/turtlebot3_simulation//models/aws_robomaker_residential_PortraitB_01/meshes/aws_PortraitB_01_collision.DAE
[2.565s] -- Symlinking: /home/moonlab/ros2_ws/install/turtlebot3_simulation/share/turtlebot3_simulation//models/aws_robomaker_residential_PortraitB_01/meshes/aws_PortraitB_01_visual.DAE
[2.571s] -- Symlinking: /home/moonlab/ros2_ws/install/turtlebot3_simulation/share/turtlebot3_simulation//models/aws_robomaker_residential_PortraitB_01/model.config
[2.576s] -- Symlinking: /home/moonlab/ros2_ws/install/turtlebot3_simulation/share/turtlebot3_simulation//models/aws_robomaker_residential_PortraitB_01/model.sdf
[2.583s] -- Symlinking: /home/moonlab/ros2_ws/install/turtlebot3_simulation/share/turtlebot3_simulation//models/aws_robomaker_residential_PortraitB_02/materials/textures/PortraitB_02.jpg
[2.589s] -- Symlinking: /home/moonlab/ros2_ws/install/turtlebot3_simulation/share/turtlebot3_simulation//models/aws_robomaker_residential_PortraitB_02/materials/textures/aws_PortraitB_01.png
[2.595s] -- Symlinking: /home/moonlab/ros2_ws/install/turtlebot3_simulation/share/turtlebot3_simulation//models/aws_robomaker_residential_PortraitB_02/materials/textures/aws_PortraitB_02.png
[2.601s] -- Symlinking: /home/moonlab/ros2_ws/install/turtlebot3_simulation/share/turtlebot3_simulation//models/aws_robomaker_residential_PortraitB_02/meshes/aws_PortraitB_01_collision.DAE
[2.606s] -- Symlinking: /home/moonlab/ros2_ws/install/turtlebot3_simulation/share/turtlebot3_simulation//models/aws_robomaker_residential_PortraitB_02/meshes/aws_PortraitB_01_visual.DAE
[2.612s] -- Symlinking: /home/moonlab/ros2_ws/install/turtlebot3_simulation/share/turtlebot3_simulation//models/aws_robomaker_residential_PortraitB_02/model.config
[2.618s] -- Symlinking: /home/moonlab/ros2_ws/install/turtlebot3_simulation/share/turtlebot3_simulation//models/aws_robomaker_residential_PortraitB_02/model.sdf
[2.624s] -- Symlinking: /home/moonlab/ros2_ws/install/turtlebot3_simulation/share/turtlebot3_simulation//models/aws_robomaker_residential_PortraitB_03/materials/textures/PortraitB_03.jpg
[2.629s] -- Symlinking: /home/moonlab/ros2_ws/install/turtlebot3_simulation/share/turtlebot3_simulation//models/aws_robomaker_residential_PortraitB_03/materials/textures/aws_PortraitB_01.png
[2.636s] -- Symlinking: /home/moonlab/ros2_ws/install/turtlebot3_simulation/share/turtlebot3_simulation//models/aws_robomaker_residential_PortraitB_03/materials/textures/aws_PortraitB_02.png
[2.641s] -- Symlinking: /home/moonlab/ros2_ws/install/turtlebot3_simulation/share/turtlebot3_simulation//models/aws_robomaker_residential_PortraitB_03/meshes/aws_PortraitB_01_collision.DAE
[2.647s] -- Symlinking: /home/moonlab/ros2_ws/install/turtlebot3_simulation/share/turtlebot3_simulation//models/aws_robomaker_residential_PortraitB_03/meshes/aws_PortraitB_01_visual.DAE
[2.654s] -- Symlinking: /home/moonlab/ros2_ws/install/turtlebot3_simulation/share/turtlebot3_simulation//models/aws_robomaker_residential_PortraitB_03/model.config
[2.660s] -- Symlinking: /home/moonlab/ros2_ws/install/turtlebot3_simulation/share/turtlebot3_simulation//models/aws_robomaker_residential_PortraitB_03/model.sdf
[2.665s] -- Symlinking: /home/moonlab/ros2_ws/install/turtlebot3_simulation/share/turtlebot3_simulation//models/aws_robomaker_residential_PortraitC_01/materials/textures/PortraitC_01.jpg
[2.671s] -- Symlinking: /home/moonlab/ros2_ws/install/turtlebot3_simulation/share/turtlebot3_simulation//models/aws_robomaker_residential_PortraitC_01/materials/textures/aws_PortraitC_01.png
[2.677s] -- Symlinking: /home/moonlab/ros2_ws/install/turtlebot3_simulation/share/turtlebot3_simulation//models/aws_robomaker_residential_PortraitC_01/materials/textures/aws_PortraitC_02.png
[2.683s] -- Symlinking: /home/moonlab/ros2_ws/install/turtlebot3_simulation/share/turtlebot3_simulation//models/aws_robomaker_residential_PortraitC_01/meshes/aws_PortraitC_01_collision.DAE
[2.689s] -- Symlinking: /home/moonlab/ros2_ws/install/turtlebot3_simulation/share/turtlebot3_simulation//models/aws_robomaker_residential_PortraitC_01/meshes/aws_PortraitC_01_visual.DAE
[2.694s] -- Symlinking: /home/moonlab/ros2_ws/install/turtlebot3_simulation/share/turtlebot3_simulation//models/aws_robomaker_residential_PortraitC_01/model.config
[2.700s] -- Symlinking: /home/moonlab/ros2_ws/install/turtlebot3_simulation/share/turtlebot3_simulation//models/aws_robomaker_residential_PortraitC_01/model.sdf
[2.706s] -- Symlinking: /home/moonlab/ros2_ws/install/turtlebot3_simulation/share/turtlebot3_simulation//models/aws_robomaker_residential_PortraitD_01/materials/textures/PortraitD_01.jpg
[2.711s] -- Symlinking: /home/moonlab/ros2_ws/install/turtlebot3_simulation/share/turtlebot3_simulation//models/aws_robomaker_residential_PortraitD_01/materials/textures/aws_PortraitD_01.png
[2.717s] -- Symlinking: /home/moonlab/ros2_ws/install/turtlebot3_simulation/share/turtlebot3_simulation//models/aws_robomaker_residential_PortraitD_01/materials/textures/aws_PortraitD_02.png
[2.723s] -- Symlinking: /home/moonlab/ros2_ws/install/turtlebot3_simulation/share/turtlebot3_simulation//models/aws_robomaker_residential_PortraitD_01/meshes/aws_PortraitD_01_collision.DAE
[2.729s] -- Symlinking: /home/moonlab/ros2_ws/install/turtlebot3_simulation/share/turtlebot3_simulation//models/aws_robomaker_residential_PortraitD_01/meshes/aws_PortraitD_01_visual.DAE
[2.735s] -- Symlinking: /home/moonlab/ros2_ws/install/turtlebot3_simulation/share/turtlebot3_simulation//models/aws_robomaker_residential_PortraitD_01/model.config
[2.741s] -- Symlinking: /home/moonlab/ros2_ws/install/turtlebot3_simulation/share/turtlebot3_simulation//models/aws_robomaker_residential_PortraitD_01/model.sdf
[2.746s] -- Symlinking: /home/moonlab/ros2_ws/install/turtlebot3_simulation/share/turtlebot3_simulation//models/aws_robomaker_residential_PortraitD_02/materials/textures/PortraitD_02.jpg
[2.753s] -- Symlinking: /home/moonlab/ros2_ws/install/turtlebot3_simulation/share/turtlebot3_simulation//models/aws_robomaker_residential_PortraitD_02/materials/textures/aws_PortraitD_01.png
[2.758s] -- Symlinking: /home/moonlab/ros2_ws/install/turtlebot3_simulation/share/turtlebot3_simulation//models/aws_robomaker_residential_PortraitD_02/materials/textures/aws_PortraitD_02.png
[2.765s] -- Symlinking: /home/moonlab/ros2_ws/install/turtlebot3_simulation/share/turtlebot3_simulation//models/aws_robomaker_residential_PortraitD_02/meshes/aws_PortraitD_01_collision.DAE
[2.771s] -- Symlinking: /home/moonlab/ros2_ws/install/turtlebot3_simulation/share/turtlebot3_simulation//models/aws_robomaker_residential_PortraitD_02/meshes/aws_PortraitD_01_visual.DAE
[2.777s] -- Symlinking: /home/moonlab/ros2_ws/install/turtlebot3_simulation/share/turtlebot3_simulation//models/aws_robomaker_residential_PortraitD_02/model.config
[2.784s] -- Symlinking: /home/moonlab/ros2_ws/install/turtlebot3_simulation/share/turtlebot3_simulation//models/aws_robomaker_residential_PortraitD_02/model.sdf
[2.789s] -- Symlinking: /home/moonlab/ros2_ws/install/turtlebot3_simulation/share/turtlebot3_simulation//models/aws_robomaker_residential_PortraitE_01/materials/textures/PortraitE_01.jpg
[2.795s] -- Symlinking: /home/moonlab/ros2_ws/install/turtlebot3_simulation/share/turtlebot3_simulation//models/aws_robomaker_residential_PortraitE_01/materials/textures/aws_PortraitE_01.png
[2.802s] -- Symlinking: /home/moonlab/ros2_ws/install/turtlebot3_simulation/share/turtlebot3_simulation//models/aws_robomaker_residential_PortraitE_01/materials/textures/aws_PortraitE_02.png
[2.807s] -- Symlinking: /home/moonlab/ros2_ws/install/turtlebot3_simulation/share/turtlebot3_simulation//models/aws_robomaker_residential_PortraitE_01/meshes/aws_PortraitE_01_collision.DAE
[2.814s] -- Symlinking: /home/moonlab/ros2_ws/install/turtlebot3_simulation/share/turtlebot3_simulation//models/aws_robomaker_residential_PortraitE_01/meshes/aws_PortraitE_01_visual.DAE
[2.820s] -- Symlinking: /home/moonlab/ros2_ws/install/turtlebot3_simulation/share/turtlebot3_simulation//models/aws_robomaker_residential_PortraitE_01/model.config
[2.826s] -- Symlinking: /home/moonlab/ros2_ws/install/turtlebot3_simulation/share/turtlebot3_simulation//models/aws_robomaker_residential_PortraitE_01/model.sdf
[2.832s] -- Symlinking: /home/moonlab/ros2_ws/install/turtlebot3_simulation/share/turtlebot3_simulation//models/aws_robomaker_residential_PortraitE_02/materials/textures/PortraitE_02.jpg
[2.838s] -- Symlinking: /home/moonlab/ros2_ws/install/turtlebot3_simulation/share/turtlebot3_simulation//models/aws_robomaker_residential_PortraitE_02/materials/textures/aws_PortraitE_01.png
[2.843s] -- Symlinking: /home/moonlab/ros2_ws/install/turtlebot3_simulation/share/turtlebot3_simulation//models/aws_robomaker_residential_PortraitE_02/materials/textures/aws_PortraitE_02.png
[2.849s] -- Symlinking: /home/moonlab/ros2_ws/install/turtlebot3_simulation/share/turtlebot3_simulation//models/aws_robomaker_residential_PortraitE_02/meshes/aws_PortraitE_01_collision.DAE
[2.855s] -- Symlinking: /home/moonlab/ros2_ws/install/turtlebot3_simulation/share/turtlebot3_simulation//models/aws_robomaker_residential_PortraitE_02/meshes/aws_PortraitE_01_visual.DAE
[2.862s] -- Symlinking: /home/moonlab/ros2_ws/install/turtlebot3_simulation/share/turtlebot3_simulation//models/aws_robomaker_residential_PortraitE_02/model.config
[2.868s] -- Symlinking: /home/moonlab/ros2_ws/install/turtlebot3_simulation/share/turtlebot3_simulation//models/aws_robomaker_residential_PortraitE_02/model.sdf
[2.873s] -- Symlinking: /home/moonlab/ros2_ws/install/turtlebot3_simulation/share/turtlebot3_simulation//models/aws_robomaker_residential_Quilt_01/materials/textures/aws_Quilt_01.png
[2.879s] -- Symlinking: /home/moonlab/ros2_ws/install/turtlebot3_simulation/share/turtlebot3_simulation//models/aws_robomaker_residential_Quilt_01/meshes/aws_Quilt_01_collision.DAE
[2.885s] -- Symlinking: /home/moonlab/ros2_ws/install/turtlebot3_simulation/share/turtlebot3_simulation//models/aws_robomaker_residential_Quilt_01/meshes/aws_Quilt_01_visual.DAE
[2.891s] -- Symlinking: /home/moonlab/ros2_ws/install/turtlebot3_simulation/share/turtlebot3_simulation//models/aws_robomaker_residential_Quilt_01/model.config
[2.896s] -- Symlinking: /home/moonlab/ros2_ws/install/turtlebot3_simulation/share/turtlebot3_simulation//models/aws_robomaker_residential_Quilt_01/model.sdf
[2.902s] -- Symlinking: /home/moonlab/ros2_ws/install/turtlebot3_simulation/share/turtlebot3_simulation//models/aws_robomaker_residential_Rangehood_01/materials/textures/aws_Rangehood_01.png
[2.907s] -- Symlinking: /home/moonlab/ros2_ws/install/turtlebot3_simulation/share/turtlebot3_simulation//models/aws_robomaker_residential_Rangehood_01/meshes/aws_Rangehood_01_collision.DAE
[2.913s] -- Symlinking: /home/moonlab/ros2_ws/install/turtlebot3_simulation/share/turtlebot3_simulation//models/aws_robomaker_residential_Rangehood_01/meshes/aws_Rangehood_01_visual.DAE
[2.919s] -- Symlinking: /home/moonlab/ros2_ws/install/turtlebot3_simulation/share/turtlebot3_simulation//models/aws_robomaker_residential_Rangehood_01/model.config
[2.924s] -- Symlinking: /home/moonlab/ros2_ws/install/turtlebot3_simulation/share/turtlebot3_simulation//models/aws_robomaker_residential_Rangehood_01/model.sdf
[2.931s] -- Symlinking: /home/moonlab/ros2_ws/install/turtlebot3_simulation/share/turtlebot3_simulation//models/aws_robomaker_residential_ReadingDesk_01/materials/textures/aws_ReadingDesk_01.png
[2.937s] -- Symlinking: /home/moonlab/ros2_ws/install/turtlebot3_simulation/share/turtlebot3_simulation//models/aws_robomaker_residential_ReadingDesk_01/meshes/aws_ReadingDesk_01_collision.DAE
[2.942s] -- Symlinking: /home/moonlab/ros2_ws/install/turtlebot3_simulation/share/turtlebot3_simulation//models/aws_robomaker_residential_ReadingDesk_01/meshes/aws_ReadingDesk_01_visual.DAE
[2.947s] -- Symlinking: /home/moonlab/ros2_ws/install/turtlebot3_simulation/share/turtlebot3_simulation//models/aws_robomaker_residential_ReadingDesk_01/model.config
[2.953s] -- Symlinking: /home/moonlab/ros2_ws/install/turtlebot3_simulation/share/turtlebot3_simulation//models/aws_robomaker_residential_ReadingDesk_01/model.sdf
[2.959s] -- Symlinking: /home/moonlab/ros2_ws/install/turtlebot3_simulation/share/turtlebot3_simulation//models/aws_robomaker_residential_Refrigerator_01/materials/textures/aws_Refrigerator_01.png
[2.965s] -- Symlinking: /home/moonlab/ros2_ws/install/turtlebot3_simulation/share/turtlebot3_simulation//models/aws_robomaker_residential_Refrigerator_01/materials/textures/aws_Refrigerator_02.png
[2.970s] -- Symlinking: /home/moonlab/ros2_ws/install/turtlebot3_simulation/share/turtlebot3_simulation//models/aws_robomaker_residential_Refrigerator_01/meshes/aws_Refrigerator_01.DAE
[2.976s] -- Symlinking: /home/moonlab/ros2_ws/install/turtlebot3_simulation/share/turtlebot3_simulation//models/aws_robomaker_residential_Refrigerator_01/meshes/aws_Refrigerator_01_collision.DAE
[2.982s] -- Symlinking: /home/moonlab/ros2_ws/install/turtlebot3_simulation/share/turtlebot3_simulation//models/aws_robomaker_residential_Refrigerator_01/meshes/aws_Refrigerator_01_visual.DAE
[2.987s] -- Symlinking: /home/moonlab/ros2_ws/install/turtlebot3_simulation/share/turtlebot3_simulation//models/aws_robomaker_residential_Refrigerator_01/model.config
[2.992s] -- Symlinking: /home/moonlab/ros2_ws/install/turtlebot3_simulation/share/turtlebot3_simulation//models/aws_robomaker_residential_Refrigerator_01/model.sdf
[2.999s] -- Symlinking: /home/moonlab/ros2_ws/install/turtlebot3_simulation/share/turtlebot3_simulation//models/aws_robomaker_residential_RoomCeiling_01/materials/textures/aws_RoomCeiling_01.png
[3.004s] -- Symlinking: /home/moonlab/ros2_ws/install/turtlebot3_simulation/share/turtlebot3_simulation//models/aws_robomaker_residential_RoomCeiling_01/meshes/aws_RoomCeiling_01_collision.DAE
[3.011s] -- Symlinking: /home/moonlab/ros2_ws/install/turtlebot3_simulation/share/turtlebot3_simulation//models/aws_robomaker_residential_RoomCeiling_01/meshes/aws_RoomCeiling_01_visual.DAE
[3.016s] -- Symlinking: /home/moonlab/ros2_ws/install/turtlebot3_simulation/share/turtlebot3_simulation//models/aws_robomaker_residential_RoomCeiling_01/model.config
[3.022s] -- Symlinking: /home/moonlab/ros2_ws/install/turtlebot3_simulation/share/turtlebot3_simulation//models/aws_robomaker_residential_RoomCeiling_01/model.sdf
[3.027s] -- Symlinking: /home/moonlab/ros2_ws/install/turtlebot3_simulation/share/turtlebot3_simulation//models/aws_robomaker_residential_RoomWall_01/materials/textures/aws_RoomWall_01.png
[3.033s] -- Symlinking: /home/moonlab/ros2_ws/install/turtlebot3_simulation/share/turtlebot3_simulation//models/aws_robomaker_residential_RoomWall_01/meshes/aws_RoomWall_01_collision.DAE
[3.038s] -- Symlinking: /home/moonlab/ros2_ws/install/turtlebot3_simulation/share/turtlebot3_simulation//models/aws_robomaker_residential_RoomWall_01/meshes/aws_RoomWall_01_visual.DAE
[3.044s] -- Symlinking: /home/moonlab/ros2_ws/install/turtlebot3_simulation/share/turtlebot3_simulation//models/aws_robomaker_residential_RoomWall_01/model.config
[3.050s] -- Symlinking: /home/moonlab/ros2_ws/install/turtlebot3_simulation/share/turtlebot3_simulation//models/aws_robomaker_residential_RoomWall_01/model.sdf
[3.056s] -- Symlinking: /home/moonlab/ros2_ws/install/turtlebot3_simulation/share/turtlebot3_simulation//models/aws_robomaker_residential_RoomWindow_01/materials/textures/aws_RoomWindow_01.png
[3.062s] -- Symlinking: /home/moonlab/ros2_ws/install/turtlebot3_simulation/share/turtlebot3_simulation//models/aws_robomaker_residential_RoomWindow_01/meshes/aws_RoomWindow_01_collision.DAE
[3.068s] -- Symlinking: /home/moonlab/ros2_ws/install/turtlebot3_simulation/share/turtlebot3_simulation//models/aws_robomaker_residential_RoomWindow_01/meshes/aws_RoomWindow_01_visual.DAE
[3.074s] -- Symlinking: /home/moonlab/ros2_ws/install/turtlebot3_simulation/share/turtlebot3_simulation//models/aws_robomaker_residential_RoomWindow_01/model.config
[3.080s] -- Symlinking: /home/moonlab/ros2_ws/install/turtlebot3_simulation/share/turtlebot3_simulation//models/aws_robomaker_residential_RoomWindow_01/model.sdf
[3.086s] -- Symlinking: /home/moonlab/ros2_ws/install/turtlebot3_simulation/share/turtlebot3_simulation//models/aws_robomaker_residential_SeasoningBox_01/materials/textures/aws_SeasoningBox_01.png
[3.093s] -- Symlinking: /home/moonlab/ros2_ws/install/turtlebot3_simulation/share/turtlebot3_simulation//models/aws_robomaker_residential_SeasoningBox_01/meshes/aws_SeasoningBox_01_collision.DAE
[3.099s] -- Symlinking: /home/moonlab/ros2_ws/install/turtlebot3_simulation/share/turtlebot3_simulation//models/aws_robomaker_residential_SeasoningBox_01/meshes/aws_SeasoningBox_01_visual.DAE
[3.105s] -- Symlinking: /home/moonlab/ros2_ws/install/turtlebot3_simulation/share/turtlebot3_simulation//models/aws_robomaker_residential_SeasoningBox_01/model.config
[3.111s] -- Symlinking: /home/moonlab/ros2_ws/install/turtlebot3_simulation/share/turtlebot3_simulation//models/aws_robomaker_residential_SeasoningBox_01/model.sdf
[3.116s] -- Symlinking: /home/moonlab/ros2_ws/install/turtlebot3_simulation/share/turtlebot3_simulation//models/aws_robomaker_residential_SecurityCamera_01/materials/textures/aws_SecurityCamera_01.png
[3.122s] -- Symlinking: /home/moonlab/ros2_ws/install/turtlebot3_simulation/share/turtlebot3_simulation//models/aws_robomaker_residential_SecurityCamera_01/meshes/aws_SecurityCamera_01_collision.DAE
[3.128s] -- Symlinking: /home/moonlab/ros2_ws/install/turtlebot3_simulation/share/turtlebot3_simulation//models/aws_robomaker_residential_SecurityCamera_01/meshes/aws_SecurityCamera_01_visual.DAE
[3.134s] -- Symlinking: /home/moonlab/ros2_ws/install/turtlebot3_simulation/share/turtlebot3_simulation//models/aws_robomaker_residential_SecurityCamera_01/model.config
[3.140s] -- Symlinking: /home/moonlab/ros2_ws/install/turtlebot3_simulation/share/turtlebot3_simulation//models/aws_robomaker_residential_SecurityCamera_01/model.sdf
[3.147s] -- Symlinking: /home/moonlab/ros2_ws/install/turtlebot3_simulation/share/turtlebot3_simulation//models/aws_robomaker_residential_ShoeRack_01/materials/textures/aws_ShoeRack_01.png
[3.153s] -- Symlinking: /home/moonlab/ros2_ws/install/turtlebot3_simulation/share/turtlebot3_simulation//models/aws_robomaker_residential_ShoeRack_01/meshes/aws_ShoeRack_01_collision.DAE
[3.158s] -- Symlinking: /home/moonlab/ros2_ws/install/turtlebot3_simulation/share/turtlebot3_simulation//models/aws_robomaker_residential_ShoeRack_01/meshes/aws_ShoeRack_01_visual.DAE
[3.164s] -- Symlinking: /home/moonlab/ros2_ws/install/turtlebot3_simulation/share/turtlebot3_simulation//models/aws_robomaker_residential_ShoeRack_01/model.config
[3.170s] -- Symlinking: /home/moonlab/ros2_ws/install/turtlebot3_simulation/share/turtlebot3_simulation//models/aws_robomaker_residential_ShoeRack_01/model.sdf
[3.176s] -- Symlinking: /home/moonlab/ros2_ws/install/turtlebot3_simulation/share/turtlebot3_simulation//models/aws_robomaker_residential_SofaB_01/materials/textures/aws_SofaB_01.png
[3.182s] -- Symlinking: /home/moonlab/ros2_ws/install/turtlebot3_simulation/share/turtlebot3_simulation//models/aws_robomaker_residential_SofaB_01/meshes/aws_SofaB_01_collision.DAE
[3.187s] -- Symlinking: /home/moonlab/ros2_ws/install/turtlebot3_simulation/share/turtlebot3_simulation//models/aws_robomaker_residential_SofaB_01/meshes/aws_SofaB_01_visual.DAE
[3.192s] -- Symlinking: /home/moonlab/ros2_ws/install/turtlebot3_simulation/share/turtlebot3_simulation//models/aws_robomaker_residential_SofaB_01/model.config
[3.198s] -- Symlinking: /home/moonlab/ros2_ws/install/turtlebot3_simulation/share/turtlebot3_simulation//models/aws_robomaker_residential_SofaB_01/model.sdf
[3.203s] -- Symlinking: /home/moonlab/ros2_ws/install/turtlebot3_simulation/share/turtlebot3_simulation//models/aws_robomaker_residential_SofaC_01/materials/textures/aws_SofaC_01.png
[3.209s] -- Symlinking: /home/moonlab/ros2_ws/install/turtlebot3_simulation/share/turtlebot3_simulation//models/aws_robomaker_residential_SofaC_01/meshes/aws_SofaC_01_collision.DAE
[3.215s] -- Symlinking: /home/moonlab/ros2_ws/install/turtlebot3_simulation/share/turtlebot3_simulation//models/aws_robomaker_residential_SofaC_01/meshes/aws_SofaC_01_visual.DAE
[3.220s] -- Symlinking: /home/moonlab/ros2_ws/install/turtlebot3_simulation/share/turtlebot3_simulation//models/aws_robomaker_residential_SofaC_01/model.config
[3.226s] -- Symlinking: /home/moonlab/ros2_ws/install/turtlebot3_simulation/share/turtlebot3_simulation//models/aws_robomaker_residential_SofaC_01/model.sdf
[3.232s] -- Symlinking: /home/moonlab/ros2_ws/install/turtlebot3_simulation/share/turtlebot3_simulation//models/aws_robomaker_residential_Sofa_01/materials/textures/aws_Sofa_01.png
[3.238s] -- Symlinking: /home/moonlab/ros2_ws/install/turtlebot3_simulation/share/turtlebot3_simulation//models/aws_robomaker_residential_Sofa_01/meshes/aws_Sofa_01.DAE
[3.244s] -- Symlinking: /home/moonlab/ros2_ws/install/turtlebot3_simulation/share/turtlebot3_simulation//models/aws_robomaker_residential_Sofa_01/meshes/aws_Sofa_01_collision.DAE
[3.250s] -- Symlinking: /home/moonlab/ros2_ws/install/turtlebot3_simulation/share/turtlebot3_simulation//models/aws_robomaker_residential_Sofa_01/meshes/aws_Sofa_01_visual.DAE
[3.256s] -- Symlinking: /home/moonlab/ros2_ws/install/turtlebot3_simulation/share/turtlebot3_simulation//models/aws_robomaker_residential_Sofa_01/model.config
[3.262s] -- Symlinking: /home/moonlab/ros2_ws/install/turtlebot3_simulation/share/turtlebot3_simulation//models/aws_robomaker_residential_Sofa_01/model.sdf
[3.268s] -- Symlinking: /home/moonlab/ros2_ws/install/turtlebot3_simulation/share/turtlebot3_simulation//models/aws_robomaker_residential_TVCabinet_01/materials/textures/aws_TVCabinet_01.png
[3.273s] -- Symlinking: /home/moonlab/ros2_ws/install/turtlebot3_simulation/share/turtlebot3_simulation//models/aws_robomaker_residential_TVCabinet_01/meshes/aws_TVCabinet_01_collision.DAE
[3.279s] -- Symlinking: /home/moonlab/ros2_ws/install/turtlebot3_simulation/share/turtlebot3_simulation//models/aws_robomaker_residential_TVCabinet_01/meshes/aws_TVCabinet_01_visual.DAE
[3.285s] -- Symlinking: /home/moonlab/ros2_ws/install/turtlebot3_simulation/share/turtlebot3_simulation//models/aws_robomaker_residential_TVCabinet_01/model.config
[3.291s] -- Symlinking: /home/moonlab/ros2_ws/install/turtlebot3_simulation/share/turtlebot3_simulation//models/aws_robomaker_residential_TVCabinet_01/model.sdf
[3.296s] -- Symlinking: /home/moonlab/ros2_ws/install/turtlebot3_simulation/share/turtlebot3_simulation//models/aws_robomaker_residential_TV_01/materials/textures/aws_TV_01.png
[3.302s] -- Symlinking: /home/moonlab/ros2_ws/install/turtlebot3_simulation/share/turtlebot3_simulation//models/aws_robomaker_residential_TV_01/meshes/aws_TV_01_collision.DAE
[3.307s] -- Symlinking: /home/moonlab/ros2_ws/install/turtlebot3_simulation/share/turtlebot3_simulation//models/aws_robomaker_residential_TV_01/meshes/aws_TV_01_visual.DAE
[3.313s] -- Symlinking: /home/moonlab/ros2_ws/install/turtlebot3_simulation/share/turtlebot3_simulation//models/aws_robomaker_residential_TV_01/model.config
[3.318s] -- Symlinking: /home/moonlab/ros2_ws/install/turtlebot3_simulation/share/turtlebot3_simulation//models/aws_robomaker_residential_TV_01/model.sdf
[3.324s] -- Symlinking: /home/moonlab/ros2_ws/install/turtlebot3_simulation/share/turtlebot3_simulation//models/aws_robomaker_residential_TV_02/materials/textures/aws_TV_01.png
[3.330s] -- Symlinking: /home/moonlab/ros2_ws/install/turtlebot3_simulation/share/turtlebot3_simulation//models/aws_robomaker_residential_TV_02/meshes/aws_TV_01_collision.DAE
[3.336s] -- Symlinking: /home/moonlab/ros2_ws/install/turtlebot3_simulation/share/turtlebot3_simulation//models/aws_robomaker_residential_TV_02/meshes/aws_TV_01_visual.DAE
[3.342s] -- Symlinking: /home/moonlab/ros2_ws/install/turtlebot3_simulation/share/turtlebot3_simulation//models/aws_robomaker_residential_TV_02/model.config
[3.348s] -- Symlinking: /home/moonlab/ros2_ws/install/turtlebot3_simulation/share/turtlebot3_simulation//models/aws_robomaker_residential_TV_02/model.sdf
[3.354s] -- Symlinking: /home/moonlab/ros2_ws/install/turtlebot3_simulation/share/turtlebot3_simulation//models/aws_robomaker_residential_Tablet_01/.DS_Store
[3.359s] -- Symlinking: /home/moonlab/ros2_ws/install/turtlebot3_simulation/share/turtlebot3_simulation//models/aws_robomaker_residential_Tablet_01/materials/.DS_Store
[3.364s] -- Symlinking: /home/moonlab/ros2_ws/install/turtlebot3_simulation/share/turtlebot3_simulation//models/aws_robomaker_residential_Tablet_01/materials/textures/aws_Tablet_01_nologo.png
[3.370s] -- Symlinking: /home/moonlab/ros2_ws/install/turtlebot3_simulation/share/turtlebot3_simulation//models/aws_robomaker_residential_Tablet_01/meshes/aws_Tablet_01_collision.DAE
[3.375s] -- Symlinking: /home/moonlab/ros2_ws/install/turtlebot3_simulation/share/turtlebot3_simulation//models/aws_robomaker_residential_Tablet_01/meshes/aws_Tablet_01_visual.DAE
[3.381s] -- Symlinking: /home/moonlab/ros2_ws/install/turtlebot3_simulation/share/turtlebot3_simulation//models/aws_robomaker_residential_Tablet_01/model.config
[3.386s] -- Symlinking: /home/moonlab/ros2_ws/install/turtlebot3_simulation/share/turtlebot3_simulation//models/aws_robomaker_residential_Tablet_01/model.sdf
[3.392s] -- Symlinking: /home/moonlab/ros2_ws/install/turtlebot3_simulation/share/turtlebot3_simulation//models/aws_robomaker_residential_Tableware_01/materials/textures/aws_Tableware_01.png
[3.398s] -- Symlinking: /home/moonlab/ros2_ws/install/turtlebot3_simulation/share/turtlebot3_simulation//models/aws_robomaker_residential_Tableware_01/meshes/aws_Tableware_01_collision.DAE
[3.404s] -- Symlinking: /home/moonlab/ros2_ws/install/turtlebot3_simulation/share/turtlebot3_simulation//models/aws_robomaker_residential_Tableware_01/meshes/aws_Tableware_01_visual.DAE
[3.410s] -- Symlinking: /home/moonlab/ros2_ws/install/turtlebot3_simulation/share/turtlebot3_simulation//models/aws_robomaker_residential_Tableware_01/model.config
[3.416s] -- Symlinking: /home/moonlab/ros2_ws/install/turtlebot3_simulation/share/turtlebot3_simulation//models/aws_robomaker_residential_Tableware_01/model.sdf
[3.422s] -- Symlinking: /home/moonlab/ros2_ws/install/turtlebot3_simulation/share/turtlebot3_simulation//models/aws_robomaker_residential_Trash_01/materials/textures/aws_Trash_01.png
[3.428s] -- Symlinking: /home/moonlab/ros2_ws/install/turtlebot3_simulation/share/turtlebot3_simulation//models/aws_robomaker_residential_Trash_01/meshes/aws_Trash_01_collision.DAE
[3.434s] -- Symlinking: /home/moonlab/ros2_ws/install/turtlebot3_simulation/share/turtlebot3_simulation//models/aws_robomaker_residential_Trash_01/meshes/aws_Trash_01_visual.DAE
[3.439s] -- Symlinking: /home/moonlab/ros2_ws/install/turtlebot3_simulation/share/turtlebot3_simulation//models/aws_robomaker_residential_Trash_01/model.config
[3.445s] -- Symlinking: /home/moonlab/ros2_ws/install/turtlebot3_simulation/share/turtlebot3_simulation//models/aws_robomaker_residential_Trash_01/model.sdf
[3.451s] -- Symlinking: /home/moonlab/ros2_ws/install/turtlebot3_simulation/share/turtlebot3_simulation//models/aws_robomaker_residential_Vase_01/materials/textures/aws_Vase_01.png
[3.457s] -- Symlinking: /home/moonlab/ros2_ws/install/turtlebot3_simulation/share/turtlebot3_simulation//models/aws_robomaker_residential_Vase_01/meshes/aws_Vase_01_collision.DAE
[3.463s] -- Symlinking: /home/moonlab/ros2_ws/install/turtlebot3_simulation/share/turtlebot3_simulation//models/aws_robomaker_residential_Vase_01/meshes/aws_Vase_01_visual.DAE
[3.470s] -- Symlinking: /home/moonlab/ros2_ws/install/turtlebot3_simulation/share/turtlebot3_simulation//models/aws_robomaker_residential_Vase_01/model.config
[3.476s] -- Symlinking: /home/moonlab/ros2_ws/install/turtlebot3_simulation/share/turtlebot3_simulation//models/aws_robomaker_residential_Vase_01/model.sdf
[3.482s] -- Symlinking: /home/moonlab/ros2_ws/install/turtlebot3_simulation/share/turtlebot3_simulation//models/aws_robomaker_residential_Wardrobe_01/materials/textures/aws_Wardrobe_01.png
[3.488s] -- Symlinking: /home/moonlab/ros2_ws/install/turtlebot3_simulation/share/turtlebot3_simulation//models/aws_robomaker_residential_Wardrobe_01/meshes/aws_Wardrobe_01_collision.DAE
[3.494s] -- Symlinking: /home/moonlab/ros2_ws/install/turtlebot3_simulation/share/turtlebot3_simulation//models/aws_robomaker_residential_Wardrobe_01/meshes/aws_Wardrobe_01_visual.DAE
[3.499s] -- Symlinking: /home/moonlab/ros2_ws/install/turtlebot3_simulation/share/turtlebot3_simulation//models/aws_robomaker_residential_Wardrobe_01/model.config
[3.505s] -- Symlinking: /home/moonlab/ros2_ws/install/turtlebot3_simulation/share/turtlebot3_simulation//models/aws_robomaker_residential_Wardrobe_01/model.sdf
[3.511s] -- Symlinking: /home/moonlab/ros2_ws/install/turtlebot3_simulation/share/turtlebot3_simulation//models/center_table/model.config
[3.517s] -- Symlinking: /home/moonlab/ros2_ws/install/turtlebot3_simulation/share/turtlebot3_simulation//models/center_table/model.sdf
[3.522s] -- Symlinking: /home/moonlab/ros2_ws/install/turtlebot3_simulation/share/turtlebot3_simulation//models/garage_door/model.config
[3.528s] -- Symlinking: /home/moonlab/ros2_ws/install/turtlebot3_simulation/share/turtlebot3_simulation//models/garage_door/model.sdf
[3.534s] -- Symlinking: /home/moonlab/ros2_ws/install/turtlebot3_simulation/share/turtlebot3_simulation//models/pallet_box_mobile/meshes/Box_paper_04_1_Base_Color.png
[3.540s] -- Symlinking: /home/moonlab/ros2_ws/install/turtlebot3_simulation/share/turtlebot3_simulation//models/pallet_box_mobile/meshes/boxes.dae
[3.546s] -- Symlinking: /home/moonlab/ros2_ws/install/turtlebot3_simulation/share/turtlebot3_simulation//models/pallet_box_mobile/model.config
[3.552s] -- Symlinking: /home/moonlab/ros2_ws/install/turtlebot3_simulation/share/turtlebot3_simulation//models/pallet_box_mobile/model.sdf
[3.557s] -- Symlinking: /home/moonlab/ros2_ws/install/turtlebot3_simulation/share/turtlebot3_simulation//models/pallet_box_mobile/thumbnails/1.png
[3.564s] -- Symlinking: /home/moonlab/ros2_ws/install/turtlebot3_simulation/share/turtlebot3_simulation//models/parallelepiped/model.config
[3.570s] -- Symlinking: /home/moonlab/ros2_ws/install/turtlebot3_simulation/share/turtlebot3_simulation//models/parallelepiped/model.sdf
[3.578s] -- Symlinking: /home/moonlab/ros2_ws/install/turtlebot3_simulation/share/turtlebot3_simulation//models/red_toolbox/model.config
[3.584s] -- Symlinking: /home/moonlab/ros2_ws/install/turtlebot3_simulation/share/turtlebot3_simulation//models/red_toolbox/model.sdf
[3.590s] -- Symlinking: /home/moonlab/ros2_ws/install/turtlebot3_simulation/share/turtlebot3_simulation//models/shelf/meshes/Box_paper_04_1_Base_Color.png
[3.596s] -- Symlinking: /home/moonlab/ros2_ws/install/turtlebot3_simulation/share/turtlebot3_simulation//models/shelf/meshes/shelf_big_movai.dae
[3.603s] -- Symlinking: /home/moonlab/ros2_ws/install/turtlebot3_simulation/share/turtlebot3_simulation//models/shelf/model.config
[3.609s] -- Symlinking: /home/moonlab/ros2_ws/install/turtlebot3_simulation/share/turtlebot3_simulation//models/shelf/model.sdf
[3.615s] -- Symlinking: /home/moonlab/ros2_ws/install/turtlebot3_simulation/share/turtlebot3_simulation//models/shelf/thumbnails/1.png
[3.621s] -- Symlinking: /home/moonlab/ros2_ws/install/turtlebot3_simulation/share/turtlebot3_simulation//models/shelf_big/meshes/Box_paper_04_1_Base_Color.png
[3.627s] -- Symlinking: /home/moonlab/ros2_ws/install/turtlebot3_simulation/share/turtlebot3_simulation//models/shelf_big/meshes/shelf_big_movai.dae
[3.633s] -- Symlinking: /home/moonlab/ros2_ws/install/turtlebot3_simulation/share/turtlebot3_simulation//models/shelf_big/model.config
[3.638s] -- Symlinking: /home/moonlab/ros2_ws/install/turtlebot3_simulation/share/turtlebot3_simulation//models/shelf_big/model.sdf
[3.644s] -- Symlinking: /home/moonlab/ros2_ws/install/turtlebot3_simulation/share/turtlebot3_simulation//models/shelf_big/thumbnails/1.png
[3.649s] -- Symlinking: /home/moonlab/ros2_ws/install/turtlebot3_simulation/share/turtlebot3_simulation//models/turtlebot3_Burger/meshes/burger_base.stl
[3.655s] -- Symlinking: /home/moonlab/ros2_ws/install/turtlebot3_simulation/share/turtlebot3_simulation//models/turtlebot3_Burger/meshes/lds.stl
[3.661s] -- Symlinking: /home/moonlab/ros2_ws/install/turtlebot3_simulation/share/turtlebot3_simulation//models/turtlebot3_Burger/meshes/left_tire.stl
[3.668s] -- Symlinking: /home/moonlab/ros2_ws/install/turtlebot3_simulation/share/turtlebot3_simulation//models/turtlebot3_Burger/meshes/right_tire.stl
[3.674s] -- Symlinking: /home/moonlab/ros2_ws/install/turtlebot3_simulation/share/turtlebot3_simulation//models/turtlebot3_Burger/model.config
[3.680s] -- Symlinking: /home/moonlab/ros2_ws/install/turtlebot3_simulation/share/turtlebot3_simulation//models/turtlebot3_Burger/model.sdf
[3.686s] -- Symlinking: /home/moonlab/ros2_ws/install/turtlebot3_simulation/share/turtlebot3_simulation//models/turtlebot3_Burger/thumbnails/turtlebot3_burger.jpg
[3.692s] -- Symlinking: /home/moonlab/ros2_ws/install/turtlebot3_simulation/share/ament_index/resource_index/package_run_dependencies/turtlebot3_simulation
[3.698s] -- Symlinking: /home/moonlab/ros2_ws/install/turtlebot3_simulation/share/ament_index/resource_index/parent_prefix_path/turtlebot3_simulation
[3.703s] -- Symlinking: /home/moonlab/ros2_ws/install/turtlebot3_simulation/share/turtlebot3_simulation/environment/ament_prefix_path.sh
[3.709s] -- Symlinking: /home/moonlab/ros2_ws/install/turtlebot3_simulation/share/turtlebot3_simulation/environment/ament_prefix_path.dsv
[3.715s] -- Symlinking: /home/moonlab/ros2_ws/install/turtlebot3_simulation/share/turtlebot3_simulation/environment/path.sh
[3.721s] -- Symlinking: /home/moonlab/ros2_ws/install/turtlebot3_simulation/share/turtlebot3_simulation/environment/path.dsv
[3.728s] -- Symlinking: /home/moonlab/ros2_ws/install/turtlebot3_simulation/share/turtlebot3_simulation/local_setup.bash
[3.734s] -- Symlinking: /home/moonlab/ros2_ws/install/turtlebot3_simulation/share/turtlebot3_simulation/local_setup.sh
[3.740s] -- Symlinking: /home/moonlab/ros2_ws/install/turtlebot3_simulation/share/turtlebot3_simulation/local_setup.zsh
[3.745s] -- Symlinking: /home/moonlab/ros2_ws/install/turtlebot3_simulation/share/turtlebot3_simulation/local_setup.dsv
[3.752s] -- Symlinking: /home/moonlab/ros2_ws/install/turtlebot3_simulation/share/turtlebot3_simulation/package.dsv
[3.757s] -- Symlinking: /home/moonlab/ros2_ws/install/turtlebot3_simulation/share/ament_index/resource_index/packages/turtlebot3_simulation
[3.763s] -- Symlinking: /home/moonlab/ros2_ws/install/turtlebot3_simulation/share/turtlebot3_simulation/cmake/turtlebot3_simulationConfig.cmake
[3.769s] -- Symlinking: /home/moonlab/ros2_ws/install/turtlebot3_simulation/share/turtlebot3_simulation/cmake/turtlebot3_simulationConfig-version.cmake
[3.775s] -- Symlinking: /home/moonlab/ros2_ws/install/turtlebot3_simulation/share/turtlebot3_simulation/package.xml
[3.783s] Invoked command in '/home/moonlab/ros2_ws/build/turtlebot3_simulation' returned '0': CMAKE_PREFIX_PATH=${CMAKE_PREFIX_PATH}:/home/moonlab/ros2_ws/install/turtlebot3_control:/opt/ros/humble /usr/bin/cmake --install /home/moonlab/ros2_ws/build/turtlebot3_simulation
