-- Found ament_cmake: 1.3.12 (/opt/ros/humble/share/ament_cmake/cmake)
-- Override CMake install command with custom implementation using symlinks instead of copying resources
-- Found my_sim_tesi_ros2_interfaces: 0.0.0 (/home/moonlab/ros2_ws/install/my_sim_tesi_ros2_interfaces/share/my_sim_tesi_ros2_interfaces/cmake)
-- Found rosidl_generator_c: 3.1.7 (/opt/ros/humble/share/rosidl_generator_c/cmake)
-- Found rosidl_adapter: 3.1.7 (/opt/ros/humble/share/rosidl_adapter/cmake)
-- Found rosidl_generator_cpp: 3.1.7 (/opt/ros/humble/share/rosidl_generator_cpp/cmake)
-- Using all available rosidl_typesupport_c: rosidl_typesupport_fastrtps_c;rosidl_typesupport_introspection_c
-- Using all available rosidl_typesupport_cpp: rosidl_typesupport_fastrtps_cpp;rosidl_typesupport_introspection_cpp
-- Found rclcpp: 16.0.15 (/opt/ros/humble/share/rclcpp/cmake)
-- Found rmw_implementation_cmake: 6.1.2 (/opt/ros/humble/share/rmw_implementation_cmake/cmake)
-- Found rmw_fastrtps_cpp: 6.2.9 (/opt/ros/humble/share/rmw_fastrtps_cpp/cmake)
-- Using RMW implementation 'rmw_fastrtps_cpp' as default
-- Found rclcpp_action: 16.0.15 (/opt/ros/humble/share/rclcpp_action/cmake)
-- Found nav_msgs: 4.9.0 (/opt/ros/humble/share/nav_msgs/cmake)
-- Found rclcpp_components: 16.0.15 (/opt/ros/humble/share/rclcpp_components/cmake)
-- Found tf2_geometry_msgs: 0.25.16 (/opt/ros/humble/share/tf2_geometry_msgs/cmake)
-- Found eigen3_cmake_module: 0.1.1 (/opt/ros/humble/share/eigen3_cmake_module/cmake)
-- Ensuring Eigen3 include directory is part of orocos-kdl CMake target
-- Found sensor_msgs: 4.9.0 (/opt/ros/humble/share/sensor_msgs/cmake)
-- Configuring done
-- Generating done
-- Build files have been written to: /home/moonlab/ros2_ws/build/my_sim_tesi_ros2_nodes
[35m[1mConsolidate compiler generated dependencies of target action_client[0m
[35m[1mConsolidate compiler generated dependencies of target action_server[0m
[35m[1mConsolidate compiler generated dependencies of target orchestrator_node[0m
[35m[1mConsolidate compiler generated dependencies of target pose_control_action_client[0m
[35m[1mConsolidate compiler generated dependencies of target orchestrator[0m
[35m[1mConsolidate compiler generated dependencies of target pose_control_action_server[0m
[ 33%] Built target orchestrator_node
[ 33%] Built target pose_control_action_client
[ 66%] Built target pose_control_action_server
[ 66%] Built target action_client
[ 83%] Built target orchestrator
[100%] Built target action_server
-- Install configuration: ""
-- Execute custom install script
-- Up-to-date symlink: /home/moonlab/ros2_ws/install/my_sim_tesi_ros2_nodes/lib/my_sim_tesi_ros2_nodes/pose_control_action_server
-- Up-to-date symlink: /home/moonlab/ros2_ws/install/my_sim_tesi_ros2_nodes/lib/my_sim_tesi_ros2_nodes/pose_control_action_client
-- Up-to-date symlink: /home/moonlab/ros2_ws/install/my_sim_tesi_ros2_nodes/lib/my_sim_tesi_ros2_nodes/orchestrator_node
-- Up-to-date symlink: /home/moonlab/ros2_ws/install/my_sim_tesi_ros2_nodes/lib/libaction_server.so
-- Up-to-date symlink: /home/moonlab/ros2_ws/install/my_sim_tesi_ros2_nodes/lib/libaction_client.so
-- Up-to-date symlink: /home/moonlab/ros2_ws/install/my_sim_tesi_ros2_nodes/lib/liborchestrator.so
-- Up-to-date symlink: /home/moonlab/ros2_ws/install/my_sim_tesi_ros2_nodes/include/my_sim_tesi_ros2_nodes/my_sim_tesi_ros2_nodes/orchestrator_node.hpp
-- Up-to-date symlink: /home/moonlab/ros2_ws/install/my_sim_tesi_ros2_nodes/include/my_sim_tesi_ros2_nodes/my_sim_tesi_ros2_nodes/pose_control_action_client.hpp
-- Up-to-date symlink: /home/moonlab/ros2_ws/install/my_sim_tesi_ros2_nodes/include/my_sim_tesi_ros2_nodes/my_sim_tesi_ros2_nodes/pose_control_action_server.hpp
-- Up-to-date symlink: /home/moonlab/ros2_ws/install/my_sim_tesi_ros2_nodes/share/ament_index/resource_index/package_run_dependencies/my_sim_tesi_ros2_nodes
-- Up-to-date symlink: /home/moonlab/ros2_ws/install/my_sim_tesi_ros2_nodes/share/ament_index/resource_index/parent_prefix_path/my_sim_tesi_ros2_nodes
-- Up-to-date symlink: /home/moonlab/ros2_ws/install/my_sim_tesi_ros2_nodes/share/my_sim_tesi_ros2_nodes/environment/ament_prefix_path.sh
-- Up-to-date symlink: /home/moonlab/ros2_ws/install/my_sim_tesi_ros2_nodes/share/my_sim_tesi_ros2_nodes/environment/ament_prefix_path.dsv
-- Up-to-date symlink: /home/moonlab/ros2_ws/install/my_sim_tesi_ros2_nodes/share/my_sim_tesi_ros2_nodes/environment/path.sh
-- Up-to-date symlink: /home/moonlab/ros2_ws/install/my_sim_tesi_ros2_nodes/share/my_sim_tesi_ros2_nodes/environment/path.dsv
-- Up-to-date symlink: /home/moonlab/ros2_ws/install/my_sim_tesi_ros2_nodes/share/my_sim_tesi_ros2_nodes/local_setup.bash
-- Up-to-date symlink: /home/moonlab/ros2_ws/install/my_sim_tesi_ros2_nodes/share/my_sim_tesi_ros2_nodes/local_setup.sh
-- Up-to-date symlink: /home/moonlab/ros2_ws/install/my_sim_tesi_ros2_nodes/share/my_sim_tesi_ros2_nodes/local_setup.zsh
-- Up-to-date symlink: /home/moonlab/ros2_ws/install/my_sim_tesi_ros2_nodes/share/my_sim_tesi_ros2_nodes/local_setup.dsv
-- Symlinking: /home/moonlab/ros2_ws/install/my_sim_tesi_ros2_nodes/share/my_sim_tesi_ros2_nodes/package.dsv
-- Up-to-date symlink: /home/moonlab/ros2_ws/install/my_sim_tesi_ros2_nodes/share/ament_index/resource_index/packages/my_sim_tesi_ros2_nodes
-- Up-to-date symlink: /home/moonlab/ros2_ws/install/my_sim_tesi_ros2_nodes/share/ament_index/resource_index/rclcpp_components/my_sim_tesi_ros2_nodes
-- Up-to-date symlink: /home/moonlab/ros2_ws/install/my_sim_tesi_ros2_nodes/share/my_sim_tesi_ros2_nodes/cmake/my_sim_tesi_ros2_nodesConfig.cmake
-- Up-to-date symlink: /home/moonlab/ros2_ws/install/my_sim_tesi_ros2_nodes/share/my_sim_tesi_ros2_nodes/cmake/my_sim_tesi_ros2_nodesConfig-version.cmake
-- Up-to-date symlink: /home/moonlab/ros2_ws/install/my_sim_tesi_ros2_nodes/share/my_sim_tesi_ros2_nodes/package.xml
