[0.355s] Invoking command in '/home/moonlab/ros2_ws/src/ros2_ignition_thesis/turtlebot3_control': PYTHONPATH=/home/moonlab/ros2_ws/build/turtlebot3_control/prefix_override:/usr/lib/python3/dist-packages/colcon_core/task/python/colcon_distutils_commands:/home/moonlab/ros2_ws/install/turtlebot3_control/lib/python3.10/site-packages:${PYTHONPATH} /usr/bin/python3 -W ignore:setup.py install is deprecated -W ignore:easy_install command is deprecated setup.py egg_info --egg-base ../../../build/turtlebot3_control build --build-base /home/moonlab/ros2_ws/build/turtlebot3_control/build install --record /home/moonlab/ros2_ws/build/turtlebot3_control/install.log --single-version-externally-managed install_data
[0.482s] running egg_info
[0.482s] writing ../../../build/turtlebot3_control/turtlebot3_control.egg-info/PKG-INFO
[0.482s] writing dependency_links to ../../../build/turtlebot3_control/turtlebot3_control.egg-info/dependency_links.txt
[0.482s] writing entry points to ../../../build/turtlebot3_control/turtlebot3_control.egg-info/entry_points.txt
[0.482s] writing requirements to ../../../build/turtlebot3_control/turtlebot3_control.egg-info/requires.txt
[0.483s] writing top-level names to ../../../build/turtlebot3_control/turtlebot3_control.egg-info/top_level.txt
[0.483s] reading manifest file '../../../build/turtlebot3_control/turtlebot3_control.egg-info/SOURCES.txt'
[0.484s] writing manifest file '../../../build/turtlebot3_control/turtlebot3_control.egg-info/SOURCES.txt'
[0.484s] running build
[0.484s] running build_py
[0.484s] running install
[0.484s] running install_lib
[0.485s] running install_data
[0.485s] running install_egg_info
[0.486s] removing '/home/moonlab/ros2_ws/install/turtlebot3_control/lib/python3.10/site-packages/turtlebot3_control-0.0.0-py3.10.egg-info' (and everything under it)
[0.486s] Copying ../../../build/turtlebot3_control/turtlebot3_control.egg-info to /home/moonlab/ros2_ws/install/turtlebot3_control/lib/python3.10/site-packages/turtlebot3_control-0.0.0-py3.10.egg-info
[0.486s] running install_scripts
[0.497s] Installing robot_controller script to /home/moonlab/ros2_ws/install/turtlebot3_control/lib/turtlebot3_control
[0.497s] Installing test_movements script to /home/moonlab/ros2_ws/install/turtlebot3_control/lib/turtlebot3_control
[0.497s] writing list of installed files to '/home/moonlab/ros2_ws/build/turtlebot3_control/install.log'
[0.509s] Invoked command in '/home/moonlab/ros2_ws/src/ros2_ignition_thesis/turtlebot3_control' returned '0': PYTHONPATH=/home/moonlab/ros2_ws/build/turtlebot3_control/prefix_override:/usr/lib/python3/dist-packages/colcon_core/task/python/colcon_distutils_commands:/home/moonlab/ros2_ws/install/turtlebot3_control/lib/python3.10/site-packages:${PYTHONPATH} /usr/bin/python3 -W ignore:setup.py install is deprecated -W ignore:easy_install command is deprecated setup.py egg_info --egg-base ../../../build/turtlebot3_control build --build-base /home/moonlab/ros2_ws/build/turtlebot3_control/build install --record /home/moonlab/ros2_ws/build/turtlebot3_control/install.log --single-version-externally-managed install_data
