-- Install configuration: ""
-- Execute custom install script
-- Up-to-date symlink: /home/moonlab/ros2_ws/install/turtlebot3_simulation/share/turtlebot3_simulation//launch/my_world2.launch.py
-- Up-to-date symlink: /home/moonlab/ros2_ws/install/turtlebot3_simulation/share/turtlebot3_simulation//launch/turtlebot3_sim.launch.py
-- Up-to-date symlink: /home/moonlab/ros2_ws/install/turtlebot3_simulation/share/turtlebot3_simulation//worlds/my_world_exp1.sdf
-- Up-to-date symlink: /home/moonlab/ros2_ws/install/turtlebot3_simulation/share/turtlebot3_simulation//models/Depot/materials/scripts/model.material
-- Up-to-date symlink: /home/moonlab/ros2_ws/install/turtlebot3_simulation/share/turtlebot3_simulation//models/Depot/materials/textures/BOXSET_Albedo.png
-- Up-to-date symlink: /home/moonlab/ros2_ws/install/turtlebot3_simulation/share/turtlebot3_simulation//models/Depot/materials/textures/BOXSET_Emissive.png
-- Up-to-date symlink: /home/moonlab/ros2_ws/install/turtlebot3_simulation/share/turtlebot3_simulation//models/Depot/materials/textures/BOXSET_Metalness.png
-- Up-to-date symlink: /home/moonlab/ros2_ws/install/turtlebot3_simulation/share/turtlebot3_simulation//models/Depot/materials/textures/BOXSET_Normal.png
-- Up-to-date symlink: /home/moonlab/ros2_ws/install/turtlebot3_simulation/share/turtlebot3_simulation//models/Depot/materials/textures/BOXSET_Roughness.png
-- Up-to-date symlink: /home/moonlab/ros2_ws/install/turtlebot3_simulation/share/turtlebot3_simulation//models/Depot/materials/textures/Crates_Crates_BaseColor.png
-- Up-to-date symlink: /home/moonlab/ros2_ws/install/turtlebot3_simulation/share/turtlebot3_simulation//models/Depot/materials/textures/Crates_Crates_Normal.png
-- Up-to-date symlink: /home/moonlab/ros2_ws/install/turtlebot3_simulation/share/turtlebot3_simulation//models/Depot/materials/textures/Crates_Crates_Roughness.png
-- Up-to-date symlink: /home/moonlab/ros2_ws/install/turtlebot3_simulation/share/turtlebot3_simulation//models/Depot/materials/textures/DepotLightmap.png
-- Up-to-date symlink: /home/moonlab/ros2_ws/install/turtlebot3_simulation/share/turtlebot3_simulation//models/Depot/materials/textures/FANS_Albedo.png
-- Up-to-date symlink: /home/moonlab/ros2_ws/install/turtlebot3_simulation/share/turtlebot3_simulation//models/Depot/materials/textures/FANS_Metalness.png
-- Up-to-date symlink: /home/moonlab/ros2_ws/install/turtlebot3_simulation/share/turtlebot3_simulation//models/Depot/materials/textures/FANS_Normal.png
-- Up-to-date symlink: /home/moonlab/ros2_ws/install/turtlebot3_simulation/share/turtlebot3_simulation//models/Depot/materials/textures/FANS_Roughness.png
-- Up-to-date symlink: /home/moonlab/ros2_ws/install/turtlebot3_simulation/share/turtlebot3_simulation//models/Depot/materials/textures/FLOOR_Albedo.png
-- Up-to-date symlink: /home/moonlab/ros2_ws/install/turtlebot3_simulation/share/turtlebot3_simulation//models/Depot/materials/textures/FLOOR_Metalness.png
-- Up-to-date symlink: /home/moonlab/ros2_ws/install/turtlebot3_simulation/share/turtlebot3_simulation//models/Depot/materials/textures/FLOOR_Normal.png
-- Up-to-date symlink: /home/moonlab/ros2_ws/install/turtlebot3_simulation/share/turtlebot3_simulation//models/Depot/materials/textures/FLOOR_Roughness.png
-- Up-to-date symlink: /home/moonlab/ros2_ws/install/turtlebot3_simulation/share/turtlebot3_simulation//models/Depot/materials/textures/FanBack_FanBack_BaseColor.png
-- Up-to-date symlink: /home/moonlab/ros2_ws/install/turtlebot3_simulation/share/turtlebot3_simulation//models/Depot/materials/textures/FireAlarmPole_Albedo.png
-- Up-to-date symlink: /home/moonlab/ros2_ws/install/turtlebot3_simulation/share/turtlebot3_simulation//models/Depot/materials/textures/FireAlarmPole_Metalness.png
-- Up-to-date symlink: /home/moonlab/ros2_ws/install/turtlebot3_simulation/share/turtlebot3_simulation//models/Depot/materials/textures/FireAlarmPole_Normal.png
-- Up-to-date symlink: /home/moonlab/ros2_ws/install/turtlebot3_simulation/share/turtlebot3_simulation//models/Depot/materials/textures/FireAlarmPole_Roughness.png
-- Up-to-date symlink: /home/moonlab/ros2_ws/install/turtlebot3_simulation/share/turtlebot3_simulation//models/Depot/materials/textures/FireAlarm_Albedo.png
-- Up-to-date symlink: /home/moonlab/ros2_ws/install/turtlebot3_simulation/share/turtlebot3_simulation//models/Depot/materials/textures/FireAlarm_Metalness.png
-- Up-to-date symlink: /home/moonlab/ros2_ws/install/turtlebot3_simulation/share/turtlebot3_simulation//models/Depot/materials/textures/FireAlarm_Normal.png
-- Up-to-date symlink: /home/moonlab/ros2_ws/install/turtlebot3_simulation/share/turtlebot3_simulation//models/Depot/materials/textures/FireAlarm_Roughness.png
-- Up-to-date symlink: /home/moonlab/ros2_ws/install/turtlebot3_simulation/share/turtlebot3_simulation//models/Depot/materials/textures/Forklift_Forklift_BaseColor.png
-- Up-to-date symlink: /home/moonlab/ros2_ws/install/turtlebot3_simulation/share/turtlebot3_simulation//models/Depot/materials/textures/Forklift_Forklift_Metallic.png
-- Up-to-date symlink: /home/moonlab/ros2_ws/install/turtlebot3_simulation/share/turtlebot3_simulation//models/Depot/materials/textures/Forklift_Forklift_Normal.png
-- Up-to-date symlink: /home/moonlab/ros2_ws/install/turtlebot3_simulation/share/turtlebot3_simulation//models/Depot/materials/textures/Forklift_Forklift_Roughness.png
-- Up-to-date symlink: /home/moonlab/ros2_ws/install/turtlebot3_simulation/share/turtlebot3_simulation//models/Depot/materials/textures/INTERCOM_Albedo.png
-- Up-to-date symlink: /home/moonlab/ros2_ws/install/turtlebot3_simulation/share/turtlebot3_simulation//models/Depot/materials/textures/INTERCOM_Emissive.png
-- Up-to-date symlink: /home/moonlab/ros2_ws/install/turtlebot3_simulation/share/turtlebot3_simulation//models/Depot/materials/textures/INTERCOM_Metalness.png
-- Up-to-date symlink: /home/moonlab/ros2_ws/install/turtlebot3_simulation/share/turtlebot3_simulation//models/Depot/materials/textures/INTERCOM_Normal.png
-- Up-to-date symlink: /home/moonlab/ros2_ws/install/turtlebot3_simulation/share/turtlebot3_simulation//models/Depot/materials/textures/INTERCOM_Roughness.png
-- Up-to-date symlink: /home/moonlab/ros2_ws/install/turtlebot3_simulation/share/turtlebot3_simulation//models/Depot/materials/textures/PILLERS_Albedo.png
-- Up-to-date symlink: /home/moonlab/ros2_ws/install/turtlebot3_simulation/share/turtlebot3_simulation//models/Depot/materials/textures/PILLERS_Metalness.png
-- Up-to-date symlink: /home/moonlab/ros2_ws/install/turtlebot3_simulation/share/turtlebot3_simulation//models/Depot/materials/textures/PILLERS_Normal.png
-- Up-to-date symlink: /home/moonlab/ros2_ws/install/turtlebot3_simulation/share/turtlebot3_simulation//models/Depot/materials/textures/PILLERS_Roughness.png
-- Up-to-date symlink: /home/moonlab/ros2_ws/install/turtlebot3_simulation/share/turtlebot3_simulation//models/Depot/materials/textures/Pipes_Albedo.png
-- Up-to-date symlink: /home/moonlab/ros2_ws/install/turtlebot3_simulation/share/turtlebot3_simulation//models/Depot/materials/textures/Pipes_Metalness.png
-- Up-to-date symlink: /home/moonlab/ros2_ws/install/turtlebot3_simulation/share/turtlebot3_simulation//models/Depot/materials/textures/Pipes_Normal.png
-- Up-to-date symlink: /home/moonlab/ros2_ws/install/turtlebot3_simulation/share/turtlebot3_simulation//models/Depot/materials/textures/Pipes_Roughness.png
-- Up-to-date symlink: /home/moonlab/ros2_ws/install/turtlebot3_simulation/share/turtlebot3_simulation//models/Depot/materials/textures/ROOF_Albedo.png
-- Up-to-date symlink: /home/moonlab/ros2_ws/install/turtlebot3_simulation/share/turtlebot3_simulation//models/Depot/materials/textures/ROOF_Emissive.png
-- Up-to-date symlink: /home/moonlab/ros2_ws/install/turtlebot3_simulation/share/turtlebot3_simulation//models/Depot/materials/textures/ROOF_Metalness.png
-- Up-to-date symlink: /home/moonlab/ros2_ws/install/turtlebot3_simulation/share/turtlebot3_simulation//models/Depot/materials/textures/ROOF_Normal.png
-- Up-to-date symlink: /home/moonlab/ros2_ws/install/turtlebot3_simulation/share/turtlebot3_simulation//models/Depot/materials/textures/ROOF_Roughness.png
-- Up-to-date symlink: /home/moonlab/ros2_ws/install/turtlebot3_simulation/share/turtlebot3_simulation//models/Depot/materials/textures/STAIRS_Albedo.png
-- Up-to-date symlink: /home/moonlab/ros2_ws/install/turtlebot3_simulation/share/turtlebot3_simulation//models/Depot/materials/textures/STAIRS_Metalness.png
-- Up-to-date symlink: /home/moonlab/ros2_ws/install/turtlebot3_simulation/share/turtlebot3_simulation//models/Depot/materials/textures/STAIRS_Normal.png
-- Up-to-date symlink: /home/moonlab/ros2_ws/install/turtlebot3_simulation/share/turtlebot3_simulation//models/Depot/materials/textures/STAIRS_Roughness.png
-- Up-to-date symlink: /home/moonlab/ros2_ws/install/turtlebot3_simulation/share/turtlebot3_simulation//models/Depot/materials/textures/WALLS_Albedo.png
-- Up-to-date symlink: /home/moonlab/ros2_ws/install/turtlebot3_simulation/share/turtlebot3_simulation//models/Depot/materials/textures/WALLS_Metalness.png
-- Up-to-date symlink: /home/moonlab/ros2_ws/install/turtlebot3_simulation/share/turtlebot3_simulation//models/Depot/materials/textures/WALLS_Normal.png
-- Up-to-date symlink: /home/moonlab/ros2_ws/install/turtlebot3_simulation/share/turtlebot3_simulation//models/Depot/materials/textures/WALLS_Roughness.png
-- Up-to-date symlink: /home/moonlab/ros2_ws/install/turtlebot3_simulation/share/turtlebot3_simulation//models/Depot/materials/textures/Window_WINDOW_BaseColor.png
-- Up-to-date symlink: /home/moonlab/ros2_ws/install/turtlebot3_simulation/share/turtlebot3_simulation//models/Depot/materials/textures/Window_WINDOW_Metallic.png
-- Up-to-date symlink: /home/moonlab/ros2_ws/install/turtlebot3_simulation/share/turtlebot3_simulation//models/Depot/materials/textures/Window_WINDOW_Roughness.png
-- Up-to-date symlink: /home/moonlab/ros2_ws/install/turtlebot3_simulation/share/turtlebot3_simulation//models/Depot/meshes/Crates.dae
-- Up-to-date symlink: /home/moonlab/ros2_ws/install/turtlebot3_simulation/share/turtlebot3_simulation//models/Depot/meshes/Depot.dae
-- Up-to-date symlink: /home/moonlab/ros2_ws/install/turtlebot3_simulation/share/turtlebot3_simulation//models/Depot/model.config
-- Up-to-date symlink: /home/moonlab/ros2_ws/install/turtlebot3_simulation/share/turtlebot3_simulation//models/Depot/model.sdf
-- Up-to-date symlink: /home/moonlab/ros2_ws/install/turtlebot3_simulation/share/turtlebot3_simulation//models/Depot/thumbnails/0.png
-- Up-to-date symlink: /home/moonlab/ros2_ws/install/turtlebot3_simulation/share/turtlebot3_simulation//models/Depot/thumbnails/1.png
-- Up-to-date symlink: /home/moonlab/ros2_ws/install/turtlebot3_simulation/share/turtlebot3_simulation//models/Depot/thumbnails/2.png
-- Up-to-date symlink: /home/moonlab/ros2_ws/install/turtlebot3_simulation/share/turtlebot3_simulation//models/Depot/thumbnails/3.png
-- Up-to-date symlink: /home/moonlab/ros2_ws/install/turtlebot3_simulation/share/turtlebot3_simulation//models/Depot/thumbnails/4.png
-- Up-to-date symlink: /home/moonlab/ros2_ws/install/turtlebot3_simulation/share/turtlebot3_simulation//models/Depot/thumbnails/5.png
-- Up-to-date symlink: /home/moonlab/ros2_ws/install/turtlebot3_simulation/share/turtlebot3_simulation//models/aws_robomaker_residential_AirconditionerA_01/materials/textures/aws_AirconditionerA_01.png
-- Up-to-date symlink: /home/moonlab/ros2_ws/install/turtlebot3_simulation/share/turtlebot3_simulation//models/aws_robomaker_residential_AirconditionerA_01/meshes/aws_AirconditionerA_01_collision.DAE
-- Up-to-date symlink: /home/moonlab/ros2_ws/install/turtlebot3_simulation/share/turtlebot3_simulation//models/aws_robomaker_residential_AirconditionerA_01/meshes/aws_AirconditionerA_01_visual.DAE
-- Up-to-date symlink: /home/moonlab/ros2_ws/install/turtlebot3_simulation/share/turtlebot3_simulation//models/aws_robomaker_residential_AirconditionerA_01/model.config
-- Up-to-date symlink: /home/moonlab/ros2_ws/install/turtlebot3_simulation/share/turtlebot3_simulation//models/aws_robomaker_residential_AirconditionerA_01/model.sdf
-- Up-to-date symlink: /home/moonlab/ros2_ws/install/turtlebot3_simulation/share/turtlebot3_simulation//models/aws_robomaker_residential_AirconditionerB_01/materials/textures/aws_AirconditionerB_01.png
-- Up-to-date symlink: /home/moonlab/ros2_ws/install/turtlebot3_simulation/share/turtlebot3_simulation//models/aws_robomaker_residential_AirconditionerB_01/meshes/aws_AirconditionerB_01_collision.DAE
-- Up-to-date symlink: /home/moonlab/ros2_ws/install/turtlebot3_simulation/share/turtlebot3_simulation//models/aws_robomaker_residential_AirconditionerB_01/meshes/aws_AirconditionerB_01_visual.DAE
-- Up-to-date symlink: /home/moonlab/ros2_ws/install/turtlebot3_simulation/share/turtlebot3_simulation//models/aws_robomaker_residential_AirconditionerB_01/model.config
-- Up-to-date symlink: /home/moonlab/ros2_ws/install/turtlebot3_simulation/share/turtlebot3_simulation//models/aws_robomaker_residential_AirconditionerB_01/model.sdf
-- Up-to-date symlink: /home/moonlab/ros2_ws/install/turtlebot3_simulation/share/turtlebot3_simulation//models/aws_robomaker_residential_BalconyTable_01/materials/textures/aws_BalconyTable_01.png
-- Up-to-date symlink: /home/moonlab/ros2_ws/install/turtlebot3_simulation/share/turtlebot3_simulation//models/aws_robomaker_residential_BalconyTable_01/meshes/aws_BalconyTable_01_collision.DAE
-- Up-to-date symlink: /home/moonlab/ros2_ws/install/turtlebot3_simulation/share/turtlebot3_simulation//models/aws_robomaker_residential_BalconyTable_01/meshes/aws_BalconyTable_01_visual.DAE
-- Up-to-date symlink: /home/moonlab/ros2_ws/install/turtlebot3_simulation/share/turtlebot3_simulation//models/aws_robomaker_residential_BalconyTable_01/model.config
-- Up-to-date symlink: /home/moonlab/ros2_ws/install/turtlebot3_simulation/share/turtlebot3_simulation//models/aws_robomaker_residential_BalconyTable_01/model.sdf
-- Up-to-date symlink: /home/moonlab/ros2_ws/install/turtlebot3_simulation/share/turtlebot3_simulation//models/aws_robomaker_residential_Ball_01/materials/textures/aws_Ball_01.png
-- Up-to-date symlink: /home/moonlab/ros2_ws/install/turtlebot3_simulation/share/turtlebot3_simulation//models/aws_robomaker_residential_Ball_01/meshes/aws_Ball_01_collision.DAE
-- Up-to-date symlink: /home/moonlab/ros2_ws/install/turtlebot3_simulation/share/turtlebot3_simulation//models/aws_robomaker_residential_Ball_01/meshes/aws_Ball_01_visual.DAE
-- Up-to-date symlink: /home/moonlab/ros2_ws/install/turtlebot3_simulation/share/turtlebot3_simulation//models/aws_robomaker_residential_Ball_01/model.config
-- Up-to-date symlink: /home/moonlab/ros2_ws/install/turtlebot3_simulation/share/turtlebot3_simulation//models/aws_robomaker_residential_Ball_01/model.sdf
-- Up-to-date symlink: /home/moonlab/ros2_ws/install/turtlebot3_simulation/share/turtlebot3_simulation//models/aws_robomaker_residential_Bed_01/materials/textures/aws_BedA_01.png
-- Up-to-date symlink: /home/moonlab/ros2_ws/install/turtlebot3_simulation/share/turtlebot3_simulation//models/aws_robomaker_residential_Bed_01/materials/textures/aws_BedB_01.png
-- Up-to-date symlink: /home/moonlab/ros2_ws/install/turtlebot3_simulation/share/turtlebot3_simulation//models/aws_robomaker_residential_Bed_01/materials/textures/aws_BedC_01.png
-- Up-to-date symlink: /home/moonlab/ros2_ws/install/turtlebot3_simulation/share/turtlebot3_simulation//models/aws_robomaker_residential_Bed_01/materials/textures/aws_Bed_01.png
-- Up-to-date symlink: /home/moonlab/ros2_ws/install/turtlebot3_simulation/share/turtlebot3_simulation//models/aws_robomaker_residential_Bed_01/meshes/aws_Bed_01_collision.DAE
-- Up-to-date symlink: /home/moonlab/ros2_ws/install/turtlebot3_simulation/share/turtlebot3_simulation//models/aws_robomaker_residential_Bed_01/meshes/aws_Bed_01_visual.DAE
-- Up-to-date symlink: /home/moonlab/ros2_ws/install/turtlebot3_simulation/share/turtlebot3_simulation//models/aws_robomaker_residential_Bed_01/model.config
-- Up-to-date symlink: /home/moonlab/ros2_ws/install/turtlebot3_simulation/share/turtlebot3_simulation//models/aws_robomaker_residential_Bed_01/model.sdf
-- Up-to-date symlink: /home/moonlab/ros2_ws/install/turtlebot3_simulation/share/turtlebot3_simulation//models/aws_robomaker_residential_Board_01/materials/textures/aws_Board_01.png
-- Up-to-date symlink: /home/moonlab/ros2_ws/install/turtlebot3_simulation/share/turtlebot3_simulation//models/aws_robomaker_residential_Board_01/meshes/aws_Board_01_collision.DAE
-- Up-to-date symlink: /home/moonlab/ros2_ws/install/turtlebot3_simulation/share/turtlebot3_simulation//models/aws_robomaker_residential_Board_01/meshes/aws_Board_01_visual.DAE
-- Up-to-date symlink: /home/moonlab/ros2_ws/install/turtlebot3_simulation/share/turtlebot3_simulation//models/aws_robomaker_residential_Board_01/model.config
-- Up-to-date symlink: /home/moonlab/ros2_ws/install/turtlebot3_simulation/share/turtlebot3_simulation//models/aws_robomaker_residential_Board_01/model.sdf
-- Up-to-date symlink: /home/moonlab/ros2_ws/install/turtlebot3_simulation/share/turtlebot3_simulation//models/aws_robomaker_residential_Carpet_01/materials/textures/aws_Carpet_01.png
-- Up-to-date symlink: /home/moonlab/ros2_ws/install/turtlebot3_simulation/share/turtlebot3_simulation//models/aws_robomaker_residential_Carpet_01/meshes/aws_Carpet_01_collision.DAE
-- Up-to-date symlink: /home/moonlab/ros2_ws/install/turtlebot3_simulation/share/turtlebot3_simulation//models/aws_robomaker_residential_Carpet_01/meshes/aws_Carpet_01_visual.DAE
-- Up-to-date symlink: /home/moonlab/ros2_ws/install/turtlebot3_simulation/share/turtlebot3_simulation//models/aws_robomaker_residential_Carpet_01/model.config
-- Up-to-date symlink: /home/moonlab/ros2_ws/install/turtlebot3_simulation/share/turtlebot3_simulation//models/aws_robomaker_residential_Carpet_01/model.sdf
-- Up-to-date symlink: /home/moonlab/ros2_ws/install/turtlebot3_simulation/share/turtlebot3_simulation//models/aws_robomaker_residential_ChairA_01/materials/textures/aws_ChairA_01.png
-- Up-to-date symlink: /home/moonlab/ros2_ws/install/turtlebot3_simulation/share/turtlebot3_simulation//models/aws_robomaker_residential_ChairA_01/meshes/aws_ChairA_01_collision.DAE
-- Up-to-date symlink: /home/moonlab/ros2_ws/install/turtlebot3_simulation/share/turtlebot3_simulation//models/aws_robomaker_residential_ChairA_01/meshes/aws_ChairA_01_visual.DAE
-- Up-to-date symlink: /home/moonlab/ros2_ws/install/turtlebot3_simulation/share/turtlebot3_simulation//models/aws_robomaker_residential_ChairA_01/model.config
-- Up-to-date symlink: /home/moonlab/ros2_ws/install/turtlebot3_simulation/share/turtlebot3_simulation//models/aws_robomaker_residential_ChairA_01/model.sdf
-- Up-to-date symlink: /home/moonlab/ros2_ws/install/turtlebot3_simulation/share/turtlebot3_simulation//models/aws_robomaker_residential_ChairD_01/materials/textures/aws_ChairD_01.png
-- Up-to-date symlink: /home/moonlab/ros2_ws/install/turtlebot3_simulation/share/turtlebot3_simulation//models/aws_robomaker_residential_ChairD_01/meshes/aws_ChairD_01_collision.DAE
-- Up-to-date symlink: /home/moonlab/ros2_ws/install/turtlebot3_simulation/share/turtlebot3_simulation//models/aws_robomaker_residential_ChairD_01/meshes/aws_ChairD_01_visual.DAE
-- Up-to-date symlink: /home/moonlab/ros2_ws/install/turtlebot3_simulation/share/turtlebot3_simulation//models/aws_robomaker_residential_ChairD_01/model.config
-- Up-to-date symlink: /home/moonlab/ros2_ws/install/turtlebot3_simulation/share/turtlebot3_simulation//models/aws_robomaker_residential_ChairD_01/model.sdf
-- Up-to-date symlink: /home/moonlab/ros2_ws/install/turtlebot3_simulation/share/turtlebot3_simulation//models/aws_robomaker_residential_Chandelier_01/materials/textures/aws_Chandelier_01.png
-- Up-to-date symlink: /home/moonlab/ros2_ws/install/turtlebot3_simulation/share/turtlebot3_simulation//models/aws_robomaker_residential_Chandelier_01/meshes/aws_Chandelier_01.DAE
-- Up-to-date symlink: /home/moonlab/ros2_ws/install/turtlebot3_simulation/share/turtlebot3_simulation//models/aws_robomaker_residential_Chandelier_01/meshes/aws_Chandelier_01_collision.DAE
-- Up-to-date symlink: /home/moonlab/ros2_ws/install/turtlebot3_simulation/share/turtlebot3_simulation//models/aws_robomaker_residential_Chandelier_01/meshes/aws_Chandelier_01_visual.DAE
-- Up-to-date symlink: /home/moonlab/ros2_ws/install/turtlebot3_simulation/share/turtlebot3_simulation//models/aws_robomaker_residential_Chandelier_01/model.config
-- Up-to-date symlink: /home/moonlab/ros2_ws/install/turtlebot3_simulation/share/turtlebot3_simulation//models/aws_robomaker_residential_Chandelier_01/model.sdf
-- Up-to-date symlink: /home/moonlab/ros2_ws/install/turtlebot3_simulation/share/turtlebot3_simulation//models/aws_robomaker_residential_CoffeeTable_01/materials/textures/aws_CoffeeTable_01.png
-- Up-to-date symlink: /home/moonlab/ros2_ws/install/turtlebot3_simulation/share/turtlebot3_simulation//models/aws_robomaker_residential_CoffeeTable_01/meshes/aws_CoffeeTable_01_collision.DAE
-- Up-to-date symlink: /home/moonlab/ros2_ws/install/turtlebot3_simulation/share/turtlebot3_simulation//models/aws_robomaker_residential_CoffeeTable_01/meshes/aws_CoffeeTable_01_visual.DAE
-- Up-to-date symlink: /home/moonlab/ros2_ws/install/turtlebot3_simulation/share/turtlebot3_simulation//models/aws_robomaker_residential_CoffeeTable_01/model.config
-- Up-to-date symlink: /home/moonlab/ros2_ws/install/turtlebot3_simulation/share/turtlebot3_simulation//models/aws_robomaker_residential_CoffeeTable_01/model.sdf
-- Up-to-date symlink: /home/moonlab/ros2_ws/install/turtlebot3_simulation/share/turtlebot3_simulation//models/aws_robomaker_residential_CookingBench_01/materials/textures/aws_CookingBench_01.png
-- Up-to-date symlink: /home/moonlab/ros2_ws/install/turtlebot3_simulation/share/turtlebot3_simulation//models/aws_robomaker_residential_CookingBench_01/meshes/aws_CookingBench_01.DAE
-- Up-to-date symlink: /home/moonlab/ros2_ws/install/turtlebot3_simulation/share/turtlebot3_simulation//models/aws_robomaker_residential_CookingBench_01/meshes/aws_CookingBench_01_collision.DAE
-- Up-to-date symlink: /home/moonlab/ros2_ws/install/turtlebot3_simulation/share/turtlebot3_simulation//models/aws_robomaker_residential_CookingBench_01/meshes/aws_CookingBench_01_visual.DAE
-- Up-to-date symlink: /home/moonlab/ros2_ws/install/turtlebot3_simulation/share/turtlebot3_simulation//models/aws_robomaker_residential_CookingBench_01/model.config
-- Up-to-date symlink: /home/moonlab/ros2_ws/install/turtlebot3_simulation/share/turtlebot3_simulation//models/aws_robomaker_residential_CookingBench_01/model.sdf
-- Up-to-date symlink: /home/moonlab/ros2_ws/install/turtlebot3_simulation/share/turtlebot3_simulation//models/aws_robomaker_residential_Curtain_01/materials/textures/aws_Curtain_01.png
-- Up-to-date symlink: /home/moonlab/ros2_ws/install/turtlebot3_simulation/share/turtlebot3_simulation//models/aws_robomaker_residential_Curtain_01/meshes/aws_Curtain_01_collision.DAE
-- Up-to-date symlink: /home/moonlab/ros2_ws/install/turtlebot3_simulation/share/turtlebot3_simulation//models/aws_robomaker_residential_Curtain_01/meshes/aws_Curtain_01_visual.DAE
-- Up-to-date symlink: /home/moonlab/ros2_ws/install/turtlebot3_simulation/share/turtlebot3_simulation//models/aws_robomaker_residential_Curtain_01/model.config
-- Up-to-date symlink: /home/moonlab/ros2_ws/install/turtlebot3_simulation/share/turtlebot3_simulation//models/aws_robomaker_residential_Curtain_01/model.sdf
-- Up-to-date symlink: /home/moonlab/ros2_ws/install/turtlebot3_simulation/share/turtlebot3_simulation//models/aws_robomaker_residential_DeskPortraitA_01/materials/textures/DeskPortraitA_01.jpg
-- Up-to-date symlink: /home/moonlab/ros2_ws/install/turtlebot3_simulation/share/turtlebot3_simulation//models/aws_robomaker_residential_DeskPortraitA_01/materials/textures/aws_DeskPortraitA_01.png
-- Up-to-date symlink: /home/moonlab/ros2_ws/install/turtlebot3_simulation/share/turtlebot3_simulation//models/aws_robomaker_residential_DeskPortraitA_01/materials/textures/aws_DeskPortraitA_02.png
-- Up-to-date symlink: /home/moonlab/ros2_ws/install/turtlebot3_simulation/share/turtlebot3_simulation//models/aws_robomaker_residential_DeskPortraitA_01/meshes/aws_DeskPortraitA_01_collision.DAE
-- Up-to-date symlink: /home/moonlab/ros2_ws/install/turtlebot3_simulation/share/turtlebot3_simulation//models/aws_robomaker_residential_DeskPortraitA_01/meshes/aws_DeskPortraitA_01_visual.DAE
-- Up-to-date symlink: /home/moonlab/ros2_ws/install/turtlebot3_simulation/share/turtlebot3_simulation//models/aws_robomaker_residential_DeskPortraitA_01/model.config
-- Up-to-date symlink: /home/moonlab/ros2_ws/install/turtlebot3_simulation/share/turtlebot3_simulation//models/aws_robomaker_residential_DeskPortraitA_01/model.sdf
-- Up-to-date symlink: /home/moonlab/ros2_ws/install/turtlebot3_simulation/share/turtlebot3_simulation//models/aws_robomaker_residential_DeskPortraitA_02/materials/textures/DeskPortraitA_02.jpg
-- Up-to-date symlink: /home/moonlab/ros2_ws/install/turtlebot3_simulation/share/turtlebot3_simulation//models/aws_robomaker_residential_DeskPortraitA_02/materials/textures/aws_DeskPortraitA_01.png
-- Up-to-date symlink: /home/moonlab/ros2_ws/install/turtlebot3_simulation/share/turtlebot3_simulation//models/aws_robomaker_residential_DeskPortraitA_02/materials/textures/aws_DeskPortraitA_02.png
-- Up-to-date symlink: /home/moonlab/ros2_ws/install/turtlebot3_simulation/share/turtlebot3_simulation//models/aws_robomaker_residential_DeskPortraitA_02/meshes/aws_DeskPortraitA_01_collision.DAE
-- Up-to-date symlink: /home/moonlab/ros2_ws/install/turtlebot3_simulation/share/turtlebot3_simulation//models/aws_robomaker_residential_DeskPortraitA_02/meshes/aws_DeskPortraitA_01_visual.DAE
-- Up-to-date symlink: /home/moonlab/ros2_ws/install/turtlebot3_simulation/share/turtlebot3_simulation//models/aws_robomaker_residential_DeskPortraitA_02/model.config
-- Up-to-date symlink: /home/moonlab/ros2_ws/install/turtlebot3_simulation/share/turtlebot3_simulation//models/aws_robomaker_residential_DeskPortraitA_02/model.sdf
-- Up-to-date symlink: /home/moonlab/ros2_ws/install/turtlebot3_simulation/share/turtlebot3_simulation//models/aws_robomaker_residential_DeskPortraitB_01/materials/textures/DeskPortraitB_01.jpg
-- Up-to-date symlink: /home/moonlab/ros2_ws/install/turtlebot3_simulation/share/turtlebot3_simulation//models/aws_robomaker_residential_DeskPortraitB_01/materials/textures/aws_DeskPortraitB_01.png
-- Up-to-date symlink: /home/moonlab/ros2_ws/install/turtlebot3_simulation/share/turtlebot3_simulation//models/aws_robomaker_residential_DeskPortraitB_01/materials/textures/aws_DeskPortraitB_02.png
-- Up-to-date symlink: /home/moonlab/ros2_ws/install/turtlebot3_simulation/share/turtlebot3_simulation//models/aws_robomaker_residential_DeskPortraitB_01/meshes/aws_DeskPortraitB_01_collision.DAE
-- Up-to-date symlink: /home/moonlab/ros2_ws/install/turtlebot3_simulation/share/turtlebot3_simulation//models/aws_robomaker_residential_DeskPortraitB_01/meshes/aws_DeskPortraitB_01_visual.DAE
-- Up-to-date symlink: /home/moonlab/ros2_ws/install/turtlebot3_simulation/share/turtlebot3_simulation//models/aws_robomaker_residential_DeskPortraitB_01/model.config
-- Up-to-date symlink: /home/moonlab/ros2_ws/install/turtlebot3_simulation/share/turtlebot3_simulation//models/aws_robomaker_residential_DeskPortraitB_01/model.sdf
-- Up-to-date symlink: /home/moonlab/ros2_ws/install/turtlebot3_simulation/share/turtlebot3_simulation//models/aws_robomaker_residential_DeskPortraitB_02/materials/textures/DeskPortraitB_02.jpg
-- Up-to-date symlink: /home/moonlab/ros2_ws/install/turtlebot3_simulation/share/turtlebot3_simulation//models/aws_robomaker_residential_DeskPortraitB_02/materials/textures/aws_DeskPortraitB_01.png
-- Up-to-date symlink: /home/moonlab/ros2_ws/install/turtlebot3_simulation/share/turtlebot3_simulation//models/aws_robomaker_residential_DeskPortraitB_02/materials/textures/aws_DeskPortraitB_02.png
-- Up-to-date symlink: /home/moonlab/ros2_ws/install/turtlebot3_simulation/share/turtlebot3_simulation//models/aws_robomaker_residential_DeskPortraitB_02/meshes/aws_DeskPortraitB_01_collision.DAE
-- Up-to-date symlink: /home/moonlab/ros2_ws/install/turtlebot3_simulation/share/turtlebot3_simulation//models/aws_robomaker_residential_DeskPortraitB_02/meshes/aws_DeskPortraitB_01_visual.DAE
-- Up-to-date symlink: /home/moonlab/ros2_ws/install/turtlebot3_simulation/share/turtlebot3_simulation//models/aws_robomaker_residential_DeskPortraitB_02/model.config
-- Up-to-date symlink: /home/moonlab/ros2_ws/install/turtlebot3_simulation/share/turtlebot3_simulation//models/aws_robomaker_residential_DeskPortraitB_02/model.sdf
-- Up-to-date symlink: /home/moonlab/ros2_ws/install/turtlebot3_simulation/share/turtlebot3_simulation//models/aws_robomaker_residential_DeskPortraitC_01/materials/textures/DeskPortraitC_01.jpg
-- Up-to-date symlink: /home/moonlab/ros2_ws/install/turtlebot3_simulation/share/turtlebot3_simulation//models/aws_robomaker_residential_DeskPortraitC_01/materials/textures/aws_DeskPortraitC_01.png
-- Up-to-date symlink: /home/moonlab/ros2_ws/install/turtlebot3_simulation/share/turtlebot3_simulation//models/aws_robomaker_residential_DeskPortraitC_01/materials/textures/aws_DeskPortraitC_02.png
-- Up-to-date symlink: /home/moonlab/ros2_ws/install/turtlebot3_simulation/share/turtlebot3_simulation//models/aws_robomaker_residential_DeskPortraitC_01/meshes/aws_DeskPortraitC_01_collision.DAE
-- Up-to-date symlink: /home/moonlab/ros2_ws/install/turtlebot3_simulation/share/turtlebot3_simulation//models/aws_robomaker_residential_DeskPortraitC_01/meshes/aws_DeskPortraitC_01_visual.DAE
-- Up-to-date symlink: /home/moonlab/ros2_ws/install/turtlebot3_simulation/share/turtlebot3_simulation//models/aws_robomaker_residential_DeskPortraitC_01/model.config
-- Up-to-date symlink: /home/moonlab/ros2_ws/install/turtlebot3_simulation/share/turtlebot3_simulation//models/aws_robomaker_residential_DeskPortraitC_01/model.sdf
-- Up-to-date symlink: /home/moonlab/ros2_ws/install/turtlebot3_simulation/share/turtlebot3_simulation//models/aws_robomaker_residential_DeskPortraitC_02/materials/textures/DeskPortraitC_02.jpg
-- Up-to-date symlink: /home/moonlab/ros2_ws/install/turtlebot3_simulation/share/turtlebot3_simulation//models/aws_robomaker_residential_DeskPortraitC_02/materials/textures/aws_DeskPortraitC_01.png
-- Up-to-date symlink: /home/moonlab/ros2_ws/install/turtlebot3_simulation/share/turtlebot3_simulation//models/aws_robomaker_residential_DeskPortraitC_02/materials/textures/aws_DeskPortraitC_02.png
-- Up-to-date symlink: /home/moonlab/ros2_ws/install/turtlebot3_simulation/share/turtlebot3_simulation//models/aws_robomaker_residential_DeskPortraitC_02/meshes/aws_DeskPortraitC_01_collision.DAE
-- Up-to-date symlink: /home/moonlab/ros2_ws/install/turtlebot3_simulation/share/turtlebot3_simulation//models/aws_robomaker_residential_DeskPortraitC_02/meshes/aws_DeskPortraitC_01_visual.DAE
-- Up-to-date symlink: /home/moonlab/ros2_ws/install/turtlebot3_simulation/share/turtlebot3_simulation//models/aws_robomaker_residential_DeskPortraitC_02/model.config
-- Up-to-date symlink: /home/moonlab/ros2_ws/install/turtlebot3_simulation/share/turtlebot3_simulation//models/aws_robomaker_residential_DeskPortraitC_02/model.sdf
-- Up-to-date symlink: /home/moonlab/ros2_ws/install/turtlebot3_simulation/share/turtlebot3_simulation//models/aws_robomaker_residential_DeskPortraitD_01/materials/textures/DeskPortraitD_01.jpg
-- Up-to-date symlink: /home/moonlab/ros2_ws/install/turtlebot3_simulation/share/turtlebot3_simulation//models/aws_robomaker_residential_DeskPortraitD_01/materials/textures/aws_DeskPortraitD_01.png
-- Up-to-date symlink: /home/moonlab/ros2_ws/install/turtlebot3_simulation/share/turtlebot3_simulation//models/aws_robomaker_residential_DeskPortraitD_01/materials/textures/aws_DeskPortraitD_02.png
-- Up-to-date symlink: /home/moonlab/ros2_ws/install/turtlebot3_simulation/share/turtlebot3_simulation//models/aws_robomaker_residential_DeskPortraitD_01/meshes/aws_DeskPortraitD_01_collision.DAE
-- Up-to-date symlink: /home/moonlab/ros2_ws/install/turtlebot3_simulation/share/turtlebot3_simulation//models/aws_robomaker_residential_DeskPortraitD_01/meshes/aws_DeskPortraitD_01_visual.DAE
-- Up-to-date symlink: /home/moonlab/ros2_ws/install/turtlebot3_simulation/share/turtlebot3_simulation//models/aws_robomaker_residential_DeskPortraitD_01/model.config
-- Up-to-date symlink: /home/moonlab/ros2_ws/install/turtlebot3_simulation/share/turtlebot3_simulation//models/aws_robomaker_residential_DeskPortraitD_01/model.sdf
-- Up-to-date symlink: /home/moonlab/ros2_ws/install/turtlebot3_simulation/share/turtlebot3_simulation//models/aws_robomaker_residential_DeskPortraitD_02/materials/textures/DeskPortraitD_02.jpg
-- Up-to-date symlink: /home/moonlab/ros2_ws/install/turtlebot3_simulation/share/turtlebot3_simulation//models/aws_robomaker_residential_DeskPortraitD_02/materials/textures/aws_DeskPortraitD_01.png
-- Up-to-date symlink: /home/moonlab/ros2_ws/install/turtlebot3_simulation/share/turtlebot3_simulation//models/aws_robomaker_residential_DeskPortraitD_02/materials/textures/aws_DeskPortraitD_02.png
-- Up-to-date symlink: /home/moonlab/ros2_ws/install/turtlebot3_simulation/share/turtlebot3_simulation//models/aws_robomaker_residential_DeskPortraitD_02/meshes/aws_DeskPortraitD_01_collision.DAE
-- Up-to-date symlink: /home/moonlab/ros2_ws/install/turtlebot3_simulation/share/turtlebot3_simulation//models/aws_robomaker_residential_DeskPortraitD_02/meshes/aws_DeskPortraitD_01_visual.DAE
-- Up-to-date symlink: /home/moonlab/ros2_ws/install/turtlebot3_simulation/share/turtlebot3_simulation//models/aws_robomaker_residential_DeskPortraitD_02/model.config
-- Up-to-date symlink: /home/moonlab/ros2_ws/install/turtlebot3_simulation/share/turtlebot3_simulation//models/aws_robomaker_residential_DeskPortraitD_02/model.sdf
-- Up-to-date symlink: /home/moonlab/ros2_ws/install/turtlebot3_simulation/share/turtlebot3_simulation//models/aws_robomaker_residential_DeskPortraitD_03/materials/textures/DeskPortraitD_03.jpg
-- Up-to-date symlink: /home/moonlab/ros2_ws/install/turtlebot3_simulation/share/turtlebot3_simulation//models/aws_robomaker_residential_DeskPortraitD_03/materials/textures/aws_DeskPortraitD_01.png
-- Up-to-date symlink: /home/moonlab/ros2_ws/install/turtlebot3_simulation/share/turtlebot3_simulation//models/aws_robomaker_residential_DeskPortraitD_03/materials/textures/aws_DeskPortraitD_02.png
-- Up-to-date symlink: /home/moonlab/ros2_ws/install/turtlebot3_simulation/share/turtlebot3_simulation//models/aws_robomaker_residential_DeskPortraitD_03/meshes/aws_DeskPortraitD_01_collision.DAE
-- Up-to-date symlink: /home/moonlab/ros2_ws/install/turtlebot3_simulation/share/turtlebot3_simulation//models/aws_robomaker_residential_DeskPortraitD_03/meshes/aws_DeskPortraitD_01_visual.DAE
-- Up-to-date symlink: /home/moonlab/ros2_ws/install/turtlebot3_simulation/share/turtlebot3_simulation//models/aws_robomaker_residential_DeskPortraitD_03/model.config
-- Up-to-date symlink: /home/moonlab/ros2_ws/install/turtlebot3_simulation/share/turtlebot3_simulation//models/aws_robomaker_residential_DeskPortraitD_03/model.sdf
-- Up-to-date symlink: /home/moonlab/ros2_ws/install/turtlebot3_simulation/share/turtlebot3_simulation//models/aws_robomaker_residential_DeskPortraitD_04/materials/textures/DeskPortraitD_04.jpg
-- Up-to-date symlink: /home/moonlab/ros2_ws/install/turtlebot3_simulation/share/turtlebot3_simulation//models/aws_robomaker_residential_DeskPortraitD_04/materials/textures/aws_DeskPortraitD_01.png
-- Up-to-date symlink: /home/moonlab/ros2_ws/install/turtlebot3_simulation/share/turtlebot3_simulation//models/aws_robomaker_residential_DeskPortraitD_04/materials/textures/aws_DeskPortraitD_02.png
-- Up-to-date symlink: /home/moonlab/ros2_ws/install/turtlebot3_simulation/share/turtlebot3_simulation//models/aws_robomaker_residential_DeskPortraitD_04/meshes/aws_DeskPortraitD_01_collision.DAE
-- Up-to-date symlink: /home/moonlab/ros2_ws/install/turtlebot3_simulation/share/turtlebot3_simulation//models/aws_robomaker_residential_DeskPortraitD_04/meshes/aws_DeskPortraitD_01_visual.DAE
-- Up-to-date symlink: /home/moonlab/ros2_ws/install/turtlebot3_simulation/share/turtlebot3_simulation//models/aws_robomaker_residential_DeskPortraitD_04/model.config
-- Up-to-date symlink: /home/moonlab/ros2_ws/install/turtlebot3_simulation/share/turtlebot3_simulation//models/aws_robomaker_residential_DeskPortraitD_04/model.sdf
-- Up-to-date symlink: /home/moonlab/ros2_ws/install/turtlebot3_simulation/share/turtlebot3_simulation//models/aws_robomaker_residential_Door_01/materials/textures/aws_Door_01.png
-- Up-to-date symlink: /home/moonlab/ros2_ws/install/turtlebot3_simulation/share/turtlebot3_simulation//models/aws_robomaker_residential_Door_01/meshes/aws_Door_01_collision.DAE
-- Up-to-date symlink: /home/moonlab/ros2_ws/install/turtlebot3_simulation/share/turtlebot3_simulation//models/aws_robomaker_residential_Door_01/meshes/aws_Door_01_visual.DAE
-- Up-to-date symlink: /home/moonlab/ros2_ws/install/turtlebot3_simulation/share/turtlebot3_simulation//models/aws_robomaker_residential_Door_01/model.config
-- Up-to-date symlink: /home/moonlab/ros2_ws/install/turtlebot3_simulation/share/turtlebot3_simulation//models/aws_robomaker_residential_Door_01/model.sdf
-- Up-to-date symlink: /home/moonlab/ros2_ws/install/turtlebot3_simulation/share/turtlebot3_simulation//models/aws_robomaker_residential_Dumbbell_01/materials/textures/aws_Dumbbell_01.png
-- Up-to-date symlink: /home/moonlab/ros2_ws/install/turtlebot3_simulation/share/turtlebot3_simulation//models/aws_robomaker_residential_Dumbbell_01/meshes/aws_Dumbbell_01_collision.DAE
-- Up-to-date symlink: /home/moonlab/ros2_ws/install/turtlebot3_simulation/share/turtlebot3_simulation//models/aws_robomaker_residential_Dumbbell_01/meshes/aws_Dumbbell_01_visual.DAE
-- Up-to-date symlink: /home/moonlab/ros2_ws/install/turtlebot3_simulation/share/turtlebot3_simulation//models/aws_robomaker_residential_Dumbbell_01/model.config
-- Up-to-date symlink: /home/moonlab/ros2_ws/install/turtlebot3_simulation/share/turtlebot3_simulation//models/aws_robomaker_residential_Dumbbell_01/model.sdf
-- Up-to-date symlink: /home/moonlab/ros2_ws/install/turtlebot3_simulation/share/turtlebot3_simulation//models/aws_robomaker_residential_FitnessEquipment_01/materials/textures/aws_FitnessEquipment_01.png
-- Up-to-date symlink: /home/moonlab/ros2_ws/install/turtlebot3_simulation/share/turtlebot3_simulation//models/aws_robomaker_residential_FitnessEquipment_01/meshes/aws_FitnessEquipment_01_collision.DAE
-- Up-to-date symlink: /home/moonlab/ros2_ws/install/turtlebot3_simulation/share/turtlebot3_simulation//models/aws_robomaker_residential_FitnessEquipment_01/meshes/aws_FitnessEquipment_01_visual.DAE
-- Up-to-date symlink: /home/moonlab/ros2_ws/install/turtlebot3_simulation/share/turtlebot3_simulation//models/aws_robomaker_residential_FitnessEquipment_01/model.config
-- Up-to-date symlink: /home/moonlab/ros2_ws/install/turtlebot3_simulation/share/turtlebot3_simulation//models/aws_robomaker_residential_FitnessEquipment_01/model.sdf
-- Up-to-date symlink: /home/moonlab/ros2_ws/install/turtlebot3_simulation/share/turtlebot3_simulation//models/aws_robomaker_residential_FloorB_01/materials/textures/aws_FloorB_01.png
-- Up-to-date symlink: /home/moonlab/ros2_ws/install/turtlebot3_simulation/share/turtlebot3_simulation//models/aws_robomaker_residential_FloorB_01/meshes/aws_FloorB_01_collision.DAE
-- Up-to-date symlink: /home/moonlab/ros2_ws/install/turtlebot3_simulation/share/turtlebot3_simulation//models/aws_robomaker_residential_FloorB_01/meshes/aws_FloorB_01_visual.DAE
-- Up-to-date symlink: /home/moonlab/ros2_ws/install/turtlebot3_simulation/share/turtlebot3_simulation//models/aws_robomaker_residential_FloorB_01/model.config
-- Up-to-date symlink: /home/moonlab/ros2_ws/install/turtlebot3_simulation/share/turtlebot3_simulation//models/aws_robomaker_residential_FloorB_01/model.sdf
-- Up-to-date symlink: /home/moonlab/ros2_ws/install/turtlebot3_simulation/share/turtlebot3_simulation//models/aws_robomaker_residential_FoldingDoor_01/materials/textures/aws_FoldingDoor_01.png
-- Up-to-date symlink: /home/moonlab/ros2_ws/install/turtlebot3_simulation/share/turtlebot3_simulation//models/aws_robomaker_residential_FoldingDoor_01/meshes/aws_FoldingDoor_01_collision.DAE
-- Up-to-date symlink: /home/moonlab/ros2_ws/install/turtlebot3_simulation/share/turtlebot3_simulation//models/aws_robomaker_residential_FoldingDoor_01/meshes/aws_FoldingDoor_01_visual.DAE
-- Up-to-date symlink: /home/moonlab/ros2_ws/install/turtlebot3_simulation/share/turtlebot3_simulation//models/aws_robomaker_residential_FoldingDoor_01/model.config
-- Up-to-date symlink: /home/moonlab/ros2_ws/install/turtlebot3_simulation/share/turtlebot3_simulation//models/aws_robomaker_residential_FoldingDoor_01/model.sdf
-- Up-to-date symlink: /home/moonlab/ros2_ws/install/turtlebot3_simulation/share/turtlebot3_simulation//models/aws_robomaker_residential_FoldingDoor_02/materials/textures/aws_FoldingDoor_02.png
-- Up-to-date symlink: /home/moonlab/ros2_ws/install/turtlebot3_simulation/share/turtlebot3_simulation//models/aws_robomaker_residential_FoldingDoor_02/meshes/aws_FoldingDoor_02_collision.DAE
-- Up-to-date symlink: /home/moonlab/ros2_ws/install/turtlebot3_simulation/share/turtlebot3_simulation//models/aws_robomaker_residential_FoldingDoor_02/meshes/aws_FoldingDoor_02_visual.DAE
-- Up-to-date symlink: /home/moonlab/ros2_ws/install/turtlebot3_simulation/share/turtlebot3_simulation//models/aws_robomaker_residential_FoldingDoor_02/model.config
-- Up-to-date symlink: /home/moonlab/ros2_ws/install/turtlebot3_simulation/share/turtlebot3_simulation//models/aws_robomaker_residential_FoldingDoor_02/model.sdf
-- Up-to-date symlink: /home/moonlab/ros2_ws/install/turtlebot3_simulation/share/turtlebot3_simulation//models/aws_robomaker_residential_Handle_01/materials/textures/aws_Handle_01.png
-- Up-to-date symlink: /home/moonlab/ros2_ws/install/turtlebot3_simulation/share/turtlebot3_simulation//models/aws_robomaker_residential_Handle_01/meshes/aws_Handle_01_collision.DAE
-- Up-to-date symlink: /home/moonlab/ros2_ws/install/turtlebot3_simulation/share/turtlebot3_simulation//models/aws_robomaker_residential_Handle_01/meshes/aws_Handle_01_visual.DAE
-- Up-to-date symlink: /home/moonlab/ros2_ws/install/turtlebot3_simulation/share/turtlebot3_simulation//models/aws_robomaker_residential_Handle_01/model.config
-- Up-to-date symlink: /home/moonlab/ros2_ws/install/turtlebot3_simulation/share/turtlebot3_simulation//models/aws_robomaker_residential_Handle_01/model.sdf
-- Up-to-date symlink: /home/moonlab/ros2_ws/install/turtlebot3_simulation/share/turtlebot3_simulation//models/aws_robomaker_residential_HouseWallB_01/materials/textures/aws_HouseWallB_01.png
-- Up-to-date symlink: /home/moonlab/ros2_ws/install/turtlebot3_simulation/share/turtlebot3_simulation//models/aws_robomaker_residential_HouseWallB_01/meshes/aws_HouseWallB_01_collision.DAE
-- Up-to-date symlink: /home/moonlab/ros2_ws/install/turtlebot3_simulation/share/turtlebot3_simulation//models/aws_robomaker_residential_HouseWallB_01/meshes/aws_HouseWallB_01_visual.DAE
-- Up-to-date symlink: /home/moonlab/ros2_ws/install/turtlebot3_simulation/share/turtlebot3_simulation//models/aws_robomaker_residential_HouseWallB_01/model.config
-- Up-to-date symlink: /home/moonlab/ros2_ws/install/turtlebot3_simulation/share/turtlebot3_simulation//models/aws_robomaker_residential_HouseWallB_01/model.sdf
-- Up-to-date symlink: /home/moonlab/ros2_ws/install/turtlebot3_simulation/share/turtlebot3_simulation//models/aws_robomaker_residential_KitchenCabinet_01/materials/textures/aws_KitchenCabinet_01.png
-- Up-to-date symlink: /home/moonlab/ros2_ws/install/turtlebot3_simulation/share/turtlebot3_simulation//models/aws_robomaker_residential_KitchenCabinet_01/meshes/aws_KitchenCabinet_01_collision.DAE
-- Up-to-date symlink: /home/moonlab/ros2_ws/install/turtlebot3_simulation/share/turtlebot3_simulation//models/aws_robomaker_residential_KitchenCabinet_01/meshes/aws_KitchenCabinet_01_visual.DAE
-- Up-to-date symlink: /home/moonlab/ros2_ws/install/turtlebot3_simulation/share/turtlebot3_simulation//models/aws_robomaker_residential_KitchenCabinet_01/model.config
-- Up-to-date symlink: /home/moonlab/ros2_ws/install/turtlebot3_simulation/share/turtlebot3_simulation//models/aws_robomaker_residential_KitchenCabinet_01/model.sdf
-- Up-to-date symlink: /home/moonlab/ros2_ws/install/turtlebot3_simulation/share/turtlebot3_simulation//models/aws_robomaker_residential_KitchenTable_01/materials/textures/aws_KitchenTable_01.png
-- Up-to-date symlink: /home/moonlab/ros2_ws/install/turtlebot3_simulation/share/turtlebot3_simulation//models/aws_robomaker_residential_KitchenTable_01/meshes/aws_KitchenTable_01_collision.DAE
-- Up-to-date symlink: /home/moonlab/ros2_ws/install/turtlebot3_simulation/share/turtlebot3_simulation//models/aws_robomaker_residential_KitchenTable_01/meshes/aws_KitchenTable_01_visual.DAE
-- Up-to-date symlink: /home/moonlab/ros2_ws/install/turtlebot3_simulation/share/turtlebot3_simulation//models/aws_robomaker_residential_KitchenTable_01/model.config
-- Up-to-date symlink: /home/moonlab/ros2_ws/install/turtlebot3_simulation/share/turtlebot3_simulation//models/aws_robomaker_residential_KitchenTable_01/model.sdf
-- Up-to-date symlink: /home/moonlab/ros2_ws/install/turtlebot3_simulation/share/turtlebot3_simulation//models/aws_robomaker_residential_KitchenUtensils_01/materials/textures/aws_KitchenUtensils_01.png
-- Up-to-date symlink: /home/moonlab/ros2_ws/install/turtlebot3_simulation/share/turtlebot3_simulation//models/aws_robomaker_residential_KitchenUtensils_01/meshes/aws_KitchenUtensils_01_collision.DAE
-- Up-to-date symlink: /home/moonlab/ros2_ws/install/turtlebot3_simulation/share/turtlebot3_simulation//models/aws_robomaker_residential_KitchenUtensils_01/meshes/aws_KitchenUtensils_01_visual.DAE
-- Up-to-date symlink: /home/moonlab/ros2_ws/install/turtlebot3_simulation/share/turtlebot3_simulation//models/aws_robomaker_residential_KitchenUtensils_01/model.config
-- Up-to-date symlink: /home/moonlab/ros2_ws/install/turtlebot3_simulation/share/turtlebot3_simulation//models/aws_robomaker_residential_KitchenUtensils_01/model.sdf
-- Up-to-date symlink: /home/moonlab/ros2_ws/install/turtlebot3_simulation/share/turtlebot3_simulation//models/aws_robomaker_residential_LightC_01/materials/textures/aws_LightC_01.png
-- Up-to-date symlink: /home/moonlab/ros2_ws/install/turtlebot3_simulation/share/turtlebot3_simulation//models/aws_robomaker_residential_LightC_01/meshes/aws_LightC_01_collision.DAE
-- Up-to-date symlink: /home/moonlab/ros2_ws/install/turtlebot3_simulation/share/turtlebot3_simulation//models/aws_robomaker_residential_LightC_01/meshes/aws_LightC_01_visual.DAE
-- Up-to-date symlink: /home/moonlab/ros2_ws/install/turtlebot3_simulation/share/turtlebot3_simulation//models/aws_robomaker_residential_LightC_01/model.config
-- Up-to-date symlink: /home/moonlab/ros2_ws/install/turtlebot3_simulation/share/turtlebot3_simulation//models/aws_robomaker_residential_LightC_01/model.sdf
-- Up-to-date symlink: /home/moonlab/ros2_ws/install/turtlebot3_simulation/share/turtlebot3_simulation//models/aws_robomaker_residential_NightStand_01/materials/textures/aws_NightStand_01.png
-- Up-to-date symlink: /home/moonlab/ros2_ws/install/turtlebot3_simulation/share/turtlebot3_simulation//models/aws_robomaker_residential_NightStand_01/meshes/aws_NightStand_01_collision.DAE
-- Up-to-date symlink: /home/moonlab/ros2_ws/install/turtlebot3_simulation/share/turtlebot3_simulation//models/aws_robomaker_residential_NightStand_01/meshes/aws_NightStand_01_visual.DAE
-- Up-to-date symlink: /home/moonlab/ros2_ws/install/turtlebot3_simulation/share/turtlebot3_simulation//models/aws_robomaker_residential_NightStand_01/model.config
-- Up-to-date symlink: /home/moonlab/ros2_ws/install/turtlebot3_simulation/share/turtlebot3_simulation//models/aws_robomaker_residential_NightStand_01/model.sdf
-- Up-to-date symlink: /home/moonlab/ros2_ws/install/turtlebot3_simulation/share/turtlebot3_simulation//models/aws_robomaker_residential_Pillow_01/materials/textures/aws_Pillow_01.png
-- Up-to-date symlink: /home/moonlab/ros2_ws/install/turtlebot3_simulation/share/turtlebot3_simulation//models/aws_robomaker_residential_Pillow_01/meshes/aws_Pillow_01_collision.DAE
-- Up-to-date symlink: /home/moonlab/ros2_ws/install/turtlebot3_simulation/share/turtlebot3_simulation//models/aws_robomaker_residential_Pillow_01/meshes/aws_Pillow_01_visual.DAE
-- Up-to-date symlink: /home/moonlab/ros2_ws/install/turtlebot3_simulation/share/turtlebot3_simulation//models/aws_robomaker_residential_Pillow_01/model.config
-- Up-to-date symlink: /home/moonlab/ros2_ws/install/turtlebot3_simulation/share/turtlebot3_simulation//models/aws_robomaker_residential_Pillow_01/model.sdf
-- Up-to-date symlink: /home/moonlab/ros2_ws/install/turtlebot3_simulation/share/turtlebot3_simulation//models/aws_robomaker_residential_PortraitA_01/materials/textures/PortraitA_01.jpg
-- Up-to-date symlink: /home/moonlab/ros2_ws/install/turtlebot3_simulation/share/turtlebot3_simulation//models/aws_robomaker_residential_PortraitA_01/materials/textures/aws_PortraitA_01.png
-- Up-to-date symlink: /home/moonlab/ros2_ws/install/turtlebot3_simulation/share/turtlebot3_simulation//models/aws_robomaker_residential_PortraitA_01/materials/textures/aws_PortraitA_02.png
-- Up-to-date symlink: /home/moonlab/ros2_ws/install/turtlebot3_simulation/share/turtlebot3_simulation//models/aws_robomaker_residential_PortraitA_01/meshes/aws_PortraitA_01_collision.DAE
-- Up-to-date symlink: /home/moonlab/ros2_ws/install/turtlebot3_simulation/share/turtlebot3_simulation//models/aws_robomaker_residential_PortraitA_01/meshes/aws_PortraitA_01_visual.DAE
-- Up-to-date symlink: /home/moonlab/ros2_ws/install/turtlebot3_simulation/share/turtlebot3_simulation//models/aws_robomaker_residential_PortraitA_01/model.config
-- Up-to-date symlink: /home/moonlab/ros2_ws/install/turtlebot3_simulation/share/turtlebot3_simulation//models/aws_robomaker_residential_PortraitA_01/model.sdf
-- Up-to-date symlink: /home/moonlab/ros2_ws/install/turtlebot3_simulation/share/turtlebot3_simulation//models/aws_robomaker_residential_PortraitA_02/materials/textures/PortraitA_02.jpg
-- Up-to-date symlink: /home/moonlab/ros2_ws/install/turtlebot3_simulation/share/turtlebot3_simulation//models/aws_robomaker_residential_PortraitA_02/materials/textures/aws_PortraitA_01.png
-- Up-to-date symlink: /home/moonlab/ros2_ws/install/turtlebot3_simulation/share/turtlebot3_simulation//models/aws_robomaker_residential_PortraitA_02/materials/textures/aws_PortraitA_02.png
-- Up-to-date symlink: /home/moonlab/ros2_ws/install/turtlebot3_simulation/share/turtlebot3_simulation//models/aws_robomaker_residential_PortraitA_02/meshes/aws_PortraitA_01_collision.DAE
-- Up-to-date symlink: /home/moonlab/ros2_ws/install/turtlebot3_simulation/share/turtlebot3_simulation//models/aws_robomaker_residential_PortraitA_02/meshes/aws_PortraitA_01_visual.DAE
-- Up-to-date symlink: /home/moonlab/ros2_ws/install/turtlebot3_simulation/share/turtlebot3_simulation//models/aws_robomaker_residential_PortraitA_02/model.config
-- Up-to-date symlink: /home/moonlab/ros2_ws/install/turtlebot3_simulation/share/turtlebot3_simulation//models/aws_robomaker_residential_PortraitA_02/model.sdf
-- Up-to-date symlink: /home/moonlab/ros2_ws/install/turtlebot3_simulation/share/turtlebot3_simulation//models/aws_robomaker_residential_PortraitB_01/materials/textures/PortraitB_01.jpg
-- Up-to-date symlink: /home/moonlab/ros2_ws/install/turtlebot3_simulation/share/turtlebot3_simulation//models/aws_robomaker_residential_PortraitB_01/materials/textures/aws_PortraitB_01.png
-- Up-to-date symlink: /home/moonlab/ros2_ws/install/turtlebot3_simulation/share/turtlebot3_simulation//models/aws_robomaker_residential_PortraitB_01/materials/textures/aws_PortraitB_02.png
-- Up-to-date symlink: /home/moonlab/ros2_ws/install/turtlebot3_simulation/share/turtlebot3_simulation//models/aws_robomaker_residential_PortraitB_01/meshes/aws_PortraitB_01_collision.DAE
-- Up-to-date symlink: /home/moonlab/ros2_ws/install/turtlebot3_simulation/share/turtlebot3_simulation//models/aws_robomaker_residential_PortraitB_01/meshes/aws_PortraitB_01_visual.DAE
-- Up-to-date symlink: /home/moonlab/ros2_ws/install/turtlebot3_simulation/share/turtlebot3_simulation//models/aws_robomaker_residential_PortraitB_01/model.config
-- Up-to-date symlink: /home/moonlab/ros2_ws/install/turtlebot3_simulation/share/turtlebot3_simulation//models/aws_robomaker_residential_PortraitB_01/model.sdf
-- Up-to-date symlink: /home/moonlab/ros2_ws/install/turtlebot3_simulation/share/turtlebot3_simulation//models/aws_robomaker_residential_PortraitB_02/materials/textures/PortraitB_02.jpg
-- Up-to-date symlink: /home/moonlab/ros2_ws/install/turtlebot3_simulation/share/turtlebot3_simulation//models/aws_robomaker_residential_PortraitB_02/materials/textures/aws_PortraitB_01.png
-- Up-to-date symlink: /home/moonlab/ros2_ws/install/turtlebot3_simulation/share/turtlebot3_simulation//models/aws_robomaker_residential_PortraitB_02/materials/textures/aws_PortraitB_02.png
-- Up-to-date symlink: /home/moonlab/ros2_ws/install/turtlebot3_simulation/share/turtlebot3_simulation//models/aws_robomaker_residential_PortraitB_02/meshes/aws_PortraitB_01_collision.DAE
-- Up-to-date symlink: /home/moonlab/ros2_ws/install/turtlebot3_simulation/share/turtlebot3_simulation//models/aws_robomaker_residential_PortraitB_02/meshes/aws_PortraitB_01_visual.DAE
-- Up-to-date symlink: /home/moonlab/ros2_ws/install/turtlebot3_simulation/share/turtlebot3_simulation//models/aws_robomaker_residential_PortraitB_02/model.config
-- Up-to-date symlink: /home/moonlab/ros2_ws/install/turtlebot3_simulation/share/turtlebot3_simulation//models/aws_robomaker_residential_PortraitB_02/model.sdf
-- Up-to-date symlink: /home/moonlab/ros2_ws/install/turtlebot3_simulation/share/turtlebot3_simulation//models/aws_robomaker_residential_PortraitB_03/materials/textures/PortraitB_03.jpg
-- Up-to-date symlink: /home/moonlab/ros2_ws/install/turtlebot3_simulation/share/turtlebot3_simulation//models/aws_robomaker_residential_PortraitB_03/materials/textures/aws_PortraitB_01.png
-- Up-to-date symlink: /home/moonlab/ros2_ws/install/turtlebot3_simulation/share/turtlebot3_simulation//models/aws_robomaker_residential_PortraitB_03/materials/textures/aws_PortraitB_02.png
-- Up-to-date symlink: /home/moonlab/ros2_ws/install/turtlebot3_simulation/share/turtlebot3_simulation//models/aws_robomaker_residential_PortraitB_03/meshes/aws_PortraitB_01_collision.DAE
-- Up-to-date symlink: /home/moonlab/ros2_ws/install/turtlebot3_simulation/share/turtlebot3_simulation//models/aws_robomaker_residential_PortraitB_03/meshes/aws_PortraitB_01_visual.DAE
-- Up-to-date symlink: /home/moonlab/ros2_ws/install/turtlebot3_simulation/share/turtlebot3_simulation//models/aws_robomaker_residential_PortraitB_03/model.config
-- Up-to-date symlink: /home/moonlab/ros2_ws/install/turtlebot3_simulation/share/turtlebot3_simulation//models/aws_robomaker_residential_PortraitB_03/model.sdf
-- Up-to-date symlink: /home/moonlab/ros2_ws/install/turtlebot3_simulation/share/turtlebot3_simulation//models/aws_robomaker_residential_PortraitC_01/materials/textures/PortraitC_01.jpg
-- Up-to-date symlink: /home/moonlab/ros2_ws/install/turtlebot3_simulation/share/turtlebot3_simulation//models/aws_robomaker_residential_PortraitC_01/materials/textures/aws_PortraitC_01.png
-- Up-to-date symlink: /home/moonlab/ros2_ws/install/turtlebot3_simulation/share/turtlebot3_simulation//models/aws_robomaker_residential_PortraitC_01/materials/textures/aws_PortraitC_02.png
-- Up-to-date symlink: /home/moonlab/ros2_ws/install/turtlebot3_simulation/share/turtlebot3_simulation//models/aws_robomaker_residential_PortraitC_01/meshes/aws_PortraitC_01_collision.DAE
-- Up-to-date symlink: /home/moonlab/ros2_ws/install/turtlebot3_simulation/share/turtlebot3_simulation//models/aws_robomaker_residential_PortraitC_01/meshes/aws_PortraitC_01_visual.DAE
-- Up-to-date symlink: /home/moonlab/ros2_ws/install/turtlebot3_simulation/share/turtlebot3_simulation//models/aws_robomaker_residential_PortraitC_01/model.config
-- Up-to-date symlink: /home/moonlab/ros2_ws/install/turtlebot3_simulation/share/turtlebot3_simulation//models/aws_robomaker_residential_PortraitC_01/model.sdf
-- Up-to-date symlink: /home/moonlab/ros2_ws/install/turtlebot3_simulation/share/turtlebot3_simulation//models/aws_robomaker_residential_PortraitD_01/materials/textures/PortraitD_01.jpg
-- Up-to-date symlink: /home/moonlab/ros2_ws/install/turtlebot3_simulation/share/turtlebot3_simulation//models/aws_robomaker_residential_PortraitD_01/materials/textures/aws_PortraitD_01.png
-- Up-to-date symlink: /home/moonlab/ros2_ws/install/turtlebot3_simulation/share/turtlebot3_simulation//models/aws_robomaker_residential_PortraitD_01/materials/textures/aws_PortraitD_02.png
-- Up-to-date symlink: /home/moonlab/ros2_ws/install/turtlebot3_simulation/share/turtlebot3_simulation//models/aws_robomaker_residential_PortraitD_01/meshes/aws_PortraitD_01_collision.DAE
-- Up-to-date symlink: /home/moonlab/ros2_ws/install/turtlebot3_simulation/share/turtlebot3_simulation//models/aws_robomaker_residential_PortraitD_01/meshes/aws_PortraitD_01_visual.DAE
-- Up-to-date symlink: /home/moonlab/ros2_ws/install/turtlebot3_simulation/share/turtlebot3_simulation//models/aws_robomaker_residential_PortraitD_01/model.config
-- Up-to-date symlink: /home/moonlab/ros2_ws/install/turtlebot3_simulation/share/turtlebot3_simulation//models/aws_robomaker_residential_PortraitD_01/model.sdf
-- Up-to-date symlink: /home/moonlab/ros2_ws/install/turtlebot3_simulation/share/turtlebot3_simulation//models/aws_robomaker_residential_PortraitD_02/materials/textures/PortraitD_02.jpg
-- Up-to-date symlink: /home/moonlab/ros2_ws/install/turtlebot3_simulation/share/turtlebot3_simulation//models/aws_robomaker_residential_PortraitD_02/materials/textures/aws_PortraitD_01.png
-- Up-to-date symlink: /home/moonlab/ros2_ws/install/turtlebot3_simulation/share/turtlebot3_simulation//models/aws_robomaker_residential_PortraitD_02/materials/textures/aws_PortraitD_02.png
-- Up-to-date symlink: /home/moonlab/ros2_ws/install/turtlebot3_simulation/share/turtlebot3_simulation//models/aws_robomaker_residential_PortraitD_02/meshes/aws_PortraitD_01_collision.DAE
-- Up-to-date symlink: /home/moonlab/ros2_ws/install/turtlebot3_simulation/share/turtlebot3_simulation//models/aws_robomaker_residential_PortraitD_02/meshes/aws_PortraitD_01_visual.DAE
-- Up-to-date symlink: /home/moonlab/ros2_ws/install/turtlebot3_simulation/share/turtlebot3_simulation//models/aws_robomaker_residential_PortraitD_02/model.config
-- Up-to-date symlink: /home/moonlab/ros2_ws/install/turtlebot3_simulation/share/turtlebot3_simulation//models/aws_robomaker_residential_PortraitD_02/model.sdf
-- Up-to-date symlink: /home/moonlab/ros2_ws/install/turtlebot3_simulation/share/turtlebot3_simulation//models/aws_robomaker_residential_PortraitE_01/materials/textures/PortraitE_01.jpg
-- Up-to-date symlink: /home/moonlab/ros2_ws/install/turtlebot3_simulation/share/turtlebot3_simulation//models/aws_robomaker_residential_PortraitE_01/materials/textures/aws_PortraitE_01.png
-- Up-to-date symlink: /home/moonlab/ros2_ws/install/turtlebot3_simulation/share/turtlebot3_simulation//models/aws_robomaker_residential_PortraitE_01/materials/textures/aws_PortraitE_02.png
-- Up-to-date symlink: /home/moonlab/ros2_ws/install/turtlebot3_simulation/share/turtlebot3_simulation//models/aws_robomaker_residential_PortraitE_01/meshes/aws_PortraitE_01_collision.DAE
-- Up-to-date symlink: /home/moonlab/ros2_ws/install/turtlebot3_simulation/share/turtlebot3_simulation//models/aws_robomaker_residential_PortraitE_01/meshes/aws_PortraitE_01_visual.DAE
-- Up-to-date symlink: /home/moonlab/ros2_ws/install/turtlebot3_simulation/share/turtlebot3_simulation//models/aws_robomaker_residential_PortraitE_01/model.config
-- Up-to-date symlink: /home/moonlab/ros2_ws/install/turtlebot3_simulation/share/turtlebot3_simulation//models/aws_robomaker_residential_PortraitE_01/model.sdf
-- Up-to-date symlink: /home/moonlab/ros2_ws/install/turtlebot3_simulation/share/turtlebot3_simulation//models/aws_robomaker_residential_PortraitE_02/materials/textures/PortraitE_02.jpg
-- Up-to-date symlink: /home/moonlab/ros2_ws/install/turtlebot3_simulation/share/turtlebot3_simulation//models/aws_robomaker_residential_PortraitE_02/materials/textures/aws_PortraitE_01.png
-- Up-to-date symlink: /home/moonlab/ros2_ws/install/turtlebot3_simulation/share/turtlebot3_simulation//models/aws_robomaker_residential_PortraitE_02/materials/textures/aws_PortraitE_02.png
-- Up-to-date symlink: /home/moonlab/ros2_ws/install/turtlebot3_simulation/share/turtlebot3_simulation//models/aws_robomaker_residential_PortraitE_02/meshes/aws_PortraitE_01_collision.DAE
-- Up-to-date symlink: /home/moonlab/ros2_ws/install/turtlebot3_simulation/share/turtlebot3_simulation//models/aws_robomaker_residential_PortraitE_02/meshes/aws_PortraitE_01_visual.DAE
-- Up-to-date symlink: /home/moonlab/ros2_ws/install/turtlebot3_simulation/share/turtlebot3_simulation//models/aws_robomaker_residential_PortraitE_02/model.config
-- Up-to-date symlink: /home/moonlab/ros2_ws/install/turtlebot3_simulation/share/turtlebot3_simulation//models/aws_robomaker_residential_PortraitE_02/model.sdf
-- Up-to-date symlink: /home/moonlab/ros2_ws/install/turtlebot3_simulation/share/turtlebot3_simulation//models/aws_robomaker_residential_Quilt_01/materials/textures/aws_Quilt_01.png
-- Up-to-date symlink: /home/moonlab/ros2_ws/install/turtlebot3_simulation/share/turtlebot3_simulation//models/aws_robomaker_residential_Quilt_01/meshes/aws_Quilt_01_collision.DAE
-- Up-to-date symlink: /home/moonlab/ros2_ws/install/turtlebot3_simulation/share/turtlebot3_simulation//models/aws_robomaker_residential_Quilt_01/meshes/aws_Quilt_01_visual.DAE
-- Up-to-date symlink: /home/moonlab/ros2_ws/install/turtlebot3_simulation/share/turtlebot3_simulation//models/aws_robomaker_residential_Quilt_01/model.config
-- Up-to-date symlink: /home/moonlab/ros2_ws/install/turtlebot3_simulation/share/turtlebot3_simulation//models/aws_robomaker_residential_Quilt_01/model.sdf
-- Up-to-date symlink: /home/moonlab/ros2_ws/install/turtlebot3_simulation/share/turtlebot3_simulation//models/aws_robomaker_residential_Rangehood_01/materials/textures/aws_Rangehood_01.png
-- Up-to-date symlink: /home/moonlab/ros2_ws/install/turtlebot3_simulation/share/turtlebot3_simulation//models/aws_robomaker_residential_Rangehood_01/meshes/aws_Rangehood_01_collision.DAE
-- Up-to-date symlink: /home/moonlab/ros2_ws/install/turtlebot3_simulation/share/turtlebot3_simulation//models/aws_robomaker_residential_Rangehood_01/meshes/aws_Rangehood_01_visual.DAE
-- Up-to-date symlink: /home/moonlab/ros2_ws/install/turtlebot3_simulation/share/turtlebot3_simulation//models/aws_robomaker_residential_Rangehood_01/model.config
-- Up-to-date symlink: /home/moonlab/ros2_ws/install/turtlebot3_simulation/share/turtlebot3_simulation//models/aws_robomaker_residential_Rangehood_01/model.sdf
-- Up-to-date symlink: /home/moonlab/ros2_ws/install/turtlebot3_simulation/share/turtlebot3_simulation//models/aws_robomaker_residential_ReadingDesk_01/materials/textures/aws_ReadingDesk_01.png
-- Up-to-date symlink: /home/moonlab/ros2_ws/install/turtlebot3_simulation/share/turtlebot3_simulation//models/aws_robomaker_residential_ReadingDesk_01/meshes/aws_ReadingDesk_01_collision.DAE
-- Up-to-date symlink: /home/moonlab/ros2_ws/install/turtlebot3_simulation/share/turtlebot3_simulation//models/aws_robomaker_residential_ReadingDesk_01/meshes/aws_ReadingDesk_01_visual.DAE
-- Up-to-date symlink: /home/moonlab/ros2_ws/install/turtlebot3_simulation/share/turtlebot3_simulation//models/aws_robomaker_residential_ReadingDesk_01/model.config
-- Up-to-date symlink: /home/moonlab/ros2_ws/install/turtlebot3_simulation/share/turtlebot3_simulation//models/aws_robomaker_residential_ReadingDesk_01/model.sdf
-- Up-to-date symlink: /home/moonlab/ros2_ws/install/turtlebot3_simulation/share/turtlebot3_simulation//models/aws_robomaker_residential_Refrigerator_01/materials/textures/aws_Refrigerator_01.png
-- Up-to-date symlink: /home/moonlab/ros2_ws/install/turtlebot3_simulation/share/turtlebot3_simulation//models/aws_robomaker_residential_Refrigerator_01/materials/textures/aws_Refrigerator_02.png
-- Up-to-date symlink: /home/moonlab/ros2_ws/install/turtlebot3_simulation/share/turtlebot3_simulation//models/aws_robomaker_residential_Refrigerator_01/meshes/aws_Refrigerator_01.DAE
-- Up-to-date symlink: /home/moonlab/ros2_ws/install/turtlebot3_simulation/share/turtlebot3_simulation//models/aws_robomaker_residential_Refrigerator_01/meshes/aws_Refrigerator_01_collision.DAE
-- Up-to-date symlink: /home/moonlab/ros2_ws/install/turtlebot3_simulation/share/turtlebot3_simulation//models/aws_robomaker_residential_Refrigerator_01/meshes/aws_Refrigerator_01_visual.DAE
-- Up-to-date symlink: /home/moonlab/ros2_ws/install/turtlebot3_simulation/share/turtlebot3_simulation//models/aws_robomaker_residential_Refrigerator_01/model.config
-- Up-to-date symlink: /home/moonlab/ros2_ws/install/turtlebot3_simulation/share/turtlebot3_simulation//models/aws_robomaker_residential_Refrigerator_01/model.sdf
-- Up-to-date symlink: /home/moonlab/ros2_ws/install/turtlebot3_simulation/share/turtlebot3_simulation//models/aws_robomaker_residential_RoomCeiling_01/materials/textures/aws_RoomCeiling_01.png
-- Up-to-date symlink: /home/moonlab/ros2_ws/install/turtlebot3_simulation/share/turtlebot3_simulation//models/aws_robomaker_residential_RoomCeiling_01/meshes/aws_RoomCeiling_01_collision.DAE
-- Up-to-date symlink: /home/moonlab/ros2_ws/install/turtlebot3_simulation/share/turtlebot3_simulation//models/aws_robomaker_residential_RoomCeiling_01/meshes/aws_RoomCeiling_01_visual.DAE
-- Up-to-date symlink: /home/moonlab/ros2_ws/install/turtlebot3_simulation/share/turtlebot3_simulation//models/aws_robomaker_residential_RoomCeiling_01/model.config
-- Up-to-date symlink: /home/moonlab/ros2_ws/install/turtlebot3_simulation/share/turtlebot3_simulation//models/aws_robomaker_residential_RoomCeiling_01/model.sdf
-- Up-to-date symlink: /home/moonlab/ros2_ws/install/turtlebot3_simulation/share/turtlebot3_simulation//models/aws_robomaker_residential_RoomWall_01/materials/textures/aws_RoomWall_01.png
-- Up-to-date symlink: /home/moonlab/ros2_ws/install/turtlebot3_simulation/share/turtlebot3_simulation//models/aws_robomaker_residential_RoomWall_01/meshes/aws_RoomWall_01_collision.DAE
-- Up-to-date symlink: /home/moonlab/ros2_ws/install/turtlebot3_simulation/share/turtlebot3_simulation//models/aws_robomaker_residential_RoomWall_01/meshes/aws_RoomWall_01_visual.DAE
-- Up-to-date symlink: /home/moonlab/ros2_ws/install/turtlebot3_simulation/share/turtlebot3_simulation//models/aws_robomaker_residential_RoomWall_01/model.config
-- Up-to-date symlink: /home/moonlab/ros2_ws/install/turtlebot3_simulation/share/turtlebot3_simulation//models/aws_robomaker_residential_RoomWall_01/model.sdf
-- Up-to-date symlink: /home/moonlab/ros2_ws/install/turtlebot3_simulation/share/turtlebot3_simulation//models/aws_robomaker_residential_RoomWindow_01/materials/textures/aws_RoomWindow_01.png
-- Up-to-date symlink: /home/moonlab/ros2_ws/install/turtlebot3_simulation/share/turtlebot3_simulation//models/aws_robomaker_residential_RoomWindow_01/meshes/aws_RoomWindow_01_collision.DAE
-- Up-to-date symlink: /home/moonlab/ros2_ws/install/turtlebot3_simulation/share/turtlebot3_simulation//models/aws_robomaker_residential_RoomWindow_01/meshes/aws_RoomWindow_01_visual.DAE
-- Up-to-date symlink: /home/moonlab/ros2_ws/install/turtlebot3_simulation/share/turtlebot3_simulation//models/aws_robomaker_residential_RoomWindow_01/model.config
-- Up-to-date symlink: /home/moonlab/ros2_ws/install/turtlebot3_simulation/share/turtlebot3_simulation//models/aws_robomaker_residential_RoomWindow_01/model.sdf
-- Up-to-date symlink: /home/moonlab/ros2_ws/install/turtlebot3_simulation/share/turtlebot3_simulation//models/aws_robomaker_residential_SeasoningBox_01/materials/textures/aws_SeasoningBox_01.png
-- Up-to-date symlink: /home/moonlab/ros2_ws/install/turtlebot3_simulation/share/turtlebot3_simulation//models/aws_robomaker_residential_SeasoningBox_01/meshes/aws_SeasoningBox_01_collision.DAE
-- Up-to-date symlink: /home/moonlab/ros2_ws/install/turtlebot3_simulation/share/turtlebot3_simulation//models/aws_robomaker_residential_SeasoningBox_01/meshes/aws_SeasoningBox_01_visual.DAE
-- Up-to-date symlink: /home/moonlab/ros2_ws/install/turtlebot3_simulation/share/turtlebot3_simulation//models/aws_robomaker_residential_SeasoningBox_01/model.config
-- Up-to-date symlink: /home/moonlab/ros2_ws/install/turtlebot3_simulation/share/turtlebot3_simulation//models/aws_robomaker_residential_SeasoningBox_01/model.sdf
-- Up-to-date symlink: /home/moonlab/ros2_ws/install/turtlebot3_simulation/share/turtlebot3_simulation//models/aws_robomaker_residential_SecurityCamera_01/materials/textures/aws_SecurityCamera_01.png
-- Up-to-date symlink: /home/moonlab/ros2_ws/install/turtlebot3_simulation/share/turtlebot3_simulation//models/aws_robomaker_residential_SecurityCamera_01/meshes/aws_SecurityCamera_01_collision.DAE
-- Up-to-date symlink: /home/moonlab/ros2_ws/install/turtlebot3_simulation/share/turtlebot3_simulation//models/aws_robomaker_residential_SecurityCamera_01/meshes/aws_SecurityCamera_01_visual.DAE
-- Up-to-date symlink: /home/moonlab/ros2_ws/install/turtlebot3_simulation/share/turtlebot3_simulation//models/aws_robomaker_residential_SecurityCamera_01/model.config
-- Up-to-date symlink: /home/moonlab/ros2_ws/install/turtlebot3_simulation/share/turtlebot3_simulation//models/aws_robomaker_residential_SecurityCamera_01/model.sdf
-- Up-to-date symlink: /home/moonlab/ros2_ws/install/turtlebot3_simulation/share/turtlebot3_simulation//models/aws_robomaker_residential_ShoeRack_01/materials/textures/aws_ShoeRack_01.png
-- Up-to-date symlink: /home/moonlab/ros2_ws/install/turtlebot3_simulation/share/turtlebot3_simulation//models/aws_robomaker_residential_ShoeRack_01/meshes/aws_ShoeRack_01_collision.DAE
-- Up-to-date symlink: /home/moonlab/ros2_ws/install/turtlebot3_simulation/share/turtlebot3_simulation//models/aws_robomaker_residential_ShoeRack_01/meshes/aws_ShoeRack_01_visual.DAE
-- Up-to-date symlink: /home/moonlab/ros2_ws/install/turtlebot3_simulation/share/turtlebot3_simulation//models/aws_robomaker_residential_ShoeRack_01/model.config
-- Up-to-date symlink: /home/moonlab/ros2_ws/install/turtlebot3_simulation/share/turtlebot3_simulation//models/aws_robomaker_residential_ShoeRack_01/model.sdf
-- Up-to-date symlink: /home/moonlab/ros2_ws/install/turtlebot3_simulation/share/turtlebot3_simulation//models/aws_robomaker_residential_SofaB_01/materials/textures/aws_SofaB_01.png
-- Up-to-date symlink: /home/moonlab/ros2_ws/install/turtlebot3_simulation/share/turtlebot3_simulation//models/aws_robomaker_residential_SofaB_01/meshes/aws_SofaB_01_collision.DAE
-- Up-to-date symlink: /home/moonlab/ros2_ws/install/turtlebot3_simulation/share/turtlebot3_simulation//models/aws_robomaker_residential_SofaB_01/meshes/aws_SofaB_01_visual.DAE
-- Up-to-date symlink: /home/moonlab/ros2_ws/install/turtlebot3_simulation/share/turtlebot3_simulation//models/aws_robomaker_residential_SofaB_01/model.config
-- Up-to-date symlink: /home/moonlab/ros2_ws/install/turtlebot3_simulation/share/turtlebot3_simulation//models/aws_robomaker_residential_SofaB_01/model.sdf
-- Up-to-date symlink: /home/moonlab/ros2_ws/install/turtlebot3_simulation/share/turtlebot3_simulation//models/aws_robomaker_residential_SofaC_01/materials/textures/aws_SofaC_01.png
-- Up-to-date symlink: /home/moonlab/ros2_ws/install/turtlebot3_simulation/share/turtlebot3_simulation//models/aws_robomaker_residential_SofaC_01/meshes/aws_SofaC_01_collision.DAE
-- Up-to-date symlink: /home/moonlab/ros2_ws/install/turtlebot3_simulation/share/turtlebot3_simulation//models/aws_robomaker_residential_SofaC_01/meshes/aws_SofaC_01_visual.DAE
-- Up-to-date symlink: /home/moonlab/ros2_ws/install/turtlebot3_simulation/share/turtlebot3_simulation//models/aws_robomaker_residential_SofaC_01/model.config
-- Up-to-date symlink: /home/moonlab/ros2_ws/install/turtlebot3_simulation/share/turtlebot3_simulation//models/aws_robomaker_residential_SofaC_01/model.sdf
-- Up-to-date symlink: /home/moonlab/ros2_ws/install/turtlebot3_simulation/share/turtlebot3_simulation//models/aws_robomaker_residential_Sofa_01/materials/textures/aws_Sofa_01.png
-- Up-to-date symlink: /home/moonlab/ros2_ws/install/turtlebot3_simulation/share/turtlebot3_simulation//models/aws_robomaker_residential_Sofa_01/meshes/aws_Sofa_01.DAE
-- Up-to-date symlink: /home/moonlab/ros2_ws/install/turtlebot3_simulation/share/turtlebot3_simulation//models/aws_robomaker_residential_Sofa_01/meshes/aws_Sofa_01_collision.DAE
-- Up-to-date symlink: /home/moonlab/ros2_ws/install/turtlebot3_simulation/share/turtlebot3_simulation//models/aws_robomaker_residential_Sofa_01/meshes/aws_Sofa_01_visual.DAE
-- Up-to-date symlink: /home/moonlab/ros2_ws/install/turtlebot3_simulation/share/turtlebot3_simulation//models/aws_robomaker_residential_Sofa_01/model.config
-- Up-to-date symlink: /home/moonlab/ros2_ws/install/turtlebot3_simulation/share/turtlebot3_simulation//models/aws_robomaker_residential_Sofa_01/model.sdf
-- Up-to-date symlink: /home/moonlab/ros2_ws/install/turtlebot3_simulation/share/turtlebot3_simulation//models/aws_robomaker_residential_TVCabinet_01/materials/textures/aws_TVCabinet_01.png
-- Up-to-date symlink: /home/moonlab/ros2_ws/install/turtlebot3_simulation/share/turtlebot3_simulation//models/aws_robomaker_residential_TVCabinet_01/meshes/aws_TVCabinet_01_collision.DAE
-- Up-to-date symlink: /home/moonlab/ros2_ws/install/turtlebot3_simulation/share/turtlebot3_simulation//models/aws_robomaker_residential_TVCabinet_01/meshes/aws_TVCabinet_01_visual.DAE
-- Up-to-date symlink: /home/moonlab/ros2_ws/install/turtlebot3_simulation/share/turtlebot3_simulation//models/aws_robomaker_residential_TVCabinet_01/model.config
-- Up-to-date symlink: /home/moonlab/ros2_ws/install/turtlebot3_simulation/share/turtlebot3_simulation//models/aws_robomaker_residential_TVCabinet_01/model.sdf
-- Up-to-date symlink: /home/moonlab/ros2_ws/install/turtlebot3_simulation/share/turtlebot3_simulation//models/aws_robomaker_residential_TV_01/materials/textures/aws_TV_01.png
-- Up-to-date symlink: /home/moonlab/ros2_ws/install/turtlebot3_simulation/share/turtlebot3_simulation//models/aws_robomaker_residential_TV_01/meshes/aws_TV_01_collision.DAE
-- Up-to-date symlink: /home/moonlab/ros2_ws/install/turtlebot3_simulation/share/turtlebot3_simulation//models/aws_robomaker_residential_TV_01/meshes/aws_TV_01_visual.DAE
-- Up-to-date symlink: /home/moonlab/ros2_ws/install/turtlebot3_simulation/share/turtlebot3_simulation//models/aws_robomaker_residential_TV_01/model.config
-- Up-to-date symlink: /home/moonlab/ros2_ws/install/turtlebot3_simulation/share/turtlebot3_simulation//models/aws_robomaker_residential_TV_01/model.sdf
-- Up-to-date symlink: /home/moonlab/ros2_ws/install/turtlebot3_simulation/share/turtlebot3_simulation//models/aws_robomaker_residential_TV_02/materials/textures/aws_TV_01.png
-- Up-to-date symlink: /home/moonlab/ros2_ws/install/turtlebot3_simulation/share/turtlebot3_simulation//models/aws_robomaker_residential_TV_02/meshes/aws_TV_01_collision.DAE
-- Up-to-date symlink: /home/moonlab/ros2_ws/install/turtlebot3_simulation/share/turtlebot3_simulation//models/aws_robomaker_residential_TV_02/meshes/aws_TV_01_visual.DAE
-- Up-to-date symlink: /home/moonlab/ros2_ws/install/turtlebot3_simulation/share/turtlebot3_simulation//models/aws_robomaker_residential_TV_02/model.config
-- Up-to-date symlink: /home/moonlab/ros2_ws/install/turtlebot3_simulation/share/turtlebot3_simulation//models/aws_robomaker_residential_TV_02/model.sdf
-- Up-to-date symlink: /home/moonlab/ros2_ws/install/turtlebot3_simulation/share/turtlebot3_simulation//models/aws_robomaker_residential_Tablet_01/.DS_Store
-- Up-to-date symlink: /home/moonlab/ros2_ws/install/turtlebot3_simulation/share/turtlebot3_simulation//models/aws_robomaker_residential_Tablet_01/materials/.DS_Store
-- Up-to-date symlink: /home/moonlab/ros2_ws/install/turtlebot3_simulation/share/turtlebot3_simulation//models/aws_robomaker_residential_Tablet_01/materials/textures/aws_Tablet_01_nologo.png
-- Up-to-date symlink: /home/moonlab/ros2_ws/install/turtlebot3_simulation/share/turtlebot3_simulation//models/aws_robomaker_residential_Tablet_01/meshes/aws_Tablet_01_collision.DAE
-- Up-to-date symlink: /home/moonlab/ros2_ws/install/turtlebot3_simulation/share/turtlebot3_simulation//models/aws_robomaker_residential_Tablet_01/meshes/aws_Tablet_01_visual.DAE
-- Up-to-date symlink: /home/moonlab/ros2_ws/install/turtlebot3_simulation/share/turtlebot3_simulation//models/aws_robomaker_residential_Tablet_01/model.config
-- Up-to-date symlink: /home/moonlab/ros2_ws/install/turtlebot3_simulation/share/turtlebot3_simulation//models/aws_robomaker_residential_Tablet_01/model.sdf
-- Up-to-date symlink: /home/moonlab/ros2_ws/install/turtlebot3_simulation/share/turtlebot3_simulation//models/aws_robomaker_residential_Tableware_01/materials/textures/aws_Tableware_01.png
-- Up-to-date symlink: /home/moonlab/ros2_ws/install/turtlebot3_simulation/share/turtlebot3_simulation//models/aws_robomaker_residential_Tableware_01/meshes/aws_Tableware_01_collision.DAE
-- Up-to-date symlink: /home/moonlab/ros2_ws/install/turtlebot3_simulation/share/turtlebot3_simulation//models/aws_robomaker_residential_Tableware_01/meshes/aws_Tableware_01_visual.DAE
-- Up-to-date symlink: /home/moonlab/ros2_ws/install/turtlebot3_simulation/share/turtlebot3_simulation//models/aws_robomaker_residential_Tableware_01/model.config
-- Up-to-date symlink: /home/moonlab/ros2_ws/install/turtlebot3_simulation/share/turtlebot3_simulation//models/aws_robomaker_residential_Tableware_01/model.sdf
-- Up-to-date symlink: /home/moonlab/ros2_ws/install/turtlebot3_simulation/share/turtlebot3_simulation//models/aws_robomaker_residential_Trash_01/materials/textures/aws_Trash_01.png
-- Up-to-date symlink: /home/moonlab/ros2_ws/install/turtlebot3_simulation/share/turtlebot3_simulation//models/aws_robomaker_residential_Trash_01/meshes/aws_Trash_01_collision.DAE
-- Up-to-date symlink: /home/moonlab/ros2_ws/install/turtlebot3_simulation/share/turtlebot3_simulation//models/aws_robomaker_residential_Trash_01/meshes/aws_Trash_01_visual.DAE
-- Up-to-date symlink: /home/moonlab/ros2_ws/install/turtlebot3_simulation/share/turtlebot3_simulation//models/aws_robomaker_residential_Trash_01/model.config
-- Up-to-date symlink: /home/moonlab/ros2_ws/install/turtlebot3_simulation/share/turtlebot3_simulation//models/aws_robomaker_residential_Trash_01/model.sdf
-- Up-to-date symlink: /home/moonlab/ros2_ws/install/turtlebot3_simulation/share/turtlebot3_simulation//models/aws_robomaker_residential_Vase_01/materials/textures/aws_Vase_01.png
-- Up-to-date symlink: /home/moonlab/ros2_ws/install/turtlebot3_simulation/share/turtlebot3_simulation//models/aws_robomaker_residential_Vase_01/meshes/aws_Vase_01_collision.DAE
-- Up-to-date symlink: /home/moonlab/ros2_ws/install/turtlebot3_simulation/share/turtlebot3_simulation//models/aws_robomaker_residential_Vase_01/meshes/aws_Vase_01_visual.DAE
-- Up-to-date symlink: /home/moonlab/ros2_ws/install/turtlebot3_simulation/share/turtlebot3_simulation//models/aws_robomaker_residential_Vase_01/model.config
-- Up-to-date symlink: /home/moonlab/ros2_ws/install/turtlebot3_simulation/share/turtlebot3_simulation//models/aws_robomaker_residential_Vase_01/model.sdf
-- Up-to-date symlink: /home/moonlab/ros2_ws/install/turtlebot3_simulation/share/turtlebot3_simulation//models/aws_robomaker_residential_Wardrobe_01/materials/textures/aws_Wardrobe_01.png
-- Up-to-date symlink: /home/moonlab/ros2_ws/install/turtlebot3_simulation/share/turtlebot3_simulation//models/aws_robomaker_residential_Wardrobe_01/meshes/aws_Wardrobe_01_collision.DAE
-- Up-to-date symlink: /home/moonlab/ros2_ws/install/turtlebot3_simulation/share/turtlebot3_simulation//models/aws_robomaker_residential_Wardrobe_01/meshes/aws_Wardrobe_01_visual.DAE
-- Up-to-date symlink: /home/moonlab/ros2_ws/install/turtlebot3_simulation/share/turtlebot3_simulation//models/aws_robomaker_residential_Wardrobe_01/model.config
-- Up-to-date symlink: /home/moonlab/ros2_ws/install/turtlebot3_simulation/share/turtlebot3_simulation//models/aws_robomaker_residential_Wardrobe_01/model.sdf
-- Up-to-date symlink: /home/moonlab/ros2_ws/install/turtlebot3_simulation/share/turtlebot3_simulation//models/center_table/model.config
-- Up-to-date symlink: /home/moonlab/ros2_ws/install/turtlebot3_simulation/share/turtlebot3_simulation//models/center_table/model.sdf
-- Up-to-date symlink: /home/moonlab/ros2_ws/install/turtlebot3_simulation/share/turtlebot3_simulation//models/garage_door/model.config
-- Up-to-date symlink: /home/moonlab/ros2_ws/install/turtlebot3_simulation/share/turtlebot3_simulation//models/garage_door/model.sdf
-- Up-to-date symlink: /home/moonlab/ros2_ws/install/turtlebot3_simulation/share/turtlebot3_simulation//models/pallet_box_mobile/meshes/Box_paper_04_1_Base_Color.png
-- Up-to-date symlink: /home/moonlab/ros2_ws/install/turtlebot3_simulation/share/turtlebot3_simulation//models/pallet_box_mobile/meshes/boxes.dae
-- Up-to-date symlink: /home/moonlab/ros2_ws/install/turtlebot3_simulation/share/turtlebot3_simulation//models/pallet_box_mobile/model.config
-- Up-to-date symlink: /home/moonlab/ros2_ws/install/turtlebot3_simulation/share/turtlebot3_simulation//models/pallet_box_mobile/model.sdf
-- Up-to-date symlink: /home/moonlab/ros2_ws/install/turtlebot3_simulation/share/turtlebot3_simulation//models/pallet_box_mobile/thumbnails/1.png
-- Up-to-date symlink: /home/moonlab/ros2_ws/install/turtlebot3_simulation/share/turtlebot3_simulation//models/parallelepiped/model.config
-- Up-to-date symlink: /home/moonlab/ros2_ws/install/turtlebot3_simulation/share/turtlebot3_simulation//models/parallelepiped/model.sdf
-- Up-to-date symlink: /home/moonlab/ros2_ws/install/turtlebot3_simulation/share/turtlebot3_simulation//models/red_toolbox/model.config
-- Up-to-date symlink: /home/moonlab/ros2_ws/install/turtlebot3_simulation/share/turtlebot3_simulation//models/red_toolbox/model.sdf
-- Up-to-date symlink: /home/moonlab/ros2_ws/install/turtlebot3_simulation/share/turtlebot3_simulation//models/shelf/meshes/Box_paper_04_1_Base_Color.png
-- Up-to-date symlink: /home/moonlab/ros2_ws/install/turtlebot3_simulation/share/turtlebot3_simulation//models/shelf/meshes/shelf_big_movai.dae
-- Up-to-date symlink: /home/moonlab/ros2_ws/install/turtlebot3_simulation/share/turtlebot3_simulation//models/shelf/model.config
-- Up-to-date symlink: /home/moonlab/ros2_ws/install/turtlebot3_simulation/share/turtlebot3_simulation//models/shelf/model.sdf
-- Up-to-date symlink: /home/moonlab/ros2_ws/install/turtlebot3_simulation/share/turtlebot3_simulation//models/shelf/thumbnails/1.png
-- Up-to-date symlink: /home/moonlab/ros2_ws/install/turtlebot3_simulation/share/turtlebot3_simulation//models/shelf_big/meshes/Box_paper_04_1_Base_Color.png
-- Up-to-date symlink: /home/moonlab/ros2_ws/install/turtlebot3_simulation/share/turtlebot3_simulation//models/shelf_big/meshes/shelf_big_movai.dae
-- Up-to-date symlink: /home/moonlab/ros2_ws/install/turtlebot3_simulation/share/turtlebot3_simulation//models/shelf_big/model.config
-- Up-to-date symlink: /home/moonlab/ros2_ws/install/turtlebot3_simulation/share/turtlebot3_simulation//models/shelf_big/model.sdf
-- Up-to-date symlink: /home/moonlab/ros2_ws/install/turtlebot3_simulation/share/turtlebot3_simulation//models/shelf_big/thumbnails/1.png
-- Up-to-date symlink: /home/moonlab/ros2_ws/install/turtlebot3_simulation/share/turtlebot3_simulation//models/turtlebot3_Burger/meshes/burger_base.stl
-- Up-to-date symlink: /home/moonlab/ros2_ws/install/turtlebot3_simulation/share/turtlebot3_simulation//models/turtlebot3_Burger/meshes/lds.stl
-- Up-to-date symlink: /home/moonlab/ros2_ws/install/turtlebot3_simulation/share/turtlebot3_simulation//models/turtlebot3_Burger/meshes/left_tire.stl
-- Up-to-date symlink: /home/moonlab/ros2_ws/install/turtlebot3_simulation/share/turtlebot3_simulation//models/turtlebot3_Burger/meshes/right_tire.stl
-- Up-to-date symlink: /home/moonlab/ros2_ws/install/turtlebot3_simulation/share/turtlebot3_simulation//models/turtlebot3_Burger/model.config
-- Up-to-date symlink: /home/moonlab/ros2_ws/install/turtlebot3_simulation/share/turtlebot3_simulation//models/turtlebot3_Burger/model.sdf
-- Up-to-date symlink: /home/moonlab/ros2_ws/install/turtlebot3_simulation/share/turtlebot3_simulation//models/turtlebot3_Burger/thumbnails/turtlebot3_burger.jpg
-- Up-to-date symlink: /home/moonlab/ros2_ws/install/turtlebot3_simulation/share/ament_index/resource_index/package_run_dependencies/turtlebot3_simulation
-- Up-to-date symlink: /home/moonlab/ros2_ws/install/turtlebot3_simulation/share/ament_index/resource_index/parent_prefix_path/turtlebot3_simulation
-- Up-to-date symlink: /home/moonlab/ros2_ws/install/turtlebot3_simulation/share/turtlebot3_simulation/environment/ament_prefix_path.sh
-- Up-to-date symlink: /home/moonlab/ros2_ws/install/turtlebot3_simulation/share/turtlebot3_simulation/environment/ament_prefix_path.dsv
-- Up-to-date symlink: /home/moonlab/ros2_ws/install/turtlebot3_simulation/share/turtlebot3_simulation/environment/path.sh
-- Up-to-date symlink: /home/moonlab/ros2_ws/install/turtlebot3_simulation/share/turtlebot3_simulation/environment/path.dsv
-- Up-to-date symlink: /home/moonlab/ros2_ws/install/turtlebot3_simulation/share/turtlebot3_simulation/local_setup.bash
-- Up-to-date symlink: /home/moonlab/ros2_ws/install/turtlebot3_simulation/share/turtlebot3_simulation/local_setup.sh
-- Up-to-date symlink: /home/moonlab/ros2_ws/install/turtlebot3_simulation/share/turtlebot3_simulation/local_setup.zsh
-- Up-to-date symlink: /home/moonlab/ros2_ws/install/turtlebot3_simulation/share/turtlebot3_simulation/local_setup.dsv
-- Symlinking: /home/moonlab/ros2_ws/install/turtlebot3_simulation/share/turtlebot3_simulation/package.dsv
-- Up-to-date symlink: /home/moonlab/ros2_ws/install/turtlebot3_simulation/share/ament_index/resource_index/packages/turtlebot3_simulation
-- Up-to-date symlink: /home/moonlab/ros2_ws/install/turtlebot3_simulation/share/turtlebot3_simulation/cmake/turtlebot3_simulationConfig.cmake
-- Up-to-date symlink: /home/moonlab/ros2_ws/install/turtlebot3_simulation/share/turtlebot3_simulation/cmake/turtlebot3_simulationConfig-version.cmake
-- Up-to-date symlink: /home/moonlab/ros2_ws/install/turtlebot3_simulation/share/turtlebot3_simulation/package.xml
