[0.056s] DEBUG:colcon:Command line arguments: ['/usr/bin/colcon', 'build', '--packages-select', 'my_sim_tesi_gazebo']
[0.056s] DEBUG:colcon:Parsed command line arguments: Namespace(log_base=None, log_level=None, verb_name='build', build_base='build', install_base='install', merge_install=False, symlink_install=False, test_result_base=None, continue_on_error=False, executor='parallel', parallel_workers=24, event_handlers=None, ignore_user_meta=False, metas=['./colcon.meta'], base_paths=['.'], packages_ignore=None, packages_ignore_regex=None, paths=None, packages_up_to=None, packages_up_to_regex=None, packages_above=None, packages_above_and_dependencies=None, packages_above_depth=None, packages_select_by_dep=None, packages_skip_by_dep=None, packages_skip_up_to=None, packages_select_build_failed=False, packages_skip_build_finished=False, packages_select_test_failures=False, packages_skip_test_passed=False, packages_select=['my_sim_tesi_gazebo'], packages_skip=None, packages_select_regex=None, packages_skip_regex=None, packages_start=None, packages_end=None, allow_overriding=[], cmake_args=None, cmake_target=None, cmake_target_skip_unavailable=False, cmake_clean_cache=False, cmake_clean_first=False, cmake_force_configure=False, ament_cmake_args=None, catkin_cmake_args=None, catkin_skip_building_tests=False, verb_parser=<colcon_defaults.argument_parser.defaults.DefaultArgumentsDecorator object at 0x731a8fb19570>, verb_extension=<colcon_core.verb.build.BuildVerb object at 0x731a8fb19060>, main=<bound method BuildVerb.main of <colcon_core.verb.build.BuildVerb object at 0x731a8fb19060>>)
[0.148s] Level 1:colcon.colcon_core.package_discovery:discover_packages(colcon_meta) check parameters
[0.148s] Level 1:colcon.colcon_core.package_discovery:discover_packages(recursive) check parameters
[0.148s] Level 1:colcon.colcon_core.package_discovery:discover_packages(ignore) check parameters
[0.148s] Level 1:colcon.colcon_core.package_discovery:discover_packages(path) check parameters
[0.148s] Level 1:colcon.colcon_core.package_discovery:discover_packages(colcon_meta) discover
[0.148s] Level 1:colcon.colcon_core.package_discovery:discover_packages(recursive) discover
[0.148s] INFO:colcon.colcon_core.package_discovery:Crawling recursively for packages in '/home/moonlab/ros2_ws'
[0.148s] Level 1:colcon.colcon_core.package_identification:_identify(.) by extensions ['ignore', 'ignore_ament_install']
[0.148s] Level 1:colcon.colcon_core.package_identification:_identify(.) by extension 'ignore'
[0.148s] Level 1:colcon.colcon_core.package_identification:_identify(.) by extension 'ignore_ament_install'
[0.148s] Level 1:colcon.colcon_core.package_identification:_identify(.) by extensions ['colcon_pkg']
[0.148s] Level 1:colcon.colcon_core.package_identification:_identify(.) by extension 'colcon_pkg'
[0.148s] Level 1:colcon.colcon_core.package_identification:_identify(.) by extensions ['colcon_meta']
[0.148s] Level 1:colcon.colcon_core.package_identification:_identify(.) by extension 'colcon_meta'
[0.148s] Level 1:colcon.colcon_core.package_identification:_identify(.) by extensions ['ros']
[0.148s] Level 1:colcon.colcon_core.package_identification:_identify(.) by extension 'ros'
[0.154s] Level 1:colcon.colcon_core.package_identification:_identify(.) by extensions ['cmake', 'python']
[0.154s] Level 1:colcon.colcon_core.package_identification:_identify(.) by extension 'cmake'
[0.154s] Level 1:colcon.colcon_core.package_identification:_identify(.) by extension 'python'
[0.154s] Level 1:colcon.colcon_core.package_identification:_identify(.) by extensions ['python_setup_py']
[0.154s] Level 1:colcon.colcon_core.package_identification:_identify(.) by extension 'python_setup_py'
[0.154s] Level 1:colcon.colcon_core.package_identification:_identify(build) by extensions ['ignore', 'ignore_ament_install']
[0.154s] Level 1:colcon.colcon_core.package_identification:_identify(build) by extension 'ignore'
[0.154s] Level 1:colcon.colcon_core.package_identification:_identify(build) ignored
[0.155s] Level 1:colcon.colcon_core.package_identification:_identify(install) by extensions ['ignore', 'ignore_ament_install']
[0.155s] Level 1:colcon.colcon_core.package_identification:_identify(install) by extension 'ignore'
[0.155s] Level 1:colcon.colcon_core.package_identification:_identify(install) ignored
[0.155s] Level 1:colcon.colcon_core.package_identification:_identify(log) by extensions ['ignore', 'ignore_ament_install']
[0.155s] Level 1:colcon.colcon_core.package_identification:_identify(log) by extension 'ignore'
[0.155s] Level 1:colcon.colcon_core.package_identification:_identify(log) ignored
[0.155s] Level 1:colcon.colcon_core.package_identification:_identify(src) by extensions ['ignore', 'ignore_ament_install']
[0.155s] Level 1:colcon.colcon_core.package_identification:_identify(src) by extension 'ignore'
[0.155s] Level 1:colcon.colcon_core.package_identification:_identify(src) by extension 'ignore_ament_install'
[0.155s] Level 1:colcon.colcon_core.package_identification:_identify(src) by extensions ['colcon_pkg']
[0.155s] Level 1:colcon.colcon_core.package_identification:_identify(src) by extension 'colcon_pkg'
[0.155s] Level 1:colcon.colcon_core.package_identification:_identify(src) by extensions ['colcon_meta']
[0.155s] Level 1:colcon.colcon_core.package_identification:_identify(src) by extension 'colcon_meta'
[0.155s] Level 1:colcon.colcon_core.package_identification:_identify(src) by extensions ['ros']
[0.155s] Level 1:colcon.colcon_core.package_identification:_identify(src) by extension 'ros'
[0.155s] Level 1:colcon.colcon_core.package_identification:_identify(src) by extensions ['cmake', 'python']
[0.155s] Level 1:colcon.colcon_core.package_identification:_identify(src) by extension 'cmake'
[0.155s] Level 1:colcon.colcon_core.package_identification:_identify(src) by extension 'python'
[0.155s] Level 1:colcon.colcon_core.package_identification:_identify(src) by extensions ['python_setup_py']
[0.155s] Level 1:colcon.colcon_core.package_identification:_identify(src) by extension 'python_setup_py'
[0.155s] Level 1:colcon.colcon_core.package_identification:_identify(src/ros2_ignition_thesis) by extensions ['ignore', 'ignore_ament_install']
[0.155s] Level 1:colcon.colcon_core.package_identification:_identify(src/ros2_ignition_thesis) by extension 'ignore'
[0.155s] Level 1:colcon.colcon_core.package_identification:_identify(src/ros2_ignition_thesis) by extension 'ignore_ament_install'
[0.155s] Level 1:colcon.colcon_core.package_identification:_identify(src/ros2_ignition_thesis) by extensions ['colcon_pkg']
[0.155s] Level 1:colcon.colcon_core.package_identification:_identify(src/ros2_ignition_thesis) by extension 'colcon_pkg'
[0.155s] Level 1:colcon.colcon_core.package_identification:_identify(src/ros2_ignition_thesis) by extensions ['colcon_meta']
[0.155s] Level 1:colcon.colcon_core.package_identification:_identify(src/ros2_ignition_thesis) by extension 'colcon_meta'
[0.155s] Level 1:colcon.colcon_core.package_identification:_identify(src/ros2_ignition_thesis) by extensions ['ros']
[0.155s] Level 1:colcon.colcon_core.package_identification:_identify(src/ros2_ignition_thesis) by extension 'ros'
[0.155s] Level 1:colcon.colcon_core.package_identification:_identify(src/ros2_ignition_thesis) by extensions ['cmake', 'python']
[0.155s] Level 1:colcon.colcon_core.package_identification:_identify(src/ros2_ignition_thesis) by extension 'cmake'
[0.155s] Level 1:colcon.colcon_core.package_identification:_identify(src/ros2_ignition_thesis) by extension 'python'
[0.155s] Level 1:colcon.colcon_core.package_identification:_identify(src/ros2_ignition_thesis) by extensions ['python_setup_py']
[0.155s] Level 1:colcon.colcon_core.package_identification:_identify(src/ros2_ignition_thesis) by extension 'python_setup_py'
[0.155s] Level 1:colcon.colcon_core.package_identification:_identify(src/ros2_ignition_thesis/img) by extensions ['ignore', 'ignore_ament_install']
[0.155s] Level 1:colcon.colcon_core.package_identification:_identify(src/ros2_ignition_thesis/img) by extension 'ignore'
[0.155s] Level 1:colcon.colcon_core.package_identification:_identify(src/ros2_ignition_thesis/img) by extension 'ignore_ament_install'
[0.155s] Level 1:colcon.colcon_core.package_identification:_identify(src/ros2_ignition_thesis/img) by extensions ['colcon_pkg']
[0.155s] Level 1:colcon.colcon_core.package_identification:_identify(src/ros2_ignition_thesis/img) by extension 'colcon_pkg'
[0.155s] Level 1:colcon.colcon_core.package_identification:_identify(src/ros2_ignition_thesis/img) by extensions ['colcon_meta']
[0.155s] Level 1:colcon.colcon_core.package_identification:_identify(src/ros2_ignition_thesis/img) by extension 'colcon_meta'
[0.155s] Level 1:colcon.colcon_core.package_identification:_identify(src/ros2_ignition_thesis/img) by extensions ['ros']
[0.155s] Level 1:colcon.colcon_core.package_identification:_identify(src/ros2_ignition_thesis/img) by extension 'ros'
[0.155s] Level 1:colcon.colcon_core.package_identification:_identify(src/ros2_ignition_thesis/img) by extensions ['cmake', 'python']
[0.156s] Level 1:colcon.colcon_core.package_identification:_identify(src/ros2_ignition_thesis/img) by extension 'cmake'
[0.156s] Level 1:colcon.colcon_core.package_identification:_identify(src/ros2_ignition_thesis/img) by extension 'python'
[0.156s] Level 1:colcon.colcon_core.package_identification:_identify(src/ros2_ignition_thesis/img) by extensions ['python_setup_py']
[0.156s] Level 1:colcon.colcon_core.package_identification:_identify(src/ros2_ignition_thesis/img) by extension 'python_setup_py'
[0.156s] Level 1:colcon.colcon_core.package_identification:_identify(src/ros2_ignition_thesis/my_sim_tesi_bringup) by extensions ['ignore', 'ignore_ament_install']
[0.156s] Level 1:colcon.colcon_core.package_identification:_identify(src/ros2_ignition_thesis/my_sim_tesi_bringup) by extension 'ignore'
[0.156s] Level 1:colcon.colcon_core.package_identification:_identify(src/ros2_ignition_thesis/my_sim_tesi_bringup) by extension 'ignore_ament_install'
[0.156s] Level 1:colcon.colcon_core.package_identification:_identify(src/ros2_ignition_thesis/my_sim_tesi_bringup) by extensions ['colcon_pkg']
[0.156s] Level 1:colcon.colcon_core.package_identification:_identify(src/ros2_ignition_thesis/my_sim_tesi_bringup) by extension 'colcon_pkg'
[0.156s] Level 1:colcon.colcon_core.package_identification:_identify(src/ros2_ignition_thesis/my_sim_tesi_bringup) by extensions ['colcon_meta']
[0.156s] Level 1:colcon.colcon_core.package_identification:_identify(src/ros2_ignition_thesis/my_sim_tesi_bringup) by extension 'colcon_meta'
[0.156s] Level 1:colcon.colcon_core.package_identification:_identify(src/ros2_ignition_thesis/my_sim_tesi_bringup) by extensions ['ros']
[0.156s] Level 1:colcon.colcon_core.package_identification:_identify(src/ros2_ignition_thesis/my_sim_tesi_bringup) by extension 'ros'
[0.158s] DEBUG:colcon.colcon_core.package_identification:Package 'src/ros2_ignition_thesis/my_sim_tesi_bringup' with type 'ros.ament_cmake' and name 'my_sim_tesi_bringup'
[0.158s] Level 1:colcon.colcon_core.package_identification:_identify(src/ros2_ignition_thesis/my_sim_tesi_gazebo) by extensions ['ignore', 'ignore_ament_install']
[0.158s] Level 1:colcon.colcon_core.package_identification:_identify(src/ros2_ignition_thesis/my_sim_tesi_gazebo) by extension 'ignore'
[0.158s] Level 1:colcon.colcon_core.package_identification:_identify(src/ros2_ignition_thesis/my_sim_tesi_gazebo) by extension 'ignore_ament_install'
[0.158s] Level 1:colcon.colcon_core.package_identification:_identify(src/ros2_ignition_thesis/my_sim_tesi_gazebo) by extensions ['colcon_pkg']
[0.158s] Level 1:colcon.colcon_core.package_identification:_identify(src/ros2_ignition_thesis/my_sim_tesi_gazebo) by extension 'colcon_pkg'
[0.158s] Level 1:colcon.colcon_core.package_identification:_identify(src/ros2_ignition_thesis/my_sim_tesi_gazebo) by extensions ['colcon_meta']
[0.158s] Level 1:colcon.colcon_core.package_identification:_identify(src/ros2_ignition_thesis/my_sim_tesi_gazebo) by extension 'colcon_meta'
[0.158s] Level 1:colcon.colcon_core.package_identification:_identify(src/ros2_ignition_thesis/my_sim_tesi_gazebo) by extensions ['ros']
[0.158s] Level 1:colcon.colcon_core.package_identification:_identify(src/ros2_ignition_thesis/my_sim_tesi_gazebo) by extension 'ros'
[0.159s] DEBUG:colcon.colcon_core.package_identification:Package 'src/ros2_ignition_thesis/my_sim_tesi_gazebo' with type 'ros.ament_cmake' and name 'my_sim_tesi_gazebo'
[0.159s] Level 1:colcon.colcon_core.package_identification:_identify(src/ros2_ignition_thesis/my_sim_tesi_ros2_interfaces) by extensions ['ignore', 'ignore_ament_install']
[0.159s] Level 1:colcon.colcon_core.package_identification:_identify(src/ros2_ignition_thesis/my_sim_tesi_ros2_interfaces) by extension 'ignore'
[0.159s] Level 1:colcon.colcon_core.package_identification:_identify(src/ros2_ignition_thesis/my_sim_tesi_ros2_interfaces) by extension 'ignore_ament_install'
[0.159s] Level 1:colcon.colcon_core.package_identification:_identify(src/ros2_ignition_thesis/my_sim_tesi_ros2_interfaces) by extensions ['colcon_pkg']
[0.159s] Level 1:colcon.colcon_core.package_identification:_identify(src/ros2_ignition_thesis/my_sim_tesi_ros2_interfaces) by extension 'colcon_pkg'
[0.159s] Level 1:colcon.colcon_core.package_identification:_identify(src/ros2_ignition_thesis/my_sim_tesi_ros2_interfaces) by extensions ['colcon_meta']
[0.159s] Level 1:colcon.colcon_core.package_identification:_identify(src/ros2_ignition_thesis/my_sim_tesi_ros2_interfaces) by extension 'colcon_meta'
[0.159s] Level 1:colcon.colcon_core.package_identification:_identify(src/ros2_ignition_thesis/my_sim_tesi_ros2_interfaces) by extensions ['ros']
[0.159s] Level 1:colcon.colcon_core.package_identification:_identify(src/ros2_ignition_thesis/my_sim_tesi_ros2_interfaces) by extension 'ros'
[0.159s] DEBUG:colcon.colcon_core.package_identification:Package 'src/ros2_ignition_thesis/my_sim_tesi_ros2_interfaces' with type 'ros.ament_cmake' and name 'my_sim_tesi_ros2_interfaces'
[0.159s] Level 1:colcon.colcon_core.package_identification:_identify(src/ros2_ignition_thesis/my_sim_tesi_ros2_nodes) by extensions ['ignore', 'ignore_ament_install']
[0.159s] Level 1:colcon.colcon_core.package_identification:_identify(src/ros2_ignition_thesis/my_sim_tesi_ros2_nodes) by extension 'ignore'
[0.159s] Level 1:colcon.colcon_core.package_identification:_identify(src/ros2_ignition_thesis/my_sim_tesi_ros2_nodes) by extension 'ignore_ament_install'
[0.159s] Level 1:colcon.colcon_core.package_identification:_identify(src/ros2_ignition_thesis/my_sim_tesi_ros2_nodes) by extensions ['colcon_pkg']
[0.159s] Level 1:colcon.colcon_core.package_identification:_identify(src/ros2_ignition_thesis/my_sim_tesi_ros2_nodes) by extension 'colcon_pkg'
[0.159s] Level 1:colcon.colcon_core.package_identification:_identify(src/ros2_ignition_thesis/my_sim_tesi_ros2_nodes) by extensions ['colcon_meta']
[0.159s] Level 1:colcon.colcon_core.package_identification:_identify(src/ros2_ignition_thesis/my_sim_tesi_ros2_nodes) by extension 'colcon_meta'
[0.159s] Level 1:colcon.colcon_core.package_identification:_identify(src/ros2_ignition_thesis/my_sim_tesi_ros2_nodes) by extensions ['ros']
[0.159s] Level 1:colcon.colcon_core.package_identification:_identify(src/ros2_ignition_thesis/my_sim_tesi_ros2_nodes) by extension 'ros'
[0.160s] DEBUG:colcon.colcon_core.package_identification:Package 'src/ros2_ignition_thesis/my_sim_tesi_ros2_nodes' with type 'ros.ament_cmake' and name 'my_sim_tesi_ros2_nodes'
[0.160s] Level 1:colcon.colcon_core.package_discovery:discover_packages(recursive) using defaults
[0.160s] Level 1:colcon.colcon_core.package_discovery:discover_packages(ignore) discover
[0.160s] Level 1:colcon.colcon_core.package_discovery:discover_packages(ignore) using defaults
[0.160s] Level 1:colcon.colcon_core.package_discovery:discover_packages(path) discover
[0.160s] Level 1:colcon.colcon_core.package_discovery:discover_packages(path) using defaults
[0.176s] INFO:colcon.colcon_core.package_selection:Skipping not selected package 'my_sim_tesi_bringup' in 'src/ros2_ignition_thesis/my_sim_tesi_bringup'
[0.176s] INFO:colcon.colcon_core.package_selection:Skipping not selected package 'my_sim_tesi_ros2_interfaces' in 'src/ros2_ignition_thesis/my_sim_tesi_ros2_interfaces'
[0.176s] INFO:colcon.colcon_core.package_selection:Skipping not selected package 'my_sim_tesi_ros2_nodes' in 'src/ros2_ignition_thesis/my_sim_tesi_ros2_nodes'
[0.176s] Level 1:colcon.colcon_core.package_discovery:discover_packages(prefix_path) check parameters
[0.176s] Level 1:colcon.colcon_core.package_discovery:discover_packages(prefix_path) discover
[0.177s] DEBUG:colcon.colcon_installed_package_information.package_discovery:Found 5 installed packages in /home/moonlab/ros2_ws/install
[0.179s] DEBUG:colcon.colcon_installed_package_information.package_discovery:Found 462 installed packages in /opt/ros/humble
[0.180s] Level 1:colcon.colcon_core.package_discovery:discover_packages(prefix_path) using defaults
[0.209s] Level 5:colcon.colcon_core.verb:set package 'my_sim_tesi_gazebo' build argument 'cmake_args' from command line to 'None'
[0.209s] Level 5:colcon.colcon_core.verb:set package 'my_sim_tesi_gazebo' build argument 'cmake_target' from command line to 'None'
[0.209s] Level 5:colcon.colcon_core.verb:set package 'my_sim_tesi_gazebo' build argument 'cmake_target_skip_unavailable' from command line to 'False'
[0.209s] Level 5:colcon.colcon_core.verb:set package 'my_sim_tesi_gazebo' build argument 'cmake_clean_cache' from command line to 'False'
[0.209s] Level 5:colcon.colcon_core.verb:set package 'my_sim_tesi_gazebo' build argument 'cmake_clean_first' from command line to 'False'
[0.209s] Level 5:colcon.colcon_core.verb:set package 'my_sim_tesi_gazebo' build argument 'cmake_force_configure' from command line to 'False'
[0.209s] Level 5:colcon.colcon_core.verb:set package 'my_sim_tesi_gazebo' build argument 'ament_cmake_args' from command line to 'None'
[0.209s] Level 5:colcon.colcon_core.verb:set package 'my_sim_tesi_gazebo' build argument 'catkin_cmake_args' from command line to 'None'
[0.209s] Level 5:colcon.colcon_core.verb:set package 'my_sim_tesi_gazebo' build argument 'catkin_skip_building_tests' from command line to 'False'
[0.209s] DEBUG:colcon.colcon_core.verb:Building package 'my_sim_tesi_gazebo' with the following arguments: {'ament_cmake_args': None, 'build_base': '/home/moonlab/ros2_ws/build/my_sim_tesi_gazebo', 'catkin_cmake_args': None, 'catkin_skip_building_tests': False, 'cmake_args': None, 'cmake_clean_cache': False, 'cmake_clean_first': False, 'cmake_force_configure': False, 'cmake_target': None, 'cmake_target_skip_unavailable': False, 'install_base': '/home/moonlab/ros2_ws/install/my_sim_tesi_gazebo', 'merge_install': False, 'path': '/home/moonlab/ros2_ws/src/ros2_ignition_thesis/my_sim_tesi_gazebo', 'symlink_install': False, 'test_result_base': None}
[0.209s] INFO:colcon.colcon_core.executor:Executing jobs using 'parallel' executor
[0.210s] DEBUG:colcon.colcon_parallel_executor.executor.parallel:run_until_complete
[0.210s] INFO:colcon.colcon_ros.task.ament_cmake.build:Building ROS package in '/home/moonlab/ros2_ws/src/ros2_ignition_thesis/my_sim_tesi_gazebo' with build type 'ament_cmake'
[0.210s] INFO:colcon.colcon_cmake.task.cmake.build:Building CMake package in '/home/moonlab/ros2_ws/src/ros2_ignition_thesis/my_sim_tesi_gazebo'
[0.211s] INFO:colcon.colcon_core.plugin_system:Skipping extension 'colcon_core.shell.bat': Not used on non-Windows systems
[0.211s] INFO:colcon.colcon_core.shell:Skip shell extension 'powershell' for command environment: Not usable outside of PowerShell
[0.211s] DEBUG:colcon.colcon_core.shell:Skip shell extension 'dsv' for command environment
[0.217s] DEBUG:colcon.colcon_core.event_handler.log_command:Invoking command in '/home/moonlab/ros2_ws/build/my_sim_tesi_gazebo': CMAKE_PREFIX_PATH=${CMAKE_PREFIX_PATH}:/opt/ros/humble /usr/bin/cmake --build /home/moonlab/ros2_ws/build/my_sim_tesi_gazebo -- -j24 -l24
[0.244s] DEBUG:colcon.colcon_core.event_handler.log_command:Invoked command in '/home/moonlab/ros2_ws/build/my_sim_tesi_gazebo' returned '0': CMAKE_PREFIX_PATH=${CMAKE_PREFIX_PATH}:/opt/ros/humble /usr/bin/cmake --build /home/moonlab/ros2_ws/build/my_sim_tesi_gazebo -- -j24 -l24
[0.251s] DEBUG:colcon.colcon_core.event_handler.log_command:Invoking command in '/home/moonlab/ros2_ws/build/my_sim_tesi_gazebo': CMAKE_PREFIX_PATH=${CMAKE_PREFIX_PATH}:/opt/ros/humble /usr/bin/cmake --install /home/moonlab/ros2_ws/build/my_sim_tesi_gazebo
[0.305s] Level 1:colcon.colcon_core.environment:create_environment_scripts_only(my_sim_tesi_gazebo)
[0.305s] DEBUG:colcon.colcon_core.event_handler.log_command:Invoked command in '/home/moonlab/ros2_ws/build/my_sim_tesi_gazebo' returned '0': CMAKE_PREFIX_PATH=${CMAKE_PREFIX_PATH}:/opt/ros/humble /usr/bin/cmake --install /home/moonlab/ros2_ws/build/my_sim_tesi_gazebo
[0.306s] Level 1:colcon.colcon_core.environment:checking '/home/moonlab/ros2_ws/install/my_sim_tesi_gazebo' for CMake module files
[0.307s] Level 1:colcon.colcon_core.environment:checking '/home/moonlab/ros2_ws/install/my_sim_tesi_gazebo' for CMake config files
[0.307s] Level 1:colcon.colcon_core.shell:create_environment_hook('my_sim_tesi_gazebo', 'cmake_prefix_path')
[0.307s] INFO:colcon.colcon_core.shell:Creating environment hook '/home/moonlab/ros2_ws/install/my_sim_tesi_gazebo/share/my_sim_tesi_gazebo/hook/cmake_prefix_path.ps1'
[0.308s] INFO:colcon.colcon_core.shell:Creating environment descriptor '/home/moonlab/ros2_ws/install/my_sim_tesi_gazebo/share/my_sim_tesi_gazebo/hook/cmake_prefix_path.dsv'
[0.308s] INFO:colcon.colcon_core.shell:Creating environment hook '/home/moonlab/ros2_ws/install/my_sim_tesi_gazebo/share/my_sim_tesi_gazebo/hook/cmake_prefix_path.sh'
[0.309s] Level 1:colcon.colcon_core.environment:checking '/home/moonlab/ros2_ws/install/my_sim_tesi_gazebo/bin'
[0.309s] Level 1:colcon.colcon_core.environment:checking '/home/moonlab/ros2_ws/install/my_sim_tesi_gazebo/lib/pkgconfig/my_sim_tesi_gazebo.pc'
[0.309s] Level 1:colcon.colcon_core.environment:checking '/home/moonlab/ros2_ws/install/my_sim_tesi_gazebo/lib/python3.10/site-packages'
[0.309s] Level 1:colcon.colcon_core.environment:checking '/home/moonlab/ros2_ws/install/my_sim_tesi_gazebo/bin'
[0.309s] INFO:colcon.colcon_core.shell:Creating package script '/home/moonlab/ros2_ws/install/my_sim_tesi_gazebo/share/my_sim_tesi_gazebo/package.ps1'
[0.310s] INFO:colcon.colcon_core.shell:Creating package descriptor '/home/moonlab/ros2_ws/install/my_sim_tesi_gazebo/share/my_sim_tesi_gazebo/package.dsv'
[0.310s] INFO:colcon.colcon_core.shell:Creating package script '/home/moonlab/ros2_ws/install/my_sim_tesi_gazebo/share/my_sim_tesi_gazebo/package.sh'
[0.310s] INFO:colcon.colcon_core.shell:Creating package script '/home/moonlab/ros2_ws/install/my_sim_tesi_gazebo/share/my_sim_tesi_gazebo/package.bash'
[0.311s] INFO:colcon.colcon_core.shell:Creating package script '/home/moonlab/ros2_ws/install/my_sim_tesi_gazebo/share/my_sim_tesi_gazebo/package.zsh'
[0.311s] Level 1:colcon.colcon_core.environment:create_file_with_runtime_dependencies(/home/moonlab/ros2_ws/install/my_sim_tesi_gazebo/share/colcon-core/packages/my_sim_tesi_gazebo)
[0.311s] Level 1:colcon.colcon_core.environment:create_environment_scripts_only(my_sim_tesi_gazebo)
[0.311s] Level 1:colcon.colcon_core.environment:checking '/home/moonlab/ros2_ws/install/my_sim_tesi_gazebo' for CMake module files
[0.312s] Level 1:colcon.colcon_core.environment:checking '/home/moonlab/ros2_ws/install/my_sim_tesi_gazebo' for CMake config files
[0.312s] Level 1:colcon.colcon_core.shell:create_environment_hook('my_sim_tesi_gazebo', 'cmake_prefix_path')
[0.312s] INFO:colcon.colcon_core.shell:Creating environment hook '/home/moonlab/ros2_ws/install/my_sim_tesi_gazebo/share/my_sim_tesi_gazebo/hook/cmake_prefix_path.ps1'
[0.312s] INFO:colcon.colcon_core.shell:Creating environment descriptor '/home/moonlab/ros2_ws/install/my_sim_tesi_gazebo/share/my_sim_tesi_gazebo/hook/cmake_prefix_path.dsv'
[0.312s] INFO:colcon.colcon_core.shell:Creating environment hook '/home/moonlab/ros2_ws/install/my_sim_tesi_gazebo/share/my_sim_tesi_gazebo/hook/cmake_prefix_path.sh'
[0.313s] Level 1:colcon.colcon_core.environment:checking '/home/moonlab/ros2_ws/install/my_sim_tesi_gazebo/bin'
[0.313s] Level 1:colcon.colcon_core.environment:checking '/home/moonlab/ros2_ws/install/my_sim_tesi_gazebo/lib/pkgconfig/my_sim_tesi_gazebo.pc'
[0.313s] Level 1:colcon.colcon_core.environment:checking '/home/moonlab/ros2_ws/install/my_sim_tesi_gazebo/lib/python3.10/site-packages'
[0.313s] Level 1:colcon.colcon_core.environment:checking '/home/moonlab/ros2_ws/install/my_sim_tesi_gazebo/bin'
[0.313s] INFO:colcon.colcon_core.shell:Creating package script '/home/moonlab/ros2_ws/install/my_sim_tesi_gazebo/share/my_sim_tesi_gazebo/package.ps1'
[0.313s] INFO:colcon.colcon_core.shell:Creating package descriptor '/home/moonlab/ros2_ws/install/my_sim_tesi_gazebo/share/my_sim_tesi_gazebo/package.dsv'
[0.314s] INFO:colcon.colcon_core.shell:Creating package script '/home/moonlab/ros2_ws/install/my_sim_tesi_gazebo/share/my_sim_tesi_gazebo/package.sh'
[0.314s] INFO:colcon.colcon_core.shell:Creating package script '/home/moonlab/ros2_ws/install/my_sim_tesi_gazebo/share/my_sim_tesi_gazebo/package.bash'
[0.314s] INFO:colcon.colcon_core.shell:Creating package script '/home/moonlab/ros2_ws/install/my_sim_tesi_gazebo/share/my_sim_tesi_gazebo/package.zsh'
[0.314s] Level 1:colcon.colcon_core.environment:create_file_with_runtime_dependencies(/home/moonlab/ros2_ws/install/my_sim_tesi_gazebo/share/colcon-core/packages/my_sim_tesi_gazebo)
[0.314s] DEBUG:colcon.colcon_parallel_executor.executor.parallel:closing loop
[0.314s] DEBUG:colcon.colcon_parallel_executor.executor.parallel:loop closed
[0.314s] DEBUG:colcon.colcon_parallel_executor.executor.parallel:run_until_complete finished with '0'
[0.315s] DEBUG:colcon.colcon_core.event_reactor:joining thread
[0.317s] INFO:colcon.colcon_core.plugin_system:Skipping extension 'colcon_notification.desktop_notification.terminal_notifier': Not used on non-Darwin systems
[0.317s] INFO:colcon.colcon_core.plugin_system:Skipping extension 'colcon_notification.desktop_notification.win32': Not used on non-Windows systems
[0.317s] INFO:colcon.colcon_notification.desktop_notification:Sending desktop notification using 'notify2'
[0.322s] DEBUG:colcon.colcon_core.event_reactor:joined thread
[0.322s] INFO:colcon.colcon_core.shell:Creating prefix script '/home/moonlab/ros2_ws/install/local_setup.ps1'
[0.323s] INFO:colcon.colcon_core.shell:Creating prefix util module '/home/moonlab/ros2_ws/install/_local_setup_util_ps1.py'
[0.324s] INFO:colcon.colcon_core.shell:Creating prefix chain script '/home/moonlab/ros2_ws/install/setup.ps1'
[0.324s] INFO:colcon.colcon_core.shell:Creating prefix script '/home/moonlab/ros2_ws/install/local_setup.sh'
[0.324s] INFO:colcon.colcon_core.shell:Creating prefix util module '/home/moonlab/ros2_ws/install/_local_setup_util_sh.py'
[0.325s] INFO:colcon.colcon_core.shell:Creating prefix chain script '/home/moonlab/ros2_ws/install/setup.sh'
[0.325s] INFO:colcon.colcon_core.shell:Creating prefix script '/home/moonlab/ros2_ws/install/local_setup.bash'
[0.326s] INFO:colcon.colcon_core.shell:Creating prefix chain script '/home/moonlab/ros2_ws/install/setup.bash'
[0.327s] INFO:colcon.colcon_core.shell:Creating prefix script '/home/moonlab/ros2_ws/install/local_setup.zsh'
[0.327s] INFO:colcon.colcon_core.shell:Creating prefix chain script '/home/moonlab/ros2_ws/install/setup.zsh'
