[0.053s] DEBUG:colcon:Command line arguments: ['/usr/bin/colcon', 'build', '--packages-select', 'turtlebot3_control', '--symlink-install']
[0.053s] DEBUG:colcon:Parsed command line arguments: Namespace(log_base=None, log_level=None, verb_name='build', build_base='build', install_base='install', merge_install=False, symlink_install=True, test_result_base=None, continue_on_error=False, executor='parallel', parallel_workers=24, event_handlers=None, ignore_user_meta=False, metas=['./colcon.meta'], base_paths=['.'], packages_ignore=None, packages_ignore_regex=None, paths=None, packages_up_to=None, packages_up_to_regex=None, packages_above=None, packages_above_and_dependencies=None, packages_above_depth=None, packages_select_by_dep=None, packages_skip_by_dep=None, packages_skip_up_to=None, packages_select_build_failed=False, packages_skip_build_finished=False, packages_select_test_failures=False, packages_skip_test_passed=False, packages_select=['turtlebot3_control'], packages_skip=None, packages_select_regex=None, packages_skip_regex=None, packages_start=None, packages_end=None, allow_overriding=[], cmake_args=None, cmake_target=None, cmake_target_skip_unavailable=False, cmake_clean_cache=False, cmake_clean_first=False, cmake_force_configure=False, ament_cmake_args=None, catkin_cmake_args=None, catkin_skip_building_tests=False, verb_parser=<colcon_defaults.argument_parser.defaults.DefaultArgumentsDecorator object at 0x7127fd9ce3b0>, verb_extension=<colcon_core.verb.build.BuildVerb object at 0x7127fd9cdea0>, main=<bound method BuildVerb.main of <colcon_core.verb.build.BuildVerb object at 0x7127fd9cdea0>>)
[0.141s] Level 1:colcon.colcon_core.package_discovery:discover_packages(colcon_meta) check parameters
[0.141s] Level 1:colcon.colcon_core.package_discovery:discover_packages(recursive) check parameters
[0.141s] Level 1:colcon.colcon_core.package_discovery:discover_packages(ignore) check parameters
[0.141s] Level 1:colcon.colcon_core.package_discovery:discover_packages(path) check parameters
[0.141s] Level 1:colcon.colcon_core.package_discovery:discover_packages(colcon_meta) discover
[0.141s] Level 1:colcon.colcon_core.package_discovery:discover_packages(recursive) discover
[0.141s] INFO:colcon.colcon_core.package_discovery:Crawling recursively for packages in '/home/moonlab/ros2_ws'
[0.141s] Level 1:colcon.colcon_core.package_identification:_identify(.) by extensions ['ignore', 'ignore_ament_install']
[0.141s] Level 1:colcon.colcon_core.package_identification:_identify(.) by extension 'ignore'
[0.141s] Level 1:colcon.colcon_core.package_identification:_identify(.) by extension 'ignore_ament_install'
[0.142s] Level 1:colcon.colcon_core.package_identification:_identify(.) by extensions ['colcon_pkg']
[0.142s] Level 1:colcon.colcon_core.package_identification:_identify(.) by extension 'colcon_pkg'
[0.142s] Level 1:colcon.colcon_core.package_identification:_identify(.) by extensions ['colcon_meta']
[0.142s] Level 1:colcon.colcon_core.package_identification:_identify(.) by extension 'colcon_meta'
[0.142s] Level 1:colcon.colcon_core.package_identification:_identify(.) by extensions ['ros']
[0.142s] Level 1:colcon.colcon_core.package_identification:_identify(.) by extension 'ros'
[0.147s] Level 1:colcon.colcon_core.package_identification:_identify(.) by extensions ['cmake', 'python']
[0.148s] Level 1:colcon.colcon_core.package_identification:_identify(.) by extension 'cmake'
[0.148s] Level 1:colcon.colcon_core.package_identification:_identify(.) by extension 'python'
[0.148s] Level 1:colcon.colcon_core.package_identification:_identify(.) by extensions ['python_setup_py']
[0.148s] Level 1:colcon.colcon_core.package_identification:_identify(.) by extension 'python_setup_py'
[0.148s] Level 1:colcon.colcon_core.package_identification:_identify(build) by extensions ['ignore', 'ignore_ament_install']
[0.148s] Level 1:colcon.colcon_core.package_identification:_identify(build) by extension 'ignore'
[0.148s] Level 1:colcon.colcon_core.package_identification:_identify(build) ignored
[0.148s] Level 1:colcon.colcon_core.package_identification:_identify(install) by extensions ['ignore', 'ignore_ament_install']
[0.148s] Level 1:colcon.colcon_core.package_identification:_identify(install) by extension 'ignore'
[0.148s] Level 1:colcon.colcon_core.package_identification:_identify(install) ignored
[0.148s] Level 1:colcon.colcon_core.package_identification:_identify(log) by extensions ['ignore', 'ignore_ament_install']
[0.148s] Level 1:colcon.colcon_core.package_identification:_identify(log) by extension 'ignore'
[0.148s] Level 1:colcon.colcon_core.package_identification:_identify(log) ignored
[0.148s] Level 1:colcon.colcon_core.package_identification:_identify(src) by extensions ['ignore', 'ignore_ament_install']
[0.148s] Level 1:colcon.colcon_core.package_identification:_identify(src) by extension 'ignore'
[0.148s] Level 1:colcon.colcon_core.package_identification:_identify(src) by extension 'ignore_ament_install'
[0.148s] Level 1:colcon.colcon_core.package_identification:_identify(src) by extensions ['colcon_pkg']
[0.148s] Level 1:colcon.colcon_core.package_identification:_identify(src) by extension 'colcon_pkg'
[0.148s] Level 1:colcon.colcon_core.package_identification:_identify(src) by extensions ['colcon_meta']
[0.148s] Level 1:colcon.colcon_core.package_identification:_identify(src) by extension 'colcon_meta'
[0.148s] Level 1:colcon.colcon_core.package_identification:_identify(src) by extensions ['ros']
[0.148s] Level 1:colcon.colcon_core.package_identification:_identify(src) by extension 'ros'
[0.148s] Level 1:colcon.colcon_core.package_identification:_identify(src) by extensions ['cmake', 'python']
[0.148s] Level 1:colcon.colcon_core.package_identification:_identify(src) by extension 'cmake'
[0.148s] Level 1:colcon.colcon_core.package_identification:_identify(src) by extension 'python'
[0.148s] Level 1:colcon.colcon_core.package_identification:_identify(src) by extensions ['python_setup_py']
[0.148s] Level 1:colcon.colcon_core.package_identification:_identify(src) by extension 'python_setup_py'
[0.148s] Level 1:colcon.colcon_core.package_identification:_identify(src/ros2_ignition_thesis) by extensions ['ignore', 'ignore_ament_install']
[0.148s] Level 1:colcon.colcon_core.package_identification:_identify(src/ros2_ignition_thesis) by extension 'ignore'
[0.148s] Level 1:colcon.colcon_core.package_identification:_identify(src/ros2_ignition_thesis) by extension 'ignore_ament_install'
[0.148s] Level 1:colcon.colcon_core.package_identification:_identify(src/ros2_ignition_thesis) by extensions ['colcon_pkg']
[0.148s] Level 1:colcon.colcon_core.package_identification:_identify(src/ros2_ignition_thesis) by extension 'colcon_pkg'
[0.148s] Level 1:colcon.colcon_core.package_identification:_identify(src/ros2_ignition_thesis) by extensions ['colcon_meta']
[0.148s] Level 1:colcon.colcon_core.package_identification:_identify(src/ros2_ignition_thesis) by extension 'colcon_meta'
[0.148s] Level 1:colcon.colcon_core.package_identification:_identify(src/ros2_ignition_thesis) by extensions ['ros']
[0.148s] Level 1:colcon.colcon_core.package_identification:_identify(src/ros2_ignition_thesis) by extension 'ros'
[0.148s] Level 1:colcon.colcon_core.package_identification:_identify(src/ros2_ignition_thesis) by extensions ['cmake', 'python']
[0.148s] Level 1:colcon.colcon_core.package_identification:_identify(src/ros2_ignition_thesis) by extension 'cmake'
[0.148s] Level 1:colcon.colcon_core.package_identification:_identify(src/ros2_ignition_thesis) by extension 'python'
[0.148s] Level 1:colcon.colcon_core.package_identification:_identify(src/ros2_ignition_thesis) by extensions ['python_setup_py']
[0.148s] Level 1:colcon.colcon_core.package_identification:_identify(src/ros2_ignition_thesis) by extension 'python_setup_py'
[0.148s] Level 1:colcon.colcon_core.package_identification:_identify(src/ros2_ignition_thesis/img) by extensions ['ignore', 'ignore_ament_install']
[0.149s] Level 1:colcon.colcon_core.package_identification:_identify(src/ros2_ignition_thesis/img) by extension 'ignore'
[0.149s] Level 1:colcon.colcon_core.package_identification:_identify(src/ros2_ignition_thesis/img) by extension 'ignore_ament_install'
[0.149s] Level 1:colcon.colcon_core.package_identification:_identify(src/ros2_ignition_thesis/img) by extensions ['colcon_pkg']
[0.149s] Level 1:colcon.colcon_core.package_identification:_identify(src/ros2_ignition_thesis/img) by extension 'colcon_pkg'
[0.149s] Level 1:colcon.colcon_core.package_identification:_identify(src/ros2_ignition_thesis/img) by extensions ['colcon_meta']
[0.149s] Level 1:colcon.colcon_core.package_identification:_identify(src/ros2_ignition_thesis/img) by extension 'colcon_meta'
[0.149s] Level 1:colcon.colcon_core.package_identification:_identify(src/ros2_ignition_thesis/img) by extensions ['ros']
[0.149s] Level 1:colcon.colcon_core.package_identification:_identify(src/ros2_ignition_thesis/img) by extension 'ros'
[0.149s] Level 1:colcon.colcon_core.package_identification:_identify(src/ros2_ignition_thesis/img) by extensions ['cmake', 'python']
[0.149s] Level 1:colcon.colcon_core.package_identification:_identify(src/ros2_ignition_thesis/img) by extension 'cmake'
[0.149s] Level 1:colcon.colcon_core.package_identification:_identify(src/ros2_ignition_thesis/img) by extension 'python'
[0.149s] Level 1:colcon.colcon_core.package_identification:_identify(src/ros2_ignition_thesis/img) by extensions ['python_setup_py']
[0.149s] Level 1:colcon.colcon_core.package_identification:_identify(src/ros2_ignition_thesis/img) by extension 'python_setup_py'
[0.149s] Level 1:colcon.colcon_core.package_identification:_identify(src/ros2_ignition_thesis/my_sim_tesi_bringup) by extensions ['ignore', 'ignore_ament_install']
[0.149s] Level 1:colcon.colcon_core.package_identification:_identify(src/ros2_ignition_thesis/my_sim_tesi_bringup) by extension 'ignore'
[0.149s] Level 1:colcon.colcon_core.package_identification:_identify(src/ros2_ignition_thesis/my_sim_tesi_bringup) by extension 'ignore_ament_install'
[0.149s] Level 1:colcon.colcon_core.package_identification:_identify(src/ros2_ignition_thesis/my_sim_tesi_bringup) by extensions ['colcon_pkg']
[0.149s] Level 1:colcon.colcon_core.package_identification:_identify(src/ros2_ignition_thesis/my_sim_tesi_bringup) by extension 'colcon_pkg'
[0.149s] Level 1:colcon.colcon_core.package_identification:_identify(src/ros2_ignition_thesis/my_sim_tesi_bringup) by extensions ['colcon_meta']
[0.149s] Level 1:colcon.colcon_core.package_identification:_identify(src/ros2_ignition_thesis/my_sim_tesi_bringup) by extension 'colcon_meta'
[0.149s] Level 1:colcon.colcon_core.package_identification:_identify(src/ros2_ignition_thesis/my_sim_tesi_bringup) by extensions ['ros']
[0.149s] Level 1:colcon.colcon_core.package_identification:_identify(src/ros2_ignition_thesis/my_sim_tesi_bringup) by extension 'ros'
[0.151s] DEBUG:colcon.colcon_core.package_identification:Package 'src/ros2_ignition_thesis/my_sim_tesi_bringup' with type 'ros.ament_cmake' and name 'my_sim_tesi_bringup'
[0.151s] Level 1:colcon.colcon_core.package_identification:_identify(src/ros2_ignition_thesis/my_sim_tesi_gazebo) by extensions ['ignore', 'ignore_ament_install']
[0.151s] Level 1:colcon.colcon_core.package_identification:_identify(src/ros2_ignition_thesis/my_sim_tesi_gazebo) by extension 'ignore'
[0.151s] Level 1:colcon.colcon_core.package_identification:_identify(src/ros2_ignition_thesis/my_sim_tesi_gazebo) by extension 'ignore_ament_install'
[0.151s] Level 1:colcon.colcon_core.package_identification:_identify(src/ros2_ignition_thesis/my_sim_tesi_gazebo) by extensions ['colcon_pkg']
[0.151s] Level 1:colcon.colcon_core.package_identification:_identify(src/ros2_ignition_thesis/my_sim_tesi_gazebo) by extension 'colcon_pkg'
[0.151s] Level 1:colcon.colcon_core.package_identification:_identify(src/ros2_ignition_thesis/my_sim_tesi_gazebo) by extensions ['colcon_meta']
[0.151s] Level 1:colcon.colcon_core.package_identification:_identify(src/ros2_ignition_thesis/my_sim_tesi_gazebo) by extension 'colcon_meta'
[0.151s] Level 1:colcon.colcon_core.package_identification:_identify(src/ros2_ignition_thesis/my_sim_tesi_gazebo) by extensions ['ros']
[0.151s] Level 1:colcon.colcon_core.package_identification:_identify(src/ros2_ignition_thesis/my_sim_tesi_gazebo) by extension 'ros'
[0.151s] DEBUG:colcon.colcon_core.package_identification:Package 'src/ros2_ignition_thesis/my_sim_tesi_gazebo' with type 'ros.ament_cmake' and name 'my_sim_tesi_gazebo'
[0.151s] Level 1:colcon.colcon_core.package_identification:_identify(src/ros2_ignition_thesis/my_sim_tesi_ros2_interfaces) by extensions ['ignore', 'ignore_ament_install']
[0.151s] Level 1:colcon.colcon_core.package_identification:_identify(src/ros2_ignition_thesis/my_sim_tesi_ros2_interfaces) by extension 'ignore'
[0.151s] Level 1:colcon.colcon_core.package_identification:_identify(src/ros2_ignition_thesis/my_sim_tesi_ros2_interfaces) by extension 'ignore_ament_install'
[0.151s] Level 1:colcon.colcon_core.package_identification:_identify(src/ros2_ignition_thesis/my_sim_tesi_ros2_interfaces) by extensions ['colcon_pkg']
[0.151s] Level 1:colcon.colcon_core.package_identification:_identify(src/ros2_ignition_thesis/my_sim_tesi_ros2_interfaces) by extension 'colcon_pkg'
[0.151s] Level 1:colcon.colcon_core.package_identification:_identify(src/ros2_ignition_thesis/my_sim_tesi_ros2_interfaces) by extensions ['colcon_meta']
[0.151s] Level 1:colcon.colcon_core.package_identification:_identify(src/ros2_ignition_thesis/my_sim_tesi_ros2_interfaces) by extension 'colcon_meta'
[0.151s] Level 1:colcon.colcon_core.package_identification:_identify(src/ros2_ignition_thesis/my_sim_tesi_ros2_interfaces) by extensions ['ros']
[0.151s] Level 1:colcon.colcon_core.package_identification:_identify(src/ros2_ignition_thesis/my_sim_tesi_ros2_interfaces) by extension 'ros'
[0.152s] DEBUG:colcon.colcon_core.package_identification:Package 'src/ros2_ignition_thesis/my_sim_tesi_ros2_interfaces' with type 'ros.ament_cmake' and name 'my_sim_tesi_ros2_interfaces'
[0.152s] Level 1:colcon.colcon_core.package_identification:_identify(src/ros2_ignition_thesis/my_sim_tesi_ros2_nodes) by extensions ['ignore', 'ignore_ament_install']
[0.152s] Level 1:colcon.colcon_core.package_identification:_identify(src/ros2_ignition_thesis/my_sim_tesi_ros2_nodes) by extension 'ignore'
[0.152s] Level 1:colcon.colcon_core.package_identification:_identify(src/ros2_ignition_thesis/my_sim_tesi_ros2_nodes) by extension 'ignore_ament_install'
[0.152s] Level 1:colcon.colcon_core.package_identification:_identify(src/ros2_ignition_thesis/my_sim_tesi_ros2_nodes) by extensions ['colcon_pkg']
[0.152s] Level 1:colcon.colcon_core.package_identification:_identify(src/ros2_ignition_thesis/my_sim_tesi_ros2_nodes) by extension 'colcon_pkg'
[0.152s] Level 1:colcon.colcon_core.package_identification:_identify(src/ros2_ignition_thesis/my_sim_tesi_ros2_nodes) by extensions ['colcon_meta']
[0.152s] Level 1:colcon.colcon_core.package_identification:_identify(src/ros2_ignition_thesis/my_sim_tesi_ros2_nodes) by extension 'colcon_meta'
[0.152s] Level 1:colcon.colcon_core.package_identification:_identify(src/ros2_ignition_thesis/my_sim_tesi_ros2_nodes) by extensions ['ros']
[0.152s] Level 1:colcon.colcon_core.package_identification:_identify(src/ros2_ignition_thesis/my_sim_tesi_ros2_nodes) by extension 'ros'
[0.153s] DEBUG:colcon.colcon_core.package_identification:Package 'src/ros2_ignition_thesis/my_sim_tesi_ros2_nodes' with type 'ros.ament_cmake' and name 'my_sim_tesi_ros2_nodes'
[0.153s] Level 1:colcon.colcon_core.package_identification:_identify(src/ros2_ignition_thesis/turtlebot3_control) by extensions ['ignore', 'ignore_ament_install']
[0.153s] Level 1:colcon.colcon_core.package_identification:_identify(src/ros2_ignition_thesis/turtlebot3_control) by extension 'ignore'
[0.153s] Level 1:colcon.colcon_core.package_identification:_identify(src/ros2_ignition_thesis/turtlebot3_control) by extension 'ignore_ament_install'
[0.153s] Level 1:colcon.colcon_core.package_identification:_identify(src/ros2_ignition_thesis/turtlebot3_control) by extensions ['colcon_pkg']
[0.153s] Level 1:colcon.colcon_core.package_identification:_identify(src/ros2_ignition_thesis/turtlebot3_control) by extension 'colcon_pkg'
[0.153s] Level 1:colcon.colcon_core.package_identification:_identify(src/ros2_ignition_thesis/turtlebot3_control) by extensions ['colcon_meta']
[0.153s] Level 1:colcon.colcon_core.package_identification:_identify(src/ros2_ignition_thesis/turtlebot3_control) by extension 'colcon_meta'
[0.153s] Level 1:colcon.colcon_core.package_identification:_identify(src/ros2_ignition_thesis/turtlebot3_control) by extensions ['ros']
[0.153s] Level 1:colcon.colcon_core.package_identification:_identify(src/ros2_ignition_thesis/turtlebot3_control) by extension 'ros'
[0.153s] DEBUG:colcon.colcon_core.package_identification:Package 'src/ros2_ignition_thesis/turtlebot3_control' with type 'ros.ament_python' and name 'turtlebot3_control'
[0.153s] Level 1:colcon.colcon_core.package_discovery:discover_packages(recursive) using defaults
[0.153s] Level 1:colcon.colcon_core.package_discovery:discover_packages(ignore) discover
[0.153s] Level 1:colcon.colcon_core.package_discovery:discover_packages(ignore) using defaults
[0.153s] Level 1:colcon.colcon_core.package_discovery:discover_packages(path) discover
[0.153s] Level 1:colcon.colcon_core.package_discovery:discover_packages(path) using defaults
[0.170s] INFO:colcon.colcon_core.package_selection:Skipping not selected package 'my_sim_tesi_bringup' in 'src/ros2_ignition_thesis/my_sim_tesi_bringup'
[0.170s] INFO:colcon.colcon_core.package_selection:Skipping not selected package 'my_sim_tesi_gazebo' in 'src/ros2_ignition_thesis/my_sim_tesi_gazebo'
[0.170s] INFO:colcon.colcon_core.package_selection:Skipping not selected package 'my_sim_tesi_ros2_interfaces' in 'src/ros2_ignition_thesis/my_sim_tesi_ros2_interfaces'
[0.170s] INFO:colcon.colcon_core.package_selection:Skipping not selected package 'my_sim_tesi_ros2_nodes' in 'src/ros2_ignition_thesis/my_sim_tesi_ros2_nodes'
[0.170s] Level 1:colcon.colcon_core.package_discovery:discover_packages(prefix_path) check parameters
[0.170s] Level 1:colcon.colcon_core.package_discovery:discover_packages(prefix_path) discover
[0.170s] WARNING:colcon.colcon_ros.prefix_path.ament:The path '/home/moonlab/ros2_ws/install/turtlebot3_control' in the environment variable AMENT_PREFIX_PATH doesn't exist
[0.171s] DEBUG:colcon.colcon_installed_package_information.package_discovery:Found 6 installed packages in /home/moonlab/ros2_ws/install
[0.172s] DEBUG:colcon.colcon_installed_package_information.package_discovery:Found 462 installed packages in /opt/ros/humble
[0.173s] Level 1:colcon.colcon_core.package_discovery:discover_packages(prefix_path) using defaults
[0.201s] Level 5:colcon.colcon_core.verb:set package 'turtlebot3_control' build argument 'cmake_args' from command line to 'None'
[0.201s] Level 5:colcon.colcon_core.verb:set package 'turtlebot3_control' build argument 'cmake_target' from command line to 'None'
[0.202s] Level 5:colcon.colcon_core.verb:set package 'turtlebot3_control' build argument 'cmake_target_skip_unavailable' from command line to 'False'
[0.202s] Level 5:colcon.colcon_core.verb:set package 'turtlebot3_control' build argument 'cmake_clean_cache' from command line to 'False'
[0.202s] Level 5:colcon.colcon_core.verb:set package 'turtlebot3_control' build argument 'cmake_clean_first' from command line to 'False'
[0.202s] Level 5:colcon.colcon_core.verb:set package 'turtlebot3_control' build argument 'cmake_force_configure' from command line to 'False'
[0.202s] Level 5:colcon.colcon_core.verb:set package 'turtlebot3_control' build argument 'ament_cmake_args' from command line to 'None'
[0.202s] Level 5:colcon.colcon_core.verb:set package 'turtlebot3_control' build argument 'catkin_cmake_args' from command line to 'None'
[0.202s] Level 5:colcon.colcon_core.verb:set package 'turtlebot3_control' build argument 'catkin_skip_building_tests' from command line to 'False'
[0.202s] DEBUG:colcon.colcon_core.verb:Building package 'turtlebot3_control' with the following arguments: {'ament_cmake_args': None, 'build_base': '/home/moonlab/ros2_ws/build/turtlebot3_control', 'catkin_cmake_args': None, 'catkin_skip_building_tests': False, 'cmake_args': None, 'cmake_clean_cache': False, 'cmake_clean_first': False, 'cmake_force_configure': False, 'cmake_target': None, 'cmake_target_skip_unavailable': False, 'install_base': '/home/moonlab/ros2_ws/install/turtlebot3_control', 'merge_install': False, 'path': '/home/moonlab/ros2_ws/src/ros2_ignition_thesis/turtlebot3_control', 'symlink_install': True, 'test_result_base': None}
[0.202s] INFO:colcon.colcon_core.executor:Executing jobs using 'parallel' executor
[0.202s] DEBUG:colcon.colcon_parallel_executor.executor.parallel:run_until_complete
[0.203s] INFO:colcon.colcon_ros.task.ament_python.build:Building ROS package in '/home/moonlab/ros2_ws/src/ros2_ignition_thesis/turtlebot3_control' with build type 'ament_python'
[0.203s] Level 1:colcon.colcon_core.shell:create_environment_hook('turtlebot3_control', 'ament_prefix_path')
[0.204s] INFO:colcon.colcon_core.plugin_system:Skipping extension 'colcon_core.shell.bat': Not used on non-Windows systems
[0.204s] INFO:colcon.colcon_core.shell:Creating environment hook '/home/moonlab/ros2_ws/install/turtlebot3_control/share/turtlebot3_control/hook/ament_prefix_path.ps1'
[0.204s] INFO:colcon.colcon_core.shell:Creating environment descriptor '/home/moonlab/ros2_ws/install/turtlebot3_control/share/turtlebot3_control/hook/ament_prefix_path.dsv'
[0.204s] INFO:colcon.colcon_core.shell:Creating environment hook '/home/moonlab/ros2_ws/install/turtlebot3_control/share/turtlebot3_control/hook/ament_prefix_path.sh'
[0.205s] INFO:colcon.colcon_core.shell:Skip shell extension 'powershell' for command environment: Not usable outside of PowerShell
[0.205s] DEBUG:colcon.colcon_core.shell:Skip shell extension 'dsv' for command environment
[0.341s] INFO:colcon.colcon_core.task.python.build:Building Python package in '/home/moonlab/ros2_ws/src/ros2_ignition_thesis/turtlebot3_control'
[0.341s] INFO:colcon.colcon_core.shell:Skip shell extension 'powershell' for command environment: Not usable outside of PowerShell
[0.341s] DEBUG:colcon.colcon_core.shell:Skip shell extension 'dsv' for command environment
[0.532s] DEBUG:colcon.colcon_core.event_handler.log_command:Invoking command in '/home/moonlab/ros2_ws/build/turtlebot3_control': PYTHONPATH=/home/moonlab/ros2_ws/build/turtlebot3_control/prefix_override:/usr/lib/python3/dist-packages/colcon_core/task/python/colcon_distutils_commands:/home/moonlab/ros2_ws/install/turtlebot3_control/lib/python3.10/site-packages:${PYTHONPATH} /usr/bin/python3 -W ignore:setup.py install is deprecated -W ignore:easy_install command is deprecated setup.py develop --editable --build-directory /home/moonlab/ros2_ws/build/turtlebot3_control/build --no-deps symlink_data
[0.759s] Level 1:colcon.colcon_core.shell:create_environment_hook('turtlebot3_control', 'pythonpath_develop')
[0.759s] INFO:colcon.colcon_core.shell:Creating environment hook '/home/moonlab/ros2_ws/build/turtlebot3_control/share/turtlebot3_control/hook/pythonpath_develop.ps1'
[0.759s] DEBUG:colcon.colcon_core.event_handler.log_command:Invoked command in '/home/moonlab/ros2_ws/build/turtlebot3_control' returned '0': PYTHONPATH=/home/moonlab/ros2_ws/build/turtlebot3_control/prefix_override:/usr/lib/python3/dist-packages/colcon_core/task/python/colcon_distutils_commands:/home/moonlab/ros2_ws/install/turtlebot3_control/lib/python3.10/site-packages:${PYTHONPATH} /usr/bin/python3 -W ignore:setup.py install is deprecated -W ignore:easy_install command is deprecated setup.py develop --editable --build-directory /home/moonlab/ros2_ws/build/turtlebot3_control/build --no-deps symlink_data
[0.760s] INFO:colcon.colcon_core.shell:Creating environment descriptor '/home/moonlab/ros2_ws/build/turtlebot3_control/share/turtlebot3_control/hook/pythonpath_develop.dsv'
[0.760s] INFO:colcon.colcon_core.shell:Creating environment hook '/home/moonlab/ros2_ws/build/turtlebot3_control/share/turtlebot3_control/hook/pythonpath_develop.sh'
[0.761s] Level 1:colcon.colcon_core.environment:checking '/home/moonlab/ros2_ws/install/turtlebot3_control' for CMake module files
[0.762s] Level 1:colcon.colcon_core.environment:checking '/home/moonlab/ros2_ws/install/turtlebot3_control' for CMake config files
[0.762s] Level 1:colcon.colcon_core.environment:checking '/home/moonlab/ros2_ws/install/turtlebot3_control/lib'
[0.762s] Level 1:colcon.colcon_core.environment:checking '/home/moonlab/ros2_ws/install/turtlebot3_control/bin'
[0.762s] Level 1:colcon.colcon_core.environment:checking '/home/moonlab/ros2_ws/install/turtlebot3_control/lib/pkgconfig/turtlebot3_control.pc'
[0.762s] Level 1:colcon.colcon_core.environment:checking '/home/moonlab/ros2_ws/install/turtlebot3_control/lib/python3.10/site-packages'
[0.762s] Level 1:colcon.colcon_core.shell:create_environment_hook('turtlebot3_control', 'pythonpath')
[0.762s] INFO:colcon.colcon_core.shell:Creating environment hook '/home/moonlab/ros2_ws/install/turtlebot3_control/share/turtlebot3_control/hook/pythonpath.ps1'
[0.763s] INFO:colcon.colcon_core.shell:Creating environment descriptor '/home/moonlab/ros2_ws/install/turtlebot3_control/share/turtlebot3_control/hook/pythonpath.dsv'
[0.763s] INFO:colcon.colcon_core.shell:Creating environment hook '/home/moonlab/ros2_ws/install/turtlebot3_control/share/turtlebot3_control/hook/pythonpath.sh'
[0.763s] Level 1:colcon.colcon_core.environment:checking '/home/moonlab/ros2_ws/install/turtlebot3_control/bin'
[0.763s] Level 1:colcon.colcon_core.environment:create_environment_scripts_only(turtlebot3_control)
[0.763s] INFO:colcon.colcon_core.shell:Creating package script '/home/moonlab/ros2_ws/install/turtlebot3_control/share/turtlebot3_control/package.ps1'
[0.764s] INFO:colcon.colcon_core.shell:Creating package descriptor '/home/moonlab/ros2_ws/install/turtlebot3_control/share/turtlebot3_control/package.dsv'
[0.764s] INFO:colcon.colcon_core.shell:Creating package script '/home/moonlab/ros2_ws/install/turtlebot3_control/share/turtlebot3_control/package.sh'
[0.764s] INFO:colcon.colcon_core.shell:Creating package script '/home/moonlab/ros2_ws/install/turtlebot3_control/share/turtlebot3_control/package.bash'
[0.764s] INFO:colcon.colcon_core.shell:Creating package script '/home/moonlab/ros2_ws/install/turtlebot3_control/share/turtlebot3_control/package.zsh'
[0.765s] Level 1:colcon.colcon_core.environment:create_file_with_runtime_dependencies(/home/moonlab/ros2_ws/install/turtlebot3_control/share/colcon-core/packages/turtlebot3_control)
[0.765s] DEBUG:colcon.colcon_parallel_executor.executor.parallel:closing loop
[0.765s] DEBUG:colcon.colcon_parallel_executor.executor.parallel:loop closed
[0.765s] DEBUG:colcon.colcon_parallel_executor.executor.parallel:run_until_complete finished with '0'
[0.765s] DEBUG:colcon.colcon_core.event_reactor:joining thread
[0.768s] INFO:colcon.colcon_core.plugin_system:Skipping extension 'colcon_notification.desktop_notification.terminal_notifier': Not used on non-Darwin systems
[0.768s] INFO:colcon.colcon_core.plugin_system:Skipping extension 'colcon_notification.desktop_notification.win32': Not used on non-Windows systems
[0.768s] INFO:colcon.colcon_notification.desktop_notification:Sending desktop notification using 'notify2'
[0.772s] DEBUG:colcon.colcon_core.event_reactor:joined thread
[0.772s] INFO:colcon.colcon_core.shell:Creating prefix script '/home/moonlab/ros2_ws/install/local_setup.ps1'
[0.773s] INFO:colcon.colcon_core.shell:Creating prefix util module '/home/moonlab/ros2_ws/install/_local_setup_util_ps1.py'
[0.773s] INFO:colcon.colcon_core.shell:Creating prefix chain script '/home/moonlab/ros2_ws/install/setup.ps1'
[0.774s] INFO:colcon.colcon_core.shell:Creating prefix script '/home/moonlab/ros2_ws/install/local_setup.sh'
[0.774s] INFO:colcon.colcon_core.shell:Creating prefix util module '/home/moonlab/ros2_ws/install/_local_setup_util_sh.py'
[0.774s] INFO:colcon.colcon_core.shell:Creating prefix chain script '/home/moonlab/ros2_ws/install/setup.sh'
[0.775s] INFO:colcon.colcon_core.shell:Creating prefix script '/home/moonlab/ros2_ws/install/local_setup.bash'
[0.776s] INFO:colcon.colcon_core.shell:Creating prefix chain script '/home/moonlab/ros2_ws/install/setup.bash'
[0.776s] INFO:colcon.colcon_core.shell:Creating prefix script '/home/moonlab/ros2_ws/install/local_setup.zsh'
[0.777s] INFO:colcon.colcon_core.shell:Creating prefix chain script '/home/moonlab/ros2_ws/install/setup.zsh'
