-- The C compiler identification is GNU 11.4.0
-- The CXX compiler identification is GNU 11.4.0
-- Detecting C compiler ABI info
-- Detecting C compiler ABI info - done
-- Check for working C compiler: /usr/bin/cc - skipped
-- Detecting C compile features
-- Detecting C compile features - done
-- Detecting CXX compiler ABI info
-- Detecting CXX compiler ABI info - done
-- Check for working CXX compiler: /usr/bin/c++ - skipped
-- Detecting CXX compile features
-- Detecting CXX compile features - done
-- Found ament_cmake: 1.3.12 (/opt/ros/humble/share/ament_cmake/cmake)
-- Found Python3: /usr/bin/python3 (found version "3.10.12") found components: Interpreter 
-- Override CMake install command with custom implementation using symlinks instead of copying resources
-- Found my_sim_tesi_ros2_interfaces: 0.0.0 (/home/moonlab/ros2_ws/install/my_sim_tesi_ros2_interfaces/share/my_sim_tesi_ros2_interfaces/cmake)
-- Found rosidl_generator_c: 3.1.7 (/opt/ros/humble/share/rosidl_generator_c/cmake)
-- Found rosidl_adapter: 3.1.7 (/opt/ros/humble/share/rosidl_adapter/cmake)
-- Found rosidl_generator_cpp: 3.1.7 (/opt/ros/humble/share/rosidl_generator_cpp/cmake)
-- Using all available rosidl_typesupport_c: rosidl_typesupport_fastrtps_c;rosidl_typesupport_introspection_c
-- Using all available rosidl_typesupport_cpp: rosidl_typesupport_fastrtps_cpp;rosidl_typesupport_introspection_cpp
-- Found rclcpp: 16.0.15 (/opt/ros/humble/share/rclcpp/cmake)
-- Found rmw_implementation_cmake: 6.1.2 (/opt/ros/humble/share/rmw_implementation_cmake/cmake)
-- Found rmw_fastrtps_cpp: 6.2.9 (/opt/ros/humble/share/rmw_fastrtps_cpp/cmake)
-- Found OpenSSL: /usr/lib/x86_64-linux-gnu/libcrypto.so (found version "3.0.2")  
-- Found FastRTPS: /opt/ros/humble/include  
-- Using RMW implementation 'rmw_fastrtps_cpp' as default
-- Looking for pthread.h
-- Looking for pthread.h - found
-- Performing Test CMAKE_HAVE_LIBC_PTHREAD
-- Performing Test CMAKE_HAVE_LIBC_PTHREAD - Success
-- Found Threads: TRUE  
-- Found rclcpp_action: 16.0.15 (/opt/ros/humble/share/rclcpp_action/cmake)
-- Found nav_msgs: 4.9.0 (/opt/ros/humble/share/nav_msgs/cmake)
-- Found rclcpp_components: 16.0.15 (/opt/ros/humble/share/rclcpp_components/cmake)
-- Found tf2_geometry_msgs: 0.25.16 (/opt/ros/humble/share/tf2_geometry_msgs/cmake)
-- Found eigen3_cmake_module: 0.1.1 (/opt/ros/humble/share/eigen3_cmake_module/cmake)
-- Found Eigen3: TRUE (found version "3.4.0") 
-- Ensuring Eigen3 include directory is part of orocos-kdl CMake target
-- Found sensor_msgs: 4.9.0 (/opt/ros/humble/share/sensor_msgs/cmake)
-- Configuring done
-- Generating done
-- Build files have been written to: /home/moonlab/ros2_ws/build/my_sim_tesi_ros2_nodes
[ 16%] [32mBuilding CXX object CMakeFiles/action_server.dir/src/pose_control_action_server.cpp.o[0m
[ 16%] [32mBuilding CXX object CMakeFiles/action_client.dir/src/pose_control_action_client.cpp.o[0m
[ 41%] [32mBuilding CXX object CMakeFiles/pose_control_action_client.dir/rclcpp_components/node_main_pose_control_action_client.cpp.o[0m
[ 41%] [32mBuilding CXX object CMakeFiles/orchestrator_node.dir/rclcpp_components/node_main_orchestrator_node.cpp.o[0m
[ 41%] [32mBuilding CXX object CMakeFiles/pose_control_action_server.dir/rclcpp_components/node_main_pose_control_action_server.cpp.o[0m
[ 50%] [32mBuilding CXX object CMakeFiles/orchestrator.dir/src/orchestrator_node.cpp.o[0m
[ 58%] [32m[1mLinking CXX executable pose_control_action_client[0m
[ 66%] [32m[1mLinking CXX executable orchestrator_node[0m
[ 75%] [32m[1mLinking CXX executable pose_control_action_server[0m
[ 75%] Built target pose_control_action_server
[ 75%] Built target orchestrator_node
[ 75%] Built target pose_control_action_client
[ 83%] [32m[1mLinking CXX shared library libaction_client.so[0m
[ 83%] Built target action_client
[ 91%] [32m[1mLinking CXX shared library liborchestrator.so[0m
[100%] [32m[1mLinking CXX shared library libaction_server.so[0m
[100%] Built target orchestrator
[100%] Built target action_server
-- Install configuration: ""
-- Execute custom install script
-- Symlinking: /home/moonlab/ros2_ws/install/my_sim_tesi_ros2_nodes/lib/my_sim_tesi_ros2_nodes/pose_control_action_server
-- Symlinking: /home/moonlab/ros2_ws/install/my_sim_tesi_ros2_nodes/lib/my_sim_tesi_ros2_nodes/pose_control_action_client
-- Symlinking: /home/moonlab/ros2_ws/install/my_sim_tesi_ros2_nodes/lib/my_sim_tesi_ros2_nodes/orchestrator_node
-- Symlinking: /home/moonlab/ros2_ws/install/my_sim_tesi_ros2_nodes/lib/libaction_server.so
-- Symlinking: /home/moonlab/ros2_ws/install/my_sim_tesi_ros2_nodes/lib/libaction_client.so
-- Symlinking: /home/moonlab/ros2_ws/install/my_sim_tesi_ros2_nodes/lib/liborchestrator.so
-- Symlinking: /home/moonlab/ros2_ws/install/my_sim_tesi_ros2_nodes/include/my_sim_tesi_ros2_nodes/my_sim_tesi_ros2_nodes/orchestrator_node.hpp
-- Symlinking: /home/moonlab/ros2_ws/install/my_sim_tesi_ros2_nodes/include/my_sim_tesi_ros2_nodes/my_sim_tesi_ros2_nodes/pose_control_action_client.hpp
-- Symlinking: /home/moonlab/ros2_ws/install/my_sim_tesi_ros2_nodes/include/my_sim_tesi_ros2_nodes/my_sim_tesi_ros2_nodes/pose_control_action_server.hpp
-- Symlinking: /home/moonlab/ros2_ws/install/my_sim_tesi_ros2_nodes/share/ament_index/resource_index/package_run_dependencies/my_sim_tesi_ros2_nodes
-- Symlinking: /home/moonlab/ros2_ws/install/my_sim_tesi_ros2_nodes/share/ament_index/resource_index/parent_prefix_path/my_sim_tesi_ros2_nodes
-- Symlinking: /home/moonlab/ros2_ws/install/my_sim_tesi_ros2_nodes/share/my_sim_tesi_ros2_nodes/environment/ament_prefix_path.sh
-- Symlinking: /home/moonlab/ros2_ws/install/my_sim_tesi_ros2_nodes/share/my_sim_tesi_ros2_nodes/environment/ament_prefix_path.dsv
-- Symlinking: /home/moonlab/ros2_ws/install/my_sim_tesi_ros2_nodes/share/my_sim_tesi_ros2_nodes/environment/path.sh
-- Symlinking: /home/moonlab/ros2_ws/install/my_sim_tesi_ros2_nodes/share/my_sim_tesi_ros2_nodes/environment/path.dsv
-- Symlinking: /home/moonlab/ros2_ws/install/my_sim_tesi_ros2_nodes/share/my_sim_tesi_ros2_nodes/local_setup.bash
-- Symlinking: /home/moonlab/ros2_ws/install/my_sim_tesi_ros2_nodes/share/my_sim_tesi_ros2_nodes/local_setup.sh
-- Symlinking: /home/moonlab/ros2_ws/install/my_sim_tesi_ros2_nodes/share/my_sim_tesi_ros2_nodes/local_setup.zsh
-- Symlinking: /home/moonlab/ros2_ws/install/my_sim_tesi_ros2_nodes/share/my_sim_tesi_ros2_nodes/local_setup.dsv
-- Symlinking: /home/moonlab/ros2_ws/install/my_sim_tesi_ros2_nodes/share/my_sim_tesi_ros2_nodes/package.dsv
-- Symlinking: /home/moonlab/ros2_ws/install/my_sim_tesi_ros2_nodes/share/ament_index/resource_index/packages/my_sim_tesi_ros2_nodes
-- Symlinking: /home/moonlab/ros2_ws/install/my_sim_tesi_ros2_nodes/share/ament_index/resource_index/rclcpp_components/my_sim_tesi_ros2_nodes
-- Symlinking: /home/moonlab/ros2_ws/install/my_sim_tesi_ros2_nodes/share/my_sim_tesi_ros2_nodes/cmake/my_sim_tesi_ros2_nodesConfig.cmake
-- Symlinking: /home/moonlab/ros2_ws/install/my_sim_tesi_ros2_nodes/share/my_sim_tesi_ros2_nodes/cmake/my_sim_tesi_ros2_nodesConfig-version.cmake
-- Symlinking: /home/moonlab/ros2_ws/install/my_sim_tesi_ros2_nodes/share/my_sim_tesi_ros2_nodes/package.xml
