[0.013s] Invoking command in '/home/moonlab/ros2_ws/build/my_sim_tesi_gazebo': CMAKE_PREFIX_PATH=${CMAKE_PREFIX_PATH}:/home/moonlab/ros2_ws/install/turtlebot3_control:/opt/ros/humble /usr/bin/cmake --build /home/moonlab/ros2_ws/build/my_sim_tesi_gazebo -- -j24 -l24
[0.155s] Invoked command in '/home/moonlab/ros2_ws/build/my_sim_tesi_gazebo' returned '0': CMAKE_PREFIX_PATH=${CMAKE_PREFIX_PATH}:/home/moonlab/ros2_ws/install/turtlebot3_control:/opt/ros/humble /usr/bin/cmake --build /home/moonlab/ros2_ws/build/my_sim_tesi_gazebo -- -j24 -l24
[0.161s] Invoking command in '/home/moonlab/ros2_ws/build/my_sim_tesi_gazebo': CMAKE_PREFIX_PATH=${CMAKE_PREFIX_PATH}:/home/moonlab/ros2_ws/install/turtlebot3_control:/opt/ros/humble /usr/bin/cmake --install /home/moonlab/ros2_ws/build/my_sim_tesi_gazebo
[0.165s] -- Install configuration: ""
[0.165s] -- Execute custom install script
[0.165s] -- Up-to-date symlink: /home/moonlab/ros2_ws/install/my_sim_tesi_gazebo/share///launch/sim_launch.py
[0.171s] -- Up-to-date symlink: /home/moonlab/ros2_ws/install/my_sim_tesi_gazebo/share//models/Depot/materials/scripts/model.material
[0.171s] -- Up-to-date symlink: /home/moonlab/ros2_ws/install/my_sim_tesi_gazebo/share//models/Depot/materials/textures/BOXSET_Albedo.png
[0.171s] -- Up-to-date symlink: /home/moonlab/ros2_ws/install/my_sim_tesi_gazebo/share//models/Depot/materials/textures/BOXSET_Emissive.png
[0.171s] -- Up-to-date symlink: /home/moonlab/ros2_ws/install/my_sim_tesi_gazebo/share//models/Depot/materials/textures/BOXSET_Metalness.png
[0.171s] -- Up-to-date symlink: /home/moonlab/ros2_ws/install/my_sim_tesi_gazebo/share//models/Depot/materials/textures/BOXSET_Normal.png
[0.171s] -- Up-to-date symlink: /home/moonlab/ros2_ws/install/my_sim_tesi_gazebo/share//models/Depot/materials/textures/BOXSET_Roughness.png
[0.171s] -- Up-to-date symlink: /home/moonlab/ros2_ws/install/my_sim_tesi_gazebo/share//models/Depot/materials/textures/Crates_Crates_BaseColor.png
[0.171s] -- Up-to-date symlink: /home/moonlab/ros2_ws/install/my_sim_tesi_gazebo/share//models/Depot/materials/textures/Crates_Crates_Normal.png
[0.171s] -- Up-to-date symlink: /home/moonlab/ros2_ws/install/my_sim_tesi_gazebo/share//models/Depot/materials/textures/Crates_Crates_Roughness.png
[0.171s] -- Up-to-date symlink: /home/moonlab/ros2_ws/install/my_sim_tesi_gazebo/share//models/Depot/materials/textures/DepotLightmap.png
[0.172s] -- Up-to-date symlink: /home/moonlab/ros2_ws/install/my_sim_tesi_gazebo/share//models/Depot/materials/textures/FANS_Albedo.png
[0.172s] -- Up-to-date symlink: /home/moonlab/ros2_ws/install/my_sim_tesi_gazebo/share//models/Depot/materials/textures/FANS_Metalness.png
[0.172s] -- Up-to-date symlink: /home/moonlab/ros2_ws/install/my_sim_tesi_gazebo/share//models/Depot/materials/textures/FANS_Normal.png
[0.172s] -- Up-to-date symlink: /home/moonlab/ros2_ws/install/my_sim_tesi_gazebo/share//models/Depot/materials/textures/FANS_Roughness.png
[0.172s] -- Up-to-date symlink: /home/moonlab/ros2_ws/install/my_sim_tesi_gazebo/share//models/Depot/materials/textures/FLOOR_Albedo.png
[0.172s] -- Up-to-date symlink: /home/moonlab/ros2_ws/install/my_sim_tesi_gazebo/share//models/Depot/materials/textures/FLOOR_Metalness.png
[0.172s] -- Up-to-date symlink: /home/moonlab/ros2_ws/install/my_sim_tesi_gazebo/share//models/Depot/materials/textures/FLOOR_Normal.png
[0.172s] -- Up-to-date symlink: /home/moonlab/ros2_ws/install/my_sim_tesi_gazebo/share//models/Depot/materials/textures/FLOOR_Roughness.png
[0.172s] -- Up-to-date symlink: /home/moonlab/ros2_ws/install/my_sim_tesi_gazebo/share//models/Depot/materials/textures/FanBack_FanBack_BaseColor.png
[0.172s] -- Up-to-date symlink: /home/moonlab/ros2_ws/install/my_sim_tesi_gazebo/share//models/Depot/materials/textures/FireAlarmPole_Albedo.png
[0.172s] -- Up-to-date symlink: /home/moonlab/ros2_ws/install/my_sim_tesi_gazebo/share//models/Depot/materials/textures/FireAlarmPole_Metalness.png
[0.172s] -- Up-to-date symlink: /home/moonlab/ros2_ws/install/my_sim_tesi_gazebo/share//models/Depot/materials/textures/FireAlarmPole_Normal.png
[0.172s] -- Up-to-date symlink: /home/moonlab/ros2_ws/install/my_sim_tesi_gazebo/share//models/Depot/materials/textures/FireAlarmPole_Roughness.png
[0.172s] -- Up-to-date symlink: /home/moonlab/ros2_ws/install/my_sim_tesi_gazebo/share//models/Depot/materials/textures/FireAlarm_Albedo.png
[0.172s] -- Up-to-date symlink: /home/moonlab/ros2_ws/install/my_sim_tesi_gazebo/share//models/Depot/materials/textures/FireAlarm_Metalness.png
[0.173s] -- Up-to-date symlink: /home/moonlab/ros2_ws/install/my_sim_tesi_gazebo/share//models/Depot/materials/textures/FireAlarm_Normal.png
[0.173s] -- Up-to-date symlink: /home/moonlab/ros2_ws/install/my_sim_tesi_gazebo/share//models/Depot/materials/textures/FireAlarm_Roughness.png
[0.173s] -- Up-to-date symlink: /home/moonlab/ros2_ws/install/my_sim_tesi_gazebo/share//models/Depot/materials/textures/Forklift_Forklift_BaseColor.png
[0.173s] -- Up-to-date symlink: /home/moonlab/ros2_ws/install/my_sim_tesi_gazebo/share//models/Depot/materials/textures/Forklift_Forklift_Metallic.png
[0.173s] -- Up-to-date symlink: /home/moonlab/ros2_ws/install/my_sim_tesi_gazebo/share//models/Depot/materials/textures/Forklift_Forklift_Normal.png
[0.173s] -- Up-to-date symlink: /home/moonlab/ros2_ws/install/my_sim_tesi_gazebo/share//models/Depot/materials/textures/Forklift_Forklift_Roughness.png
[0.173s] -- Up-to-date symlink: /home/moonlab/ros2_ws/install/my_sim_tesi_gazebo/share//models/Depot/materials/textures/INTERCOM_Albedo.png
[0.173s] -- Up-to-date symlink: /home/moonlab/ros2_ws/install/my_sim_tesi_gazebo/share//models/Depot/materials/textures/INTERCOM_Emissive.png
[0.173s] -- Up-to-date symlink: /home/moonlab/ros2_ws/install/my_sim_tesi_gazebo/share//models/Depot/materials/textures/INTERCOM_Metalness.png
[0.173s] -- Up-to-date symlink: /home/moonlab/ros2_ws/install/my_sim_tesi_gazebo/share//models/Depot/materials/textures/INTERCOM_Normal.png
[0.173s] -- Up-to-date symlink: /home/moonlab/ros2_ws/install/my_sim_tesi_gazebo/share//models/Depot/materials/textures/INTERCOM_Roughness.png
[0.173s] -- Up-to-date symlink: /home/moonlab/ros2_ws/install/my_sim_tesi_gazebo/share//models/Depot/materials/textures/PILLERS_Albedo.png
[0.173s] -- Up-to-date symlink: /home/moonlab/ros2_ws/install/my_sim_tesi_gazebo/share//models/Depot/materials/textures/PILLERS_Metalness.png
[0.174s] -- Up-to-date symlink: /home/moonlab/ros2_ws/install/my_sim_tesi_gazebo/share//models/Depot/materials/textures/PILLERS_Normal.png
[0.174s] -- Up-to-date symlink: /home/moonlab/ros2_ws/install/my_sim_tesi_gazebo/share//models/Depot/materials/textures/PILLERS_Roughness.png
[0.174s] -- Up-to-date symlink: /home/moonlab/ros2_ws/install/my_sim_tesi_gazebo/share//models/Depot/materials/textures/Pipes_Albedo.png
[0.174s] -- Up-to-date symlink: /home/moonlab/ros2_ws/install/my_sim_tesi_gazebo/share//models/Depot/materials/textures/Pipes_Metalness.png
[0.174s] -- Up-to-date symlink: /home/moonlab/ros2_ws/install/my_sim_tesi_gazebo/share//models/Depot/materials/textures/Pipes_Normal.png
[0.174s] -- Up-to-date symlink: /home/moonlab/ros2_ws/install/my_sim_tesi_gazebo/share//models/Depot/materials/textures/Pipes_Roughness.png
[0.174s] -- Up-to-date symlink: /home/moonlab/ros2_ws/install/my_sim_tesi_gazebo/share//models/Depot/materials/textures/ROOF_Albedo.png
[0.174s] -- Up-to-date symlink: /home/moonlab/ros2_ws/install/my_sim_tesi_gazebo/share//models/Depot/materials/textures/ROOF_Emissive.png
[0.174s] -- Up-to-date symlink: /home/moonlab/ros2_ws/install/my_sim_tesi_gazebo/share//models/Depot/materials/textures/ROOF_Metalness.png
[0.174s] -- Up-to-date symlink: /home/moonlab/ros2_ws/install/my_sim_tesi_gazebo/share//models/Depot/materials/textures/ROOF_Normal.png
[0.174s] -- Up-to-date symlink: /home/moonlab/ros2_ws/install/my_sim_tesi_gazebo/share//models/Depot/materials/textures/ROOF_Roughness.png
[0.174s] -- Up-to-date symlink: /home/moonlab/ros2_ws/install/my_sim_tesi_gazebo/share//models/Depot/materials/textures/STAIRS_Albedo.png
[0.174s] -- Up-to-date symlink: /home/moonlab/ros2_ws/install/my_sim_tesi_gazebo/share//models/Depot/materials/textures/STAIRS_Metalness.png
[0.174s] -- Up-to-date symlink: /home/moonlab/ros2_ws/install/my_sim_tesi_gazebo/share//models/Depot/materials/textures/STAIRS_Normal.png
[0.174s] -- Up-to-date symlink: /home/moonlab/ros2_ws/install/my_sim_tesi_gazebo/share//models/Depot/materials/textures/STAIRS_Roughness.png
[0.174s] -- Up-to-date symlink: /home/moonlab/ros2_ws/install/my_sim_tesi_gazebo/share//models/Depot/materials/textures/WALLS_Albedo.png
[0.175s] -- Up-to-date symlink: /home/moonlab/ros2_ws/install/my_sim_tesi_gazebo/share//models/Depot/materials/textures/WALLS_Metalness.png
[0.175s] -- Up-to-date symlink: /home/moonlab/ros2_ws/install/my_sim_tesi_gazebo/share//models/Depot/materials/textures/WALLS_Normal.png
[0.175s] -- Up-to-date symlink: /home/moonlab/ros2_ws/install/my_sim_tesi_gazebo/share//models/Depot/materials/textures/WALLS_Roughness.png
[0.175s] -- Up-to-date symlink: /home/moonlab/ros2_ws/install/my_sim_tesi_gazebo/share//models/Depot/materials/textures/Window_WINDOW_BaseColor.png
[0.175s] -- Up-to-date symlink: /home/moonlab/ros2_ws/install/my_sim_tesi_gazebo/share//models/Depot/materials/textures/Window_WINDOW_Metallic.png
[0.175s] -- Up-to-date symlink: /home/moonlab/ros2_ws/install/my_sim_tesi_gazebo/share//models/Depot/materials/textures/Window_WINDOW_Roughness.png
[0.175s] -- Up-to-date symlink: /home/moonlab/ros2_ws/install/my_sim_tesi_gazebo/share//models/Depot/meshes/Crates.dae
[0.175s] -- Up-to-date symlink: /home/moonlab/ros2_ws/install/my_sim_tesi_gazebo/share//models/Depot/meshes/Depot.dae
[0.175s] -- Up-to-date symlink: /home/moonlab/ros2_ws/install/my_sim_tesi_gazebo/share//models/Depot/model.config
[0.175s] -- Up-to-date symlink: /home/moonlab/ros2_ws/install/my_sim_tesi_gazebo/share//models/Depot/model.sdf
[0.175s] -- Up-to-date symlink: /home/moonlab/ros2_ws/install/my_sim_tesi_gazebo/share//models/Depot/thumbnails/0.png
[0.175s] -- Up-to-date symlink: /home/moonlab/ros2_ws/install/my_sim_tesi_gazebo/share//models/Depot/thumbnails/1.png
[0.175s] -- Up-to-date symlink: /home/moonlab/ros2_ws/install/my_sim_tesi_gazebo/share//models/Depot/thumbnails/2.png
[0.175s] -- Up-to-date symlink: /home/moonlab/ros2_ws/install/my_sim_tesi_gazebo/share//models/Depot/thumbnails/3.png
[0.175s] -- Up-to-date symlink: /home/moonlab/ros2_ws/install/my_sim_tesi_gazebo/share//models/Depot/thumbnails/4.png
[0.175s] -- Up-to-date symlink: /home/moonlab/ros2_ws/install/my_sim_tesi_gazebo/share//models/Depot/thumbnails/5.png
[0.176s] -- Up-to-date symlink: /home/moonlab/ros2_ws/install/my_sim_tesi_gazebo/share//models/aws_robomaker_residential_AirconditionerA_01/materials/textures/aws_AirconditionerA_01.png
[0.176s] -- Up-to-date symlink: /home/moonlab/ros2_ws/install/my_sim_tesi_gazebo/share//models/aws_robomaker_residential_AirconditionerA_01/meshes/aws_AirconditionerA_01_collision.DAE
[0.176s] -- Up-to-date symlink: /home/moonlab/ros2_ws/install/my_sim_tesi_gazebo/share//models/aws_robomaker_residential_AirconditionerA_01/meshes/aws_AirconditionerA_01_visual.DAE
[0.176s] -- Up-to-date symlink: /home/moonlab/ros2_ws/install/my_sim_tesi_gazebo/share//models/aws_robomaker_residential_AirconditionerA_01/model.config
[0.176s] -- Up-to-date symlink: /home/moonlab/ros2_ws/install/my_sim_tesi_gazebo/share//models/aws_robomaker_residential_AirconditionerA_01/model.sdf
[0.176s] -- Up-to-date symlink: /home/moonlab/ros2_ws/install/my_sim_tesi_gazebo/share//models/aws_robomaker_residential_AirconditionerB_01/materials/textures/aws_AirconditionerB_01.png
[0.176s] -- Up-to-date symlink: /home/moonlab/ros2_ws/install/my_sim_tesi_gazebo/share//models/aws_robomaker_residential_AirconditionerB_01/meshes/aws_AirconditionerB_01_collision.DAE
[0.176s] -- Up-to-date symlink: /home/moonlab/ros2_ws/install/my_sim_tesi_gazebo/share//models/aws_robomaker_residential_AirconditionerB_01/meshes/aws_AirconditionerB_01_visual.DAE
[0.176s] -- Up-to-date symlink: /home/moonlab/ros2_ws/install/my_sim_tesi_gazebo/share//models/aws_robomaker_residential_AirconditionerB_01/model.config
[0.176s] -- Up-to-date symlink: /home/moonlab/ros2_ws/install/my_sim_tesi_gazebo/share//models/aws_robomaker_residential_AirconditionerB_01/model.sdf
[0.177s] -- Up-to-date symlink: /home/moonlab/ros2_ws/install/my_sim_tesi_gazebo/share//models/aws_robomaker_residential_BalconyTable_01/materials/textures/aws_BalconyTable_01.png
[0.177s] -- Up-to-date symlink: /home/moonlab/ros2_ws/install/my_sim_tesi_gazebo/share//models/aws_robomaker_residential_BalconyTable_01/meshes/aws_BalconyTable_01_collision.DAE
[0.177s] -- Up-to-date symlink: /home/moonlab/ros2_ws/install/my_sim_tesi_gazebo/share//models/aws_robomaker_residential_BalconyTable_01/meshes/aws_BalconyTable_01_visual.DAE
[0.177s] -- Up-to-date symlink: /home/moonlab/ros2_ws/install/my_sim_tesi_gazebo/share//models/aws_robomaker_residential_BalconyTable_01/model.config
[0.177s] -- Up-to-date symlink: /home/moonlab/ros2_ws/install/my_sim_tesi_gazebo/share//models/aws_robomaker_residential_BalconyTable_01/model.sdf
[0.177s] -- Up-to-date symlink: /home/moonlab/ros2_ws/install/my_sim_tesi_gazebo/share//models/aws_robomaker_residential_Ball_01/materials/textures/aws_Ball_01.png
[0.178s] -- Up-to-date symlink: /home/moonlab/ros2_ws/install/my_sim_tesi_gazebo/share//models/aws_robomaker_residential_Ball_01/meshes/aws_Ball_01_collision.DAE
[0.178s] -- Up-to-date symlink: /home/moonlab/ros2_ws/install/my_sim_tesi_gazebo/share//models/aws_robomaker_residential_Ball_01/meshes/aws_Ball_01_visual.DAE
[0.178s] -- Up-to-date symlink: /home/moonlab/ros2_ws/install/my_sim_tesi_gazebo/share//models/aws_robomaker_residential_Ball_01/model.config
[0.178s] -- Up-to-date symlink: /home/moonlab/ros2_ws/install/my_sim_tesi_gazebo/share//models/aws_robomaker_residential_Ball_01/model.sdf
[0.178s] -- Up-to-date symlink: /home/moonlab/ros2_ws/install/my_sim_tesi_gazebo/share//models/aws_robomaker_residential_Bed_01/materials/textures/aws_BedA_01.png
[0.178s] -- Up-to-date symlink: /home/moonlab/ros2_ws/install/my_sim_tesi_gazebo/share//models/aws_robomaker_residential_Bed_01/materials/textures/aws_BedB_01.png
[0.178s] -- Up-to-date symlink: /home/moonlab/ros2_ws/install/my_sim_tesi_gazebo/share//models/aws_robomaker_residential_Bed_01/materials/textures/aws_BedC_01.png
[0.178s] -- Up-to-date symlink: /home/moonlab/ros2_ws/install/my_sim_tesi_gazebo/share//models/aws_robomaker_residential_Bed_01/materials/textures/aws_Bed_01.png
[0.178s] -- Up-to-date symlink: /home/moonlab/ros2_ws/install/my_sim_tesi_gazebo/share//models/aws_robomaker_residential_Bed_01/meshes/aws_Bed_01_collision.DAE
[0.178s] -- Up-to-date symlink: /home/moonlab/ros2_ws/install/my_sim_tesi_gazebo/share//models/aws_robomaker_residential_Bed_01/meshes/aws_Bed_01_visual.DAE
[0.178s] -- Up-to-date symlink: /home/moonlab/ros2_ws/install/my_sim_tesi_gazebo/share//models/aws_robomaker_residential_Bed_01/model.config
[0.178s] -- Up-to-date symlink: /home/moonlab/ros2_ws/install/my_sim_tesi_gazebo/share//models/aws_robomaker_residential_Bed_01/model.sdf
[0.178s] -- Up-to-date symlink: /home/moonlab/ros2_ws/install/my_sim_tesi_gazebo/share//models/aws_robomaker_residential_Board_01/materials/textures/aws_Board_01.png
[0.178s] -- Up-to-date symlink: /home/moonlab/ros2_ws/install/my_sim_tesi_gazebo/share//models/aws_robomaker_residential_Board_01/meshes/aws_Board_01_collision.DAE
[0.178s] -- Up-to-date symlink: /home/moonlab/ros2_ws/install/my_sim_tesi_gazebo/share//models/aws_robomaker_residential_Board_01/meshes/aws_Board_01_visual.DAE
[0.178s] -- Up-to-date symlink: /home/moonlab/ros2_ws/install/my_sim_tesi_gazebo/share//models/aws_robomaker_residential_Board_01/model.config
[0.178s] -- Up-to-date symlink: /home/moonlab/ros2_ws/install/my_sim_tesi_gazebo/share//models/aws_robomaker_residential_Board_01/model.sdf
[0.178s] -- Up-to-date symlink: /home/moonlab/ros2_ws/install/my_sim_tesi_gazebo/share//models/aws_robomaker_residential_Carpet_01/materials/textures/aws_Carpet_01.png
[0.178s] -- Up-to-date symlink: /home/moonlab/ros2_ws/install/my_sim_tesi_gazebo/share//models/aws_robomaker_residential_Carpet_01/meshes/aws_Carpet_01_collision.DAE
[0.178s] -- Up-to-date symlink: /home/moonlab/ros2_ws/install/my_sim_tesi_gazebo/share//models/aws_robomaker_residential_Carpet_01/meshes/aws_Carpet_01_visual.DAE
[0.178s] -- Up-to-date symlink: /home/moonlab/ros2_ws/install/my_sim_tesi_gazebo/share//models/aws_robomaker_residential_Carpet_01/model.config
[0.178s] -- Up-to-date symlink: /home/moonlab/ros2_ws/install/my_sim_tesi_gazebo/share//models/aws_robomaker_residential_Carpet_01/model.sdf
[0.178s] -- Up-to-date symlink: /home/moonlab/ros2_ws/install/my_sim_tesi_gazebo/share//models/aws_robomaker_residential_ChairA_01/materials/textures/aws_ChairA_01.png
[0.179s] -- Up-to-date symlink: /home/moonlab/ros2_ws/install/my_sim_tesi_gazebo/share//models/aws_robomaker_residential_ChairA_01/meshes/aws_ChairA_01_collision.DAE
[0.179s] -- Up-to-date symlink: /home/moonlab/ros2_ws/install/my_sim_tesi_gazebo/share//models/aws_robomaker_residential_ChairA_01/meshes/aws_ChairA_01_visual.DAE
[0.179s] -- Up-to-date symlink: /home/moonlab/ros2_ws/install/my_sim_tesi_gazebo/share//models/aws_robomaker_residential_ChairA_01/model.config
[0.179s] -- Up-to-date symlink: /home/moonlab/ros2_ws/install/my_sim_tesi_gazebo/share//models/aws_robomaker_residential_ChairA_01/model.sdf
[0.179s] -- Up-to-date symlink: /home/moonlab/ros2_ws/install/my_sim_tesi_gazebo/share//models/aws_robomaker_residential_ChairD_01/materials/textures/aws_ChairD_01.png
[0.179s] -- Up-to-date symlink: /home/moonlab/ros2_ws/install/my_sim_tesi_gazebo/share//models/aws_robomaker_residential_ChairD_01/meshes/aws_ChairD_01_collision.DAE
[0.179s] -- Up-to-date symlink: /home/moonlab/ros2_ws/install/my_sim_tesi_gazebo/share//models/aws_robomaker_residential_ChairD_01/meshes/aws_ChairD_01_visual.DAE
[0.179s] -- Up-to-date symlink: /home/moonlab/ros2_ws/install/my_sim_tesi_gazebo/share//models/aws_robomaker_residential_ChairD_01/model.config
[0.179s] -- Up-to-date symlink: /home/moonlab/ros2_ws/install/my_sim_tesi_gazebo/share//models/aws_robomaker_residential_ChairD_01/model.sdf
[0.179s] -- Up-to-date symlink: /home/moonlab/ros2_ws/install/my_sim_tesi_gazebo/share//models/aws_robomaker_residential_Chandelier_01/materials/textures/aws_Chandelier_01.png
[0.179s] -- Up-to-date symlink: /home/moonlab/ros2_ws/install/my_sim_tesi_gazebo/share//models/aws_robomaker_residential_Chandelier_01/meshes/aws_Chandelier_01.DAE
[0.179s] -- Up-to-date symlink: /home/moonlab/ros2_ws/install/my_sim_tesi_gazebo/share//models/aws_robomaker_residential_Chandelier_01/meshes/aws_Chandelier_01_collision.DAE
[0.179s] -- Up-to-date symlink: /home/moonlab/ros2_ws/install/my_sim_tesi_gazebo/share//models/aws_robomaker_residential_Chandelier_01/meshes/aws_Chandelier_01_visual.DAE
[0.179s] -- Up-to-date symlink: /home/moonlab/ros2_ws/install/my_sim_tesi_gazebo/share//models/aws_robomaker_residential_Chandelier_01/model.config
[0.179s] -- Up-to-date symlink: /home/moonlab/ros2_ws/install/my_sim_tesi_gazebo/share//models/aws_robomaker_residential_Chandelier_01/model.sdf
[0.179s] -- Up-to-date symlink: /home/moonlab/ros2_ws/install/my_sim_tesi_gazebo/share//models/aws_robomaker_residential_CoffeeTable_01/materials/textures/aws_CoffeeTable_01.png
[0.179s] -- Up-to-date symlink: /home/moonlab/ros2_ws/install/my_sim_tesi_gazebo/share//models/aws_robomaker_residential_CoffeeTable_01/meshes/aws_CoffeeTable_01_collision.DAE
[0.179s] -- Up-to-date symlink: /home/moonlab/ros2_ws/install/my_sim_tesi_gazebo/share//models/aws_robomaker_residential_CoffeeTable_01/meshes/aws_CoffeeTable_01_visual.DAE
[0.179s] -- Up-to-date symlink: /home/moonlab/ros2_ws/install/my_sim_tesi_gazebo/share//models/aws_robomaker_residential_CoffeeTable_01/model.config
[0.180s] -- Up-to-date symlink: /home/moonlab/ros2_ws/install/my_sim_tesi_gazebo/share//models/aws_robomaker_residential_CoffeeTable_01/model.sdf
[0.180s] -- Up-to-date symlink: /home/moonlab/ros2_ws/install/my_sim_tesi_gazebo/share//models/aws_robomaker_residential_CookingBench_01/materials/textures/aws_CookingBench_01.png
[0.180s] -- Up-to-date symlink: /home/moonlab/ros2_ws/install/my_sim_tesi_gazebo/share//models/aws_robomaker_residential_CookingBench_01/meshes/aws_CookingBench_01.DAE
[0.180s] -- Up-to-date symlink: /home/moonlab/ros2_ws/install/my_sim_tesi_gazebo/share//models/aws_robomaker_residential_CookingBench_01/meshes/aws_CookingBench_01_collision.DAE
[0.180s] -- Up-to-date symlink: /home/moonlab/ros2_ws/install/my_sim_tesi_gazebo/share//models/aws_robomaker_residential_CookingBench_01/meshes/aws_CookingBench_01_visual.DAE
[0.180s] -- Up-to-date symlink: /home/moonlab/ros2_ws/install/my_sim_tesi_gazebo/share//models/aws_robomaker_residential_CookingBench_01/model.config
[0.180s] -- Up-to-date symlink: /home/moonlab/ros2_ws/install/my_sim_tesi_gazebo/share//models/aws_robomaker_residential_CookingBench_01/model.sdf
[0.180s] -- Up-to-date symlink: /home/moonlab/ros2_ws/install/my_sim_tesi_gazebo/share//models/aws_robomaker_residential_Curtain_01/materials/textures/aws_Curtain_01.png
[0.180s] -- Up-to-date symlink: /home/moonlab/ros2_ws/install/my_sim_tesi_gazebo/share//models/aws_robomaker_residential_Curtain_01/meshes/aws_Curtain_01_collision.DAE
[0.180s] -- Up-to-date symlink: /home/moonlab/ros2_ws/install/my_sim_tesi_gazebo/share//models/aws_robomaker_residential_Curtain_01/meshes/aws_Curtain_01_visual.DAE
[0.181s] -- Up-to-date symlink: /home/moonlab/ros2_ws/install/my_sim_tesi_gazebo/share//models/aws_robomaker_residential_Curtain_01/model.config
[0.181s] -- Up-to-date symlink: /home/moonlab/ros2_ws/install/my_sim_tesi_gazebo/share//models/aws_robomaker_residential_Curtain_01/model.sdf
[0.181s] -- Up-to-date symlink: /home/moonlab/ros2_ws/install/my_sim_tesi_gazebo/share//models/aws_robomaker_residential_DeskPortraitA_01/materials/textures/DeskPortraitA_01.jpg
[0.181s] -- Up-to-date symlink: /home/moonlab/ros2_ws/install/my_sim_tesi_gazebo/share//models/aws_robomaker_residential_DeskPortraitA_01/materials/textures/aws_DeskPortraitA_01.png
[0.181s] -- Up-to-date symlink: /home/moonlab/ros2_ws/install/my_sim_tesi_gazebo/share//models/aws_robomaker_residential_DeskPortraitA_01/materials/textures/aws_DeskPortraitA_02.png
[0.181s] -- Up-to-date symlink: /home/moonlab/ros2_ws/install/my_sim_tesi_gazebo/share//models/aws_robomaker_residential_DeskPortraitA_01/meshes/aws_DeskPortraitA_01_collision.DAE
[0.181s] -- Up-to-date symlink: /home/moonlab/ros2_ws/install/my_sim_tesi_gazebo/share//models/aws_robomaker_residential_DeskPortraitA_01/meshes/aws_DeskPortraitA_01_visual.DAE
[0.182s] -- Up-to-date symlink: /home/moonlab/ros2_ws/install/my_sim_tesi_gazebo/share//models/aws_robomaker_residential_DeskPortraitA_01/model.config
[0.182s] -- Up-to-date symlink: /home/moonlab/ros2_ws/install/my_sim_tesi_gazebo/share//models/aws_robomaker_residential_DeskPortraitA_01/model.sdf
[0.182s] -- Up-to-date symlink: /home/moonlab/ros2_ws/install/my_sim_tesi_gazebo/share//models/aws_robomaker_residential_DeskPortraitA_02/materials/textures/DeskPortraitA_02.jpg
[0.182s] -- Up-to-date symlink: /home/moonlab/ros2_ws/install/my_sim_tesi_gazebo/share//models/aws_robomaker_residential_DeskPortraitA_02/materials/textures/aws_DeskPortraitA_01.png
[0.182s] -- Up-to-date symlink: /home/moonlab/ros2_ws/install/my_sim_tesi_gazebo/share//models/aws_robomaker_residential_DeskPortraitA_02/materials/textures/aws_DeskPortraitA_02.png
[0.182s] -- Up-to-date symlink: /home/moonlab/ros2_ws/install/my_sim_tesi_gazebo/share//models/aws_robomaker_residential_DeskPortraitA_02/meshes/aws_DeskPortraitA_01_collision.DAE
[0.182s] -- Up-to-date symlink: /home/moonlab/ros2_ws/install/my_sim_tesi_gazebo/share//models/aws_robomaker_residential_DeskPortraitA_02/meshes/aws_DeskPortraitA_01_visual.DAE
[0.182s] -- Up-to-date symlink: /home/moonlab/ros2_ws/install/my_sim_tesi_gazebo/share//models/aws_robomaker_residential_DeskPortraitA_02/model.config
[0.182s] -- Up-to-date symlink: /home/moonlab/ros2_ws/install/my_sim_tesi_gazebo/share//models/aws_robomaker_residential_DeskPortraitA_02/model.sdf
[0.182s] -- Up-to-date symlink: /home/moonlab/ros2_ws/install/my_sim_tesi_gazebo/share//models/aws_robomaker_residential_DeskPortraitB_01/materials/textures/DeskPortraitB_01.jpg
[0.182s] -- Up-to-date symlink: /home/moonlab/ros2_ws/install/my_sim_tesi_gazebo/share//models/aws_robomaker_residential_DeskPortraitB_01/materials/textures/aws_DeskPortraitB_01.png
[0.182s] -- Up-to-date symlink: /home/moonlab/ros2_ws/install/my_sim_tesi_gazebo/share//models/aws_robomaker_residential_DeskPortraitB_01/materials/textures/aws_DeskPortraitB_02.png
[0.182s] -- Up-to-date symlink: /home/moonlab/ros2_ws/install/my_sim_tesi_gazebo/share//models/aws_robomaker_residential_DeskPortraitB_01/meshes/aws_DeskPortraitB_01_collision.DAE
[0.182s] -- Up-to-date symlink: /home/moonlab/ros2_ws/install/my_sim_tesi_gazebo/share//models/aws_robomaker_residential_DeskPortraitB_01/meshes/aws_DeskPortraitB_01_visual.DAE
[0.182s] -- Up-to-date symlink: /home/moonlab/ros2_ws/install/my_sim_tesi_gazebo/share//models/aws_robomaker_residential_DeskPortraitB_01/model.config
[0.182s] -- Up-to-date symlink: /home/moonlab/ros2_ws/install/my_sim_tesi_gazebo/share//models/aws_robomaker_residential_DeskPortraitB_01/model.sdf
[0.182s] -- Up-to-date symlink: /home/moonlab/ros2_ws/install/my_sim_tesi_gazebo/share//models/aws_robomaker_residential_DeskPortraitB_02/materials/textures/DeskPortraitB_02.jpg
[0.182s] -- Up-to-date symlink: /home/moonlab/ros2_ws/install/my_sim_tesi_gazebo/share//models/aws_robomaker_residential_DeskPortraitB_02/materials/textures/aws_DeskPortraitB_01.png
[0.183s] -- Up-to-date symlink: /home/moonlab/ros2_ws/install/my_sim_tesi_gazebo/share//models/aws_robomaker_residential_DeskPortraitB_02/materials/textures/aws_DeskPortraitB_02.png
[0.183s] -- Up-to-date symlink: /home/moonlab/ros2_ws/install/my_sim_tesi_gazebo/share//models/aws_robomaker_residential_DeskPortraitB_02/meshes/aws_DeskPortraitB_01_collision.DAE
[0.183s] -- Up-to-date symlink: /home/moonlab/ros2_ws/install/my_sim_tesi_gazebo/share//models/aws_robomaker_residential_DeskPortraitB_02/meshes/aws_DeskPortraitB_01_visual.DAE
[0.183s] -- Up-to-date symlink: /home/moonlab/ros2_ws/install/my_sim_tesi_gazebo/share//models/aws_robomaker_residential_DeskPortraitB_02/model.config
[0.183s] -- Up-to-date symlink: /home/moonlab/ros2_ws/install/my_sim_tesi_gazebo/share//models/aws_robomaker_residential_DeskPortraitB_02/model.sdf
[0.183s] -- Up-to-date symlink: /home/moonlab/ros2_ws/install/my_sim_tesi_gazebo/share//models/aws_robomaker_residential_DeskPortraitC_01/materials/textures/DeskPortraitC_01.jpg
[0.183s] -- Up-to-date symlink: /home/moonlab/ros2_ws/install/my_sim_tesi_gazebo/share//models/aws_robomaker_residential_DeskPortraitC_01/materials/textures/aws_DeskPortraitC_01.png
[0.183s] -- Up-to-date symlink: /home/moonlab/ros2_ws/install/my_sim_tesi_gazebo/share//models/aws_robomaker_residential_DeskPortraitC_01/materials/textures/aws_DeskPortraitC_02.png
[0.183s] -- Up-to-date symlink: /home/moonlab/ros2_ws/install/my_sim_tesi_gazebo/share//models/aws_robomaker_residential_DeskPortraitC_01/meshes/aws_DeskPortraitC_01_collision.DAE
[0.183s] -- Up-to-date symlink: /home/moonlab/ros2_ws/install/my_sim_tesi_gazebo/share//models/aws_robomaker_residential_DeskPortraitC_01/meshes/aws_DeskPortraitC_01_visual.DAE
[0.183s] -- Up-to-date symlink: /home/moonlab/ros2_ws/install/my_sim_tesi_gazebo/share//models/aws_robomaker_residential_DeskPortraitC_01/model.config
[0.183s] -- Up-to-date symlink: /home/moonlab/ros2_ws/install/my_sim_tesi_gazebo/share//models/aws_robomaker_residential_DeskPortraitC_01/model.sdf
[0.183s] -- Up-to-date symlink: /home/moonlab/ros2_ws/install/my_sim_tesi_gazebo/share//models/aws_robomaker_residential_DeskPortraitC_02/materials/textures/DeskPortraitC_02.jpg
[0.183s] -- Up-to-date symlink: /home/moonlab/ros2_ws/install/my_sim_tesi_gazebo/share//models/aws_robomaker_residential_DeskPortraitC_02/materials/textures/aws_DeskPortraitC_01.png
[0.183s] -- Up-to-date symlink: /home/moonlab/ros2_ws/install/my_sim_tesi_gazebo/share//models/aws_robomaker_residential_DeskPortraitC_02/materials/textures/aws_DeskPortraitC_02.png
[0.183s] -- Up-to-date symlink: /home/moonlab/ros2_ws/install/my_sim_tesi_gazebo/share//models/aws_robomaker_residential_DeskPortraitC_02/meshes/aws_DeskPortraitC_01_collision.DAE
[0.184s] -- Up-to-date symlink: /home/moonlab/ros2_ws/install/my_sim_tesi_gazebo/share//models/aws_robomaker_residential_DeskPortraitC_02/meshes/aws_DeskPortraitC_01_visual.DAE
[0.184s] -- Up-to-date symlink: /home/moonlab/ros2_ws/install/my_sim_tesi_gazebo/share//models/aws_robomaker_residential_DeskPortraitC_02/model.config
[0.184s] -- Up-to-date symlink: /home/moonlab/ros2_ws/install/my_sim_tesi_gazebo/share//models/aws_robomaker_residential_DeskPortraitC_02/model.sdf
[0.184s] -- Up-to-date symlink: /home/moonlab/ros2_ws/install/my_sim_tesi_gazebo/share//models/aws_robomaker_residential_DeskPortraitD_01/materials/textures/DeskPortraitD_01.jpg
[0.184s] -- Up-to-date symlink: /home/moonlab/ros2_ws/install/my_sim_tesi_gazebo/share//models/aws_robomaker_residential_DeskPortraitD_01/materials/textures/aws_DeskPortraitD_01.png
[0.184s] -- Up-to-date symlink: /home/moonlab/ros2_ws/install/my_sim_tesi_gazebo/share//models/aws_robomaker_residential_DeskPortraitD_01/materials/textures/aws_DeskPortraitD_02.png
[0.184s] -- Up-to-date symlink: /home/moonlab/ros2_ws/install/my_sim_tesi_gazebo/share//models/aws_robomaker_residential_DeskPortraitD_01/meshes/aws_DeskPortraitD_01_collision.DAE
[0.184s] -- Up-to-date symlink: /home/moonlab/ros2_ws/install/my_sim_tesi_gazebo/share//models/aws_robomaker_residential_DeskPortraitD_01/meshes/aws_DeskPortraitD_01_visual.DAE
[0.184s] -- Up-to-date symlink: /home/moonlab/ros2_ws/install/my_sim_tesi_gazebo/share//models/aws_robomaker_residential_DeskPortraitD_01/model.config
[0.184s] -- Up-to-date symlink: /home/moonlab/ros2_ws/install/my_sim_tesi_gazebo/share//models/aws_robomaker_residential_DeskPortraitD_01/model.sdf
[0.184s] -- Up-to-date symlink: /home/moonlab/ros2_ws/install/my_sim_tesi_gazebo/share//models/aws_robomaker_residential_DeskPortraitD_02/materials/textures/DeskPortraitD_02.jpg
[0.184s] -- Up-to-date symlink: /home/moonlab/ros2_ws/install/my_sim_tesi_gazebo/share//models/aws_robomaker_residential_DeskPortraitD_02/materials/textures/aws_DeskPortraitD_01.png
[0.185s] -- Up-to-date symlink: /home/moonlab/ros2_ws/install/my_sim_tesi_gazebo/share//models/aws_robomaker_residential_DeskPortraitD_02/materials/textures/aws_DeskPortraitD_02.png
[0.185s] -- Up-to-date symlink: /home/moonlab/ros2_ws/install/my_sim_tesi_gazebo/share//models/aws_robomaker_residential_DeskPortraitD_02/meshes/aws_DeskPortraitD_01_collision.DAE
[0.185s] -- Up-to-date symlink: /home/moonlab/ros2_ws/install/my_sim_tesi_gazebo/share//models/aws_robomaker_residential_DeskPortraitD_02/meshes/aws_DeskPortraitD_01_visual.DAE
[0.185s] -- Up-to-date symlink: /home/moonlab/ros2_ws/install/my_sim_tesi_gazebo/share//models/aws_robomaker_residential_DeskPortraitD_02/model.config
[0.185s] -- Up-to-date symlink: /home/moonlab/ros2_ws/install/my_sim_tesi_gazebo/share//models/aws_robomaker_residential_DeskPortraitD_02/model.sdf
[0.185s] -- Up-to-date symlink: /home/moonlab/ros2_ws/install/my_sim_tesi_gazebo/share//models/aws_robomaker_residential_DeskPortraitD_03/materials/textures/DeskPortraitD_03.jpg
[0.185s] -- Up-to-date symlink: /home/moonlab/ros2_ws/install/my_sim_tesi_gazebo/share//models/aws_robomaker_residential_DeskPortraitD_03/materials/textures/aws_DeskPortraitD_01.png
[0.186s] -- Up-to-date symlink: /home/moonlab/ros2_ws/install/my_sim_tesi_gazebo/share//models/aws_robomaker_residential_DeskPortraitD_03/materials/textures/aws_DeskPortraitD_02.png
[0.186s] -- Up-to-date symlink: /home/moonlab/ros2_ws/install/my_sim_tesi_gazebo/share//models/aws_robomaker_residential_DeskPortraitD_03/meshes/aws_DeskPortraitD_01_collision.DAE
[0.186s] -- Up-to-date symlink: /home/moonlab/ros2_ws/install/my_sim_tesi_gazebo/share//models/aws_robomaker_residential_DeskPortraitD_03/meshes/aws_DeskPortraitD_01_visual.DAE
[0.186s] -- Up-to-date symlink: /home/moonlab/ros2_ws/install/my_sim_tesi_gazebo/share//models/aws_robomaker_residential_DeskPortraitD_03/model.config
[0.186s] -- Up-to-date symlink: /home/moonlab/ros2_ws/install/my_sim_tesi_gazebo/share//models/aws_robomaker_residential_DeskPortraitD_03/model.sdf
[0.186s] -- Up-to-date symlink: /home/moonlab/ros2_ws/install/my_sim_tesi_gazebo/share//models/aws_robomaker_residential_DeskPortraitD_04/materials/textures/DeskPortraitD_04.jpg
[0.186s] -- Up-to-date symlink: /home/moonlab/ros2_ws/install/my_sim_tesi_gazebo/share//models/aws_robomaker_residential_DeskPortraitD_04/materials/textures/aws_DeskPortraitD_01.png
[0.186s] -- Up-to-date symlink: /home/moonlab/ros2_ws/install/my_sim_tesi_gazebo/share//models/aws_robomaker_residential_DeskPortraitD_04/materials/textures/aws_DeskPortraitD_02.png
[0.186s] -- Up-to-date symlink: /home/moonlab/ros2_ws/install/my_sim_tesi_gazebo/share//models/aws_robomaker_residential_DeskPortraitD_04/meshes/aws_DeskPortraitD_01_collision.DAE
[0.186s] -- Up-to-date symlink: /home/moonlab/ros2_ws/install/my_sim_tesi_gazebo/share//models/aws_robomaker_residential_DeskPortraitD_04/meshes/aws_DeskPortraitD_01_visual.DAE
[0.186s] -- Up-to-date symlink: /home/moonlab/ros2_ws/install/my_sim_tesi_gazebo/share//models/aws_robomaker_residential_DeskPortraitD_04/model.config
[0.186s] -- Up-to-date symlink: /home/moonlab/ros2_ws/install/my_sim_tesi_gazebo/share//models/aws_robomaker_residential_DeskPortraitD_04/model.sdf
[0.186s] -- Up-to-date symlink: /home/moonlab/ros2_ws/install/my_sim_tesi_gazebo/share//models/aws_robomaker_residential_Door_01/materials/textures/aws_Door_01.png
[0.186s] -- Up-to-date symlink: /home/moonlab/ros2_ws/install/my_sim_tesi_gazebo/share//models/aws_robomaker_residential_Door_01/meshes/aws_Door_01_collision.DAE
[0.186s] -- Up-to-date symlink: /home/moonlab/ros2_ws/install/my_sim_tesi_gazebo/share//models/aws_robomaker_residential_Door_01/meshes/aws_Door_01_visual.DAE
[0.186s] -- Up-to-date symlink: /home/moonlab/ros2_ws/install/my_sim_tesi_gazebo/share//models/aws_robomaker_residential_Door_01/model.config
[0.187s] -- Up-to-date symlink: /home/moonlab/ros2_ws/install/my_sim_tesi_gazebo/share//models/aws_robomaker_residential_Door_01/model.sdf
[0.187s] -- Up-to-date symlink: /home/moonlab/ros2_ws/install/my_sim_tesi_gazebo/share//models/aws_robomaker_residential_Dumbbell_01/materials/textures/aws_Dumbbell_01.png
[0.187s] -- Up-to-date symlink: /home/moonlab/ros2_ws/install/my_sim_tesi_gazebo/share//models/aws_robomaker_residential_Dumbbell_01/meshes/aws_Dumbbell_01_collision.DAE
[0.187s] -- Up-to-date symlink: /home/moonlab/ros2_ws/install/my_sim_tesi_gazebo/share//models/aws_robomaker_residential_Dumbbell_01/meshes/aws_Dumbbell_01_visual.DAE
[0.187s] -- Up-to-date symlink: /home/moonlab/ros2_ws/install/my_sim_tesi_gazebo/share//models/aws_robomaker_residential_Dumbbell_01/model.config
[0.187s] -- Up-to-date symlink: /home/moonlab/ros2_ws/install/my_sim_tesi_gazebo/share//models/aws_robomaker_residential_Dumbbell_01/model.sdf
[0.187s] -- Up-to-date symlink: /home/moonlab/ros2_ws/install/my_sim_tesi_gazebo/share//models/aws_robomaker_residential_FitnessEquipment_01/materials/textures/aws_FitnessEquipment_01.png
[0.187s] -- Up-to-date symlink: /home/moonlab/ros2_ws/install/my_sim_tesi_gazebo/share//models/aws_robomaker_residential_FitnessEquipment_01/meshes/aws_FitnessEquipment_01_collision.DAE
[0.187s] -- Up-to-date symlink: /home/moonlab/ros2_ws/install/my_sim_tesi_gazebo/share//models/aws_robomaker_residential_FitnessEquipment_01/meshes/aws_FitnessEquipment_01_visual.DAE
[0.187s] -- Up-to-date symlink: /home/moonlab/ros2_ws/install/my_sim_tesi_gazebo/share//models/aws_robomaker_residential_FitnessEquipment_01/model.config
[0.187s] -- Up-to-date symlink: /home/moonlab/ros2_ws/install/my_sim_tesi_gazebo/share//models/aws_robomaker_residential_FitnessEquipment_01/model.sdf
[0.187s] -- Up-to-date symlink: /home/moonlab/ros2_ws/install/my_sim_tesi_gazebo/share//models/aws_robomaker_residential_FloorB_01/materials/textures/aws_FloorB_01.png
[0.187s] -- Up-to-date symlink: /home/moonlab/ros2_ws/install/my_sim_tesi_gazebo/share//models/aws_robomaker_residential_FloorB_01/meshes/aws_FloorB_01_collision.DAE
[0.187s] -- Up-to-date symlink: /home/moonlab/ros2_ws/install/my_sim_tesi_gazebo/share//models/aws_robomaker_residential_FloorB_01/meshes/aws_FloorB_01_visual.DAE
[0.187s] -- Up-to-date symlink: /home/moonlab/ros2_ws/install/my_sim_tesi_gazebo/share//models/aws_robomaker_residential_FloorB_01/model.config
[0.187s] -- Up-to-date symlink: /home/moonlab/ros2_ws/install/my_sim_tesi_gazebo/share//models/aws_robomaker_residential_FloorB_01/model.sdf
[0.187s] -- Up-to-date symlink: /home/moonlab/ros2_ws/install/my_sim_tesi_gazebo/share//models/aws_robomaker_residential_FoldingDoor_01/materials/textures/aws_FoldingDoor_01.png
[0.187s] -- Up-to-date symlink: /home/moonlab/ros2_ws/install/my_sim_tesi_gazebo/share//models/aws_robomaker_residential_FoldingDoor_01/meshes/aws_FoldingDoor_01_collision.DAE
[0.187s] -- Up-to-date symlink: /home/moonlab/ros2_ws/install/my_sim_tesi_gazebo/share//models/aws_robomaker_residential_FoldingDoor_01/meshes/aws_FoldingDoor_01_visual.DAE
[0.188s] -- Up-to-date symlink: /home/moonlab/ros2_ws/install/my_sim_tesi_gazebo/share//models/aws_robomaker_residential_FoldingDoor_01/model.config
[0.188s] -- Up-to-date symlink: /home/moonlab/ros2_ws/install/my_sim_tesi_gazebo/share//models/aws_robomaker_residential_FoldingDoor_01/model.sdf
[0.188s] -- Up-to-date symlink: /home/moonlab/ros2_ws/install/my_sim_tesi_gazebo/share//models/aws_robomaker_residential_FoldingDoor_02/materials/textures/aws_FoldingDoor_02.png
[0.188s] -- Up-to-date symlink: /home/moonlab/ros2_ws/install/my_sim_tesi_gazebo/share//models/aws_robomaker_residential_FoldingDoor_02/meshes/aws_FoldingDoor_02_collision.DAE
[0.188s] -- Up-to-date symlink: /home/moonlab/ros2_ws/install/my_sim_tesi_gazebo/share//models/aws_robomaker_residential_FoldingDoor_02/meshes/aws_FoldingDoor_02_visual.DAE
[0.188s] -- Up-to-date symlink: /home/moonlab/ros2_ws/install/my_sim_tesi_gazebo/share//models/aws_robomaker_residential_FoldingDoor_02/model.config
[0.188s] -- Up-to-date symlink: /home/moonlab/ros2_ws/install/my_sim_tesi_gazebo/share//models/aws_robomaker_residential_FoldingDoor_02/model.sdf
[0.188s] -- Up-to-date symlink: /home/moonlab/ros2_ws/install/my_sim_tesi_gazebo/share//models/aws_robomaker_residential_Handle_01/materials/textures/aws_Handle_01.png
[0.188s] -- Up-to-date symlink: /home/moonlab/ros2_ws/install/my_sim_tesi_gazebo/share//models/aws_robomaker_residential_Handle_01/meshes/aws_Handle_01_collision.DAE
[0.188s] -- Up-to-date symlink: /home/moonlab/ros2_ws/install/my_sim_tesi_gazebo/share//models/aws_robomaker_residential_Handle_01/meshes/aws_Handle_01_visual.DAE
[0.188s] -- Up-to-date symlink: /home/moonlab/ros2_ws/install/my_sim_tesi_gazebo/share//models/aws_robomaker_residential_Handle_01/model.config
[0.188s] -- Up-to-date symlink: /home/moonlab/ros2_ws/install/my_sim_tesi_gazebo/share//models/aws_robomaker_residential_Handle_01/model.sdf
[0.188s] -- Up-to-date symlink: /home/moonlab/ros2_ws/install/my_sim_tesi_gazebo/share//models/aws_robomaker_residential_HouseWallB_01/materials/textures/aws_HouseWallB_01.png
[0.188s] -- Up-to-date symlink: /home/moonlab/ros2_ws/install/my_sim_tesi_gazebo/share//models/aws_robomaker_residential_HouseWallB_01/meshes/aws_HouseWallB_01_collision.DAE
[0.188s] -- Up-to-date symlink: /home/moonlab/ros2_ws/install/my_sim_tesi_gazebo/share//models/aws_robomaker_residential_HouseWallB_01/meshes/aws_HouseWallB_01_visual.DAE
[0.188s] -- Up-to-date symlink: /home/moonlab/ros2_ws/install/my_sim_tesi_gazebo/share//models/aws_robomaker_residential_HouseWallB_01/model.config
[0.188s] -- Up-to-date symlink: /home/moonlab/ros2_ws/install/my_sim_tesi_gazebo/share//models/aws_robomaker_residential_HouseWallB_01/model.sdf
[0.188s] -- Up-to-date symlink: /home/moonlab/ros2_ws/install/my_sim_tesi_gazebo/share//models/aws_robomaker_residential_KitchenCabinet_01/materials/textures/aws_KitchenCabinet_01.png
[0.188s] -- Up-to-date symlink: /home/moonlab/ros2_ws/install/my_sim_tesi_gazebo/share//models/aws_robomaker_residential_KitchenCabinet_01/meshes/aws_KitchenCabinet_01_collision.DAE
[0.188s] -- Up-to-date symlink: /home/moonlab/ros2_ws/install/my_sim_tesi_gazebo/share//models/aws_robomaker_residential_KitchenCabinet_01/meshes/aws_KitchenCabinet_01_visual.DAE
[0.189s] -- Up-to-date symlink: /home/moonlab/ros2_ws/install/my_sim_tesi_gazebo/share//models/aws_robomaker_residential_KitchenCabinet_01/model.config
[0.189s] -- Up-to-date symlink: /home/moonlab/ros2_ws/install/my_sim_tesi_gazebo/share//models/aws_robomaker_residential_KitchenCabinet_01/model.sdf
[0.189s] -- Up-to-date symlink: /home/moonlab/ros2_ws/install/my_sim_tesi_gazebo/share//models/aws_robomaker_residential_KitchenTable_01/materials/textures/aws_KitchenTable_01.png
[0.189s] -- Up-to-date symlink: /home/moonlab/ros2_ws/install/my_sim_tesi_gazebo/share//models/aws_robomaker_residential_KitchenTable_01/meshes/aws_KitchenTable_01_collision.DAE
[0.189s] -- Up-to-date symlink: /home/moonlab/ros2_ws/install/my_sim_tesi_gazebo/share//models/aws_robomaker_residential_KitchenTable_01/meshes/aws_KitchenTable_01_visual.DAE
[0.189s] -- Up-to-date symlink: /home/moonlab/ros2_ws/install/my_sim_tesi_gazebo/share//models/aws_robomaker_residential_KitchenTable_01/model.config
[0.189s] -- Up-to-date symlink: /home/moonlab/ros2_ws/install/my_sim_tesi_gazebo/share//models/aws_robomaker_residential_KitchenTable_01/model.sdf
[0.189s] -- Up-to-date symlink: /home/moonlab/ros2_ws/install/my_sim_tesi_gazebo/share//models/aws_robomaker_residential_KitchenUtensils_01/materials/textures/aws_KitchenUtensils_01.png
[0.189s] -- Up-to-date symlink: /home/moonlab/ros2_ws/install/my_sim_tesi_gazebo/share//models/aws_robomaker_residential_KitchenUtensils_01/meshes/aws_KitchenUtensils_01_collision.DAE
[0.189s] -- Up-to-date symlink: /home/moonlab/ros2_ws/install/my_sim_tesi_gazebo/share//models/aws_robomaker_residential_KitchenUtensils_01/meshes/aws_KitchenUtensils_01_visual.DAE
[0.189s] -- Up-to-date symlink: /home/moonlab/ros2_ws/install/my_sim_tesi_gazebo/share//models/aws_robomaker_residential_KitchenUtensils_01/model.config
[0.189s] -- Up-to-date symlink: /home/moonlab/ros2_ws/install/my_sim_tesi_gazebo/share//models/aws_robomaker_residential_KitchenUtensils_01/model.sdf
[0.189s] -- Up-to-date symlink: /home/moonlab/ros2_ws/install/my_sim_tesi_gazebo/share//models/aws_robomaker_residential_LightC_01/materials/textures/aws_LightC_01.png
[0.189s] -- Up-to-date symlink: /home/moonlab/ros2_ws/install/my_sim_tesi_gazebo/share//models/aws_robomaker_residential_LightC_01/meshes/aws_LightC_01_collision.DAE
[0.189s] -- Up-to-date symlink: /home/moonlab/ros2_ws/install/my_sim_tesi_gazebo/share//models/aws_robomaker_residential_LightC_01/meshes/aws_LightC_01_visual.DAE
[0.189s] -- Up-to-date symlink: /home/moonlab/ros2_ws/install/my_sim_tesi_gazebo/share//models/aws_robomaker_residential_LightC_01/model.config
[0.189s] -- Up-to-date symlink: /home/moonlab/ros2_ws/install/my_sim_tesi_gazebo/share//models/aws_robomaker_residential_LightC_01/model.sdf
[0.189s] -- Up-to-date symlink: /home/moonlab/ros2_ws/install/my_sim_tesi_gazebo/share//models/aws_robomaker_residential_NightStand_01/materials/textures/aws_NightStand_01.png
[0.189s] -- Up-to-date symlink: /home/moonlab/ros2_ws/install/my_sim_tesi_gazebo/share//models/aws_robomaker_residential_NightStand_01/meshes/aws_NightStand_01_collision.DAE
[0.189s] -- Up-to-date symlink: /home/moonlab/ros2_ws/install/my_sim_tesi_gazebo/share//models/aws_robomaker_residential_NightStand_01/meshes/aws_NightStand_01_visual.DAE
[0.190s] -- Up-to-date symlink: /home/moonlab/ros2_ws/install/my_sim_tesi_gazebo/share//models/aws_robomaker_residential_NightStand_01/model.config
[0.190s] -- Up-to-date symlink: /home/moonlab/ros2_ws/install/my_sim_tesi_gazebo/share//models/aws_robomaker_residential_NightStand_01/model.sdf
[0.190s] -- Up-to-date symlink: /home/moonlab/ros2_ws/install/my_sim_tesi_gazebo/share//models/aws_robomaker_residential_Pillow_01/materials/textures/aws_Pillow_01.png
[0.190s] -- Up-to-date symlink: /home/moonlab/ros2_ws/install/my_sim_tesi_gazebo/share//models/aws_robomaker_residential_Pillow_01/meshes/aws_Pillow_01_collision.DAE
[0.190s] -- Up-to-date symlink: /home/moonlab/ros2_ws/install/my_sim_tesi_gazebo/share//models/aws_robomaker_residential_Pillow_01/meshes/aws_Pillow_01_visual.DAE
[0.190s] -- Up-to-date symlink: /home/moonlab/ros2_ws/install/my_sim_tesi_gazebo/share//models/aws_robomaker_residential_Pillow_01/model.config
[0.190s] -- Up-to-date symlink: /home/moonlab/ros2_ws/install/my_sim_tesi_gazebo/share//models/aws_robomaker_residential_Pillow_01/model.sdf
[0.190s] -- Up-to-date symlink: /home/moonlab/ros2_ws/install/my_sim_tesi_gazebo/share//models/aws_robomaker_residential_PortraitA_01/materials/textures/PortraitA_01.jpg
[0.190s] -- Up-to-date symlink: /home/moonlab/ros2_ws/install/my_sim_tesi_gazebo/share//models/aws_robomaker_residential_PortraitA_01/materials/textures/aws_PortraitA_01.png
[0.190s] -- Up-to-date symlink: /home/moonlab/ros2_ws/install/my_sim_tesi_gazebo/share//models/aws_robomaker_residential_PortraitA_01/materials/textures/aws_PortraitA_02.png
[0.190s] -- Up-to-date symlink: /home/moonlab/ros2_ws/install/my_sim_tesi_gazebo/share//models/aws_robomaker_residential_PortraitA_01/meshes/aws_PortraitA_01_collision.DAE
[0.190s] -- Up-to-date symlink: /home/moonlab/ros2_ws/install/my_sim_tesi_gazebo/share//models/aws_robomaker_residential_PortraitA_01/meshes/aws_PortraitA_01_visual.DAE
[0.190s] -- Up-to-date symlink: /home/moonlab/ros2_ws/install/my_sim_tesi_gazebo/share//models/aws_robomaker_residential_PortraitA_01/model.config
[0.191s] -- Up-to-date symlink: /home/moonlab/ros2_ws/install/my_sim_tesi_gazebo/share//models/aws_robomaker_residential_PortraitA_01/model.sdf
[0.191s] -- Up-to-date symlink: /home/moonlab/ros2_ws/install/my_sim_tesi_gazebo/share//models/aws_robomaker_residential_PortraitA_02/materials/textures/PortraitA_02.jpg
[0.191s] -- Up-to-date symlink: /home/moonlab/ros2_ws/install/my_sim_tesi_gazebo/share//models/aws_robomaker_residential_PortraitA_02/materials/textures/aws_PortraitA_01.png
[0.191s] -- Up-to-date symlink: /home/moonlab/ros2_ws/install/my_sim_tesi_gazebo/share//models/aws_robomaker_residential_PortraitA_02/materials/textures/aws_PortraitA_02.png
[0.191s] -- Up-to-date symlink: /home/moonlab/ros2_ws/install/my_sim_tesi_gazebo/share//models/aws_robomaker_residential_PortraitA_02/meshes/aws_PortraitA_01_collision.DAE
[0.191s] -- Up-to-date symlink: /home/moonlab/ros2_ws/install/my_sim_tesi_gazebo/share//models/aws_robomaker_residential_PortraitA_02/meshes/aws_PortraitA_01_visual.DAE
[0.191s] -- Up-to-date symlink: /home/moonlab/ros2_ws/install/my_sim_tesi_gazebo/share//models/aws_robomaker_residential_PortraitA_02/model.config
[0.191s] -- Up-to-date symlink: /home/moonlab/ros2_ws/install/my_sim_tesi_gazebo/share//models/aws_robomaker_residential_PortraitA_02/model.sdf
[0.191s] -- Up-to-date symlink: /home/moonlab/ros2_ws/install/my_sim_tesi_gazebo/share//models/aws_robomaker_residential_PortraitB_01/materials/textures/PortraitB_01.jpg
[0.191s] -- Up-to-date symlink: /home/moonlab/ros2_ws/install/my_sim_tesi_gazebo/share//models/aws_robomaker_residential_PortraitB_01/materials/textures/aws_PortraitB_01.png
[0.191s] -- Up-to-date symlink: /home/moonlab/ros2_ws/install/my_sim_tesi_gazebo/share//models/aws_robomaker_residential_PortraitB_01/materials/textures/aws_PortraitB_02.png
[0.191s] -- Up-to-date symlink: /home/moonlab/ros2_ws/install/my_sim_tesi_gazebo/share//models/aws_robomaker_residential_PortraitB_01/meshes/aws_PortraitB_01_collision.DAE
[0.191s] -- Up-to-date symlink: /home/moonlab/ros2_ws/install/my_sim_tesi_gazebo/share//models/aws_robomaker_residential_PortraitB_01/meshes/aws_PortraitB_01_visual.DAE
[0.191s] -- Up-to-date symlink: /home/moonlab/ros2_ws/install/my_sim_tesi_gazebo/share//models/aws_robomaker_residential_PortraitB_01/model.config
[0.191s] -- Up-to-date symlink: /home/moonlab/ros2_ws/install/my_sim_tesi_gazebo/share//models/aws_robomaker_residential_PortraitB_01/model.sdf
[0.191s] -- Up-to-date symlink: /home/moonlab/ros2_ws/install/my_sim_tesi_gazebo/share//models/aws_robomaker_residential_PortraitB_02/materials/textures/PortraitB_02.jpg
[0.191s] -- Up-to-date symlink: /home/moonlab/ros2_ws/install/my_sim_tesi_gazebo/share//models/aws_robomaker_residential_PortraitB_02/materials/textures/aws_PortraitB_01.png
[0.191s] -- Up-to-date symlink: /home/moonlab/ros2_ws/install/my_sim_tesi_gazebo/share//models/aws_robomaker_residential_PortraitB_02/materials/textures/aws_PortraitB_02.png
[0.191s] -- Up-to-date symlink: /home/moonlab/ros2_ws/install/my_sim_tesi_gazebo/share//models/aws_robomaker_residential_PortraitB_02/meshes/aws_PortraitB_01_collision.DAE
[0.191s] -- Up-to-date symlink: /home/moonlab/ros2_ws/install/my_sim_tesi_gazebo/share//models/aws_robomaker_residential_PortraitB_02/meshes/aws_PortraitB_01_visual.DAE
[0.191s] -- Up-to-date symlink: /home/moonlab/ros2_ws/install/my_sim_tesi_gazebo/share//models/aws_robomaker_residential_PortraitB_02/model.config
[0.191s] -- Up-to-date symlink: /home/moonlab/ros2_ws/install/my_sim_tesi_gazebo/share//models/aws_robomaker_residential_PortraitB_02/model.sdf
[0.191s] -- Up-to-date symlink: /home/moonlab/ros2_ws/install/my_sim_tesi_gazebo/share//models/aws_robomaker_residential_PortraitB_03/materials/textures/PortraitB_03.jpg
[0.192s] -- Up-to-date symlink: /home/moonlab/ros2_ws/install/my_sim_tesi_gazebo/share//models/aws_robomaker_residential_PortraitB_03/materials/textures/aws_PortraitB_01.png
[0.192s] -- Up-to-date symlink: /home/moonlab/ros2_ws/install/my_sim_tesi_gazebo/share//models/aws_robomaker_residential_PortraitB_03/materials/textures/aws_PortraitB_02.png
[0.192s] -- Up-to-date symlink: /home/moonlab/ros2_ws/install/my_sim_tesi_gazebo/share//models/aws_robomaker_residential_PortraitB_03/meshes/aws_PortraitB_01_collision.DAE
[0.192s] -- Up-to-date symlink: /home/moonlab/ros2_ws/install/my_sim_tesi_gazebo/share//models/aws_robomaker_residential_PortraitB_03/meshes/aws_PortraitB_01_visual.DAE
[0.192s] -- Up-to-date symlink: /home/moonlab/ros2_ws/install/my_sim_tesi_gazebo/share//models/aws_robomaker_residential_PortraitB_03/model.config
[0.192s] -- Up-to-date symlink: /home/moonlab/ros2_ws/install/my_sim_tesi_gazebo/share//models/aws_robomaker_residential_PortraitB_03/model.sdf
[0.192s] -- Up-to-date symlink: /home/moonlab/ros2_ws/install/my_sim_tesi_gazebo/share//models/aws_robomaker_residential_PortraitC_01/materials/textures/PortraitC_01.jpg
[0.192s] -- Up-to-date symlink: /home/moonlab/ros2_ws/install/my_sim_tesi_gazebo/share//models/aws_robomaker_residential_PortraitC_01/materials/textures/aws_PortraitC_01.png
[0.192s] -- Up-to-date symlink: /home/moonlab/ros2_ws/install/my_sim_tesi_gazebo/share//models/aws_robomaker_residential_PortraitC_01/materials/textures/aws_PortraitC_02.png
[0.192s] -- Up-to-date symlink: /home/moonlab/ros2_ws/install/my_sim_tesi_gazebo/share//models/aws_robomaker_residential_PortraitC_01/meshes/aws_PortraitC_01_collision.DAE
[0.192s] -- Up-to-date symlink: /home/moonlab/ros2_ws/install/my_sim_tesi_gazebo/share//models/aws_robomaker_residential_PortraitC_01/meshes/aws_PortraitC_01_visual.DAE
[0.192s] -- Up-to-date symlink: /home/moonlab/ros2_ws/install/my_sim_tesi_gazebo/share//models/aws_robomaker_residential_PortraitC_01/model.config
[0.192s] -- Up-to-date symlink: /home/moonlab/ros2_ws/install/my_sim_tesi_gazebo/share//models/aws_robomaker_residential_PortraitC_01/model.sdf
[0.192s] -- Up-to-date symlink: /home/moonlab/ros2_ws/install/my_sim_tesi_gazebo/share//models/aws_robomaker_residential_PortraitD_01/materials/textures/PortraitD_01.jpg
[0.192s] -- Up-to-date symlink: /home/moonlab/ros2_ws/install/my_sim_tesi_gazebo/share//models/aws_robomaker_residential_PortraitD_01/materials/textures/aws_PortraitD_01.png
[0.192s] -- Up-to-date symlink: /home/moonlab/ros2_ws/install/my_sim_tesi_gazebo/share//models/aws_robomaker_residential_PortraitD_01/materials/textures/aws_PortraitD_02.png
[0.192s] -- Up-to-date symlink: /home/moonlab/ros2_ws/install/my_sim_tesi_gazebo/share//models/aws_robomaker_residential_PortraitD_01/meshes/aws_PortraitD_01_collision.DAE
[0.192s] -- Up-to-date symlink: /home/moonlab/ros2_ws/install/my_sim_tesi_gazebo/share//models/aws_robomaker_residential_PortraitD_01/meshes/aws_PortraitD_01_visual.DAE
[0.192s] -- Up-to-date symlink: /home/moonlab/ros2_ws/install/my_sim_tesi_gazebo/share//models/aws_robomaker_residential_PortraitD_01/model.config
[0.192s] -- Up-to-date symlink: /home/moonlab/ros2_ws/install/my_sim_tesi_gazebo/share//models/aws_robomaker_residential_PortraitD_01/model.sdf
[0.192s] -- Up-to-date symlink: /home/moonlab/ros2_ws/install/my_sim_tesi_gazebo/share//models/aws_robomaker_residential_PortraitD_02/materials/textures/PortraitD_02.jpg
[0.192s] -- Up-to-date symlink: /home/moonlab/ros2_ws/install/my_sim_tesi_gazebo/share//models/aws_robomaker_residential_PortraitD_02/materials/textures/aws_PortraitD_01.png
[0.192s] -- Up-to-date symlink: /home/moonlab/ros2_ws/install/my_sim_tesi_gazebo/share//models/aws_robomaker_residential_PortraitD_02/materials/textures/aws_PortraitD_02.png
[0.192s] -- Up-to-date symlink: /home/moonlab/ros2_ws/install/my_sim_tesi_gazebo/share//models/aws_robomaker_residential_PortraitD_02/meshes/aws_PortraitD_01_collision.DAE
[0.192s] -- Up-to-date symlink: /home/moonlab/ros2_ws/install/my_sim_tesi_gazebo/share//models/aws_robomaker_residential_PortraitD_02/meshes/aws_PortraitD_01_visual.DAE
[0.193s] -- Up-to-date symlink: /home/moonlab/ros2_ws/install/my_sim_tesi_gazebo/share//models/aws_robomaker_residential_PortraitD_02/model.config
[0.193s] -- Up-to-date symlink: /home/moonlab/ros2_ws/install/my_sim_tesi_gazebo/share//models/aws_robomaker_residential_PortraitD_02/model.sdf
[0.193s] -- Up-to-date symlink: /home/moonlab/ros2_ws/install/my_sim_tesi_gazebo/share//models/aws_robomaker_residential_PortraitE_01/materials/textures/PortraitE_01.jpg
[0.193s] -- Up-to-date symlink: /home/moonlab/ros2_ws/install/my_sim_tesi_gazebo/share//models/aws_robomaker_residential_PortraitE_01/materials/textures/aws_PortraitE_01.png
[0.193s] -- Up-to-date symlink: /home/moonlab/ros2_ws/install/my_sim_tesi_gazebo/share//models/aws_robomaker_residential_PortraitE_01/materials/textures/aws_PortraitE_02.png
[0.193s] -- Up-to-date symlink: /home/moonlab/ros2_ws/install/my_sim_tesi_gazebo/share//models/aws_robomaker_residential_PortraitE_01/meshes/aws_PortraitE_01_collision.DAE
[0.193s] -- Up-to-date symlink: /home/moonlab/ros2_ws/install/my_sim_tesi_gazebo/share//models/aws_robomaker_residential_PortraitE_01/meshes/aws_PortraitE_01_visual.DAE
[0.193s] -- Up-to-date symlink: /home/moonlab/ros2_ws/install/my_sim_tesi_gazebo/share//models/aws_robomaker_residential_PortraitE_01/model.config
[0.193s] -- Up-to-date symlink: /home/moonlab/ros2_ws/install/my_sim_tesi_gazebo/share//models/aws_robomaker_residential_PortraitE_01/model.sdf
[0.193s] -- Up-to-date symlink: /home/moonlab/ros2_ws/install/my_sim_tesi_gazebo/share//models/aws_robomaker_residential_PortraitE_02/materials/textures/PortraitE_02.jpg
[0.193s] -- Up-to-date symlink: /home/moonlab/ros2_ws/install/my_sim_tesi_gazebo/share//models/aws_robomaker_residential_PortraitE_02/materials/textures/aws_PortraitE_01.png
[0.193s] -- Up-to-date symlink: /home/moonlab/ros2_ws/install/my_sim_tesi_gazebo/share//models/aws_robomaker_residential_PortraitE_02/materials/textures/aws_PortraitE_02.png
[0.193s] -- Up-to-date symlink: /home/moonlab/ros2_ws/install/my_sim_tesi_gazebo/share//models/aws_robomaker_residential_PortraitE_02/meshes/aws_PortraitE_01_collision.DAE
[0.193s] -- Up-to-date symlink: /home/moonlab/ros2_ws/install/my_sim_tesi_gazebo/share//models/aws_robomaker_residential_PortraitE_02/meshes/aws_PortraitE_01_visual.DAE
[0.193s] -- Up-to-date symlink: /home/moonlab/ros2_ws/install/my_sim_tesi_gazebo/share//models/aws_robomaker_residential_PortraitE_02/model.config
[0.194s] -- Up-to-date symlink: /home/moonlab/ros2_ws/install/my_sim_tesi_gazebo/share//models/aws_robomaker_residential_PortraitE_02/model.sdf
[0.194s] -- Up-to-date symlink: /home/moonlab/ros2_ws/install/my_sim_tesi_gazebo/share//models/aws_robomaker_residential_Quilt_01/materials/textures/aws_Quilt_01.png
[0.194s] -- Up-to-date symlink: /home/moonlab/ros2_ws/install/my_sim_tesi_gazebo/share//models/aws_robomaker_residential_Quilt_01/meshes/aws_Quilt_01_collision.DAE
[0.194s] -- Up-to-date symlink: /home/moonlab/ros2_ws/install/my_sim_tesi_gazebo/share//models/aws_robomaker_residential_Quilt_01/meshes/aws_Quilt_01_visual.DAE
[0.194s] -- Up-to-date symlink: /home/moonlab/ros2_ws/install/my_sim_tesi_gazebo/share//models/aws_robomaker_residential_Quilt_01/model.config
[0.194s] -- Up-to-date symlink: /home/moonlab/ros2_ws/install/my_sim_tesi_gazebo/share//models/aws_robomaker_residential_Quilt_01/model.sdf
[0.194s] -- Up-to-date symlink: /home/moonlab/ros2_ws/install/my_sim_tesi_gazebo/share//models/aws_robomaker_residential_Rangehood_01/materials/textures/aws_Rangehood_01.png
[0.194s] -- Up-to-date symlink: /home/moonlab/ros2_ws/install/my_sim_tesi_gazebo/share//models/aws_robomaker_residential_Rangehood_01/meshes/aws_Rangehood_01_collision.DAE
[0.195s] -- Up-to-date symlink: /home/moonlab/ros2_ws/install/my_sim_tesi_gazebo/share//models/aws_robomaker_residential_Rangehood_01/meshes/aws_Rangehood_01_visual.DAE
[0.195s] -- Up-to-date symlink: /home/moonlab/ros2_ws/install/my_sim_tesi_gazebo/share//models/aws_robomaker_residential_Rangehood_01/model.config
[0.195s] -- Up-to-date symlink: /home/moonlab/ros2_ws/install/my_sim_tesi_gazebo/share//models/aws_robomaker_residential_Rangehood_01/model.sdf
[0.195s] -- Up-to-date symlink: /home/moonlab/ros2_ws/install/my_sim_tesi_gazebo/share//models/aws_robomaker_residential_ReadingDesk_01/materials/textures/aws_ReadingDesk_01.png
[0.195s] -- Up-to-date symlink: /home/moonlab/ros2_ws/install/my_sim_tesi_gazebo/share//models/aws_robomaker_residential_ReadingDesk_01/meshes/aws_ReadingDesk_01_collision.DAE
[0.195s] -- Up-to-date symlink: /home/moonlab/ros2_ws/install/my_sim_tesi_gazebo/share//models/aws_robomaker_residential_ReadingDesk_01/meshes/aws_ReadingDesk_01_visual.DAE
[0.195s] -- Up-to-date symlink: /home/moonlab/ros2_ws/install/my_sim_tesi_gazebo/share//models/aws_robomaker_residential_ReadingDesk_01/model.config
[0.195s] -- Up-to-date symlink: /home/moonlab/ros2_ws/install/my_sim_tesi_gazebo/share//models/aws_robomaker_residential_ReadingDesk_01/model.sdf
[0.195s] -- Up-to-date symlink: /home/moonlab/ros2_ws/install/my_sim_tesi_gazebo/share//models/aws_robomaker_residential_Refrigerator_01/materials/textures/aws_Refrigerator_01.png
[0.195s] -- Up-to-date symlink: /home/moonlab/ros2_ws/install/my_sim_tesi_gazebo/share//models/aws_robomaker_residential_Refrigerator_01/materials/textures/aws_Refrigerator_02.png
[0.195s] -- Up-to-date symlink: /home/moonlab/ros2_ws/install/my_sim_tesi_gazebo/share//models/aws_robomaker_residential_Refrigerator_01/meshes/aws_Refrigerator_01.DAE
[0.195s] -- Up-to-date symlink: /home/moonlab/ros2_ws/install/my_sim_tesi_gazebo/share//models/aws_robomaker_residential_Refrigerator_01/meshes/aws_Refrigerator_01_collision.DAE
[0.195s] -- Up-to-date symlink: /home/moonlab/ros2_ws/install/my_sim_tesi_gazebo/share//models/aws_robomaker_residential_Refrigerator_01/meshes/aws_Refrigerator_01_visual.DAE
[0.195s] -- Up-to-date symlink: /home/moonlab/ros2_ws/install/my_sim_tesi_gazebo/share//models/aws_robomaker_residential_Refrigerator_01/model.config
[0.195s] -- Up-to-date symlink: /home/moonlab/ros2_ws/install/my_sim_tesi_gazebo/share//models/aws_robomaker_residential_Refrigerator_01/model.sdf
[0.195s] -- Up-to-date symlink: /home/moonlab/ros2_ws/install/my_sim_tesi_gazebo/share//models/aws_robomaker_residential_RoomCeiling_01/materials/textures/aws_RoomCeiling_01.png
[0.195s] -- Up-to-date symlink: /home/moonlab/ros2_ws/install/my_sim_tesi_gazebo/share//models/aws_robomaker_residential_RoomCeiling_01/meshes/aws_RoomCeiling_01_collision.DAE
[0.195s] -- Up-to-date symlink: /home/moonlab/ros2_ws/install/my_sim_tesi_gazebo/share//models/aws_robomaker_residential_RoomCeiling_01/meshes/aws_RoomCeiling_01_visual.DAE
[0.195s] -- Up-to-date symlink: /home/moonlab/ros2_ws/install/my_sim_tesi_gazebo/share//models/aws_robomaker_residential_RoomCeiling_01/model.config
[0.195s] -- Up-to-date symlink: /home/moonlab/ros2_ws/install/my_sim_tesi_gazebo/share//models/aws_robomaker_residential_RoomCeiling_01/model.sdf
[0.195s] -- Up-to-date symlink: /home/moonlab/ros2_ws/install/my_sim_tesi_gazebo/share//models/aws_robomaker_residential_RoomWall_01/materials/textures/aws_RoomWall_01.png
[0.195s] -- Up-to-date symlink: /home/moonlab/ros2_ws/install/my_sim_tesi_gazebo/share//models/aws_robomaker_residential_RoomWall_01/meshes/aws_RoomWall_01_collision.DAE
[0.195s] -- Up-to-date symlink: /home/moonlab/ros2_ws/install/my_sim_tesi_gazebo/share//models/aws_robomaker_residential_RoomWall_01/meshes/aws_RoomWall_01_visual.DAE
[0.195s] -- Up-to-date symlink: /home/moonlab/ros2_ws/install/my_sim_tesi_gazebo/share//models/aws_robomaker_residential_RoomWall_01/model.config
[0.195s] -- Up-to-date symlink: /home/moonlab/ros2_ws/install/my_sim_tesi_gazebo/share//models/aws_robomaker_residential_RoomWall_01/model.sdf
[0.195s] -- Up-to-date symlink: /home/moonlab/ros2_ws/install/my_sim_tesi_gazebo/share//models/aws_robomaker_residential_RoomWindow_01/materials/textures/aws_RoomWindow_01.png
[0.195s] -- Up-to-date symlink: /home/moonlab/ros2_ws/install/my_sim_tesi_gazebo/share//models/aws_robomaker_residential_RoomWindow_01/meshes/aws_RoomWindow_01_collision.DAE
[0.195s] -- Up-to-date symlink: /home/moonlab/ros2_ws/install/my_sim_tesi_gazebo/share//models/aws_robomaker_residential_RoomWindow_01/meshes/aws_RoomWindow_01_visual.DAE
[0.195s] -- Up-to-date symlink: /home/moonlab/ros2_ws/install/my_sim_tesi_gazebo/share//models/aws_robomaker_residential_RoomWindow_01/model.config
[0.196s] -- Up-to-date symlink: /home/moonlab/ros2_ws/install/my_sim_tesi_gazebo/share//models/aws_robomaker_residential_RoomWindow_01/model.sdf
[0.196s] -- Up-to-date symlink: /home/moonlab/ros2_ws/install/my_sim_tesi_gazebo/share//models/aws_robomaker_residential_SeasoningBox_01/materials/textures/aws_SeasoningBox_01.png
[0.196s] -- Up-to-date symlink: /home/moonlab/ros2_ws/install/my_sim_tesi_gazebo/share//models/aws_robomaker_residential_SeasoningBox_01/meshes/aws_SeasoningBox_01_collision.DAE
[0.196s] -- Up-to-date symlink: /home/moonlab/ros2_ws/install/my_sim_tesi_gazebo/share//models/aws_robomaker_residential_SeasoningBox_01/meshes/aws_SeasoningBox_01_visual.DAE
[0.196s] -- Up-to-date symlink: /home/moonlab/ros2_ws/install/my_sim_tesi_gazebo/share//models/aws_robomaker_residential_SeasoningBox_01/model.config
[0.196s] -- Up-to-date symlink: /home/moonlab/ros2_ws/install/my_sim_tesi_gazebo/share//models/aws_robomaker_residential_SeasoningBox_01/model.sdf
[0.196s] -- Up-to-date symlink: /home/moonlab/ros2_ws/install/my_sim_tesi_gazebo/share//models/aws_robomaker_residential_SecurityCamera_01/materials/textures/aws_SecurityCamera_01.png
[0.196s] -- Up-to-date symlink: /home/moonlab/ros2_ws/install/my_sim_tesi_gazebo/share//models/aws_robomaker_residential_SecurityCamera_01/meshes/aws_SecurityCamera_01_collision.DAE
[0.196s] -- Up-to-date symlink: /home/moonlab/ros2_ws/install/my_sim_tesi_gazebo/share//models/aws_robomaker_residential_SecurityCamera_01/meshes/aws_SecurityCamera_01_visual.DAE
[0.196s] -- Up-to-date symlink: /home/moonlab/ros2_ws/install/my_sim_tesi_gazebo/share//models/aws_robomaker_residential_SecurityCamera_01/model.config
[0.196s] -- Up-to-date symlink: /home/moonlab/ros2_ws/install/my_sim_tesi_gazebo/share//models/aws_robomaker_residential_SecurityCamera_01/model.sdf
[0.196s] -- Up-to-date symlink: /home/moonlab/ros2_ws/install/my_sim_tesi_gazebo/share//models/aws_robomaker_residential_ShoeRack_01/materials/textures/aws_ShoeRack_01.png
[0.196s] -- Up-to-date symlink: /home/moonlab/ros2_ws/install/my_sim_tesi_gazebo/share//models/aws_robomaker_residential_ShoeRack_01/meshes/aws_ShoeRack_01_collision.DAE
[0.196s] -- Up-to-date symlink: /home/moonlab/ros2_ws/install/my_sim_tesi_gazebo/share//models/aws_robomaker_residential_ShoeRack_01/meshes/aws_ShoeRack_01_visual.DAE
[0.196s] -- Up-to-date symlink: /home/moonlab/ros2_ws/install/my_sim_tesi_gazebo/share//models/aws_robomaker_residential_ShoeRack_01/model.config
[0.196s] -- Up-to-date symlink: /home/moonlab/ros2_ws/install/my_sim_tesi_gazebo/share//models/aws_robomaker_residential_ShoeRack_01/model.sdf
[0.197s] -- Up-to-date symlink: /home/moonlab/ros2_ws/install/my_sim_tesi_gazebo/share//models/aws_robomaker_residential_SofaB_01/materials/textures/aws_SofaB_01.png
[0.197s] -- Up-to-date symlink: /home/moonlab/ros2_ws/install/my_sim_tesi_gazebo/share//models/aws_robomaker_residential_SofaB_01/meshes/aws_SofaB_01_collision.DAE
[0.197s] -- Up-to-date symlink: /home/moonlab/ros2_ws/install/my_sim_tesi_gazebo/share//models/aws_robomaker_residential_SofaB_01/meshes/aws_SofaB_01_visual.DAE
[0.197s] -- Up-to-date symlink: /home/moonlab/ros2_ws/install/my_sim_tesi_gazebo/share//models/aws_robomaker_residential_SofaB_01/model.config
[0.197s] -- Up-to-date symlink: /home/moonlab/ros2_ws/install/my_sim_tesi_gazebo/share//models/aws_robomaker_residential_SofaB_01/model.sdf
[0.197s] -- Up-to-date symlink: /home/moonlab/ros2_ws/install/my_sim_tesi_gazebo/share//models/aws_robomaker_residential_SofaC_01/materials/textures/aws_SofaC_01.png
[0.197s] -- Up-to-date symlink: /home/moonlab/ros2_ws/install/my_sim_tesi_gazebo/share//models/aws_robomaker_residential_SofaC_01/meshes/aws_SofaC_01_collision.DAE
[0.197s] -- Up-to-date symlink: /home/moonlab/ros2_ws/install/my_sim_tesi_gazebo/share//models/aws_robomaker_residential_SofaC_01/meshes/aws_SofaC_01_visual.DAE
[0.197s] -- Up-to-date symlink: /home/moonlab/ros2_ws/install/my_sim_tesi_gazebo/share//models/aws_robomaker_residential_SofaC_01/model.config
[0.197s] -- Up-to-date symlink: /home/moonlab/ros2_ws/install/my_sim_tesi_gazebo/share//models/aws_robomaker_residential_SofaC_01/model.sdf
[0.197s] -- Up-to-date symlink: /home/moonlab/ros2_ws/install/my_sim_tesi_gazebo/share//models/aws_robomaker_residential_Sofa_01/materials/textures/aws_Sofa_01.png
[0.197s] -- Up-to-date symlink: /home/moonlab/ros2_ws/install/my_sim_tesi_gazebo/share//models/aws_robomaker_residential_Sofa_01/meshes/aws_Sofa_01.DAE
[0.197s] -- Up-to-date symlink: /home/moonlab/ros2_ws/install/my_sim_tesi_gazebo/share//models/aws_robomaker_residential_Sofa_01/meshes/aws_Sofa_01_collision.DAE
[0.197s] -- Up-to-date symlink: /home/moonlab/ros2_ws/install/my_sim_tesi_gazebo/share//models/aws_robomaker_residential_Sofa_01/meshes/aws_Sofa_01_visual.DAE
[0.197s] -- Up-to-date symlink: /home/moonlab/ros2_ws/install/my_sim_tesi_gazebo/share//models/aws_robomaker_residential_Sofa_01/model.config
[0.197s] -- Up-to-date symlink: /home/moonlab/ros2_ws/install/my_sim_tesi_gazebo/share//models/aws_robomaker_residential_Sofa_01/model.sdf
[0.198s] -- Up-to-date symlink: /home/moonlab/ros2_ws/install/my_sim_tesi_gazebo/share//models/aws_robomaker_residential_TVCabinet_01/materials/textures/aws_TVCabinet_01.png
[0.198s] -- Up-to-date symlink: /home/moonlab/ros2_ws/install/my_sim_tesi_gazebo/share//models/aws_robomaker_residential_TVCabinet_01/meshes/aws_TVCabinet_01_collision.DAE
[0.198s] -- Up-to-date symlink: /home/moonlab/ros2_ws/install/my_sim_tesi_gazebo/share//models/aws_robomaker_residential_TVCabinet_01/meshes/aws_TVCabinet_01_visual.DAE
[0.198s] -- Up-to-date symlink: /home/moonlab/ros2_ws/install/my_sim_tesi_gazebo/share//models/aws_robomaker_residential_TVCabinet_01/model.config
[0.198s] -- Up-to-date symlink: /home/moonlab/ros2_ws/install/my_sim_tesi_gazebo/share//models/aws_robomaker_residential_TVCabinet_01/model.sdf
[0.198s] -- Up-to-date symlink: /home/moonlab/ros2_ws/install/my_sim_tesi_gazebo/share//models/aws_robomaker_residential_TV_01/materials/textures/aws_TV_01.png
[0.198s] -- Up-to-date symlink: /home/moonlab/ros2_ws/install/my_sim_tesi_gazebo/share//models/aws_robomaker_residential_TV_01/meshes/aws_TV_01_collision.DAE
[0.198s] -- Up-to-date symlink: /home/moonlab/ros2_ws/install/my_sim_tesi_gazebo/share//models/aws_robomaker_residential_TV_01/meshes/aws_TV_01_visual.DAE
[0.198s] -- Up-to-date symlink: /home/moonlab/ros2_ws/install/my_sim_tesi_gazebo/share//models/aws_robomaker_residential_TV_01/model.config
[0.198s] -- Up-to-date symlink: /home/moonlab/ros2_ws/install/my_sim_tesi_gazebo/share//models/aws_robomaker_residential_TV_01/model.sdf
[0.198s] -- Up-to-date symlink: /home/moonlab/ros2_ws/install/my_sim_tesi_gazebo/share//models/aws_robomaker_residential_TV_02/materials/textures/aws_TV_01.png
[0.198s] -- Up-to-date symlink: /home/moonlab/ros2_ws/install/my_sim_tesi_gazebo/share//models/aws_robomaker_residential_TV_02/meshes/aws_TV_01_collision.DAE
[0.199s] -- Up-to-date symlink: /home/moonlab/ros2_ws/install/my_sim_tesi_gazebo/share//models/aws_robomaker_residential_TV_02/meshes/aws_TV_01_visual.DAE
[0.199s] -- Up-to-date symlink: /home/moonlab/ros2_ws/install/my_sim_tesi_gazebo/share//models/aws_robomaker_residential_TV_02/model.config
[0.199s] -- Up-to-date symlink: /home/moonlab/ros2_ws/install/my_sim_tesi_gazebo/share//models/aws_robomaker_residential_TV_02/model.sdf
[0.199s] -- Up-to-date symlink: /home/moonlab/ros2_ws/install/my_sim_tesi_gazebo/share//models/aws_robomaker_residential_Tablet_01/.DS_Store
[0.199s] -- Up-to-date symlink: /home/moonlab/ros2_ws/install/my_sim_tesi_gazebo/share//models/aws_robomaker_residential_Tablet_01/materials/.DS_Store
[0.199s] -- Up-to-date symlink: /home/moonlab/ros2_ws/install/my_sim_tesi_gazebo/share//models/aws_robomaker_residential_Tablet_01/materials/textures/aws_Tablet_01_nologo.png
[0.199s] -- Up-to-date symlink: /home/moonlab/ros2_ws/install/my_sim_tesi_gazebo/share//models/aws_robomaker_residential_Tablet_01/meshes/aws_Tablet_01_collision.DAE
[0.199s] -- Up-to-date symlink: /home/moonlab/ros2_ws/install/my_sim_tesi_gazebo/share//models/aws_robomaker_residential_Tablet_01/meshes/aws_Tablet_01_visual.DAE
[0.199s] -- Up-to-date symlink: /home/moonlab/ros2_ws/install/my_sim_tesi_gazebo/share//models/aws_robomaker_residential_Tablet_01/model.config
[0.199s] -- Up-to-date symlink: /home/moonlab/ros2_ws/install/my_sim_tesi_gazebo/share//models/aws_robomaker_residential_Tablet_01/model.sdf
[0.199s] -- Up-to-date symlink: /home/moonlab/ros2_ws/install/my_sim_tesi_gazebo/share//models/aws_robomaker_residential_Tableware_01/materials/textures/aws_Tableware_01.png
[0.199s] -- Up-to-date symlink: /home/moonlab/ros2_ws/install/my_sim_tesi_gazebo/share//models/aws_robomaker_residential_Tableware_01/meshes/aws_Tableware_01_collision.DAE
[0.199s] -- Up-to-date symlink: /home/moonlab/ros2_ws/install/my_sim_tesi_gazebo/share//models/aws_robomaker_residential_Tableware_01/meshes/aws_Tableware_01_visual.DAE
[0.199s] -- Up-to-date symlink: /home/moonlab/ros2_ws/install/my_sim_tesi_gazebo/share//models/aws_robomaker_residential_Tableware_01/model.config
[0.200s] -- Up-to-date symlink: /home/moonlab/ros2_ws/install/my_sim_tesi_gazebo/share//models/aws_robomaker_residential_Tableware_01/model.sdf
[0.200s] -- Up-to-date symlink: /home/moonlab/ros2_ws/install/my_sim_tesi_gazebo/share//models/aws_robomaker_residential_Trash_01/materials/textures/aws_Trash_01.png
[0.200s] -- Up-to-date symlink: /home/moonlab/ros2_ws/install/my_sim_tesi_gazebo/share//models/aws_robomaker_residential_Trash_01/meshes/aws_Trash_01_collision.DAE
[0.200s] -- Up-to-date symlink: /home/moonlab/ros2_ws/install/my_sim_tesi_gazebo/share//models/aws_robomaker_residential_Trash_01/meshes/aws_Trash_01_visual.DAE
[0.200s] -- Up-to-date symlink: /home/moonlab/ros2_ws/install/my_sim_tesi_gazebo/share//models/aws_robomaker_residential_Trash_01/model.config
[0.200s] -- Up-to-date symlink: /home/moonlab/ros2_ws/install/my_sim_tesi_gazebo/share//models/aws_robomaker_residential_Trash_01/model.sdf
[0.200s] -- Up-to-date symlink: /home/moonlab/ros2_ws/install/my_sim_tesi_gazebo/share//models/aws_robomaker_residential_Vase_01/materials/textures/aws_Vase_01.png
[0.200s] -- Up-to-date symlink: /home/moonlab/ros2_ws/install/my_sim_tesi_gazebo/share//models/aws_robomaker_residential_Vase_01/meshes/aws_Vase_01_collision.DAE
[0.200s] -- Up-to-date symlink: /home/moonlab/ros2_ws/install/my_sim_tesi_gazebo/share//models/aws_robomaker_residential_Vase_01/meshes/aws_Vase_01_visual.DAE
[0.200s] -- Up-to-date symlink: /home/moonlab/ros2_ws/install/my_sim_tesi_gazebo/share//models/aws_robomaker_residential_Vase_01/model.config
[0.200s] -- Up-to-date symlink: /home/moonlab/ros2_ws/install/my_sim_tesi_gazebo/share//models/aws_robomaker_residential_Vase_01/model.sdf
[0.200s] -- Up-to-date symlink: /home/moonlab/ros2_ws/install/my_sim_tesi_gazebo/share//models/aws_robomaker_residential_Wardrobe_01/materials/textures/aws_Wardrobe_01.png
[0.200s] -- Up-to-date symlink: /home/moonlab/ros2_ws/install/my_sim_tesi_gazebo/share//models/aws_robomaker_residential_Wardrobe_01/meshes/aws_Wardrobe_01_collision.DAE
[0.200s] -- Up-to-date symlink: /home/moonlab/ros2_ws/install/my_sim_tesi_gazebo/share//models/aws_robomaker_residential_Wardrobe_01/meshes/aws_Wardrobe_01_visual.DAE
[0.200s] -- Up-to-date symlink: /home/moonlab/ros2_ws/install/my_sim_tesi_gazebo/share//models/aws_robomaker_residential_Wardrobe_01/model.config
[0.200s] -- Up-to-date symlink: /home/moonlab/ros2_ws/install/my_sim_tesi_gazebo/share//models/aws_robomaker_residential_Wardrobe_01/model.sdf
[0.200s] -- Up-to-date symlink: /home/moonlab/ros2_ws/install/my_sim_tesi_gazebo/share//models/center_table/model.config
[0.200s] -- Up-to-date symlink: /home/moonlab/ros2_ws/install/my_sim_tesi_gazebo/share//models/center_table/model.sdf
[0.201s] -- Up-to-date symlink: /home/moonlab/ros2_ws/install/my_sim_tesi_gazebo/share//models/garage_door/model.config
[0.201s] -- Up-to-date symlink: /home/moonlab/ros2_ws/install/my_sim_tesi_gazebo/share//models/garage_door/model.sdf
[0.201s] -- Up-to-date symlink: /home/moonlab/ros2_ws/install/my_sim_tesi_gazebo/share//models/pallet_box_mobile/meshes/Box_paper_04_1_Base_Color.png
[0.201s] -- Up-to-date symlink: /home/moonlab/ros2_ws/install/my_sim_tesi_gazebo/share//models/pallet_box_mobile/meshes/boxes.dae
[0.201s] -- Up-to-date symlink: /home/moonlab/ros2_ws/install/my_sim_tesi_gazebo/share//models/pallet_box_mobile/model.config
[0.201s] -- Up-to-date symlink: /home/moonlab/ros2_ws/install/my_sim_tesi_gazebo/share//models/pallet_box_mobile/model.sdf
[0.201s] -- Up-to-date symlink: /home/moonlab/ros2_ws/install/my_sim_tesi_gazebo/share//models/pallet_box_mobile/thumbnails/1.png
[0.201s] -- Up-to-date symlink: /home/moonlab/ros2_ws/install/my_sim_tesi_gazebo/share//models/parallelepiped/model.config
[0.201s] -- Up-to-date symlink: /home/moonlab/ros2_ws/install/my_sim_tesi_gazebo/share//models/parallelepiped/model.sdf
[0.201s] -- Up-to-date symlink: /home/moonlab/ros2_ws/install/my_sim_tesi_gazebo/share//models/red_toolbox/model.config
[0.201s] -- Up-to-date symlink: /home/moonlab/ros2_ws/install/my_sim_tesi_gazebo/share//models/red_toolbox/model.sdf
[0.201s] -- Up-to-date symlink: /home/moonlab/ros2_ws/install/my_sim_tesi_gazebo/share//models/shelf/meshes/Box_paper_04_1_Base_Color.png
[0.201s] -- Up-to-date symlink: /home/moonlab/ros2_ws/install/my_sim_tesi_gazebo/share//models/shelf/meshes/shelf_big_movai.dae
[0.201s] -- Up-to-date symlink: /home/moonlab/ros2_ws/install/my_sim_tesi_gazebo/share//models/shelf/model.config
[0.201s] -- Up-to-date symlink: /home/moonlab/ros2_ws/install/my_sim_tesi_gazebo/share//models/shelf/model.sdf
[0.201s] -- Up-to-date symlink: /home/moonlab/ros2_ws/install/my_sim_tesi_gazebo/share//models/shelf/thumbnails/1.png
[0.201s] -- Up-to-date symlink: /home/moonlab/ros2_ws/install/my_sim_tesi_gazebo/share//models/shelf_big/meshes/Box_paper_04_1_Base_Color.png
[0.201s] -- Up-to-date symlink: /home/moonlab/ros2_ws/install/my_sim_tesi_gazebo/share//models/shelf_big/meshes/shelf_big_movai.dae
[0.202s] -- Up-to-date symlink: /home/moonlab/ros2_ws/install/my_sim_tesi_gazebo/share//models/shelf_big/model.config
[0.202s] -- Up-to-date symlink: /home/moonlab/ros2_ws/install/my_sim_tesi_gazebo/share//models/shelf_big/model.sdf
[0.202s] -- Up-to-date symlink: /home/moonlab/ros2_ws/install/my_sim_tesi_gazebo/share//models/shelf_big/thumbnails/1.png
[0.202s] -- Up-to-date symlink: /home/moonlab/ros2_ws/install/my_sim_tesi_gazebo/share//models/turtlebot3_Burger/meshes/burger_base.stl
[0.202s] -- Up-to-date symlink: /home/moonlab/ros2_ws/install/my_sim_tesi_gazebo/share//models/turtlebot3_Burger/meshes/lds.stl
[0.202s] -- Up-to-date symlink: /home/moonlab/ros2_ws/install/my_sim_tesi_gazebo/share//models/turtlebot3_Burger/meshes/left_tire.stl
[0.202s] -- Up-to-date symlink: /home/moonlab/ros2_ws/install/my_sim_tesi_gazebo/share//models/turtlebot3_Burger/meshes/right_tire.stl
[0.202s] -- Up-to-date symlink: /home/moonlab/ros2_ws/install/my_sim_tesi_gazebo/share//models/turtlebot3_Burger/model.config
[0.202s] -- Up-to-date symlink: /home/moonlab/ros2_ws/install/my_sim_tesi_gazebo/share//models/turtlebot3_Burger/model.sdf
[0.202s] -- Up-to-date symlink: /home/moonlab/ros2_ws/install/my_sim_tesi_gazebo/share//models/turtlebot3_Burger/thumbnails/turtlebot3_burger.jpg
[0.202s] -- Up-to-date symlink: /home/moonlab/ros2_ws/install/my_sim_tesi_gazebo/share//worlds/my_world.sdf
[0.202s] -- Up-to-date symlink: /home/moonlab/ros2_ws/install/my_sim_tesi_gazebo/share//worlds/my_world_backup.sdf
[0.202s] -- Up-to-date symlink: /home/moonlab/ros2_ws/install/my_sim_tesi_gazebo/share//worlds/my_world_exp1.sdf
[0.203s] -- Up-to-date symlink: /home/moonlab/ros2_ws/install/my_sim_tesi_gazebo/share//worlds/my_world_exp2.sdf
[0.203s] -- Up-to-date symlink: /home/moonlab/ros2_ws/install/my_sim_tesi_gazebo/share//worlds/my_world_exp3.sdf
[0.203s] -- Up-to-date symlink: /home/moonlab/ros2_ws/install/my_sim_tesi_gazebo/share//worlds/my_world_exp4.sdf
[0.203s] -- Up-to-date symlink: /home/moonlab/ros2_ws/install/my_sim_tesi_gazebo/share//worlds/small_house.world
[0.207s] Invoked command in '/home/moonlab/ros2_ws/build/my_sim_tesi_gazebo' returned '0': CMAKE_PREFIX_PATH=${CMAKE_PREFIX_PATH}:/home/moonlab/ros2_ws/install/turtlebot3_control:/opt/ros/humble /usr/bin/cmake --install /home/moonlab/ros2_ws/build/my_sim_tesi_gazebo
