[0.069s] DEBUG:colcon:Command line arguments: ['/usr/bin/colcon', 'build']
[0.069s] DEBUG:colcon:Parsed command line arguments: Namespace(log_base=None, log_level=None, verb_name='build', build_base='build', install_base='install', merge_install=False, symlink_install=False, test_result_base=None, continue_on_error=False, executor='parallel', parallel_workers=24, event_handlers=None, ignore_user_meta=False, metas=['./colcon.meta'], base_paths=['.'], packages_ignore=None, packages_ignore_regex=None, paths=None, packages_up_to=None, packages_up_to_regex=None, packages_above=None, packages_above_and_dependencies=None, packages_above_depth=None, packages_select_by_dep=None, packages_skip_by_dep=None, packages_skip_up_to=None, packages_select_build_failed=False, packages_skip_build_finished=False, packages_select_test_failures=False, packages_skip_test_passed=False, packages_select=None, packages_skip=None, packages_select_regex=None, packages_skip_regex=None, packages_start=None, packages_end=None, allow_overriding=[], cmake_args=None, cmake_target=None, cmake_target_skip_unavailable=False, cmake_clean_cache=False, cmake_clean_first=False, cmake_force_configure=False, ament_cmake_args=None, catkin_cmake_args=None, catkin_skip_building_tests=False, verb_parser=<colcon_defaults.argument_parser.defaults.DefaultArgumentsDecorator object at 0x7826aa65a740>, verb_extension=<colcon_core.verb.build.BuildVerb object at 0x7826aa65a230>, main=<bound method BuildVerb.main of <colcon_core.verb.build.BuildVerb object at 0x7826aa65a230>>)
[0.204s] Level 1:colcon.colcon_core.package_discovery:discover_packages(colcon_meta) check parameters
[0.205s] Level 1:colcon.colcon_core.package_discovery:discover_packages(recursive) check parameters
[0.205s] Level 1:colcon.colcon_core.package_discovery:discover_packages(ignore) check parameters
[0.205s] Level 1:colcon.colcon_core.package_discovery:discover_packages(path) check parameters
[0.205s] Level 1:colcon.colcon_core.package_discovery:discover_packages(colcon_meta) discover
[0.205s] Level 1:colcon.colcon_core.package_discovery:discover_packages(recursive) discover
[0.205s] INFO:colcon.colcon_core.package_discovery:Crawling recursively for packages in '/home/moonlab/ros2_ws'
[0.205s] Level 1:colcon.colcon_core.package_identification:_identify(.) by extensions ['ignore', 'ignore_ament_install']
[0.205s] Level 1:colcon.colcon_core.package_identification:_identify(.) by extension 'ignore'
[0.205s] Level 1:colcon.colcon_core.package_identification:_identify(.) by extension 'ignore_ament_install'
[0.205s] Level 1:colcon.colcon_core.package_identification:_identify(.) by extensions ['colcon_pkg']
[0.205s] Level 1:colcon.colcon_core.package_identification:_identify(.) by extension 'colcon_pkg'
[0.205s] Level 1:colcon.colcon_core.package_identification:_identify(.) by extensions ['colcon_meta']
[0.205s] Level 1:colcon.colcon_core.package_identification:_identify(.) by extension 'colcon_meta'
[0.205s] Level 1:colcon.colcon_core.package_identification:_identify(.) by extensions ['ros']
[0.205s] Level 1:colcon.colcon_core.package_identification:_identify(.) by extension 'ros'
[0.212s] Level 1:colcon.colcon_core.package_identification:_identify(.) by extensions ['cmake', 'python']
[0.212s] Level 1:colcon.colcon_core.package_identification:_identify(.) by extension 'cmake'
[0.212s] Level 1:colcon.colcon_core.package_identification:_identify(.) by extension 'python'
[0.212s] Level 1:colcon.colcon_core.package_identification:_identify(.) by extensions ['python_setup_py']
[0.212s] Level 1:colcon.colcon_core.package_identification:_identify(.) by extension 'python_setup_py'
[0.212s] Level 1:colcon.colcon_core.package_identification:_identify(build) by extensions ['ignore', 'ignore_ament_install']
[0.212s] Level 1:colcon.colcon_core.package_identification:_identify(build) by extension 'ignore'
[0.212s] Level 1:colcon.colcon_core.package_identification:_identify(build) ignored
[0.212s] Level 1:colcon.colcon_core.package_identification:_identify(install) by extensions ['ignore', 'ignore_ament_install']
[0.212s] Level 1:colcon.colcon_core.package_identification:_identify(install) by extension 'ignore'
[0.212s] Level 1:colcon.colcon_core.package_identification:_identify(install) ignored
[0.212s] Level 1:colcon.colcon_core.package_identification:_identify(log) by extensions ['ignore', 'ignore_ament_install']
[0.212s] Level 1:colcon.colcon_core.package_identification:_identify(log) by extension 'ignore'
[0.212s] Level 1:colcon.colcon_core.package_identification:_identify(log) ignored
[0.212s] Level 1:colcon.colcon_core.package_identification:_identify(src) by extensions ['ignore', 'ignore_ament_install']
[0.212s] Level 1:colcon.colcon_core.package_identification:_identify(src) by extension 'ignore'
[0.212s] Level 1:colcon.colcon_core.package_identification:_identify(src) by extension 'ignore_ament_install'
[0.212s] Level 1:colcon.colcon_core.package_identification:_identify(src) by extensions ['colcon_pkg']
[0.212s] Level 1:colcon.colcon_core.package_identification:_identify(src) by extension 'colcon_pkg'
[0.212s] Level 1:colcon.colcon_core.package_identification:_identify(src) by extensions ['colcon_meta']
[0.212s] Level 1:colcon.colcon_core.package_identification:_identify(src) by extension 'colcon_meta'
[0.212s] Level 1:colcon.colcon_core.package_identification:_identify(src) by extensions ['ros']
[0.212s] Level 1:colcon.colcon_core.package_identification:_identify(src) by extension 'ros'
[0.212s] Level 1:colcon.colcon_core.package_identification:_identify(src) by extensions ['cmake', 'python']
[0.212s] Level 1:colcon.colcon_core.package_identification:_identify(src) by extension 'cmake'
[0.212s] Level 1:colcon.colcon_core.package_identification:_identify(src) by extension 'python'
[0.212s] Level 1:colcon.colcon_core.package_identification:_identify(src) by extensions ['python_setup_py']
[0.212s] Level 1:colcon.colcon_core.package_identification:_identify(src) by extension 'python_setup_py'
[0.212s] Level 1:colcon.colcon_core.package_identification:_identify(src/ros2_ignition_thesis) by extensions ['ignore', 'ignore_ament_install']
[0.212s] Level 1:colcon.colcon_core.package_identification:_identify(src/ros2_ignition_thesis) by extension 'ignore'
[0.212s] Level 1:colcon.colcon_core.package_identification:_identify(src/ros2_ignition_thesis) by extension 'ignore_ament_install'
[0.213s] Level 1:colcon.colcon_core.package_identification:_identify(src/ros2_ignition_thesis) by extensions ['colcon_pkg']
[0.213s] Level 1:colcon.colcon_core.package_identification:_identify(src/ros2_ignition_thesis) by extension 'colcon_pkg'
[0.213s] Level 1:colcon.colcon_core.package_identification:_identify(src/ros2_ignition_thesis) by extensions ['colcon_meta']
[0.213s] Level 1:colcon.colcon_core.package_identification:_identify(src/ros2_ignition_thesis) by extension 'colcon_meta'
[0.213s] Level 1:colcon.colcon_core.package_identification:_identify(src/ros2_ignition_thesis) by extensions ['ros']
[0.213s] Level 1:colcon.colcon_core.package_identification:_identify(src/ros2_ignition_thesis) by extension 'ros'
[0.213s] Level 1:colcon.colcon_core.package_identification:_identify(src/ros2_ignition_thesis) by extensions ['cmake', 'python']
[0.213s] Level 1:colcon.colcon_core.package_identification:_identify(src/ros2_ignition_thesis) by extension 'cmake'
[0.213s] Level 1:colcon.colcon_core.package_identification:_identify(src/ros2_ignition_thesis) by extension 'python'
[0.213s] Level 1:colcon.colcon_core.package_identification:_identify(src/ros2_ignition_thesis) by extensions ['python_setup_py']
[0.213s] Level 1:colcon.colcon_core.package_identification:_identify(src/ros2_ignition_thesis) by extension 'python_setup_py'
[0.213s] Level 1:colcon.colcon_core.package_identification:_identify(src/ros2_ignition_thesis/img) by extensions ['ignore', 'ignore_ament_install']
[0.213s] Level 1:colcon.colcon_core.package_identification:_identify(src/ros2_ignition_thesis/img) by extension 'ignore'
[0.213s] Level 1:colcon.colcon_core.package_identification:_identify(src/ros2_ignition_thesis/img) by extension 'ignore_ament_install'
[0.213s] Level 1:colcon.colcon_core.package_identification:_identify(src/ros2_ignition_thesis/img) by extensions ['colcon_pkg']
[0.213s] Level 1:colcon.colcon_core.package_identification:_identify(src/ros2_ignition_thesis/img) by extension 'colcon_pkg'
[0.213s] Level 1:colcon.colcon_core.package_identification:_identify(src/ros2_ignition_thesis/img) by extensions ['colcon_meta']
[0.213s] Level 1:colcon.colcon_core.package_identification:_identify(src/ros2_ignition_thesis/img) by extension 'colcon_meta'
[0.213s] Level 1:colcon.colcon_core.package_identification:_identify(src/ros2_ignition_thesis/img) by extensions ['ros']
[0.213s] Level 1:colcon.colcon_core.package_identification:_identify(src/ros2_ignition_thesis/img) by extension 'ros'
[0.213s] Level 1:colcon.colcon_core.package_identification:_identify(src/ros2_ignition_thesis/img) by extensions ['cmake', 'python']
[0.213s] Level 1:colcon.colcon_core.package_identification:_identify(src/ros2_ignition_thesis/img) by extension 'cmake'
[0.213s] Level 1:colcon.colcon_core.package_identification:_identify(src/ros2_ignition_thesis/img) by extension 'python'
[0.213s] Level 1:colcon.colcon_core.package_identification:_identify(src/ros2_ignition_thesis/img) by extensions ['python_setup_py']
[0.213s] Level 1:colcon.colcon_core.package_identification:_identify(src/ros2_ignition_thesis/img) by extension 'python_setup_py'
[0.213s] Level 1:colcon.colcon_core.package_identification:_identify(src/ros2_ignition_thesis/my_sim_tesi_bringup) by extensions ['ignore', 'ignore_ament_install']
[0.213s] Level 1:colcon.colcon_core.package_identification:_identify(src/ros2_ignition_thesis/my_sim_tesi_bringup) by extension 'ignore'
[0.213s] Level 1:colcon.colcon_core.package_identification:_identify(src/ros2_ignition_thesis/my_sim_tesi_bringup) by extension 'ignore_ament_install'
[0.213s] Level 1:colcon.colcon_core.package_identification:_identify(src/ros2_ignition_thesis/my_sim_tesi_bringup) by extensions ['colcon_pkg']
[0.213s] Level 1:colcon.colcon_core.package_identification:_identify(src/ros2_ignition_thesis/my_sim_tesi_bringup) by extension 'colcon_pkg'
[0.213s] Level 1:colcon.colcon_core.package_identification:_identify(src/ros2_ignition_thesis/my_sim_tesi_bringup) by extensions ['colcon_meta']
[0.213s] Level 1:colcon.colcon_core.package_identification:_identify(src/ros2_ignition_thesis/my_sim_tesi_bringup) by extension 'colcon_meta'
[0.213s] Level 1:colcon.colcon_core.package_identification:_identify(src/ros2_ignition_thesis/my_sim_tesi_bringup) by extensions ['ros']
[0.213s] Level 1:colcon.colcon_core.package_identification:_identify(src/ros2_ignition_thesis/my_sim_tesi_bringup) by extension 'ros'
[0.215s] DEBUG:colcon.colcon_core.package_identification:Package 'src/ros2_ignition_thesis/my_sim_tesi_bringup' with type 'ros.ament_cmake' and name 'my_sim_tesi_bringup'
[0.215s] Level 1:colcon.colcon_core.package_identification:_identify(src/ros2_ignition_thesis/my_sim_tesi_gazebo) by extensions ['ignore', 'ignore_ament_install']
[0.216s] Level 1:colcon.colcon_core.package_identification:_identify(src/ros2_ignition_thesis/my_sim_tesi_gazebo) by extension 'ignore'
[0.216s] Level 1:colcon.colcon_core.package_identification:_identify(src/ros2_ignition_thesis/my_sim_tesi_gazebo) by extension 'ignore_ament_install'
[0.216s] Level 1:colcon.colcon_core.package_identification:_identify(src/ros2_ignition_thesis/my_sim_tesi_gazebo) by extensions ['colcon_pkg']
[0.216s] Level 1:colcon.colcon_core.package_identification:_identify(src/ros2_ignition_thesis/my_sim_tesi_gazebo) by extension 'colcon_pkg'
[0.216s] Level 1:colcon.colcon_core.package_identification:_identify(src/ros2_ignition_thesis/my_sim_tesi_gazebo) by extensions ['colcon_meta']
[0.216s] Level 1:colcon.colcon_core.package_identification:_identify(src/ros2_ignition_thesis/my_sim_tesi_gazebo) by extension 'colcon_meta'
[0.216s] Level 1:colcon.colcon_core.package_identification:_identify(src/ros2_ignition_thesis/my_sim_tesi_gazebo) by extensions ['ros']
[0.216s] Level 1:colcon.colcon_core.package_identification:_identify(src/ros2_ignition_thesis/my_sim_tesi_gazebo) by extension 'ros'
[0.216s] DEBUG:colcon.colcon_core.package_identification:Package 'src/ros2_ignition_thesis/my_sim_tesi_gazebo' with type 'ros.ament_cmake' and name 'my_sim_tesi_gazebo'
[0.216s] Level 1:colcon.colcon_core.package_identification:_identify(src/ros2_ignition_thesis/my_sim_tesi_ros2_interfaces) by extensions ['ignore', 'ignore_ament_install']
[0.216s] Level 1:colcon.colcon_core.package_identification:_identify(src/ros2_ignition_thesis/my_sim_tesi_ros2_interfaces) by extension 'ignore'
[0.216s] Level 1:colcon.colcon_core.package_identification:_identify(src/ros2_ignition_thesis/my_sim_tesi_ros2_interfaces) by extension 'ignore_ament_install'
[0.216s] Level 1:colcon.colcon_core.package_identification:_identify(src/ros2_ignition_thesis/my_sim_tesi_ros2_interfaces) by extensions ['colcon_pkg']
[0.216s] Level 1:colcon.colcon_core.package_identification:_identify(src/ros2_ignition_thesis/my_sim_tesi_ros2_interfaces) by extension 'colcon_pkg'
[0.216s] Level 1:colcon.colcon_core.package_identification:_identify(src/ros2_ignition_thesis/my_sim_tesi_ros2_interfaces) by extensions ['colcon_meta']
[0.216s] Level 1:colcon.colcon_core.package_identification:_identify(src/ros2_ignition_thesis/my_sim_tesi_ros2_interfaces) by extension 'colcon_meta'
[0.216s] Level 1:colcon.colcon_core.package_identification:_identify(src/ros2_ignition_thesis/my_sim_tesi_ros2_interfaces) by extensions ['ros']
[0.216s] Level 1:colcon.colcon_core.package_identification:_identify(src/ros2_ignition_thesis/my_sim_tesi_ros2_interfaces) by extension 'ros'
[0.217s] DEBUG:colcon.colcon_core.package_identification:Package 'src/ros2_ignition_thesis/my_sim_tesi_ros2_interfaces' with type 'ros.ament_cmake' and name 'my_sim_tesi_ros2_interfaces'
[0.217s] Level 1:colcon.colcon_core.package_identification:_identify(src/ros2_ignition_thesis/my_sim_tesi_ros2_nodes) by extensions ['ignore', 'ignore_ament_install']
[0.217s] Level 1:colcon.colcon_core.package_identification:_identify(src/ros2_ignition_thesis/my_sim_tesi_ros2_nodes) by extension 'ignore'
[0.217s] Level 1:colcon.colcon_core.package_identification:_identify(src/ros2_ignition_thesis/my_sim_tesi_ros2_nodes) by extension 'ignore_ament_install'
[0.217s] Level 1:colcon.colcon_core.package_identification:_identify(src/ros2_ignition_thesis/my_sim_tesi_ros2_nodes) by extensions ['colcon_pkg']
[0.217s] Level 1:colcon.colcon_core.package_identification:_identify(src/ros2_ignition_thesis/my_sim_tesi_ros2_nodes) by extension 'colcon_pkg'
[0.217s] Level 1:colcon.colcon_core.package_identification:_identify(src/ros2_ignition_thesis/my_sim_tesi_ros2_nodes) by extensions ['colcon_meta']
[0.217s] Level 1:colcon.colcon_core.package_identification:_identify(src/ros2_ignition_thesis/my_sim_tesi_ros2_nodes) by extension 'colcon_meta'
[0.217s] Level 1:colcon.colcon_core.package_identification:_identify(src/ros2_ignition_thesis/my_sim_tesi_ros2_nodes) by extensions ['ros']
[0.217s] Level 1:colcon.colcon_core.package_identification:_identify(src/ros2_ignition_thesis/my_sim_tesi_ros2_nodes) by extension 'ros'
[0.218s] DEBUG:colcon.colcon_core.package_identification:Package 'src/ros2_ignition_thesis/my_sim_tesi_ros2_nodes' with type 'ros.ament_cmake' and name 'my_sim_tesi_ros2_nodes'
[0.218s] Level 1:colcon.colcon_core.package_identification:_identify(src/ros2_ignition_thesis/turtlebot3_control) by extensions ['ignore', 'ignore_ament_install']
[0.218s] Level 1:colcon.colcon_core.package_identification:_identify(src/ros2_ignition_thesis/turtlebot3_control) by extension 'ignore'
[0.218s] Level 1:colcon.colcon_core.package_identification:_identify(src/ros2_ignition_thesis/turtlebot3_control) by extension 'ignore_ament_install'
[0.218s] Level 1:colcon.colcon_core.package_identification:_identify(src/ros2_ignition_thesis/turtlebot3_control) by extensions ['colcon_pkg']
[0.218s] Level 1:colcon.colcon_core.package_identification:_identify(src/ros2_ignition_thesis/turtlebot3_control) by extension 'colcon_pkg'
[0.218s] Level 1:colcon.colcon_core.package_identification:_identify(src/ros2_ignition_thesis/turtlebot3_control) by extensions ['colcon_meta']
[0.218s] Level 1:colcon.colcon_core.package_identification:_identify(src/ros2_ignition_thesis/turtlebot3_control) by extension 'colcon_meta'
[0.218s] Level 1:colcon.colcon_core.package_identification:_identify(src/ros2_ignition_thesis/turtlebot3_control) by extensions ['ros']
[0.218s] Level 1:colcon.colcon_core.package_identification:_identify(src/ros2_ignition_thesis/turtlebot3_control) by extension 'ros'
[0.218s] DEBUG:colcon.colcon_core.package_identification:Package 'src/ros2_ignition_thesis/turtlebot3_control' with type 'ros.ament_python' and name 'turtlebot3_control'
[0.218s] Level 1:colcon.colcon_core.package_identification:_identify(src/ros2_ignition_thesis/turtlebot3_simulation) by extensions ['ignore', 'ignore_ament_install']
[0.218s] Level 1:colcon.colcon_core.package_identification:_identify(src/ros2_ignition_thesis/turtlebot3_simulation) by extension 'ignore'
[0.218s] Level 1:colcon.colcon_core.package_identification:_identify(src/ros2_ignition_thesis/turtlebot3_simulation) by extension 'ignore_ament_install'
[0.218s] Level 1:colcon.colcon_core.package_identification:_identify(src/ros2_ignition_thesis/turtlebot3_simulation) by extensions ['colcon_pkg']
[0.218s] Level 1:colcon.colcon_core.package_identification:_identify(src/ros2_ignition_thesis/turtlebot3_simulation) by extension 'colcon_pkg'
[0.218s] Level 1:colcon.colcon_core.package_identification:_identify(src/ros2_ignition_thesis/turtlebot3_simulation) by extensions ['colcon_meta']
[0.218s] Level 1:colcon.colcon_core.package_identification:_identify(src/ros2_ignition_thesis/turtlebot3_simulation) by extension 'colcon_meta'
[0.218s] Level 1:colcon.colcon_core.package_identification:_identify(src/ros2_ignition_thesis/turtlebot3_simulation) by extensions ['ros']
[0.218s] Level 1:colcon.colcon_core.package_identification:_identify(src/ros2_ignition_thesis/turtlebot3_simulation) by extension 'ros'
[0.219s] DEBUG:colcon.colcon_core.package_identification:Package 'src/ros2_ignition_thesis/turtlebot3_simulation' with type 'ros.ament_cmake' and name 'turtlebot3_simulation'
[0.219s] Level 1:colcon.colcon_core.package_discovery:discover_packages(recursive) using defaults
[0.219s] Level 1:colcon.colcon_core.package_discovery:discover_packages(ignore) discover
[0.219s] Level 1:colcon.colcon_core.package_discovery:discover_packages(ignore) using defaults
[0.219s] Level 1:colcon.colcon_core.package_discovery:discover_packages(path) discover
[0.219s] Level 1:colcon.colcon_core.package_discovery:discover_packages(path) using defaults
[0.238s] Level 1:colcon.colcon_core.package_discovery:discover_packages(prefix_path) check parameters
[0.238s] Level 1:colcon.colcon_core.package_discovery:discover_packages(prefix_path) discover
[0.239s] DEBUG:colcon.colcon_installed_package_information.package_discovery:Found 8 installed packages in /home/moonlab/ros2_ws/install
[0.241s] DEBUG:colcon.colcon_installed_package_information.package_discovery:Found 448 installed packages in /opt/ros/humble
[0.242s] Level 1:colcon.colcon_core.package_discovery:discover_packages(prefix_path) using defaults
[0.270s] Level 5:colcon.colcon_core.verb:set package 'my_sim_tesi_bringup' build argument 'cmake_args' from command line to 'None'
[0.270s] Level 5:colcon.colcon_core.verb:set package 'my_sim_tesi_bringup' build argument 'cmake_target' from command line to 'None'
[0.270s] Level 5:colcon.colcon_core.verb:set package 'my_sim_tesi_bringup' build argument 'cmake_target_skip_unavailable' from command line to 'False'
[0.270s] Level 5:colcon.colcon_core.verb:set package 'my_sim_tesi_bringup' build argument 'cmake_clean_cache' from command line to 'False'
[0.270s] Level 5:colcon.colcon_core.verb:set package 'my_sim_tesi_bringup' build argument 'cmake_clean_first' from command line to 'False'
[0.270s] Level 5:colcon.colcon_core.verb:set package 'my_sim_tesi_bringup' build argument 'cmake_force_configure' from command line to 'False'
[0.270s] Level 5:colcon.colcon_core.verb:set package 'my_sim_tesi_bringup' build argument 'ament_cmake_args' from command line to 'None'
[0.270s] Level 5:colcon.colcon_core.verb:set package 'my_sim_tesi_bringup' build argument 'catkin_cmake_args' from command line to 'None'
[0.270s] Level 5:colcon.colcon_core.verb:set package 'my_sim_tesi_bringup' build argument 'catkin_skip_building_tests' from command line to 'False'
[0.270s] DEBUG:colcon.colcon_core.verb:Building package 'my_sim_tesi_bringup' with the following arguments: {'ament_cmake_args': None, 'build_base': '/home/moonlab/ros2_ws/build/my_sim_tesi_bringup', 'catkin_cmake_args': None, 'catkin_skip_building_tests': False, 'cmake_args': None, 'cmake_clean_cache': False, 'cmake_clean_first': False, 'cmake_force_configure': False, 'cmake_target': None, 'cmake_target_skip_unavailable': False, 'install_base': '/home/moonlab/ros2_ws/install/my_sim_tesi_bringup', 'merge_install': False, 'path': '/home/moonlab/ros2_ws/src/ros2_ignition_thesis/my_sim_tesi_bringup', 'symlink_install': False, 'test_result_base': None}
[0.270s] Level 5:colcon.colcon_core.verb:set package 'my_sim_tesi_gazebo' build argument 'cmake_args' from command line to 'None'
[0.270s] Level 5:colcon.colcon_core.verb:set package 'my_sim_tesi_gazebo' build argument 'cmake_target' from command line to 'None'
[0.270s] Level 5:colcon.colcon_core.verb:set package 'my_sim_tesi_gazebo' build argument 'cmake_target_skip_unavailable' from command line to 'False'
[0.270s] Level 5:colcon.colcon_core.verb:set package 'my_sim_tesi_gazebo' build argument 'cmake_clean_cache' from command line to 'False'
[0.270s] Level 5:colcon.colcon_core.verb:set package 'my_sim_tesi_gazebo' build argument 'cmake_clean_first' from command line to 'False'
[0.270s] Level 5:colcon.colcon_core.verb:set package 'my_sim_tesi_gazebo' build argument 'cmake_force_configure' from command line to 'False'
[0.270s] Level 5:colcon.colcon_core.verb:set package 'my_sim_tesi_gazebo' build argument 'ament_cmake_args' from command line to 'None'
[0.270s] Level 5:colcon.colcon_core.verb:set package 'my_sim_tesi_gazebo' build argument 'catkin_cmake_args' from command line to 'None'
[0.270s] Level 5:colcon.colcon_core.verb:set package 'my_sim_tesi_gazebo' build argument 'catkin_skip_building_tests' from command line to 'False'
[0.270s] DEBUG:colcon.colcon_core.verb:Building package 'my_sim_tesi_gazebo' with the following arguments: {'ament_cmake_args': None, 'build_base': '/home/moonlab/ros2_ws/build/my_sim_tesi_gazebo', 'catkin_cmake_args': None, 'catkin_skip_building_tests': False, 'cmake_args': None, 'cmake_clean_cache': False, 'cmake_clean_first': False, 'cmake_force_configure': False, 'cmake_target': None, 'cmake_target_skip_unavailable': False, 'install_base': '/home/moonlab/ros2_ws/install/my_sim_tesi_gazebo', 'merge_install': False, 'path': '/home/moonlab/ros2_ws/src/ros2_ignition_thesis/my_sim_tesi_gazebo', 'symlink_install': False, 'test_result_base': None}
[0.270s] Level 5:colcon.colcon_core.verb:set package 'my_sim_tesi_ros2_interfaces' build argument 'cmake_args' from command line to 'None'
[0.270s] Level 5:colcon.colcon_core.verb:set package 'my_sim_tesi_ros2_interfaces' build argument 'cmake_target' from command line to 'None'
[0.270s] Level 5:colcon.colcon_core.verb:set package 'my_sim_tesi_ros2_interfaces' build argument 'cmake_target_skip_unavailable' from command line to 'False'
[0.270s] Level 5:colcon.colcon_core.verb:set package 'my_sim_tesi_ros2_interfaces' build argument 'cmake_clean_cache' from command line to 'False'
[0.270s] Level 5:colcon.colcon_core.verb:set package 'my_sim_tesi_ros2_interfaces' build argument 'cmake_clean_first' from command line to 'False'
[0.270s] Level 5:colcon.colcon_core.verb:set package 'my_sim_tesi_ros2_interfaces' build argument 'cmake_force_configure' from command line to 'False'
[0.270s] Level 5:colcon.colcon_core.verb:set package 'my_sim_tesi_ros2_interfaces' build argument 'ament_cmake_args' from command line to 'None'
[0.270s] Level 5:colcon.colcon_core.verb:set package 'my_sim_tesi_ros2_interfaces' build argument 'catkin_cmake_args' from command line to 'None'
[0.270s] Level 5:colcon.colcon_core.verb:set package 'my_sim_tesi_ros2_interfaces' build argument 'catkin_skip_building_tests' from command line to 'False'
[0.270s] DEBUG:colcon.colcon_core.verb:Building package 'my_sim_tesi_ros2_interfaces' with the following arguments: {'ament_cmake_args': None, 'build_base': '/home/moonlab/ros2_ws/build/my_sim_tesi_ros2_interfaces', 'catkin_cmake_args': None, 'catkin_skip_building_tests': False, 'cmake_args': None, 'cmake_clean_cache': False, 'cmake_clean_first': False, 'cmake_force_configure': False, 'cmake_target': None, 'cmake_target_skip_unavailable': False, 'install_base': '/home/moonlab/ros2_ws/install/my_sim_tesi_ros2_interfaces', 'merge_install': False, 'path': '/home/moonlab/ros2_ws/src/ros2_ignition_thesis/my_sim_tesi_ros2_interfaces', 'symlink_install': False, 'test_result_base': None}
[0.270s] Level 5:colcon.colcon_core.verb:set package 'turtlebot3_control' build argument 'cmake_args' from command line to 'None'
[0.270s] Level 5:colcon.colcon_core.verb:set package 'turtlebot3_control' build argument 'cmake_target' from command line to 'None'
[0.270s] Level 5:colcon.colcon_core.verb:set package 'turtlebot3_control' build argument 'cmake_target_skip_unavailable' from command line to 'False'
[0.270s] Level 5:colcon.colcon_core.verb:set package 'turtlebot3_control' build argument 'cmake_clean_cache' from command line to 'False'
[0.270s] Level 5:colcon.colcon_core.verb:set package 'turtlebot3_control' build argument 'cmake_clean_first' from command line to 'False'
[0.270s] Level 5:colcon.colcon_core.verb:set package 'turtlebot3_control' build argument 'cmake_force_configure' from command line to 'False'
[0.270s] Level 5:colcon.colcon_core.verb:set package 'turtlebot3_control' build argument 'ament_cmake_args' from command line to 'None'
[0.271s] Level 5:colcon.colcon_core.verb:set package 'turtlebot3_control' build argument 'catkin_cmake_args' from command line to 'None'
[0.271s] Level 5:colcon.colcon_core.verb:set package 'turtlebot3_control' build argument 'catkin_skip_building_tests' from command line to 'False'
[0.271s] DEBUG:colcon.colcon_core.verb:Building package 'turtlebot3_control' with the following arguments: {'ament_cmake_args': None, 'build_base': '/home/moonlab/ros2_ws/build/turtlebot3_control', 'catkin_cmake_args': None, 'catkin_skip_building_tests': False, 'cmake_args': None, 'cmake_clean_cache': False, 'cmake_clean_first': False, 'cmake_force_configure': False, 'cmake_target': None, 'cmake_target_skip_unavailable': False, 'install_base': '/home/moonlab/ros2_ws/install/turtlebot3_control', 'merge_install': False, 'path': '/home/moonlab/ros2_ws/src/ros2_ignition_thesis/turtlebot3_control', 'symlink_install': False, 'test_result_base': None}
[0.271s] Level 5:colcon.colcon_core.verb:set package 'turtlebot3_simulation' build argument 'cmake_args' from command line to 'None'
[0.271s] Level 5:colcon.colcon_core.verb:set package 'turtlebot3_simulation' build argument 'cmake_target' from command line to 'None'
[0.271s] Level 5:colcon.colcon_core.verb:set package 'turtlebot3_simulation' build argument 'cmake_target_skip_unavailable' from command line to 'False'
[0.271s] Level 5:colcon.colcon_core.verb:set package 'turtlebot3_simulation' build argument 'cmake_clean_cache' from command line to 'False'
[0.271s] Level 5:colcon.colcon_core.verb:set package 'turtlebot3_simulation' build argument 'cmake_clean_first' from command line to 'False'
[0.271s] Level 5:colcon.colcon_core.verb:set package 'turtlebot3_simulation' build argument 'cmake_force_configure' from command line to 'False'
[0.271s] Level 5:colcon.colcon_core.verb:set package 'turtlebot3_simulation' build argument 'ament_cmake_args' from command line to 'None'
[0.271s] Level 5:colcon.colcon_core.verb:set package 'turtlebot3_simulation' build argument 'catkin_cmake_args' from command line to 'None'
[0.271s] Level 5:colcon.colcon_core.verb:set package 'turtlebot3_simulation' build argument 'catkin_skip_building_tests' from command line to 'False'
[0.271s] DEBUG:colcon.colcon_core.verb:Building package 'turtlebot3_simulation' with the following arguments: {'ament_cmake_args': None, 'build_base': '/home/moonlab/ros2_ws/build/turtlebot3_simulation', 'catkin_cmake_args': None, 'catkin_skip_building_tests': False, 'cmake_args': None, 'cmake_clean_cache': False, 'cmake_clean_first': False, 'cmake_force_configure': False, 'cmake_target': None, 'cmake_target_skip_unavailable': False, 'install_base': '/home/moonlab/ros2_ws/install/turtlebot3_simulation', 'merge_install': False, 'path': '/home/moonlab/ros2_ws/src/ros2_ignition_thesis/turtlebot3_simulation', 'symlink_install': False, 'test_result_base': None}
[0.271s] Level 5:colcon.colcon_core.verb:set package 'my_sim_tesi_ros2_nodes' build argument 'cmake_args' from command line to 'None'
[0.271s] Level 5:colcon.colcon_core.verb:set package 'my_sim_tesi_ros2_nodes' build argument 'cmake_target' from command line to 'None'
[0.271s] Level 5:colcon.colcon_core.verb:set package 'my_sim_tesi_ros2_nodes' build argument 'cmake_target_skip_unavailable' from command line to 'False'
[0.271s] Level 5:colcon.colcon_core.verb:set package 'my_sim_tesi_ros2_nodes' build argument 'cmake_clean_cache' from command line to 'False'
[0.271s] Level 5:colcon.colcon_core.verb:set package 'my_sim_tesi_ros2_nodes' build argument 'cmake_clean_first' from command line to 'False'
[0.271s] Level 5:colcon.colcon_core.verb:set package 'my_sim_tesi_ros2_nodes' build argument 'cmake_force_configure' from command line to 'False'
[0.271s] Level 5:colcon.colcon_core.verb:set package 'my_sim_tesi_ros2_nodes' build argument 'ament_cmake_args' from command line to 'None'
[0.271s] Level 5:colcon.colcon_core.verb:set package 'my_sim_tesi_ros2_nodes' build argument 'catkin_cmake_args' from command line to 'None'
[0.271s] Level 5:colcon.colcon_core.verb:set package 'my_sim_tesi_ros2_nodes' build argument 'catkin_skip_building_tests' from command line to 'False'
[0.271s] DEBUG:colcon.colcon_core.verb:Building package 'my_sim_tesi_ros2_nodes' with the following arguments: {'ament_cmake_args': None, 'build_base': '/home/moonlab/ros2_ws/build/my_sim_tesi_ros2_nodes', 'catkin_cmake_args': None, 'catkin_skip_building_tests': False, 'cmake_args': None, 'cmake_clean_cache': False, 'cmake_clean_first': False, 'cmake_force_configure': False, 'cmake_target': None, 'cmake_target_skip_unavailable': False, 'install_base': '/home/moonlab/ros2_ws/install/my_sim_tesi_ros2_nodes', 'merge_install': False, 'path': '/home/moonlab/ros2_ws/src/ros2_ignition_thesis/my_sim_tesi_ros2_nodes', 'symlink_install': False, 'test_result_base': None}
[0.271s] INFO:colcon.colcon_core.executor:Executing jobs using 'parallel' executor
[0.272s] DEBUG:colcon.colcon_parallel_executor.executor.parallel:run_until_complete
[0.272s] INFO:colcon.colcon_ros.task.ament_cmake.build:Building ROS package in '/home/moonlab/ros2_ws/src/ros2_ignition_thesis/my_sim_tesi_ros2_interfaces' with build type 'ament_cmake'
[0.272s] INFO:colcon.colcon_cmake.task.cmake.build:Building CMake package in '/home/moonlab/ros2_ws/src/ros2_ignition_thesis/my_sim_tesi_ros2_interfaces'
[0.274s] INFO:colcon.colcon_core.plugin_system:Skipping extension 'colcon_core.shell.bat': Not used on non-Windows systems
[0.274s] INFO:colcon.colcon_core.shell:Skip shell extension 'powershell' for command environment: Not usable outside of PowerShell
[0.274s] DEBUG:colcon.colcon_core.shell:Skip shell extension 'dsv' for command environment
[0.276s] INFO:colcon.colcon_ros.task.ament_cmake.build:Building ROS package in '/home/moonlab/ros2_ws/src/ros2_ignition_thesis/my_sim_tesi_bringup' with build type 'ament_cmake'
[0.276s] INFO:colcon.colcon_cmake.task.cmake.build:Building CMake package in '/home/moonlab/ros2_ws/src/ros2_ignition_thesis/my_sim_tesi_bringup'
[0.276s] INFO:colcon.colcon_core.shell:Skip shell extension 'powershell' for command environment: Not usable outside of PowerShell
[0.277s] DEBUG:colcon.colcon_core.shell:Skip shell extension 'dsv' for command environment
[0.279s] INFO:colcon.colcon_ros.task.ament_cmake.build:Building ROS package in '/home/moonlab/ros2_ws/src/ros2_ignition_thesis/my_sim_tesi_gazebo' with build type 'ament_cmake'
[0.279s] INFO:colcon.colcon_cmake.task.cmake.build:Building CMake package in '/home/moonlab/ros2_ws/src/ros2_ignition_thesis/my_sim_tesi_gazebo'
[0.279s] INFO:colcon.colcon_core.shell:Skip shell extension 'powershell' for command environment: Not usable outside of PowerShell
[0.279s] DEBUG:colcon.colcon_core.shell:Skip shell extension 'dsv' for command environment
[0.281s] INFO:colcon.colcon_ros.task.ament_python.build:Building ROS package in '/home/moonlab/ros2_ws/src/ros2_ignition_thesis/turtlebot3_control' with build type 'ament_python'
[0.281s] Level 1:colcon.colcon_core.shell:create_environment_hook('turtlebot3_control', 'ament_prefix_path')
[0.282s] INFO:colcon.colcon_core.shell:Creating environment hook '/home/moonlab/ros2_ws/install/turtlebot3_control/share/turtlebot3_control/hook/ament_prefix_path.ps1'
[0.282s] INFO:colcon.colcon_core.shell:Creating environment descriptor '/home/moonlab/ros2_ws/install/turtlebot3_control/share/turtlebot3_control/hook/ament_prefix_path.dsv'
[0.282s] INFO:colcon.colcon_core.shell:Creating environment hook '/home/moonlab/ros2_ws/install/turtlebot3_control/share/turtlebot3_control/hook/ament_prefix_path.sh'
[0.283s] INFO:colcon.colcon_core.shell:Skip shell extension 'powershell' for command environment: Not usable outside of PowerShell
[0.283s] DEBUG:colcon.colcon_core.shell:Skip shell extension 'dsv' for command environment
[0.285s] INFO:colcon.colcon_ros.task.ament_cmake.build:Building ROS package in '/home/moonlab/ros2_ws/src/ros2_ignition_thesis/turtlebot3_simulation' with build type 'ament_cmake'
[0.285s] INFO:colcon.colcon_cmake.task.cmake.build:Building CMake package in '/home/moonlab/ros2_ws/src/ros2_ignition_thesis/turtlebot3_simulation'
[0.285s] INFO:colcon.colcon_core.shell:Skip shell extension 'powershell' for command environment: Not usable outside of PowerShell
[0.285s] DEBUG:colcon.colcon_core.shell:Skip shell extension 'dsv' for command environment
[0.290s] DEBUG:colcon.colcon_core.event_handler.log_command:Invoking command in '/home/moonlab/ros2_ws/build/my_sim_tesi_ros2_interfaces': CMAKE_PREFIX_PATH=${CMAKE_PREFIX_PATH}:/home/moonlab/ros2_ws/install/turtlebot3_control:/opt/ros/humble /usr/bin/cmake /home/moonlab/ros2_ws/src/ros2_ignition_thesis/my_sim_tesi_ros2_interfaces -DCMAKE_INSTALL_PREFIX=/home/moonlab/ros2_ws/install/my_sim_tesi_ros2_interfaces
[0.292s] DEBUG:colcon.colcon_core.event_handler.log_command:Invoking command in '/home/moonlab/ros2_ws/build/my_sim_tesi_bringup': CMAKE_PREFIX_PATH=${CMAKE_PREFIX_PATH}:/home/moonlab/ros2_ws/install/turtlebot3_control:/opt/ros/humble /usr/bin/cmake /home/moonlab/ros2_ws/src/ros2_ignition_thesis/my_sim_tesi_bringup -DCMAKE_INSTALL_PREFIX=/home/moonlab/ros2_ws/install/my_sim_tesi_bringup
[0.293s] DEBUG:colcon.colcon_core.event_handler.log_command:Invoking command in '/home/moonlab/ros2_ws/build/my_sim_tesi_gazebo': CMAKE_PREFIX_PATH=${CMAKE_PREFIX_PATH}:/home/moonlab/ros2_ws/install/turtlebot3_control:/opt/ros/humble /usr/bin/cmake /home/moonlab/ros2_ws/src/ros2_ignition_thesis/my_sim_tesi_gazebo -DCMAKE_INSTALL_PREFIX=/home/moonlab/ros2_ws/install/my_sim_tesi_gazebo
[0.430s] INFO:colcon.colcon_core.task.python.build:Building Python package in '/home/moonlab/ros2_ws/src/ros2_ignition_thesis/turtlebot3_control'
[0.430s] INFO:colcon.colcon_core.shell:Skip shell extension 'powershell' for command environment: Not usable outside of PowerShell
[0.430s] DEBUG:colcon.colcon_core.shell:Skip shell extension 'dsv' for command environment
[0.437s] DEBUG:colcon.colcon_core.event_handler.log_command:Invoking command in '/home/moonlab/ros2_ws/build/turtlebot3_simulation': CMAKE_PREFIX_PATH=${CMAKE_PREFIX_PATH}:/home/moonlab/ros2_ws/install/turtlebot3_control:/opt/ros/humble /usr/bin/cmake /home/moonlab/ros2_ws/src/ros2_ignition_thesis/turtlebot3_simulation -DCMAKE_INSTALL_PREFIX=/home/moonlab/ros2_ws/install/turtlebot3_simulation
[0.449s] DEBUG:colcon.colcon_core.event_handler.log_command:Invoked command in '/home/moonlab/ros2_ws/build/my_sim_tesi_gazebo' returned '0': CMAKE_PREFIX_PATH=${CMAKE_PREFIX_PATH}:/home/moonlab/ros2_ws/install/turtlebot3_control:/opt/ros/humble /usr/bin/cmake /home/moonlab/ros2_ws/src/ros2_ignition_thesis/my_sim_tesi_gazebo -DCMAKE_INSTALL_PREFIX=/home/moonlab/ros2_ws/install/my_sim_tesi_gazebo
[0.450s] DEBUG:colcon.colcon_core.event_handler.log_command:Invoking command in '/home/moonlab/ros2_ws/build/my_sim_tesi_gazebo': CMAKE_PREFIX_PATH=${CMAKE_PREFIX_PATH}:/home/moonlab/ros2_ws/install/turtlebot3_control:/opt/ros/humble /usr/bin/cmake --build /home/moonlab/ros2_ws/build/my_sim_tesi_gazebo -- -j24 -l24
[0.455s] DEBUG:colcon.colcon_core.event_handler.log_command:Invoked command in '/home/moonlab/ros2_ws/build/my_sim_tesi_bringup' returned '0': CMAKE_PREFIX_PATH=${CMAKE_PREFIX_PATH}:/home/moonlab/ros2_ws/install/turtlebot3_control:/opt/ros/humble /usr/bin/cmake /home/moonlab/ros2_ws/src/ros2_ignition_thesis/my_sim_tesi_bringup -DCMAKE_INSTALL_PREFIX=/home/moonlab/ros2_ws/install/my_sim_tesi_bringup
[0.455s] DEBUG:colcon.colcon_core.event_handler.log_command:Invoking command in '/home/moonlab/ros2_ws/build/my_sim_tesi_bringup': CMAKE_PREFIX_PATH=${CMAKE_PREFIX_PATH}:/home/moonlab/ros2_ws/install/turtlebot3_control:/opt/ros/humble /usr/bin/cmake --build /home/moonlab/ros2_ws/build/my_sim_tesi_bringup -- -j24 -l24
[0.475s] DEBUG:colcon.colcon_core.event_handler.log_command:Invoked command in '/home/moonlab/ros2_ws/build/my_sim_tesi_gazebo' returned '0': CMAKE_PREFIX_PATH=${CMAKE_PREFIX_PATH}:/home/moonlab/ros2_ws/install/turtlebot3_control:/opt/ros/humble /usr/bin/cmake --build /home/moonlab/ros2_ws/build/my_sim_tesi_gazebo -- -j24 -l24
[0.481s] DEBUG:colcon.colcon_core.event_handler.log_command:Invoking command in '/home/moonlab/ros2_ws/build/my_sim_tesi_gazebo': CMAKE_PREFIX_PATH=${CMAKE_PREFIX_PATH}:/home/moonlab/ros2_ws/install/turtlebot3_control:/opt/ros/humble /usr/bin/cmake --install /home/moonlab/ros2_ws/build/my_sim_tesi_gazebo
[0.482s] DEBUG:colcon.colcon_core.event_handler.log_command:Invoked command in '/home/moonlab/ros2_ws/build/my_sim_tesi_bringup' returned '0': CMAKE_PREFIX_PATH=${CMAKE_PREFIX_PATH}:/home/moonlab/ros2_ws/install/turtlebot3_control:/opt/ros/humble /usr/bin/cmake --build /home/moonlab/ros2_ws/build/my_sim_tesi_bringup -- -j24 -l24
[0.483s] DEBUG:colcon.colcon_core.event_handler.log_command:Invoking command in '/home/moonlab/ros2_ws/build/my_sim_tesi_bringup': CMAKE_PREFIX_PATH=${CMAKE_PREFIX_PATH}:/home/moonlab/ros2_ws/install/turtlebot3_control:/opt/ros/humble /usr/bin/cmake --install /home/moonlab/ros2_ws/build/my_sim_tesi_bringup
[0.498s] Level 1:colcon.colcon_core.environment:create_environment_scripts_only(my_sim_tesi_bringup)
[0.498s] DEBUG:colcon.colcon_core.event_handler.log_command:Invoked command in '/home/moonlab/ros2_ws/build/my_sim_tesi_bringup' returned '0': CMAKE_PREFIX_PATH=${CMAKE_PREFIX_PATH}:/home/moonlab/ros2_ws/install/turtlebot3_control:/opt/ros/humble /usr/bin/cmake --install /home/moonlab/ros2_ws/build/my_sim_tesi_bringup
[0.504s] Level 1:colcon.colcon_core.environment:checking '/home/moonlab/ros2_ws/install/my_sim_tesi_bringup' for CMake module files
[0.506s] Level 1:colcon.colcon_core.environment:checking '/home/moonlab/ros2_ws/install/my_sim_tesi_bringup' for CMake config files
[0.507s] Level 1:colcon.colcon_core.shell:create_environment_hook('my_sim_tesi_bringup', 'cmake_prefix_path')
[0.507s] INFO:colcon.colcon_core.shell:Creating environment hook '/home/moonlab/ros2_ws/install/my_sim_tesi_bringup/share/my_sim_tesi_bringup/hook/cmake_prefix_path.ps1'
[0.508s] INFO:colcon.colcon_core.shell:Creating environment descriptor '/home/moonlab/ros2_ws/install/my_sim_tesi_bringup/share/my_sim_tesi_bringup/hook/cmake_prefix_path.dsv'
[0.509s] INFO:colcon.colcon_core.shell:Creating environment hook '/home/moonlab/ros2_ws/install/my_sim_tesi_bringup/share/my_sim_tesi_bringup/hook/cmake_prefix_path.sh'
[0.510s] Level 1:colcon.colcon_core.environment:checking '/home/moonlab/ros2_ws/install/my_sim_tesi_bringup/bin'
[0.511s] Level 1:colcon.colcon_core.environment:checking '/home/moonlab/ros2_ws/install/my_sim_tesi_bringup/lib/pkgconfig/my_sim_tesi_bringup.pc'
[0.511s] Level 1:colcon.colcon_core.environment:checking '/home/moonlab/ros2_ws/install/my_sim_tesi_bringup/lib/python3.10/site-packages'
[0.511s] Level 1:colcon.colcon_core.environment:checking '/home/moonlab/ros2_ws/install/my_sim_tesi_bringup/bin'
[0.511s] INFO:colcon.colcon_core.shell:Creating package script '/home/moonlab/ros2_ws/install/my_sim_tesi_bringup/share/my_sim_tesi_bringup/package.ps1'
[0.513s] INFO:colcon.colcon_core.shell:Creating package descriptor '/home/moonlab/ros2_ws/install/my_sim_tesi_bringup/share/my_sim_tesi_bringup/package.dsv'
[0.514s] INFO:colcon.colcon_core.shell:Creating package script '/home/moonlab/ros2_ws/install/my_sim_tesi_bringup/share/my_sim_tesi_bringup/package.sh'
[0.515s] INFO:colcon.colcon_core.shell:Creating package script '/home/moonlab/ros2_ws/install/my_sim_tesi_bringup/share/my_sim_tesi_bringup/package.bash'
[0.516s] INFO:colcon.colcon_core.shell:Creating package script '/home/moonlab/ros2_ws/install/my_sim_tesi_bringup/share/my_sim_tesi_bringup/package.zsh'
[0.517s] Level 1:colcon.colcon_core.environment:create_file_with_runtime_dependencies(/home/moonlab/ros2_ws/install/my_sim_tesi_bringup/share/colcon-core/packages/my_sim_tesi_bringup)
[0.518s] Level 1:colcon.colcon_core.environment:create_environment_scripts_only(my_sim_tesi_bringup)
[0.518s] Level 1:colcon.colcon_core.environment:checking '/home/moonlab/ros2_ws/install/my_sim_tesi_bringup' for CMake module files
[0.519s] Level 1:colcon.colcon_core.environment:checking '/home/moonlab/ros2_ws/install/my_sim_tesi_bringup' for CMake config files
[0.519s] Level 1:colcon.colcon_core.shell:create_environment_hook('my_sim_tesi_bringup', 'cmake_prefix_path')
[0.519s] INFO:colcon.colcon_core.shell:Creating environment hook '/home/moonlab/ros2_ws/install/my_sim_tesi_bringup/share/my_sim_tesi_bringup/hook/cmake_prefix_path.ps1'
[0.520s] INFO:colcon.colcon_core.shell:Creating environment descriptor '/home/moonlab/ros2_ws/install/my_sim_tesi_bringup/share/my_sim_tesi_bringup/hook/cmake_prefix_path.dsv'
[0.521s] INFO:colcon.colcon_core.shell:Creating environment hook '/home/moonlab/ros2_ws/install/my_sim_tesi_bringup/share/my_sim_tesi_bringup/hook/cmake_prefix_path.sh'
[0.521s] Level 1:colcon.colcon_core.environment:checking '/home/moonlab/ros2_ws/install/my_sim_tesi_bringup/bin'
[0.521s] Level 1:colcon.colcon_core.environment:checking '/home/moonlab/ros2_ws/install/my_sim_tesi_bringup/lib/pkgconfig/my_sim_tesi_bringup.pc'
[0.521s] Level 1:colcon.colcon_core.environment:checking '/home/moonlab/ros2_ws/install/my_sim_tesi_bringup/lib/python3.10/site-packages'
[0.522s] Level 1:colcon.colcon_core.environment:checking '/home/moonlab/ros2_ws/install/my_sim_tesi_bringup/bin'
[0.522s] INFO:colcon.colcon_core.shell:Creating package script '/home/moonlab/ros2_ws/install/my_sim_tesi_bringup/share/my_sim_tesi_bringup/package.ps1'
[0.523s] INFO:colcon.colcon_core.shell:Creating package descriptor '/home/moonlab/ros2_ws/install/my_sim_tesi_bringup/share/my_sim_tesi_bringup/package.dsv'
[0.523s] INFO:colcon.colcon_core.shell:Creating package script '/home/moonlab/ros2_ws/install/my_sim_tesi_bringup/share/my_sim_tesi_bringup/package.sh'
[0.523s] INFO:colcon.colcon_core.shell:Creating package script '/home/moonlab/ros2_ws/install/my_sim_tesi_bringup/share/my_sim_tesi_bringup/package.bash'
[0.524s] INFO:colcon.colcon_core.shell:Creating package script '/home/moonlab/ros2_ws/install/my_sim_tesi_bringup/share/my_sim_tesi_bringup/package.zsh'
[0.524s] Level 1:colcon.colcon_core.environment:create_file_with_runtime_dependencies(/home/moonlab/ros2_ws/install/my_sim_tesi_bringup/share/colcon-core/packages/my_sim_tesi_bringup)
[0.536s] Level 1:colcon.colcon_core.environment:create_environment_scripts_only(my_sim_tesi_gazebo)
[0.537s] Level 1:colcon.colcon_core.environment:checking '/home/moonlab/ros2_ws/install/my_sim_tesi_gazebo' for CMake module files
[0.537s] DEBUG:colcon.colcon_core.event_handler.log_command:Invoked command in '/home/moonlab/ros2_ws/build/my_sim_tesi_gazebo' returned '0': CMAKE_PREFIX_PATH=${CMAKE_PREFIX_PATH}:/home/moonlab/ros2_ws/install/turtlebot3_control:/opt/ros/humble /usr/bin/cmake --install /home/moonlab/ros2_ws/build/my_sim_tesi_gazebo
[0.537s] Level 1:colcon.colcon_core.environment:checking '/home/moonlab/ros2_ws/install/my_sim_tesi_gazebo' for CMake config files
[0.537s] Level 1:colcon.colcon_core.shell:create_environment_hook('my_sim_tesi_gazebo', 'cmake_prefix_path')
[0.537s] INFO:colcon.colcon_core.shell:Creating environment hook '/home/moonlab/ros2_ws/install/my_sim_tesi_gazebo/share/my_sim_tesi_gazebo/hook/cmake_prefix_path.ps1'
[0.538s] INFO:colcon.colcon_core.shell:Creating environment descriptor '/home/moonlab/ros2_ws/install/my_sim_tesi_gazebo/share/my_sim_tesi_gazebo/hook/cmake_prefix_path.dsv'
[0.538s] INFO:colcon.colcon_core.shell:Creating environment hook '/home/moonlab/ros2_ws/install/my_sim_tesi_gazebo/share/my_sim_tesi_gazebo/hook/cmake_prefix_path.sh'
[0.538s] Level 1:colcon.colcon_core.environment:checking '/home/moonlab/ros2_ws/install/my_sim_tesi_gazebo/bin'
[0.538s] Level 1:colcon.colcon_core.environment:checking '/home/moonlab/ros2_ws/install/my_sim_tesi_gazebo/lib/pkgconfig/my_sim_tesi_gazebo.pc'
[0.538s] Level 1:colcon.colcon_core.environment:checking '/home/moonlab/ros2_ws/install/my_sim_tesi_gazebo/lib/python3.10/site-packages'
[0.538s] Level 1:colcon.colcon_core.environment:checking '/home/moonlab/ros2_ws/install/my_sim_tesi_gazebo/bin'
[0.539s] INFO:colcon.colcon_core.shell:Creating package script '/home/moonlab/ros2_ws/install/my_sim_tesi_gazebo/share/my_sim_tesi_gazebo/package.ps1'
[0.539s] INFO:colcon.colcon_core.shell:Creating package descriptor '/home/moonlab/ros2_ws/install/my_sim_tesi_gazebo/share/my_sim_tesi_gazebo/package.dsv'
[0.539s] INFO:colcon.colcon_core.shell:Creating package script '/home/moonlab/ros2_ws/install/my_sim_tesi_gazebo/share/my_sim_tesi_gazebo/package.sh'
[0.539s] INFO:colcon.colcon_core.shell:Creating package script '/home/moonlab/ros2_ws/install/my_sim_tesi_gazebo/share/my_sim_tesi_gazebo/package.bash'
[0.540s] INFO:colcon.colcon_core.shell:Creating package script '/home/moonlab/ros2_ws/install/my_sim_tesi_gazebo/share/my_sim_tesi_gazebo/package.zsh'
[0.540s] Level 1:colcon.colcon_core.environment:create_file_with_runtime_dependencies(/home/moonlab/ros2_ws/install/my_sim_tesi_gazebo/share/colcon-core/packages/my_sim_tesi_gazebo)
[0.540s] Level 1:colcon.colcon_core.environment:create_environment_scripts_only(my_sim_tesi_gazebo)
[0.540s] Level 1:colcon.colcon_core.environment:checking '/home/moonlab/ros2_ws/install/my_sim_tesi_gazebo' for CMake module files
[0.540s] Level 1:colcon.colcon_core.environment:checking '/home/moonlab/ros2_ws/install/my_sim_tesi_gazebo' for CMake config files
[0.541s] Level 1:colcon.colcon_core.shell:create_environment_hook('my_sim_tesi_gazebo', 'cmake_prefix_path')
[0.541s] INFO:colcon.colcon_core.shell:Creating environment hook '/home/moonlab/ros2_ws/install/my_sim_tesi_gazebo/share/my_sim_tesi_gazebo/hook/cmake_prefix_path.ps1'
[0.541s] INFO:colcon.colcon_core.shell:Creating environment descriptor '/home/moonlab/ros2_ws/install/my_sim_tesi_gazebo/share/my_sim_tesi_gazebo/hook/cmake_prefix_path.dsv'
[0.541s] INFO:colcon.colcon_core.shell:Creating environment hook '/home/moonlab/ros2_ws/install/my_sim_tesi_gazebo/share/my_sim_tesi_gazebo/hook/cmake_prefix_path.sh'
[0.541s] Level 1:colcon.colcon_core.environment:checking '/home/moonlab/ros2_ws/install/my_sim_tesi_gazebo/bin'
[0.541s] Level 1:colcon.colcon_core.environment:checking '/home/moonlab/ros2_ws/install/my_sim_tesi_gazebo/lib/pkgconfig/my_sim_tesi_gazebo.pc'
[0.541s] Level 1:colcon.colcon_core.environment:checking '/home/moonlab/ros2_ws/install/my_sim_tesi_gazebo/lib/python3.10/site-packages'
[0.542s] Level 1:colcon.colcon_core.environment:checking '/home/moonlab/ros2_ws/install/my_sim_tesi_gazebo/bin'
[0.542s] INFO:colcon.colcon_core.shell:Creating package script '/home/moonlab/ros2_ws/install/my_sim_tesi_gazebo/share/my_sim_tesi_gazebo/package.ps1'
[0.542s] INFO:colcon.colcon_core.shell:Creating package descriptor '/home/moonlab/ros2_ws/install/my_sim_tesi_gazebo/share/my_sim_tesi_gazebo/package.dsv'
[0.542s] INFO:colcon.colcon_core.shell:Creating package script '/home/moonlab/ros2_ws/install/my_sim_tesi_gazebo/share/my_sim_tesi_gazebo/package.sh'
[0.543s] INFO:colcon.colcon_core.shell:Creating package script '/home/moonlab/ros2_ws/install/my_sim_tesi_gazebo/share/my_sim_tesi_gazebo/package.bash'
[0.543s] INFO:colcon.colcon_core.shell:Creating package script '/home/moonlab/ros2_ws/install/my_sim_tesi_gazebo/share/my_sim_tesi_gazebo/package.zsh'
[0.543s] Level 1:colcon.colcon_core.environment:create_file_with_runtime_dependencies(/home/moonlab/ros2_ws/install/my_sim_tesi_gazebo/share/colcon-core/packages/my_sim_tesi_gazebo)
[0.683s] DEBUG:colcon.colcon_core.event_handler.log_command:Invoking command in '/home/moonlab/ros2_ws/build/turtlebot3_control': PYTHONPATH=/home/moonlab/ros2_ws/build/turtlebot3_control/prefix_override:/usr/lib/python3/dist-packages/colcon_core/task/python/colcon_distutils_commands:/home/moonlab/ros2_ws/install/turtlebot3_control/lib/python3.10/site-packages:${PYTHONPATH} /usr/bin/python3 -W ignore:setup.py install is deprecated -W ignore:easy_install command is deprecated setup.py develop --uninstall --editable --build-directory /home/moonlab/ros2_ws/build/turtlebot3_control/build
[0.855s] DEBUG:colcon.colcon_core.event_handler.log_command:Invoked command in '/home/moonlab/ros2_ws/build/turtlebot3_simulation' returned '0': CMAKE_PREFIX_PATH=${CMAKE_PREFIX_PATH}:/home/moonlab/ros2_ws/install/turtlebot3_control:/opt/ros/humble /usr/bin/cmake /home/moonlab/ros2_ws/src/ros2_ignition_thesis/turtlebot3_simulation -DCMAKE_INSTALL_PREFIX=/home/moonlab/ros2_ws/install/turtlebot3_simulation
[0.856s] DEBUG:colcon.colcon_core.event_handler.log_command:Invoking command in '/home/moonlab/ros2_ws/build/turtlebot3_simulation': CMAKE_PREFIX_PATH=${CMAKE_PREFIX_PATH}:/home/moonlab/ros2_ws/install/turtlebot3_control:/opt/ros/humble /usr/bin/cmake --build /home/moonlab/ros2_ws/build/turtlebot3_simulation -- -j24 -l24
[0.881s] DEBUG:colcon.colcon_core.event_handler.log_command:Invoked command in '/home/moonlab/ros2_ws/build/turtlebot3_simulation' returned '0': CMAKE_PREFIX_PATH=${CMAKE_PREFIX_PATH}:/home/moonlab/ros2_ws/install/turtlebot3_control:/opt/ros/humble /usr/bin/cmake --build /home/moonlab/ros2_ws/build/turtlebot3_simulation -- -j24 -l24
[0.882s] DEBUG:colcon.colcon_core.event_handler.log_command:Invoking command in '/home/moonlab/ros2_ws/build/turtlebot3_simulation': CMAKE_PREFIX_PATH=${CMAKE_PREFIX_PATH}:/home/moonlab/ros2_ws/install/turtlebot3_control:/opt/ros/humble /usr/bin/cmake --install /home/moonlab/ros2_ws/build/turtlebot3_simulation
[0.917s] DEBUG:colcon.colcon_core.event_handler.log_command:Invoked command in '/home/moonlab/ros2_ws/build/turtlebot3_control' returned '0': PYTHONPATH=/home/moonlab/ros2_ws/build/turtlebot3_control/prefix_override:/usr/lib/python3/dist-packages/colcon_core/task/python/colcon_distutils_commands:/home/moonlab/ros2_ws/install/turtlebot3_control/lib/python3.10/site-packages:${PYTHONPATH} /usr/bin/python3 -W ignore:setup.py install is deprecated -W ignore:easy_install command is deprecated setup.py develop --uninstall --editable --build-directory /home/moonlab/ros2_ws/build/turtlebot3_control/build
[0.918s] DEBUG:colcon.colcon_core.event_handler.log_command:Invoking command in '/home/moonlab/ros2_ws/src/ros2_ignition_thesis/turtlebot3_control': PYTHONPATH=/home/moonlab/ros2_ws/build/turtlebot3_control/prefix_override:/usr/lib/python3/dist-packages/colcon_core/task/python/colcon_distutils_commands:/home/moonlab/ros2_ws/install/turtlebot3_control/lib/python3.10/site-packages:${PYTHONPATH} /usr/bin/python3 -W ignore:setup.py install is deprecated -W ignore:easy_install command is deprecated setup.py egg_info --egg-base ../../../build/turtlebot3_control build --build-base /home/moonlab/ros2_ws/build/turtlebot3_control/build install --record /home/moonlab/ros2_ws/build/turtlebot3_control/install.log --single-version-externally-managed install_data --force
[0.937s] Level 1:colcon.colcon_core.environment:create_environment_scripts_only(turtlebot3_simulation)
[0.937s] Level 1:colcon.colcon_core.environment:checking '/home/moonlab/ros2_ws/install/turtlebot3_simulation' for CMake module files
[0.937s] DEBUG:colcon.colcon_core.event_handler.log_command:Invoked command in '/home/moonlab/ros2_ws/build/turtlebot3_simulation' returned '0': CMAKE_PREFIX_PATH=${CMAKE_PREFIX_PATH}:/home/moonlab/ros2_ws/install/turtlebot3_control:/opt/ros/humble /usr/bin/cmake --install /home/moonlab/ros2_ws/build/turtlebot3_simulation
[0.937s] Level 1:colcon.colcon_core.environment:checking '/home/moonlab/ros2_ws/install/turtlebot3_simulation' for CMake config files
[0.938s] Level 1:colcon.colcon_core.shell:create_environment_hook('turtlebot3_simulation', 'cmake_prefix_path')
[0.938s] INFO:colcon.colcon_core.shell:Creating environment hook '/home/moonlab/ros2_ws/install/turtlebot3_simulation/share/turtlebot3_simulation/hook/cmake_prefix_path.ps1'
[0.938s] INFO:colcon.colcon_core.shell:Creating environment descriptor '/home/moonlab/ros2_ws/install/turtlebot3_simulation/share/turtlebot3_simulation/hook/cmake_prefix_path.dsv'
[0.938s] INFO:colcon.colcon_core.shell:Creating environment hook '/home/moonlab/ros2_ws/install/turtlebot3_simulation/share/turtlebot3_simulation/hook/cmake_prefix_path.sh'
[0.938s] Level 1:colcon.colcon_core.environment:checking '/home/moonlab/ros2_ws/install/turtlebot3_simulation/bin'
[0.938s] Level 1:colcon.colcon_core.environment:checking '/home/moonlab/ros2_ws/install/turtlebot3_simulation/lib/pkgconfig/turtlebot3_simulation.pc'
[0.939s] Level 1:colcon.colcon_core.environment:checking '/home/moonlab/ros2_ws/install/turtlebot3_simulation/lib/python3.10/site-packages'
[0.939s] Level 1:colcon.colcon_core.environment:checking '/home/moonlab/ros2_ws/install/turtlebot3_simulation/bin'
[0.939s] INFO:colcon.colcon_core.shell:Creating package script '/home/moonlab/ros2_ws/install/turtlebot3_simulation/share/turtlebot3_simulation/package.ps1'
[0.939s] INFO:colcon.colcon_core.shell:Creating package descriptor '/home/moonlab/ros2_ws/install/turtlebot3_simulation/share/turtlebot3_simulation/package.dsv'
[0.939s] INFO:colcon.colcon_core.shell:Creating package script '/home/moonlab/ros2_ws/install/turtlebot3_simulation/share/turtlebot3_simulation/package.sh'
[0.939s] INFO:colcon.colcon_core.shell:Creating package script '/home/moonlab/ros2_ws/install/turtlebot3_simulation/share/turtlebot3_simulation/package.bash'
[0.940s] INFO:colcon.colcon_core.shell:Creating package script '/home/moonlab/ros2_ws/install/turtlebot3_simulation/share/turtlebot3_simulation/package.zsh'
[0.940s] Level 1:colcon.colcon_core.environment:create_file_with_runtime_dependencies(/home/moonlab/ros2_ws/install/turtlebot3_simulation/share/colcon-core/packages/turtlebot3_simulation)
[0.940s] Level 1:colcon.colcon_core.environment:create_environment_scripts_only(turtlebot3_simulation)
[0.940s] Level 1:colcon.colcon_core.environment:checking '/home/moonlab/ros2_ws/install/turtlebot3_simulation' for CMake module files
[0.941s] Level 1:colcon.colcon_core.environment:checking '/home/moonlab/ros2_ws/install/turtlebot3_simulation' for CMake config files
[0.941s] Level 1:colcon.colcon_core.shell:create_environment_hook('turtlebot3_simulation', 'cmake_prefix_path')
[0.941s] INFO:colcon.colcon_core.shell:Creating environment hook '/home/moonlab/ros2_ws/install/turtlebot3_simulation/share/turtlebot3_simulation/hook/cmake_prefix_path.ps1'
[0.941s] INFO:colcon.colcon_core.shell:Creating environment descriptor '/home/moonlab/ros2_ws/install/turtlebot3_simulation/share/turtlebot3_simulation/hook/cmake_prefix_path.dsv'
[0.941s] INFO:colcon.colcon_core.shell:Creating environment hook '/home/moonlab/ros2_ws/install/turtlebot3_simulation/share/turtlebot3_simulation/hook/cmake_prefix_path.sh'
[0.941s] Level 1:colcon.colcon_core.environment:checking '/home/moonlab/ros2_ws/install/turtlebot3_simulation/bin'
[0.942s] Level 1:colcon.colcon_core.environment:checking '/home/moonlab/ros2_ws/install/turtlebot3_simulation/lib/pkgconfig/turtlebot3_simulation.pc'
[0.942s] Level 1:colcon.colcon_core.environment:checking '/home/moonlab/ros2_ws/install/turtlebot3_simulation/lib/python3.10/site-packages'
[0.942s] Level 1:colcon.colcon_core.environment:checking '/home/moonlab/ros2_ws/install/turtlebot3_simulation/bin'
[0.942s] INFO:colcon.colcon_core.shell:Creating package script '/home/moonlab/ros2_ws/install/turtlebot3_simulation/share/turtlebot3_simulation/package.ps1'
[0.942s] INFO:colcon.colcon_core.shell:Creating package descriptor '/home/moonlab/ros2_ws/install/turtlebot3_simulation/share/turtlebot3_simulation/package.dsv'
[0.942s] INFO:colcon.colcon_core.shell:Creating package script '/home/moonlab/ros2_ws/install/turtlebot3_simulation/share/turtlebot3_simulation/package.sh'
[0.943s] INFO:colcon.colcon_core.shell:Creating package script '/home/moonlab/ros2_ws/install/turtlebot3_simulation/share/turtlebot3_simulation/package.bash'
[0.943s] INFO:colcon.colcon_core.shell:Creating package script '/home/moonlab/ros2_ws/install/turtlebot3_simulation/share/turtlebot3_simulation/package.zsh'
[0.943s] Level 1:colcon.colcon_core.environment:create_file_with_runtime_dependencies(/home/moonlab/ros2_ws/install/turtlebot3_simulation/share/colcon-core/packages/turtlebot3_simulation)
[0.968s] DEBUG:colcon.colcon_core.event_handler.log_command:Invoked command in '/home/moonlab/ros2_ws/build/my_sim_tesi_ros2_interfaces' returned '0': CMAKE_PREFIX_PATH=${CMAKE_PREFIX_PATH}:/home/moonlab/ros2_ws/install/turtlebot3_control:/opt/ros/humble /usr/bin/cmake /home/moonlab/ros2_ws/src/ros2_ignition_thesis/my_sim_tesi_ros2_interfaces -DCMAKE_INSTALL_PREFIX=/home/moonlab/ros2_ws/install/my_sim_tesi_ros2_interfaces
[0.969s] DEBUG:colcon.colcon_core.event_handler.log_command:Invoking command in '/home/moonlab/ros2_ws/build/my_sim_tesi_ros2_interfaces': CMAKE_PREFIX_PATH=${CMAKE_PREFIX_PATH}:/home/moonlab/ros2_ws/install/turtlebot3_control:/opt/ros/humble /usr/bin/cmake --build /home/moonlab/ros2_ws/build/my_sim_tesi_ros2_interfaces -- -j24 -l24
[1.068s] Level 1:colcon.colcon_core.environment:checking '/home/moonlab/ros2_ws/install/turtlebot3_control' for CMake module files
[1.068s] DEBUG:colcon.colcon_core.event_handler.log_command:Invoked command in '/home/moonlab/ros2_ws/src/ros2_ignition_thesis/turtlebot3_control' returned '0': PYTHONPATH=/home/moonlab/ros2_ws/build/turtlebot3_control/prefix_override:/usr/lib/python3/dist-packages/colcon_core/task/python/colcon_distutils_commands:/home/moonlab/ros2_ws/install/turtlebot3_control/lib/python3.10/site-packages:${PYTHONPATH} /usr/bin/python3 -W ignore:setup.py install is deprecated -W ignore:easy_install command is deprecated setup.py egg_info --egg-base ../../../build/turtlebot3_control build --build-base /home/moonlab/ros2_ws/build/turtlebot3_control/build install --record /home/moonlab/ros2_ws/build/turtlebot3_control/install.log --single-version-externally-managed install_data --force
[1.068s] Level 1:colcon.colcon_core.environment:checking '/home/moonlab/ros2_ws/install/turtlebot3_control' for CMake config files
[1.068s] Level 1:colcon.colcon_core.environment:checking '/home/moonlab/ros2_ws/install/turtlebot3_control/lib'
[1.069s] Level 1:colcon.colcon_core.environment:checking '/home/moonlab/ros2_ws/install/turtlebot3_control/bin'
[1.069s] Level 1:colcon.colcon_core.environment:checking '/home/moonlab/ros2_ws/install/turtlebot3_control/lib/pkgconfig/turtlebot3_control.pc'
[1.069s] Level 1:colcon.colcon_core.environment:checking '/home/moonlab/ros2_ws/install/turtlebot3_control/lib/python3.10/site-packages'
[1.069s] Level 1:colcon.colcon_core.shell:create_environment_hook('turtlebot3_control', 'pythonpath')
[1.069s] INFO:colcon.colcon_core.shell:Creating environment hook '/home/moonlab/ros2_ws/install/turtlebot3_control/share/turtlebot3_control/hook/pythonpath.ps1'
[1.069s] INFO:colcon.colcon_core.shell:Creating environment descriptor '/home/moonlab/ros2_ws/install/turtlebot3_control/share/turtlebot3_control/hook/pythonpath.dsv'
[1.069s] INFO:colcon.colcon_core.shell:Creating environment hook '/home/moonlab/ros2_ws/install/turtlebot3_control/share/turtlebot3_control/hook/pythonpath.sh'
[1.070s] Level 1:colcon.colcon_core.environment:checking '/home/moonlab/ros2_ws/install/turtlebot3_control/bin'
[1.070s] Level 1:colcon.colcon_core.environment:create_environment_scripts_only(turtlebot3_control)
[1.070s] INFO:colcon.colcon_core.shell:Creating package script '/home/moonlab/ros2_ws/install/turtlebot3_control/share/turtlebot3_control/package.ps1'
[1.070s] INFO:colcon.colcon_core.shell:Creating package descriptor '/home/moonlab/ros2_ws/install/turtlebot3_control/share/turtlebot3_control/package.dsv'
[1.070s] INFO:colcon.colcon_core.shell:Creating package script '/home/moonlab/ros2_ws/install/turtlebot3_control/share/turtlebot3_control/package.sh'
[1.071s] INFO:colcon.colcon_core.shell:Creating package script '/home/moonlab/ros2_ws/install/turtlebot3_control/share/turtlebot3_control/package.bash'
[1.071s] INFO:colcon.colcon_core.shell:Creating package script '/home/moonlab/ros2_ws/install/turtlebot3_control/share/turtlebot3_control/package.zsh'
[1.071s] Level 1:colcon.colcon_core.environment:create_file_with_runtime_dependencies(/home/moonlab/ros2_ws/install/turtlebot3_control/share/colcon-core/packages/turtlebot3_control)
[1.152s] DEBUG:colcon.colcon_core.event_handler.log_command:Invoked command in '/home/moonlab/ros2_ws/build/my_sim_tesi_ros2_interfaces' returned '0': CMAKE_PREFIX_PATH=${CMAKE_PREFIX_PATH}:/home/moonlab/ros2_ws/install/turtlebot3_control:/opt/ros/humble /usr/bin/cmake --build /home/moonlab/ros2_ws/build/my_sim_tesi_ros2_interfaces -- -j24 -l24
[1.153s] DEBUG:colcon.colcon_core.event_handler.log_command:Invoking command in '/home/moonlab/ros2_ws/build/my_sim_tesi_ros2_interfaces': CMAKE_PREFIX_PATH=${CMAKE_PREFIX_PATH}:/home/moonlab/ros2_ws/install/turtlebot3_control:/opt/ros/humble /usr/bin/cmake --install /home/moonlab/ros2_ws/build/my_sim_tesi_ros2_interfaces
[1.193s] Level 1:colcon.colcon_core.environment:create_environment_scripts_only(my_sim_tesi_ros2_interfaces)
[1.193s] DEBUG:colcon.colcon_core.event_handler.log_command:Invoked command in '/home/moonlab/ros2_ws/build/my_sim_tesi_ros2_interfaces' returned '0': CMAKE_PREFIX_PATH=${CMAKE_PREFIX_PATH}:/home/moonlab/ros2_ws/install/turtlebot3_control:/opt/ros/humble /usr/bin/cmake --install /home/moonlab/ros2_ws/build/my_sim_tesi_ros2_interfaces
[1.194s] Level 1:colcon.colcon_core.environment:checking '/home/moonlab/ros2_ws/install/my_sim_tesi_ros2_interfaces' for CMake module files
[1.194s] Level 1:colcon.colcon_core.environment:checking '/home/moonlab/ros2_ws/install/my_sim_tesi_ros2_interfaces' for CMake config files
[1.195s] Level 1:colcon.colcon_core.shell:create_environment_hook('my_sim_tesi_ros2_interfaces', 'cmake_prefix_path')
[1.195s] INFO:colcon.colcon_core.shell:Creating environment hook '/home/moonlab/ros2_ws/install/my_sim_tesi_ros2_interfaces/share/my_sim_tesi_ros2_interfaces/hook/cmake_prefix_path.ps1'
[1.195s] INFO:colcon.colcon_core.shell:Creating environment descriptor '/home/moonlab/ros2_ws/install/my_sim_tesi_ros2_interfaces/share/my_sim_tesi_ros2_interfaces/hook/cmake_prefix_path.dsv'
[1.195s] INFO:colcon.colcon_core.shell:Creating environment hook '/home/moonlab/ros2_ws/install/my_sim_tesi_ros2_interfaces/share/my_sim_tesi_ros2_interfaces/hook/cmake_prefix_path.sh'
[1.195s] Level 1:colcon.colcon_core.environment:checking '/home/moonlab/ros2_ws/install/my_sim_tesi_ros2_interfaces/lib'
[1.195s] Level 1:colcon.colcon_core.shell:create_environment_hook('my_sim_tesi_ros2_interfaces', 'ld_library_path_lib')
[1.195s] INFO:colcon.colcon_core.shell:Creating environment hook '/home/moonlab/ros2_ws/install/my_sim_tesi_ros2_interfaces/share/my_sim_tesi_ros2_interfaces/hook/ld_library_path_lib.ps1'
[1.196s] INFO:colcon.colcon_core.shell:Creating environment descriptor '/home/moonlab/ros2_ws/install/my_sim_tesi_ros2_interfaces/share/my_sim_tesi_ros2_interfaces/hook/ld_library_path_lib.dsv'
[1.196s] INFO:colcon.colcon_core.shell:Creating environment hook '/home/moonlab/ros2_ws/install/my_sim_tesi_ros2_interfaces/share/my_sim_tesi_ros2_interfaces/hook/ld_library_path_lib.sh'
[1.196s] Level 1:colcon.colcon_core.environment:checking '/home/moonlab/ros2_ws/install/my_sim_tesi_ros2_interfaces/bin'
[1.196s] Level 1:colcon.colcon_core.environment:checking '/home/moonlab/ros2_ws/install/my_sim_tesi_ros2_interfaces/lib/pkgconfig/my_sim_tesi_ros2_interfaces.pc'
[1.196s] Level 1:colcon.colcon_core.environment:checking '/home/moonlab/ros2_ws/install/my_sim_tesi_ros2_interfaces/lib/python3.10/site-packages'
[1.196s] Level 1:colcon.colcon_core.environment:checking '/home/moonlab/ros2_ws/install/my_sim_tesi_ros2_interfaces/bin'
[1.196s] INFO:colcon.colcon_core.shell:Creating package script '/home/moonlab/ros2_ws/install/my_sim_tesi_ros2_interfaces/share/my_sim_tesi_ros2_interfaces/package.ps1'
[1.197s] INFO:colcon.colcon_core.shell:Creating package descriptor '/home/moonlab/ros2_ws/install/my_sim_tesi_ros2_interfaces/share/my_sim_tesi_ros2_interfaces/package.dsv'
[1.197s] INFO:colcon.colcon_core.shell:Creating package script '/home/moonlab/ros2_ws/install/my_sim_tesi_ros2_interfaces/share/my_sim_tesi_ros2_interfaces/package.sh'
[1.197s] INFO:colcon.colcon_core.shell:Creating package script '/home/moonlab/ros2_ws/install/my_sim_tesi_ros2_interfaces/share/my_sim_tesi_ros2_interfaces/package.bash'
[1.197s] INFO:colcon.colcon_core.shell:Creating package script '/home/moonlab/ros2_ws/install/my_sim_tesi_ros2_interfaces/share/my_sim_tesi_ros2_interfaces/package.zsh'
[1.197s] Level 1:colcon.colcon_core.environment:create_file_with_runtime_dependencies(/home/moonlab/ros2_ws/install/my_sim_tesi_ros2_interfaces/share/colcon-core/packages/my_sim_tesi_ros2_interfaces)
[1.198s] Level 1:colcon.colcon_core.environment:create_environment_scripts_only(my_sim_tesi_ros2_interfaces)
[1.198s] Level 1:colcon.colcon_core.environment:checking '/home/moonlab/ros2_ws/install/my_sim_tesi_ros2_interfaces' for CMake module files
[1.198s] Level 1:colcon.colcon_core.environment:checking '/home/moonlab/ros2_ws/install/my_sim_tesi_ros2_interfaces' for CMake config files
[1.198s] Level 1:colcon.colcon_core.shell:create_environment_hook('my_sim_tesi_ros2_interfaces', 'cmake_prefix_path')
[1.198s] INFO:colcon.colcon_core.shell:Creating environment hook '/home/moonlab/ros2_ws/install/my_sim_tesi_ros2_interfaces/share/my_sim_tesi_ros2_interfaces/hook/cmake_prefix_path.ps1'
[1.199s] INFO:colcon.colcon_core.shell:Creating environment descriptor '/home/moonlab/ros2_ws/install/my_sim_tesi_ros2_interfaces/share/my_sim_tesi_ros2_interfaces/hook/cmake_prefix_path.dsv'
[1.199s] INFO:colcon.colcon_core.shell:Creating environment hook '/home/moonlab/ros2_ws/install/my_sim_tesi_ros2_interfaces/share/my_sim_tesi_ros2_interfaces/hook/cmake_prefix_path.sh'
[1.199s] Level 1:colcon.colcon_core.environment:checking '/home/moonlab/ros2_ws/install/my_sim_tesi_ros2_interfaces/lib'
[1.199s] Level 1:colcon.colcon_core.shell:create_environment_hook('my_sim_tesi_ros2_interfaces', 'ld_library_path_lib')
[1.199s] INFO:colcon.colcon_core.shell:Creating environment hook '/home/moonlab/ros2_ws/install/my_sim_tesi_ros2_interfaces/share/my_sim_tesi_ros2_interfaces/hook/ld_library_path_lib.ps1'
[1.199s] INFO:colcon.colcon_core.shell:Creating environment descriptor '/home/moonlab/ros2_ws/install/my_sim_tesi_ros2_interfaces/share/my_sim_tesi_ros2_interfaces/hook/ld_library_path_lib.dsv'
[1.199s] INFO:colcon.colcon_core.shell:Creating environment hook '/home/moonlab/ros2_ws/install/my_sim_tesi_ros2_interfaces/share/my_sim_tesi_ros2_interfaces/hook/ld_library_path_lib.sh'
[1.200s] Level 1:colcon.colcon_core.environment:checking '/home/moonlab/ros2_ws/install/my_sim_tesi_ros2_interfaces/bin'
[1.200s] Level 1:colcon.colcon_core.environment:checking '/home/moonlab/ros2_ws/install/my_sim_tesi_ros2_interfaces/lib/pkgconfig/my_sim_tesi_ros2_interfaces.pc'
[1.200s] Level 1:colcon.colcon_core.environment:checking '/home/moonlab/ros2_ws/install/my_sim_tesi_ros2_interfaces/lib/python3.10/site-packages'
[1.200s] Level 1:colcon.colcon_core.environment:checking '/home/moonlab/ros2_ws/install/my_sim_tesi_ros2_interfaces/bin'
[1.200s] INFO:colcon.colcon_core.shell:Creating package script '/home/moonlab/ros2_ws/install/my_sim_tesi_ros2_interfaces/share/my_sim_tesi_ros2_interfaces/package.ps1'
[1.200s] INFO:colcon.colcon_core.shell:Creating package descriptor '/home/moonlab/ros2_ws/install/my_sim_tesi_ros2_interfaces/share/my_sim_tesi_ros2_interfaces/package.dsv'
[1.200s] INFO:colcon.colcon_core.shell:Creating package script '/home/moonlab/ros2_ws/install/my_sim_tesi_ros2_interfaces/share/my_sim_tesi_ros2_interfaces/package.sh'
[1.201s] INFO:colcon.colcon_core.shell:Creating package script '/home/moonlab/ros2_ws/install/my_sim_tesi_ros2_interfaces/share/my_sim_tesi_ros2_interfaces/package.bash'
[1.201s] INFO:colcon.colcon_core.shell:Creating package script '/home/moonlab/ros2_ws/install/my_sim_tesi_ros2_interfaces/share/my_sim_tesi_ros2_interfaces/package.zsh'
[1.201s] Level 1:colcon.colcon_core.environment:create_file_with_runtime_dependencies(/home/moonlab/ros2_ws/install/my_sim_tesi_ros2_interfaces/share/colcon-core/packages/my_sim_tesi_ros2_interfaces)
[1.201s] INFO:colcon.colcon_ros.task.ament_cmake.build:Building ROS package in '/home/moonlab/ros2_ws/src/ros2_ignition_thesis/my_sim_tesi_ros2_nodes' with build type 'ament_cmake'
[1.201s] INFO:colcon.colcon_cmake.task.cmake.build:Building CMake package in '/home/moonlab/ros2_ws/src/ros2_ignition_thesis/my_sim_tesi_ros2_nodes'
[1.201s] INFO:colcon.colcon_core.shell:Skip shell extension 'powershell' for command environment: Not usable outside of PowerShell
[1.201s] DEBUG:colcon.colcon_core.shell:Skip shell extension 'dsv' for command environment
[1.208s] DEBUG:colcon.colcon_core.event_handler.log_command:Invoking command in '/home/moonlab/ros2_ws/build/my_sim_tesi_ros2_nodes': CMAKE_PREFIX_PATH=/home/moonlab/ros2_ws/install/my_sim_tesi_ros2_interfaces:/home/moonlab/ros2_ws/install/turtlebot3_simulation:/home/moonlab/ros2_ws/install/my_sim_tesi_ros2_nodes:/home/moonlab/ros2_ws/install/my_sim_tesi_gazebo:/home/moonlab/ros2_ws/install/my_sim_tesi_bringup:/home/moonlab/ros2_ws/install/turtlebot3_control:/opt/ros/humble LD_LIBRARY_PATH=/home/moonlab/ros2_ws/install/my_sim_tesi_ros2_interfaces/lib:/home/moonlab/ros2_ws/install/my_sim_tesi_ros2_nodes/lib:/opt/ros/humble/opt/rviz_ogre_vendor/lib:/opt/ros/humble/lib/x86_64-linux-gnu:/opt/ros/humble/lib /usr/bin/cmake /home/moonlab/ros2_ws/src/ros2_ignition_thesis/my_sim_tesi_ros2_nodes -DCMAKE_INSTALL_PREFIX=/home/moonlab/ros2_ws/install/my_sim_tesi_ros2_nodes
[1.574s] DEBUG:colcon.colcon_core.event_handler.log_command:Invoked command in '/home/moonlab/ros2_ws/build/my_sim_tesi_ros2_nodes' returned '0': CMAKE_PREFIX_PATH=/home/moonlab/ros2_ws/install/my_sim_tesi_ros2_interfaces:/home/moonlab/ros2_ws/install/turtlebot3_simulation:/home/moonlab/ros2_ws/install/my_sim_tesi_ros2_nodes:/home/moonlab/ros2_ws/install/my_sim_tesi_gazebo:/home/moonlab/ros2_ws/install/my_sim_tesi_bringup:/home/moonlab/ros2_ws/install/turtlebot3_control:/opt/ros/humble LD_LIBRARY_PATH=/home/moonlab/ros2_ws/install/my_sim_tesi_ros2_interfaces/lib:/home/moonlab/ros2_ws/install/my_sim_tesi_ros2_nodes/lib:/opt/ros/humble/opt/rviz_ogre_vendor/lib:/opt/ros/humble/lib/x86_64-linux-gnu:/opt/ros/humble/lib /usr/bin/cmake /home/moonlab/ros2_ws/src/ros2_ignition_thesis/my_sim_tesi_ros2_nodes -DCMAKE_INSTALL_PREFIX=/home/moonlab/ros2_ws/install/my_sim_tesi_ros2_nodes
[1.575s] DEBUG:colcon.colcon_core.event_handler.log_command:Invoking command in '/home/moonlab/ros2_ws/build/my_sim_tesi_ros2_nodes': CMAKE_PREFIX_PATH=/home/moonlab/ros2_ws/install/my_sim_tesi_ros2_interfaces:/home/moonlab/ros2_ws/install/turtlebot3_simulation:/home/moonlab/ros2_ws/install/my_sim_tesi_ros2_nodes:/home/moonlab/ros2_ws/install/my_sim_tesi_gazebo:/home/moonlab/ros2_ws/install/my_sim_tesi_bringup:/home/moonlab/ros2_ws/install/turtlebot3_control:/opt/ros/humble LD_LIBRARY_PATH=/home/moonlab/ros2_ws/install/my_sim_tesi_ros2_interfaces/lib:/home/moonlab/ros2_ws/install/my_sim_tesi_ros2_nodes/lib:/opt/ros/humble/opt/rviz_ogre_vendor/lib:/opt/ros/humble/lib/x86_64-linux-gnu:/opt/ros/humble/lib /usr/bin/cmake --build /home/moonlab/ros2_ws/build/my_sim_tesi_ros2_nodes -- -j24 -l24
[1.628s] DEBUG:colcon.colcon_core.event_handler.log_command:Invoked command in '/home/moonlab/ros2_ws/build/my_sim_tesi_ros2_nodes' returned '0': CMAKE_PREFIX_PATH=/home/moonlab/ros2_ws/install/my_sim_tesi_ros2_interfaces:/home/moonlab/ros2_ws/install/turtlebot3_simulation:/home/moonlab/ros2_ws/install/my_sim_tesi_ros2_nodes:/home/moonlab/ros2_ws/install/my_sim_tesi_gazebo:/home/moonlab/ros2_ws/install/my_sim_tesi_bringup:/home/moonlab/ros2_ws/install/turtlebot3_control:/opt/ros/humble LD_LIBRARY_PATH=/home/moonlab/ros2_ws/install/my_sim_tesi_ros2_interfaces/lib:/home/moonlab/ros2_ws/install/my_sim_tesi_ros2_nodes/lib:/opt/ros/humble/opt/rviz_ogre_vendor/lib:/opt/ros/humble/lib/x86_64-linux-gnu:/opt/ros/humble/lib /usr/bin/cmake --build /home/moonlab/ros2_ws/build/my_sim_tesi_ros2_nodes -- -j24 -l24
[1.629s] DEBUG:colcon.colcon_core.event_handler.log_command:Invoking command in '/home/moonlab/ros2_ws/build/my_sim_tesi_ros2_nodes': CMAKE_PREFIX_PATH=/home/moonlab/ros2_ws/install/my_sim_tesi_ros2_interfaces:/home/moonlab/ros2_ws/install/turtlebot3_simulation:/home/moonlab/ros2_ws/install/my_sim_tesi_ros2_nodes:/home/moonlab/ros2_ws/install/my_sim_tesi_gazebo:/home/moonlab/ros2_ws/install/my_sim_tesi_bringup:/home/moonlab/ros2_ws/install/turtlebot3_control:/opt/ros/humble LD_LIBRARY_PATH=/home/moonlab/ros2_ws/install/my_sim_tesi_ros2_interfaces/lib:/home/moonlab/ros2_ws/install/my_sim_tesi_ros2_nodes/lib:/opt/ros/humble/opt/rviz_ogre_vendor/lib:/opt/ros/humble/lib/x86_64-linux-gnu:/opt/ros/humble/lib /usr/bin/cmake --install /home/moonlab/ros2_ws/build/my_sim_tesi_ros2_nodes
[1.641s] Level 1:colcon.colcon_core.environment:create_environment_scripts_only(my_sim_tesi_ros2_nodes)
[1.642s] Level 1:colcon.colcon_core.environment:checking '/home/moonlab/ros2_ws/install/my_sim_tesi_ros2_nodes' for CMake module files
[1.642s] DEBUG:colcon.colcon_core.event_handler.log_command:Invoked command in '/home/moonlab/ros2_ws/build/my_sim_tesi_ros2_nodes' returned '0': CMAKE_PREFIX_PATH=/home/moonlab/ros2_ws/install/my_sim_tesi_ros2_interfaces:/home/moonlab/ros2_ws/install/turtlebot3_simulation:/home/moonlab/ros2_ws/install/my_sim_tesi_ros2_nodes:/home/moonlab/ros2_ws/install/my_sim_tesi_gazebo:/home/moonlab/ros2_ws/install/my_sim_tesi_bringup:/home/moonlab/ros2_ws/install/turtlebot3_control:/opt/ros/humble LD_LIBRARY_PATH=/home/moonlab/ros2_ws/install/my_sim_tesi_ros2_interfaces/lib:/home/moonlab/ros2_ws/install/my_sim_tesi_ros2_nodes/lib:/opt/ros/humble/opt/rviz_ogre_vendor/lib:/opt/ros/humble/lib/x86_64-linux-gnu:/opt/ros/humble/lib /usr/bin/cmake --install /home/moonlab/ros2_ws/build/my_sim_tesi_ros2_nodes
[1.642s] Level 1:colcon.colcon_core.environment:checking '/home/moonlab/ros2_ws/install/my_sim_tesi_ros2_nodes' for CMake config files
[1.642s] Level 1:colcon.colcon_core.shell:create_environment_hook('my_sim_tesi_ros2_nodes', 'cmake_prefix_path')
[1.642s] INFO:colcon.colcon_core.shell:Creating environment hook '/home/moonlab/ros2_ws/install/my_sim_tesi_ros2_nodes/share/my_sim_tesi_ros2_nodes/hook/cmake_prefix_path.ps1'
[1.643s] INFO:colcon.colcon_core.shell:Creating environment descriptor '/home/moonlab/ros2_ws/install/my_sim_tesi_ros2_nodes/share/my_sim_tesi_ros2_nodes/hook/cmake_prefix_path.dsv'
[1.643s] INFO:colcon.colcon_core.shell:Creating environment hook '/home/moonlab/ros2_ws/install/my_sim_tesi_ros2_nodes/share/my_sim_tesi_ros2_nodes/hook/cmake_prefix_path.sh'
[1.643s] Level 1:colcon.colcon_core.environment:checking '/home/moonlab/ros2_ws/install/my_sim_tesi_ros2_nodes/lib'
[1.643s] Level 1:colcon.colcon_core.shell:create_environment_hook('my_sim_tesi_ros2_nodes', 'ld_library_path_lib')
[1.643s] INFO:colcon.colcon_core.shell:Creating environment hook '/home/moonlab/ros2_ws/install/my_sim_tesi_ros2_nodes/share/my_sim_tesi_ros2_nodes/hook/ld_library_path_lib.ps1'
[1.643s] INFO:colcon.colcon_core.shell:Creating environment descriptor '/home/moonlab/ros2_ws/install/my_sim_tesi_ros2_nodes/share/my_sim_tesi_ros2_nodes/hook/ld_library_path_lib.dsv'
[1.644s] INFO:colcon.colcon_core.shell:Creating environment hook '/home/moonlab/ros2_ws/install/my_sim_tesi_ros2_nodes/share/my_sim_tesi_ros2_nodes/hook/ld_library_path_lib.sh'
[1.644s] Level 1:colcon.colcon_core.environment:checking '/home/moonlab/ros2_ws/install/my_sim_tesi_ros2_nodes/bin'
[1.644s] Level 1:colcon.colcon_core.environment:checking '/home/moonlab/ros2_ws/install/my_sim_tesi_ros2_nodes/lib/pkgconfig/my_sim_tesi_ros2_nodes.pc'
[1.644s] Level 1:colcon.colcon_core.environment:checking '/home/moonlab/ros2_ws/install/my_sim_tesi_ros2_nodes/lib/python3.10/site-packages'
[1.644s] Level 1:colcon.colcon_core.environment:checking '/home/moonlab/ros2_ws/install/my_sim_tesi_ros2_nodes/bin'
[1.644s] INFO:colcon.colcon_core.shell:Creating package script '/home/moonlab/ros2_ws/install/my_sim_tesi_ros2_nodes/share/my_sim_tesi_ros2_nodes/package.ps1'
[1.645s] INFO:colcon.colcon_core.shell:Creating package descriptor '/home/moonlab/ros2_ws/install/my_sim_tesi_ros2_nodes/share/my_sim_tesi_ros2_nodes/package.dsv'
[1.645s] INFO:colcon.colcon_core.shell:Creating package script '/home/moonlab/ros2_ws/install/my_sim_tesi_ros2_nodes/share/my_sim_tesi_ros2_nodes/package.sh'
[1.645s] INFO:colcon.colcon_core.shell:Creating package script '/home/moonlab/ros2_ws/install/my_sim_tesi_ros2_nodes/share/my_sim_tesi_ros2_nodes/package.bash'
[1.645s] INFO:colcon.colcon_core.shell:Creating package script '/home/moonlab/ros2_ws/install/my_sim_tesi_ros2_nodes/share/my_sim_tesi_ros2_nodes/package.zsh'
[1.645s] Level 1:colcon.colcon_core.environment:create_file_with_runtime_dependencies(/home/moonlab/ros2_ws/install/my_sim_tesi_ros2_nodes/share/colcon-core/packages/my_sim_tesi_ros2_nodes)
[1.646s] Level 1:colcon.colcon_core.environment:create_environment_scripts_only(my_sim_tesi_ros2_nodes)
[1.646s] Level 1:colcon.colcon_core.environment:checking '/home/moonlab/ros2_ws/install/my_sim_tesi_ros2_nodes' for CMake module files
[1.646s] Level 1:colcon.colcon_core.environment:checking '/home/moonlab/ros2_ws/install/my_sim_tesi_ros2_nodes' for CMake config files
[1.646s] Level 1:colcon.colcon_core.shell:create_environment_hook('my_sim_tesi_ros2_nodes', 'cmake_prefix_path')
[1.646s] INFO:colcon.colcon_core.shell:Creating environment hook '/home/moonlab/ros2_ws/install/my_sim_tesi_ros2_nodes/share/my_sim_tesi_ros2_nodes/hook/cmake_prefix_path.ps1'
[1.646s] INFO:colcon.colcon_core.shell:Creating environment descriptor '/home/moonlab/ros2_ws/install/my_sim_tesi_ros2_nodes/share/my_sim_tesi_ros2_nodes/hook/cmake_prefix_path.dsv'
[1.647s] INFO:colcon.colcon_core.shell:Creating environment hook '/home/moonlab/ros2_ws/install/my_sim_tesi_ros2_nodes/share/my_sim_tesi_ros2_nodes/hook/cmake_prefix_path.sh'
[1.647s] Level 1:colcon.colcon_core.environment:checking '/home/moonlab/ros2_ws/install/my_sim_tesi_ros2_nodes/lib'
[1.647s] Level 1:colcon.colcon_core.shell:create_environment_hook('my_sim_tesi_ros2_nodes', 'ld_library_path_lib')
[1.647s] INFO:colcon.colcon_core.shell:Creating environment hook '/home/moonlab/ros2_ws/install/my_sim_tesi_ros2_nodes/share/my_sim_tesi_ros2_nodes/hook/ld_library_path_lib.ps1'
[1.647s] INFO:colcon.colcon_core.shell:Creating environment descriptor '/home/moonlab/ros2_ws/install/my_sim_tesi_ros2_nodes/share/my_sim_tesi_ros2_nodes/hook/ld_library_path_lib.dsv'
[1.647s] INFO:colcon.colcon_core.shell:Creating environment hook '/home/moonlab/ros2_ws/install/my_sim_tesi_ros2_nodes/share/my_sim_tesi_ros2_nodes/hook/ld_library_path_lib.sh'
[1.648s] Level 1:colcon.colcon_core.environment:checking '/home/moonlab/ros2_ws/install/my_sim_tesi_ros2_nodes/bin'
[1.648s] Level 1:colcon.colcon_core.environment:checking '/home/moonlab/ros2_ws/install/my_sim_tesi_ros2_nodes/lib/pkgconfig/my_sim_tesi_ros2_nodes.pc'
[1.648s] Level 1:colcon.colcon_core.environment:checking '/home/moonlab/ros2_ws/install/my_sim_tesi_ros2_nodes/lib/python3.10/site-packages'
[1.648s] Level 1:colcon.colcon_core.environment:checking '/home/moonlab/ros2_ws/install/my_sim_tesi_ros2_nodes/bin'
[1.648s] INFO:colcon.colcon_core.shell:Creating package script '/home/moonlab/ros2_ws/install/my_sim_tesi_ros2_nodes/share/my_sim_tesi_ros2_nodes/package.ps1'
[1.648s] INFO:colcon.colcon_core.shell:Creating package descriptor '/home/moonlab/ros2_ws/install/my_sim_tesi_ros2_nodes/share/my_sim_tesi_ros2_nodes/package.dsv'
[1.648s] INFO:colcon.colcon_core.shell:Creating package script '/home/moonlab/ros2_ws/install/my_sim_tesi_ros2_nodes/share/my_sim_tesi_ros2_nodes/package.sh'
[1.649s] INFO:colcon.colcon_core.shell:Creating package script '/home/moonlab/ros2_ws/install/my_sim_tesi_ros2_nodes/share/my_sim_tesi_ros2_nodes/package.bash'
[1.649s] INFO:colcon.colcon_core.shell:Creating package script '/home/moonlab/ros2_ws/install/my_sim_tesi_ros2_nodes/share/my_sim_tesi_ros2_nodes/package.zsh'
[1.649s] Level 1:colcon.colcon_core.environment:create_file_with_runtime_dependencies(/home/moonlab/ros2_ws/install/my_sim_tesi_ros2_nodes/share/colcon-core/packages/my_sim_tesi_ros2_nodes)
[1.649s] DEBUG:colcon.colcon_parallel_executor.executor.parallel:closing loop
[1.649s] DEBUG:colcon.colcon_parallel_executor.executor.parallel:loop closed
[1.649s] DEBUG:colcon.colcon_parallel_executor.executor.parallel:run_until_complete finished with '0'
[1.649s] DEBUG:colcon.colcon_core.event_reactor:joining thread
[1.653s] INFO:colcon.colcon_core.plugin_system:Skipping extension 'colcon_notification.desktop_notification.terminal_notifier': Not used on non-Darwin systems
[1.653s] INFO:colcon.colcon_core.plugin_system:Skipping extension 'colcon_notification.desktop_notification.win32': Not used on non-Windows systems
[1.653s] INFO:colcon.colcon_notification.desktop_notification:Sending desktop notification using 'notify2'
[1.659s] DEBUG:colcon.colcon_core.event_reactor:joined thread
[1.659s] INFO:colcon.colcon_core.shell:Creating prefix script '/home/moonlab/ros2_ws/install/local_setup.ps1'
[1.660s] INFO:colcon.colcon_core.shell:Creating prefix util module '/home/moonlab/ros2_ws/install/_local_setup_util_ps1.py'
[1.660s] INFO:colcon.colcon_core.shell:Creating prefix chain script '/home/moonlab/ros2_ws/install/setup.ps1'
[1.661s] INFO:colcon.colcon_core.shell:Creating prefix script '/home/moonlab/ros2_ws/install/local_setup.sh'
[1.661s] INFO:colcon.colcon_core.shell:Creating prefix util module '/home/moonlab/ros2_ws/install/_local_setup_util_sh.py'
[1.662s] INFO:colcon.colcon_core.shell:Creating prefix chain script '/home/moonlab/ros2_ws/install/setup.sh'
[1.662s] INFO:colcon.colcon_core.shell:Creating prefix script '/home/moonlab/ros2_ws/install/local_setup.bash'
[1.663s] INFO:colcon.colcon_core.shell:Creating prefix chain script '/home/moonlab/ros2_ws/install/setup.bash'
[1.663s] INFO:colcon.colcon_core.shell:Creating prefix script '/home/moonlab/ros2_ws/install/local_setup.zsh'
[1.664s] INFO:colcon.colcon_core.shell:Creating prefix chain script '/home/moonlab/ros2_ws/install/setup.zsh'
