[0.012s] Invoking command in '/home/moonlab/ros2_ws/build/my_sim_tesi_gazebo': CMAKE_PREFIX_PATH=${CMAKE_PREFIX_PATH}:/home/moonlab/ros2_ws/install/turtlebot3_control:/opt/ros/humble /usr/bin/cmake --build /home/moonlab/ros2_ws/build/my_sim_tesi_gazebo -- -j24 -l24
[0.026s] -- Found ament_cmake: 1.3.12 (/opt/ros/humble/share/ament_cmake/cmake)
[0.098s] -- Override CMake install command with custom implementation using symlinks instead of copying resources
[0.103s] -- Found ament_lint_auto: 0.12.14 (/opt/ros/humble/share/ament_lint_auto/cmake)
[0.143s] -- Configuring done
[0.145s] -- Generating done
[0.146s] -- Build files have been written to: /home/moonlab/ros2_ws/build/my_sim_tesi_gazebo
[0.163s] Invoked command in '/home/moonlab/ros2_ws/build/my_sim_tesi_gazebo' returned '0': CMAKE_PREFIX_PATH=${CMAKE_PREFIX_PATH}:/home/moonlab/ros2_ws/install/turtlebot3_control:/opt/ros/humble /usr/bin/cmake --build /home/moonlab/ros2_ws/build/my_sim_tesi_gazebo -- -j24 -l24
[0.169s] Invoking command in '/home/moonlab/ros2_ws/build/my_sim_tesi_gazebo': CMAKE_PREFIX_PATH=${CMAKE_PREFIX_PATH}:/home/moonlab/ros2_ws/install/turtlebot3_control:/opt/ros/humble /usr/bin/cmake --install /home/moonlab/ros2_ws/build/my_sim_tesi_gazebo
[0.174s] -- Install configuration: ""
[0.174s] -- Execute custom install script
[0.174s] -- Symlinking: /home/moonlab/ros2_ws/install/my_sim_tesi_gazebo/share///launch/sim_launch.py
[0.186s] -- Symlinking: /home/moonlab/ros2_ws/install/my_sim_tesi_gazebo/share//models/Depot/materials/scripts/model.material
[0.192s] -- Symlinking: /home/moonlab/ros2_ws/install/my_sim_tesi_gazebo/share//models/Depot/materials/textures/BOXSET_Albedo.png
[0.198s] -- Symlinking: /home/moonlab/ros2_ws/install/my_sim_tesi_gazebo/share//models/Depot/materials/textures/BOXSET_Emissive.png
[0.203s] -- Symlinking: /home/moonlab/ros2_ws/install/my_sim_tesi_gazebo/share//models/Depot/materials/textures/BOXSET_Metalness.png
[0.209s] -- Symlinking: /home/moonlab/ros2_ws/install/my_sim_tesi_gazebo/share//models/Depot/materials/textures/BOXSET_Normal.png
[0.215s] -- Symlinking: /home/moonlab/ros2_ws/install/my_sim_tesi_gazebo/share//models/Depot/materials/textures/BOXSET_Roughness.png
[0.221s] -- Symlinking: /home/moonlab/ros2_ws/install/my_sim_tesi_gazebo/share//models/Depot/materials/textures/Crates_Crates_BaseColor.png
[0.227s] -- Symlinking: /home/moonlab/ros2_ws/install/my_sim_tesi_gazebo/share//models/Depot/materials/textures/Crates_Crates_Normal.png
[0.234s] -- Symlinking: /home/moonlab/ros2_ws/install/my_sim_tesi_gazebo/share//models/Depot/materials/textures/Crates_Crates_Roughness.png
[0.240s] -- Symlinking: /home/moonlab/ros2_ws/install/my_sim_tesi_gazebo/share//models/Depot/materials/textures/DepotLightmap.png
[0.246s] -- Symlinking: /home/moonlab/ros2_ws/install/my_sim_tesi_gazebo/share//models/Depot/materials/textures/FANS_Albedo.png
[0.252s] -- Symlinking: /home/moonlab/ros2_ws/install/my_sim_tesi_gazebo/share//models/Depot/materials/textures/FANS_Metalness.png
[0.258s] -- Symlinking: /home/moonlab/ros2_ws/install/my_sim_tesi_gazebo/share//models/Depot/materials/textures/FANS_Normal.png
[0.264s] -- Symlinking: /home/moonlab/ros2_ws/install/my_sim_tesi_gazebo/share//models/Depot/materials/textures/FANS_Roughness.png
[0.270s] -- Symlinking: /home/moonlab/ros2_ws/install/my_sim_tesi_gazebo/share//models/Depot/materials/textures/FLOOR_Albedo.png
[0.275s] -- Symlinking: /home/moonlab/ros2_ws/install/my_sim_tesi_gazebo/share//models/Depot/materials/textures/FLOOR_Metalness.png
[0.281s] -- Symlinking: /home/moonlab/ros2_ws/install/my_sim_tesi_gazebo/share//models/Depot/materials/textures/FLOOR_Normal.png
[0.287s] -- Symlinking: /home/moonlab/ros2_ws/install/my_sim_tesi_gazebo/share//models/Depot/materials/textures/FLOOR_Roughness.png
[0.293s] -- Symlinking: /home/moonlab/ros2_ws/install/my_sim_tesi_gazebo/share//models/Depot/materials/textures/FanBack_FanBack_BaseColor.png
[0.298s] -- Symlinking: /home/moonlab/ros2_ws/install/my_sim_tesi_gazebo/share//models/Depot/materials/textures/FireAlarmPole_Albedo.png
[0.304s] -- Symlinking: /home/moonlab/ros2_ws/install/my_sim_tesi_gazebo/share//models/Depot/materials/textures/FireAlarmPole_Metalness.png
[0.310s] -- Symlinking: /home/moonlab/ros2_ws/install/my_sim_tesi_gazebo/share//models/Depot/materials/textures/FireAlarmPole_Normal.png
[0.316s] -- Symlinking: /home/moonlab/ros2_ws/install/my_sim_tesi_gazebo/share//models/Depot/materials/textures/FireAlarmPole_Roughness.png
[0.321s] -- Symlinking: /home/moonlab/ros2_ws/install/my_sim_tesi_gazebo/share//models/Depot/materials/textures/FireAlarm_Albedo.png
[0.327s] -- Symlinking: /home/moonlab/ros2_ws/install/my_sim_tesi_gazebo/share//models/Depot/materials/textures/FireAlarm_Metalness.png
[0.333s] -- Symlinking: /home/moonlab/ros2_ws/install/my_sim_tesi_gazebo/share//models/Depot/materials/textures/FireAlarm_Normal.png
[0.338s] -- Symlinking: /home/moonlab/ros2_ws/install/my_sim_tesi_gazebo/share//models/Depot/materials/textures/FireAlarm_Roughness.png
[0.344s] -- Symlinking: /home/moonlab/ros2_ws/install/my_sim_tesi_gazebo/share//models/Depot/materials/textures/Forklift_Forklift_BaseColor.png
[0.350s] -- Symlinking: /home/moonlab/ros2_ws/install/my_sim_tesi_gazebo/share//models/Depot/materials/textures/Forklift_Forklift_Metallic.png
[0.355s] -- Symlinking: /home/moonlab/ros2_ws/install/my_sim_tesi_gazebo/share//models/Depot/materials/textures/Forklift_Forklift_Normal.png
[0.361s] -- Symlinking: /home/moonlab/ros2_ws/install/my_sim_tesi_gazebo/share//models/Depot/materials/textures/Forklift_Forklift_Roughness.png
[0.367s] -- Symlinking: /home/moonlab/ros2_ws/install/my_sim_tesi_gazebo/share//models/Depot/materials/textures/INTERCOM_Albedo.png
[0.373s] -- Symlinking: /home/moonlab/ros2_ws/install/my_sim_tesi_gazebo/share//models/Depot/materials/textures/INTERCOM_Emissive.png
[0.378s] -- Symlinking: /home/moonlab/ros2_ws/install/my_sim_tesi_gazebo/share//models/Depot/materials/textures/INTERCOM_Metalness.png
[0.384s] -- Symlinking: /home/moonlab/ros2_ws/install/my_sim_tesi_gazebo/share//models/Depot/materials/textures/INTERCOM_Normal.png
[0.389s] -- Symlinking: /home/moonlab/ros2_ws/install/my_sim_tesi_gazebo/share//models/Depot/materials/textures/INTERCOM_Roughness.png
[0.394s] -- Symlinking: /home/moonlab/ros2_ws/install/my_sim_tesi_gazebo/share//models/Depot/materials/textures/PILLERS_Albedo.png
[0.400s] -- Symlinking: /home/moonlab/ros2_ws/install/my_sim_tesi_gazebo/share//models/Depot/materials/textures/PILLERS_Metalness.png
[0.405s] -- Symlinking: /home/moonlab/ros2_ws/install/my_sim_tesi_gazebo/share//models/Depot/materials/textures/PILLERS_Normal.png
[0.411s] -- Symlinking: /home/moonlab/ros2_ws/install/my_sim_tesi_gazebo/share//models/Depot/materials/textures/PILLERS_Roughness.png
[0.417s] -- Symlinking: /home/moonlab/ros2_ws/install/my_sim_tesi_gazebo/share//models/Depot/materials/textures/Pipes_Albedo.png
[0.423s] -- Symlinking: /home/moonlab/ros2_ws/install/my_sim_tesi_gazebo/share//models/Depot/materials/textures/Pipes_Metalness.png
[0.429s] -- Symlinking: /home/moonlab/ros2_ws/install/my_sim_tesi_gazebo/share//models/Depot/materials/textures/Pipes_Normal.png
[0.435s] -- Symlinking: /home/moonlab/ros2_ws/install/my_sim_tesi_gazebo/share//models/Depot/materials/textures/Pipes_Roughness.png
[0.441s] -- Symlinking: /home/moonlab/ros2_ws/install/my_sim_tesi_gazebo/share//models/Depot/materials/textures/ROOF_Albedo.png
[0.446s] -- Symlinking: /home/moonlab/ros2_ws/install/my_sim_tesi_gazebo/share//models/Depot/materials/textures/ROOF_Emissive.png
[0.453s] -- Symlinking: /home/moonlab/ros2_ws/install/my_sim_tesi_gazebo/share//models/Depot/materials/textures/ROOF_Metalness.png
[0.459s] -- Symlinking: /home/moonlab/ros2_ws/install/my_sim_tesi_gazebo/share//models/Depot/materials/textures/ROOF_Normal.png
[0.464s] -- Symlinking: /home/moonlab/ros2_ws/install/my_sim_tesi_gazebo/share//models/Depot/materials/textures/ROOF_Roughness.png
[0.470s] -- Symlinking: /home/moonlab/ros2_ws/install/my_sim_tesi_gazebo/share//models/Depot/materials/textures/STAIRS_Albedo.png
[0.476s] -- Symlinking: /home/moonlab/ros2_ws/install/my_sim_tesi_gazebo/share//models/Depot/materials/textures/STAIRS_Metalness.png
[0.481s] -- Symlinking: /home/moonlab/ros2_ws/install/my_sim_tesi_gazebo/share//models/Depot/materials/textures/STAIRS_Normal.png
[0.487s] -- Symlinking: /home/moonlab/ros2_ws/install/my_sim_tesi_gazebo/share//models/Depot/materials/textures/STAIRS_Roughness.png
[0.492s] -- Symlinking: /home/moonlab/ros2_ws/install/my_sim_tesi_gazebo/share//models/Depot/materials/textures/WALLS_Albedo.png
[0.498s] -- Symlinking: /home/moonlab/ros2_ws/install/my_sim_tesi_gazebo/share//models/Depot/materials/textures/WALLS_Metalness.png
[0.503s] -- Symlinking: /home/moonlab/ros2_ws/install/my_sim_tesi_gazebo/share//models/Depot/materials/textures/WALLS_Normal.png
[0.509s] -- Symlinking: /home/moonlab/ros2_ws/install/my_sim_tesi_gazebo/share//models/Depot/materials/textures/WALLS_Roughness.png
[0.515s] -- Symlinking: /home/moonlab/ros2_ws/install/my_sim_tesi_gazebo/share//models/Depot/materials/textures/Window_WINDOW_BaseColor.png
[0.520s] -- Symlinking: /home/moonlab/ros2_ws/install/my_sim_tesi_gazebo/share//models/Depot/materials/textures/Window_WINDOW_Metallic.png
[0.526s] -- Symlinking: /home/moonlab/ros2_ws/install/my_sim_tesi_gazebo/share//models/Depot/materials/textures/Window_WINDOW_Roughness.png
[0.531s] -- Symlinking: /home/moonlab/ros2_ws/install/my_sim_tesi_gazebo/share//models/Depot/meshes/Crates.dae
[0.536s] -- Symlinking: /home/moonlab/ros2_ws/install/my_sim_tesi_gazebo/share//models/Depot/meshes/Depot.dae
[0.541s] -- Symlinking: /home/moonlab/ros2_ws/install/my_sim_tesi_gazebo/share//models/Depot/model.config
[0.548s] -- Symlinking: /home/moonlab/ros2_ws/install/my_sim_tesi_gazebo/share//models/Depot/model.sdf
[0.553s] -- Symlinking: /home/moonlab/ros2_ws/install/my_sim_tesi_gazebo/share//models/Depot/thumbnails/0.png
[0.559s] -- Symlinking: /home/moonlab/ros2_ws/install/my_sim_tesi_gazebo/share//models/Depot/thumbnails/1.png
[0.565s] -- Symlinking: /home/moonlab/ros2_ws/install/my_sim_tesi_gazebo/share//models/Depot/thumbnails/2.png
[0.570s] -- Symlinking: /home/moonlab/ros2_ws/install/my_sim_tesi_gazebo/share//models/Depot/thumbnails/3.png
[0.577s] -- Symlinking: /home/moonlab/ros2_ws/install/my_sim_tesi_gazebo/share//models/Depot/thumbnails/4.png
[0.583s] -- Symlinking: /home/moonlab/ros2_ws/install/my_sim_tesi_gazebo/share//models/Depot/thumbnails/5.png
[0.589s] -- Symlinking: /home/moonlab/ros2_ws/install/my_sim_tesi_gazebo/share//models/aws_robomaker_residential_AirconditionerA_01/materials/textures/aws_AirconditionerA_01.png
[0.595s] -- Symlinking: /home/moonlab/ros2_ws/install/my_sim_tesi_gazebo/share//models/aws_robomaker_residential_AirconditionerA_01/meshes/aws_AirconditionerA_01_collision.DAE
[0.601s] -- Symlinking: /home/moonlab/ros2_ws/install/my_sim_tesi_gazebo/share//models/aws_robomaker_residential_AirconditionerA_01/meshes/aws_AirconditionerA_01_visual.DAE
[0.606s] -- Symlinking: /home/moonlab/ros2_ws/install/my_sim_tesi_gazebo/share//models/aws_robomaker_residential_AirconditionerA_01/model.config
[0.613s] -- Symlinking: /home/moonlab/ros2_ws/install/my_sim_tesi_gazebo/share//models/aws_robomaker_residential_AirconditionerA_01/model.sdf
[0.618s] -- Symlinking: /home/moonlab/ros2_ws/install/my_sim_tesi_gazebo/share//models/aws_robomaker_residential_AirconditionerB_01/materials/textures/aws_AirconditionerB_01.png
[0.624s] -- Symlinking: /home/moonlab/ros2_ws/install/my_sim_tesi_gazebo/share//models/aws_robomaker_residential_AirconditionerB_01/meshes/aws_AirconditionerB_01_collision.DAE
[0.630s] -- Symlinking: /home/moonlab/ros2_ws/install/my_sim_tesi_gazebo/share//models/aws_robomaker_residential_AirconditionerB_01/meshes/aws_AirconditionerB_01_visual.DAE
[0.636s] -- Symlinking: /home/moonlab/ros2_ws/install/my_sim_tesi_gazebo/share//models/aws_robomaker_residential_AirconditionerB_01/model.config
[0.642s] -- Symlinking: /home/moonlab/ros2_ws/install/my_sim_tesi_gazebo/share//models/aws_robomaker_residential_AirconditionerB_01/model.sdf
[0.648s] -- Symlinking: /home/moonlab/ros2_ws/install/my_sim_tesi_gazebo/share//models/aws_robomaker_residential_BalconyTable_01/materials/textures/aws_BalconyTable_01.png
[0.654s] -- Symlinking: /home/moonlab/ros2_ws/install/my_sim_tesi_gazebo/share//models/aws_robomaker_residential_BalconyTable_01/meshes/aws_BalconyTable_01_collision.DAE
[0.660s] -- Symlinking: /home/moonlab/ros2_ws/install/my_sim_tesi_gazebo/share//models/aws_robomaker_residential_BalconyTable_01/meshes/aws_BalconyTable_01_visual.DAE
[0.665s] -- Symlinking: /home/moonlab/ros2_ws/install/my_sim_tesi_gazebo/share//models/aws_robomaker_residential_BalconyTable_01/model.config
[0.671s] -- Symlinking: /home/moonlab/ros2_ws/install/my_sim_tesi_gazebo/share//models/aws_robomaker_residential_BalconyTable_01/model.sdf
[0.677s] -- Symlinking: /home/moonlab/ros2_ws/install/my_sim_tesi_gazebo/share//models/aws_robomaker_residential_Ball_01/materials/textures/aws_Ball_01.png
[0.682s] -- Symlinking: /home/moonlab/ros2_ws/install/my_sim_tesi_gazebo/share//models/aws_robomaker_residential_Ball_01/meshes/aws_Ball_01_collision.DAE
[0.688s] -- Symlinking: /home/moonlab/ros2_ws/install/my_sim_tesi_gazebo/share//models/aws_robomaker_residential_Ball_01/meshes/aws_Ball_01_visual.DAE
[0.693s] -- Symlinking: /home/moonlab/ros2_ws/install/my_sim_tesi_gazebo/share//models/aws_robomaker_residential_Ball_01/model.config
[0.700s] -- Symlinking: /home/moonlab/ros2_ws/install/my_sim_tesi_gazebo/share//models/aws_robomaker_residential_Ball_01/model.sdf
[0.706s] -- Symlinking: /home/moonlab/ros2_ws/install/my_sim_tesi_gazebo/share//models/aws_robomaker_residential_Bed_01/materials/textures/aws_BedA_01.png
[0.712s] -- Symlinking: /home/moonlab/ros2_ws/install/my_sim_tesi_gazebo/share//models/aws_robomaker_residential_Bed_01/materials/textures/aws_BedB_01.png
[0.718s] -- Symlinking: /home/moonlab/ros2_ws/install/my_sim_tesi_gazebo/share//models/aws_robomaker_residential_Bed_01/materials/textures/aws_BedC_01.png
[0.724s] -- Symlinking: /home/moonlab/ros2_ws/install/my_sim_tesi_gazebo/share//models/aws_robomaker_residential_Bed_01/materials/textures/aws_Bed_01.png
[0.729s] -- Symlinking: /home/moonlab/ros2_ws/install/my_sim_tesi_gazebo/share//models/aws_robomaker_residential_Bed_01/meshes/aws_Bed_01_collision.DAE
[0.736s] -- Symlinking: /home/moonlab/ros2_ws/install/my_sim_tesi_gazebo/share//models/aws_robomaker_residential_Bed_01/meshes/aws_Bed_01_visual.DAE
[0.742s] -- Symlinking: /home/moonlab/ros2_ws/install/my_sim_tesi_gazebo/share//models/aws_robomaker_residential_Bed_01/model.config
[0.748s] -- Symlinking: /home/moonlab/ros2_ws/install/my_sim_tesi_gazebo/share//models/aws_robomaker_residential_Bed_01/model.sdf
[0.755s] -- Symlinking: /home/moonlab/ros2_ws/install/my_sim_tesi_gazebo/share//models/aws_robomaker_residential_Board_01/materials/textures/aws_Board_01.png
[0.760s] -- Symlinking: /home/moonlab/ros2_ws/install/my_sim_tesi_gazebo/share//models/aws_robomaker_residential_Board_01/meshes/aws_Board_01_collision.DAE
[0.766s] -- Symlinking: /home/moonlab/ros2_ws/install/my_sim_tesi_gazebo/share//models/aws_robomaker_residential_Board_01/meshes/aws_Board_01_visual.DAE
[0.772s] -- Symlinking: /home/moonlab/ros2_ws/install/my_sim_tesi_gazebo/share//models/aws_robomaker_residential_Board_01/model.config
[0.778s] -- Symlinking: /home/moonlab/ros2_ws/install/my_sim_tesi_gazebo/share//models/aws_robomaker_residential_Board_01/model.sdf
[0.784s] -- Symlinking: /home/moonlab/ros2_ws/install/my_sim_tesi_gazebo/share//models/aws_robomaker_residential_Carpet_01/materials/textures/aws_Carpet_01.png
[0.791s] -- Symlinking: /home/moonlab/ros2_ws/install/my_sim_tesi_gazebo/share//models/aws_robomaker_residential_Carpet_01/meshes/aws_Carpet_01_collision.DAE
[0.796s] -- Symlinking: /home/moonlab/ros2_ws/install/my_sim_tesi_gazebo/share//models/aws_robomaker_residential_Carpet_01/meshes/aws_Carpet_01_visual.DAE
[0.802s] -- Symlinking: /home/moonlab/ros2_ws/install/my_sim_tesi_gazebo/share//models/aws_robomaker_residential_Carpet_01/model.config
[0.808s] -- Symlinking: /home/moonlab/ros2_ws/install/my_sim_tesi_gazebo/share//models/aws_robomaker_residential_Carpet_01/model.sdf
[0.814s] -- Symlinking: /home/moonlab/ros2_ws/install/my_sim_tesi_gazebo/share//models/aws_robomaker_residential_ChairA_01/materials/textures/aws_ChairA_01.png
[0.820s] -- Symlinking: /home/moonlab/ros2_ws/install/my_sim_tesi_gazebo/share//models/aws_robomaker_residential_ChairA_01/meshes/aws_ChairA_01_collision.DAE
[0.827s] -- Symlinking: /home/moonlab/ros2_ws/install/my_sim_tesi_gazebo/share//models/aws_robomaker_residential_ChairA_01/meshes/aws_ChairA_01_visual.DAE
[0.833s] -- Symlinking: /home/moonlab/ros2_ws/install/my_sim_tesi_gazebo/share//models/aws_robomaker_residential_ChairA_01/model.config
[0.840s] -- Symlinking: /home/moonlab/ros2_ws/install/my_sim_tesi_gazebo/share//models/aws_robomaker_residential_ChairA_01/model.sdf
[0.846s] -- Symlinking: /home/moonlab/ros2_ws/install/my_sim_tesi_gazebo/share//models/aws_robomaker_residential_ChairD_01/materials/textures/aws_ChairD_01.png
[0.853s] -- Symlinking: /home/moonlab/ros2_ws/install/my_sim_tesi_gazebo/share//models/aws_robomaker_residential_ChairD_01/meshes/aws_ChairD_01_collision.DAE
[0.859s] -- Symlinking: /home/moonlab/ros2_ws/install/my_sim_tesi_gazebo/share//models/aws_robomaker_residential_ChairD_01/meshes/aws_ChairD_01_visual.DAE
[0.864s] -- Symlinking: /home/moonlab/ros2_ws/install/my_sim_tesi_gazebo/share//models/aws_robomaker_residential_ChairD_01/model.config
[0.870s] -- Symlinking: /home/moonlab/ros2_ws/install/my_sim_tesi_gazebo/share//models/aws_robomaker_residential_ChairD_01/model.sdf
[0.876s] -- Symlinking: /home/moonlab/ros2_ws/install/my_sim_tesi_gazebo/share//models/aws_robomaker_residential_Chandelier_01/materials/textures/aws_Chandelier_01.png
[0.883s] -- Symlinking: /home/moonlab/ros2_ws/install/my_sim_tesi_gazebo/share//models/aws_robomaker_residential_Chandelier_01/meshes/aws_Chandelier_01.DAE
[0.888s] -- Symlinking: /home/moonlab/ros2_ws/install/my_sim_tesi_gazebo/share//models/aws_robomaker_residential_Chandelier_01/meshes/aws_Chandelier_01_collision.DAE
[0.894s] -- Symlinking: /home/moonlab/ros2_ws/install/my_sim_tesi_gazebo/share//models/aws_robomaker_residential_Chandelier_01/meshes/aws_Chandelier_01_visual.DAE
[0.900s] -- Symlinking: /home/moonlab/ros2_ws/install/my_sim_tesi_gazebo/share//models/aws_robomaker_residential_Chandelier_01/model.config
[0.905s] -- Symlinking: /home/moonlab/ros2_ws/install/my_sim_tesi_gazebo/share//models/aws_robomaker_residential_Chandelier_01/model.sdf
[0.911s] -- Symlinking: /home/moonlab/ros2_ws/install/my_sim_tesi_gazebo/share//models/aws_robomaker_residential_CoffeeTable_01/materials/textures/aws_CoffeeTable_01.png
[0.916s] -- Symlinking: /home/moonlab/ros2_ws/install/my_sim_tesi_gazebo/share//models/aws_robomaker_residential_CoffeeTable_01/meshes/aws_CoffeeTable_01_collision.DAE
[0.921s] -- Symlinking: /home/moonlab/ros2_ws/install/my_sim_tesi_gazebo/share//models/aws_robomaker_residential_CoffeeTable_01/meshes/aws_CoffeeTable_01_visual.DAE
[0.927s] -- Symlinking: /home/moonlab/ros2_ws/install/my_sim_tesi_gazebo/share//models/aws_robomaker_residential_CoffeeTable_01/model.config
[0.933s] -- Symlinking: /home/moonlab/ros2_ws/install/my_sim_tesi_gazebo/share//models/aws_robomaker_residential_CoffeeTable_01/model.sdf
[0.938s] -- Symlinking: /home/moonlab/ros2_ws/install/my_sim_tesi_gazebo/share//models/aws_robomaker_residential_CookingBench_01/materials/textures/aws_CookingBench_01.png
[0.944s] -- Symlinking: /home/moonlab/ros2_ws/install/my_sim_tesi_gazebo/share//models/aws_robomaker_residential_CookingBench_01/meshes/aws_CookingBench_01.DAE
[0.950s] -- Symlinking: /home/moonlab/ros2_ws/install/my_sim_tesi_gazebo/share//models/aws_robomaker_residential_CookingBench_01/meshes/aws_CookingBench_01_collision.DAE
[0.956s] -- Symlinking: /home/moonlab/ros2_ws/install/my_sim_tesi_gazebo/share//models/aws_robomaker_residential_CookingBench_01/meshes/aws_CookingBench_01_visual.DAE
[0.963s] -- Symlinking: /home/moonlab/ros2_ws/install/my_sim_tesi_gazebo/share//models/aws_robomaker_residential_CookingBench_01/model.config
[0.969s] -- Symlinking: /home/moonlab/ros2_ws/install/my_sim_tesi_gazebo/share//models/aws_robomaker_residential_CookingBench_01/model.sdf
[0.975s] -- Symlinking: /home/moonlab/ros2_ws/install/my_sim_tesi_gazebo/share//models/aws_robomaker_residential_Curtain_01/materials/textures/aws_Curtain_01.png
[0.982s] -- Symlinking: /home/moonlab/ros2_ws/install/my_sim_tesi_gazebo/share//models/aws_robomaker_residential_Curtain_01/meshes/aws_Curtain_01_collision.DAE
[0.988s] -- Symlinking: /home/moonlab/ros2_ws/install/my_sim_tesi_gazebo/share//models/aws_robomaker_residential_Curtain_01/meshes/aws_Curtain_01_visual.DAE
[0.993s] -- Symlinking: /home/moonlab/ros2_ws/install/my_sim_tesi_gazebo/share//models/aws_robomaker_residential_Curtain_01/model.config
[0.999s] -- Symlinking: /home/moonlab/ros2_ws/install/my_sim_tesi_gazebo/share//models/aws_robomaker_residential_Curtain_01/model.sdf
[1.005s] -- Symlinking: /home/moonlab/ros2_ws/install/my_sim_tesi_gazebo/share//models/aws_robomaker_residential_DeskPortraitA_01/materials/textures/DeskPortraitA_01.jpg
[1.010s] -- Symlinking: /home/moonlab/ros2_ws/install/my_sim_tesi_gazebo/share//models/aws_robomaker_residential_DeskPortraitA_01/materials/textures/aws_DeskPortraitA_01.png
[1.017s] -- Symlinking: /home/moonlab/ros2_ws/install/my_sim_tesi_gazebo/share//models/aws_robomaker_residential_DeskPortraitA_01/materials/textures/aws_DeskPortraitA_02.png
[1.022s] -- Symlinking: /home/moonlab/ros2_ws/install/my_sim_tesi_gazebo/share//models/aws_robomaker_residential_DeskPortraitA_01/meshes/aws_DeskPortraitA_01_collision.DAE
[1.028s] -- Symlinking: /home/moonlab/ros2_ws/install/my_sim_tesi_gazebo/share//models/aws_robomaker_residential_DeskPortraitA_01/meshes/aws_DeskPortraitA_01_visual.DAE
[1.034s] -- Symlinking: /home/moonlab/ros2_ws/install/my_sim_tesi_gazebo/share//models/aws_robomaker_residential_DeskPortraitA_01/model.config
[1.039s] -- Symlinking: /home/moonlab/ros2_ws/install/my_sim_tesi_gazebo/share//models/aws_robomaker_residential_DeskPortraitA_01/model.sdf
[1.044s] -- Symlinking: /home/moonlab/ros2_ws/install/my_sim_tesi_gazebo/share//models/aws_robomaker_residential_DeskPortraitA_02/materials/textures/DeskPortraitA_02.jpg
[1.049s] -- Symlinking: /home/moonlab/ros2_ws/install/my_sim_tesi_gazebo/share//models/aws_robomaker_residential_DeskPortraitA_02/materials/textures/aws_DeskPortraitA_01.png
[1.055s] -- Symlinking: /home/moonlab/ros2_ws/install/my_sim_tesi_gazebo/share//models/aws_robomaker_residential_DeskPortraitA_02/materials/textures/aws_DeskPortraitA_02.png
[1.060s] -- Symlinking: /home/moonlab/ros2_ws/install/my_sim_tesi_gazebo/share//models/aws_robomaker_residential_DeskPortraitA_02/meshes/aws_DeskPortraitA_01_collision.DAE
[1.066s] -- Symlinking: /home/moonlab/ros2_ws/install/my_sim_tesi_gazebo/share//models/aws_robomaker_residential_DeskPortraitA_02/meshes/aws_DeskPortraitA_01_visual.DAE
[1.071s] -- Symlinking: /home/moonlab/ros2_ws/install/my_sim_tesi_gazebo/share//models/aws_robomaker_residential_DeskPortraitA_02/model.config
[1.076s] -- Symlinking: /home/moonlab/ros2_ws/install/my_sim_tesi_gazebo/share//models/aws_robomaker_residential_DeskPortraitA_02/model.sdf
[1.082s] -- Symlinking: /home/moonlab/ros2_ws/install/my_sim_tesi_gazebo/share//models/aws_robomaker_residential_DeskPortraitB_01/materials/textures/DeskPortraitB_01.jpg
[1.087s] -- Symlinking: /home/moonlab/ros2_ws/install/my_sim_tesi_gazebo/share//models/aws_robomaker_residential_DeskPortraitB_01/materials/textures/aws_DeskPortraitB_01.png
[1.093s] -- Symlinking: /home/moonlab/ros2_ws/install/my_sim_tesi_gazebo/share//models/aws_robomaker_residential_DeskPortraitB_01/materials/textures/aws_DeskPortraitB_02.png
[1.099s] -- Symlinking: /home/moonlab/ros2_ws/install/my_sim_tesi_gazebo/share//models/aws_robomaker_residential_DeskPortraitB_01/meshes/aws_DeskPortraitB_01_collision.DAE
[1.105s] -- Symlinking: /home/moonlab/ros2_ws/install/my_sim_tesi_gazebo/share//models/aws_robomaker_residential_DeskPortraitB_01/meshes/aws_DeskPortraitB_01_visual.DAE
[1.110s] -- Symlinking: /home/moonlab/ros2_ws/install/my_sim_tesi_gazebo/share//models/aws_robomaker_residential_DeskPortraitB_01/model.config
[1.115s] -- Symlinking: /home/moonlab/ros2_ws/install/my_sim_tesi_gazebo/share//models/aws_robomaker_residential_DeskPortraitB_01/model.sdf
[1.121s] -- Symlinking: /home/moonlab/ros2_ws/install/my_sim_tesi_gazebo/share//models/aws_robomaker_residential_DeskPortraitB_02/materials/textures/DeskPortraitB_02.jpg
[1.126s] -- Symlinking: /home/moonlab/ros2_ws/install/my_sim_tesi_gazebo/share//models/aws_robomaker_residential_DeskPortraitB_02/materials/textures/aws_DeskPortraitB_01.png
[1.132s] -- Symlinking: /home/moonlab/ros2_ws/install/my_sim_tesi_gazebo/share//models/aws_robomaker_residential_DeskPortraitB_02/materials/textures/aws_DeskPortraitB_02.png
[1.138s] -- Symlinking: /home/moonlab/ros2_ws/install/my_sim_tesi_gazebo/share//models/aws_robomaker_residential_DeskPortraitB_02/meshes/aws_DeskPortraitB_01_collision.DAE
[1.143s] -- Symlinking: /home/moonlab/ros2_ws/install/my_sim_tesi_gazebo/share//models/aws_robomaker_residential_DeskPortraitB_02/meshes/aws_DeskPortraitB_01_visual.DAE
[1.149s] -- Symlinking: /home/moonlab/ros2_ws/install/my_sim_tesi_gazebo/share//models/aws_robomaker_residential_DeskPortraitB_02/model.config
[1.155s] -- Symlinking: /home/moonlab/ros2_ws/install/my_sim_tesi_gazebo/share//models/aws_robomaker_residential_DeskPortraitB_02/model.sdf
[1.160s] -- Symlinking: /home/moonlab/ros2_ws/install/my_sim_tesi_gazebo/share//models/aws_robomaker_residential_DeskPortraitC_01/materials/textures/DeskPortraitC_01.jpg
[1.166s] -- Symlinking: /home/moonlab/ros2_ws/install/my_sim_tesi_gazebo/share//models/aws_robomaker_residential_DeskPortraitC_01/materials/textures/aws_DeskPortraitC_01.png
[1.172s] -- Symlinking: /home/moonlab/ros2_ws/install/my_sim_tesi_gazebo/share//models/aws_robomaker_residential_DeskPortraitC_01/materials/textures/aws_DeskPortraitC_02.png
[1.178s] -- Symlinking: /home/moonlab/ros2_ws/install/my_sim_tesi_gazebo/share//models/aws_robomaker_residential_DeskPortraitC_01/meshes/aws_DeskPortraitC_01_collision.DAE
[1.184s] -- Symlinking: /home/moonlab/ros2_ws/install/my_sim_tesi_gazebo/share//models/aws_robomaker_residential_DeskPortraitC_01/meshes/aws_DeskPortraitC_01_visual.DAE
[1.189s] -- Symlinking: /home/moonlab/ros2_ws/install/my_sim_tesi_gazebo/share//models/aws_robomaker_residential_DeskPortraitC_01/model.config
[1.194s] -- Symlinking: /home/moonlab/ros2_ws/install/my_sim_tesi_gazebo/share//models/aws_robomaker_residential_DeskPortraitC_01/model.sdf
[1.200s] -- Symlinking: /home/moonlab/ros2_ws/install/my_sim_tesi_gazebo/share//models/aws_robomaker_residential_DeskPortraitC_02/materials/textures/DeskPortraitC_02.jpg
[1.206s] -- Symlinking: /home/moonlab/ros2_ws/install/my_sim_tesi_gazebo/share//models/aws_robomaker_residential_DeskPortraitC_02/materials/textures/aws_DeskPortraitC_01.png
[1.211s] -- Symlinking: /home/moonlab/ros2_ws/install/my_sim_tesi_gazebo/share//models/aws_robomaker_residential_DeskPortraitC_02/materials/textures/aws_DeskPortraitC_02.png
[1.216s] -- Symlinking: /home/moonlab/ros2_ws/install/my_sim_tesi_gazebo/share//models/aws_robomaker_residential_DeskPortraitC_02/meshes/aws_DeskPortraitC_01_collision.DAE
[1.222s] -- Symlinking: /home/moonlab/ros2_ws/install/my_sim_tesi_gazebo/share//models/aws_robomaker_residential_DeskPortraitC_02/meshes/aws_DeskPortraitC_01_visual.DAE
[1.228s] -- Symlinking: /home/moonlab/ros2_ws/install/my_sim_tesi_gazebo/share//models/aws_robomaker_residential_DeskPortraitC_02/model.config
[1.233s] -- Symlinking: /home/moonlab/ros2_ws/install/my_sim_tesi_gazebo/share//models/aws_robomaker_residential_DeskPortraitC_02/model.sdf
[1.238s] -- Symlinking: /home/moonlab/ros2_ws/install/my_sim_tesi_gazebo/share//models/aws_robomaker_residential_DeskPortraitD_01/materials/textures/DeskPortraitD_01.jpg
[1.243s] -- Symlinking: /home/moonlab/ros2_ws/install/my_sim_tesi_gazebo/share//models/aws_robomaker_residential_DeskPortraitD_01/materials/textures/aws_DeskPortraitD_01.png
[1.248s] -- Symlinking: /home/moonlab/ros2_ws/install/my_sim_tesi_gazebo/share//models/aws_robomaker_residential_DeskPortraitD_01/materials/textures/aws_DeskPortraitD_02.png
[1.254s] -- Symlinking: /home/moonlab/ros2_ws/install/my_sim_tesi_gazebo/share//models/aws_robomaker_residential_DeskPortraitD_01/meshes/aws_DeskPortraitD_01_collision.DAE
[1.259s] -- Symlinking: /home/moonlab/ros2_ws/install/my_sim_tesi_gazebo/share//models/aws_robomaker_residential_DeskPortraitD_01/meshes/aws_DeskPortraitD_01_visual.DAE
[1.265s] -- Symlinking: /home/moonlab/ros2_ws/install/my_sim_tesi_gazebo/share//models/aws_robomaker_residential_DeskPortraitD_01/model.config
[1.270s] -- Symlinking: /home/moonlab/ros2_ws/install/my_sim_tesi_gazebo/share//models/aws_robomaker_residential_DeskPortraitD_01/model.sdf
[1.275s] -- Symlinking: /home/moonlab/ros2_ws/install/my_sim_tesi_gazebo/share//models/aws_robomaker_residential_DeskPortraitD_02/materials/textures/DeskPortraitD_02.jpg
[1.280s] -- Symlinking: /home/moonlab/ros2_ws/install/my_sim_tesi_gazebo/share//models/aws_robomaker_residential_DeskPortraitD_02/materials/textures/aws_DeskPortraitD_01.png
[1.285s] -- Symlinking: /home/moonlab/ros2_ws/install/my_sim_tesi_gazebo/share//models/aws_robomaker_residential_DeskPortraitD_02/materials/textures/aws_DeskPortraitD_02.png
[1.290s] -- Symlinking: /home/moonlab/ros2_ws/install/my_sim_tesi_gazebo/share//models/aws_robomaker_residential_DeskPortraitD_02/meshes/aws_DeskPortraitD_01_collision.DAE
[1.295s] -- Symlinking: /home/moonlab/ros2_ws/install/my_sim_tesi_gazebo/share//models/aws_robomaker_residential_DeskPortraitD_02/meshes/aws_DeskPortraitD_01_visual.DAE
[1.300s] -- Symlinking: /home/moonlab/ros2_ws/install/my_sim_tesi_gazebo/share//models/aws_robomaker_residential_DeskPortraitD_02/model.config
[1.306s] -- Symlinking: /home/moonlab/ros2_ws/install/my_sim_tesi_gazebo/share//models/aws_robomaker_residential_DeskPortraitD_02/model.sdf
[1.311s] -- Symlinking: /home/moonlab/ros2_ws/install/my_sim_tesi_gazebo/share//models/aws_robomaker_residential_DeskPortraitD_03/materials/textures/DeskPortraitD_03.jpg
[1.316s] -- Symlinking: /home/moonlab/ros2_ws/install/my_sim_tesi_gazebo/share//models/aws_robomaker_residential_DeskPortraitD_03/materials/textures/aws_DeskPortraitD_01.png
[1.321s] -- Symlinking: /home/moonlab/ros2_ws/install/my_sim_tesi_gazebo/share//models/aws_robomaker_residential_DeskPortraitD_03/materials/textures/aws_DeskPortraitD_02.png
[1.326s] -- Symlinking: /home/moonlab/ros2_ws/install/my_sim_tesi_gazebo/share//models/aws_robomaker_residential_DeskPortraitD_03/meshes/aws_DeskPortraitD_01_collision.DAE
[1.331s] -- Symlinking: /home/moonlab/ros2_ws/install/my_sim_tesi_gazebo/share//models/aws_robomaker_residential_DeskPortraitD_03/meshes/aws_DeskPortraitD_01_visual.DAE
[1.336s] -- Symlinking: /home/moonlab/ros2_ws/install/my_sim_tesi_gazebo/share//models/aws_robomaker_residential_DeskPortraitD_03/model.config
[1.342s] -- Symlinking: /home/moonlab/ros2_ws/install/my_sim_tesi_gazebo/share//models/aws_robomaker_residential_DeskPortraitD_03/model.sdf
[1.348s] -- Symlinking: /home/moonlab/ros2_ws/install/my_sim_tesi_gazebo/share//models/aws_robomaker_residential_DeskPortraitD_04/materials/textures/DeskPortraitD_04.jpg
[1.353s] -- Symlinking: /home/moonlab/ros2_ws/install/my_sim_tesi_gazebo/share//models/aws_robomaker_residential_DeskPortraitD_04/materials/textures/aws_DeskPortraitD_01.png
[1.359s] -- Symlinking: /home/moonlab/ros2_ws/install/my_sim_tesi_gazebo/share//models/aws_robomaker_residential_DeskPortraitD_04/materials/textures/aws_DeskPortraitD_02.png
[1.364s] -- Symlinking: /home/moonlab/ros2_ws/install/my_sim_tesi_gazebo/share//models/aws_robomaker_residential_DeskPortraitD_04/meshes/aws_DeskPortraitD_01_collision.DAE
[1.369s] -- Symlinking: /home/moonlab/ros2_ws/install/my_sim_tesi_gazebo/share//models/aws_robomaker_residential_DeskPortraitD_04/meshes/aws_DeskPortraitD_01_visual.DAE
[1.375s] -- Symlinking: /home/moonlab/ros2_ws/install/my_sim_tesi_gazebo/share//models/aws_robomaker_residential_DeskPortraitD_04/model.config
[1.380s] -- Symlinking: /home/moonlab/ros2_ws/install/my_sim_tesi_gazebo/share//models/aws_robomaker_residential_DeskPortraitD_04/model.sdf
[1.385s] -- Symlinking: /home/moonlab/ros2_ws/install/my_sim_tesi_gazebo/share//models/aws_robomaker_residential_Door_01/materials/textures/aws_Door_01.png
[1.390s] -- Symlinking: /home/moonlab/ros2_ws/install/my_sim_tesi_gazebo/share//models/aws_robomaker_residential_Door_01/meshes/aws_Door_01_collision.DAE
[1.395s] -- Symlinking: /home/moonlab/ros2_ws/install/my_sim_tesi_gazebo/share//models/aws_robomaker_residential_Door_01/meshes/aws_Door_01_visual.DAE
[1.401s] -- Symlinking: /home/moonlab/ros2_ws/install/my_sim_tesi_gazebo/share//models/aws_robomaker_residential_Door_01/model.config
[1.407s] -- Symlinking: /home/moonlab/ros2_ws/install/my_sim_tesi_gazebo/share//models/aws_robomaker_residential_Door_01/model.sdf
[1.412s] -- Symlinking: /home/moonlab/ros2_ws/install/my_sim_tesi_gazebo/share//models/aws_robomaker_residential_Dumbbell_01/materials/textures/aws_Dumbbell_01.png
[1.417s] -- Symlinking: /home/moonlab/ros2_ws/install/my_sim_tesi_gazebo/share//models/aws_robomaker_residential_Dumbbell_01/meshes/aws_Dumbbell_01_collision.DAE
[1.423s] -- Symlinking: /home/moonlab/ros2_ws/install/my_sim_tesi_gazebo/share//models/aws_robomaker_residential_Dumbbell_01/meshes/aws_Dumbbell_01_visual.DAE
[1.427s] -- Symlinking: /home/moonlab/ros2_ws/install/my_sim_tesi_gazebo/share//models/aws_robomaker_residential_Dumbbell_01/model.config
[1.433s] -- Symlinking: /home/moonlab/ros2_ws/install/my_sim_tesi_gazebo/share//models/aws_robomaker_residential_Dumbbell_01/model.sdf
[1.439s] -- Symlinking: /home/moonlab/ros2_ws/install/my_sim_tesi_gazebo/share//models/aws_robomaker_residential_FitnessEquipment_01/materials/textures/aws_FitnessEquipment_01.png
[1.444s] -- Symlinking: /home/moonlab/ros2_ws/install/my_sim_tesi_gazebo/share//models/aws_robomaker_residential_FitnessEquipment_01/meshes/aws_FitnessEquipment_01_collision.DAE
[1.450s] -- Symlinking: /home/moonlab/ros2_ws/install/my_sim_tesi_gazebo/share//models/aws_robomaker_residential_FitnessEquipment_01/meshes/aws_FitnessEquipment_01_visual.DAE
[1.455s] -- Symlinking: /home/moonlab/ros2_ws/install/my_sim_tesi_gazebo/share//models/aws_robomaker_residential_FitnessEquipment_01/model.config
[1.460s] -- Symlinking: /home/moonlab/ros2_ws/install/my_sim_tesi_gazebo/share//models/aws_robomaker_residential_FitnessEquipment_01/model.sdf
[1.466s] -- Symlinking: /home/moonlab/ros2_ws/install/my_sim_tesi_gazebo/share//models/aws_robomaker_residential_FloorB_01/materials/textures/aws_FloorB_01.png
[1.472s] -- Symlinking: /home/moonlab/ros2_ws/install/my_sim_tesi_gazebo/share//models/aws_robomaker_residential_FloorB_01/meshes/aws_FloorB_01_collision.DAE
[1.478s] -- Symlinking: /home/moonlab/ros2_ws/install/my_sim_tesi_gazebo/share//models/aws_robomaker_residential_FloorB_01/meshes/aws_FloorB_01_visual.DAE
[1.483s] -- Symlinking: /home/moonlab/ros2_ws/install/my_sim_tesi_gazebo/share//models/aws_robomaker_residential_FloorB_01/model.config
[1.489s] -- Symlinking: /home/moonlab/ros2_ws/install/my_sim_tesi_gazebo/share//models/aws_robomaker_residential_FloorB_01/model.sdf
[1.494s] -- Symlinking: /home/moonlab/ros2_ws/install/my_sim_tesi_gazebo/share//models/aws_robomaker_residential_FoldingDoor_01/materials/textures/aws_FoldingDoor_01.png
[1.499s] -- Symlinking: /home/moonlab/ros2_ws/install/my_sim_tesi_gazebo/share//models/aws_robomaker_residential_FoldingDoor_01/meshes/aws_FoldingDoor_01_collision.DAE
[1.504s] -- Symlinking: /home/moonlab/ros2_ws/install/my_sim_tesi_gazebo/share//models/aws_robomaker_residential_FoldingDoor_01/meshes/aws_FoldingDoor_01_visual.DAE
[1.509s] -- Symlinking: /home/moonlab/ros2_ws/install/my_sim_tesi_gazebo/share//models/aws_robomaker_residential_FoldingDoor_01/model.config
[1.514s] -- Symlinking: /home/moonlab/ros2_ws/install/my_sim_tesi_gazebo/share//models/aws_robomaker_residential_FoldingDoor_01/model.sdf
[1.520s] -- Symlinking: /home/moonlab/ros2_ws/install/my_sim_tesi_gazebo/share//models/aws_robomaker_residential_FoldingDoor_02/materials/textures/aws_FoldingDoor_02.png
[1.525s] -- Symlinking: /home/moonlab/ros2_ws/install/my_sim_tesi_gazebo/share//models/aws_robomaker_residential_FoldingDoor_02/meshes/aws_FoldingDoor_02_collision.DAE
[1.531s] -- Symlinking: /home/moonlab/ros2_ws/install/my_sim_tesi_gazebo/share//models/aws_robomaker_residential_FoldingDoor_02/meshes/aws_FoldingDoor_02_visual.DAE
[1.536s] -- Symlinking: /home/moonlab/ros2_ws/install/my_sim_tesi_gazebo/share//models/aws_robomaker_residential_FoldingDoor_02/model.config
[1.542s] -- Symlinking: /home/moonlab/ros2_ws/install/my_sim_tesi_gazebo/share//models/aws_robomaker_residential_FoldingDoor_02/model.sdf
[1.547s] -- Symlinking: /home/moonlab/ros2_ws/install/my_sim_tesi_gazebo/share//models/aws_robomaker_residential_Handle_01/materials/textures/aws_Handle_01.png
[1.552s] -- Symlinking: /home/moonlab/ros2_ws/install/my_sim_tesi_gazebo/share//models/aws_robomaker_residential_Handle_01/meshes/aws_Handle_01_collision.DAE
[1.558s] -- Symlinking: /home/moonlab/ros2_ws/install/my_sim_tesi_gazebo/share//models/aws_robomaker_residential_Handle_01/meshes/aws_Handle_01_visual.DAE
[1.563s] -- Symlinking: /home/moonlab/ros2_ws/install/my_sim_tesi_gazebo/share//models/aws_robomaker_residential_Handle_01/model.config
[1.568s] -- Symlinking: /home/moonlab/ros2_ws/install/my_sim_tesi_gazebo/share//models/aws_robomaker_residential_Handle_01/model.sdf
[1.574s] -- Symlinking: /home/moonlab/ros2_ws/install/my_sim_tesi_gazebo/share//models/aws_robomaker_residential_HouseWallB_01/materials/textures/aws_HouseWallB_01.png
[1.579s] -- Symlinking: /home/moonlab/ros2_ws/install/my_sim_tesi_gazebo/share//models/aws_robomaker_residential_HouseWallB_01/meshes/aws_HouseWallB_01_collision.DAE
[1.585s] -- Symlinking: /home/moonlab/ros2_ws/install/my_sim_tesi_gazebo/share//models/aws_robomaker_residential_HouseWallB_01/meshes/aws_HouseWallB_01_visual.DAE
[1.591s] -- Symlinking: /home/moonlab/ros2_ws/install/my_sim_tesi_gazebo/share//models/aws_robomaker_residential_HouseWallB_01/model.config
[1.596s] -- Symlinking: /home/moonlab/ros2_ws/install/my_sim_tesi_gazebo/share//models/aws_robomaker_residential_HouseWallB_01/model.sdf
[1.602s] -- Symlinking: /home/moonlab/ros2_ws/install/my_sim_tesi_gazebo/share//models/aws_robomaker_residential_KitchenCabinet_01/materials/textures/aws_KitchenCabinet_01.png
[1.607s] -- Symlinking: /home/moonlab/ros2_ws/install/my_sim_tesi_gazebo/share//models/aws_robomaker_residential_KitchenCabinet_01/meshes/aws_KitchenCabinet_01_collision.DAE
[1.613s] -- Symlinking: /home/moonlab/ros2_ws/install/my_sim_tesi_gazebo/share//models/aws_robomaker_residential_KitchenCabinet_01/meshes/aws_KitchenCabinet_01_visual.DAE
[1.618s] -- Symlinking: /home/moonlab/ros2_ws/install/my_sim_tesi_gazebo/share//models/aws_robomaker_residential_KitchenCabinet_01/model.config
[1.624s] -- Symlinking: /home/moonlab/ros2_ws/install/my_sim_tesi_gazebo/share//models/aws_robomaker_residential_KitchenCabinet_01/model.sdf
[1.629s] -- Symlinking: /home/moonlab/ros2_ws/install/my_sim_tesi_gazebo/share//models/aws_robomaker_residential_KitchenTable_01/materials/textures/aws_KitchenTable_01.png
[1.634s] -- Symlinking: /home/moonlab/ros2_ws/install/my_sim_tesi_gazebo/share//models/aws_robomaker_residential_KitchenTable_01/meshes/aws_KitchenTable_01_collision.DAE
[1.639s] -- Symlinking: /home/moonlab/ros2_ws/install/my_sim_tesi_gazebo/share//models/aws_robomaker_residential_KitchenTable_01/meshes/aws_KitchenTable_01_visual.DAE
[1.644s] -- Symlinking: /home/moonlab/ros2_ws/install/my_sim_tesi_gazebo/share//models/aws_robomaker_residential_KitchenTable_01/model.config
[1.650s] -- Symlinking: /home/moonlab/ros2_ws/install/my_sim_tesi_gazebo/share//models/aws_robomaker_residential_KitchenTable_01/model.sdf
[1.655s] -- Symlinking: /home/moonlab/ros2_ws/install/my_sim_tesi_gazebo/share//models/aws_robomaker_residential_KitchenUtensils_01/materials/textures/aws_KitchenUtensils_01.png
[1.661s] -- Symlinking: /home/moonlab/ros2_ws/install/my_sim_tesi_gazebo/share//models/aws_robomaker_residential_KitchenUtensils_01/meshes/aws_KitchenUtensils_01_collision.DAE
[1.667s] -- Symlinking: /home/moonlab/ros2_ws/install/my_sim_tesi_gazebo/share//models/aws_robomaker_residential_KitchenUtensils_01/meshes/aws_KitchenUtensils_01_visual.DAE
[1.672s] -- Symlinking: /home/moonlab/ros2_ws/install/my_sim_tesi_gazebo/share//models/aws_robomaker_residential_KitchenUtensils_01/model.config
[1.677s] -- Symlinking: /home/moonlab/ros2_ws/install/my_sim_tesi_gazebo/share//models/aws_robomaker_residential_KitchenUtensils_01/model.sdf
[1.684s] -- Symlinking: /home/moonlab/ros2_ws/install/my_sim_tesi_gazebo/share//models/aws_robomaker_residential_LightC_01/materials/textures/aws_LightC_01.png
[1.689s] -- Symlinking: /home/moonlab/ros2_ws/install/my_sim_tesi_gazebo/share//models/aws_robomaker_residential_LightC_01/meshes/aws_LightC_01_collision.DAE
[1.695s] -- Symlinking: /home/moonlab/ros2_ws/install/my_sim_tesi_gazebo/share//models/aws_robomaker_residential_LightC_01/meshes/aws_LightC_01_visual.DAE
[1.700s] -- Symlinking: /home/moonlab/ros2_ws/install/my_sim_tesi_gazebo/share//models/aws_robomaker_residential_LightC_01/model.config
[1.706s] -- Symlinking: /home/moonlab/ros2_ws/install/my_sim_tesi_gazebo/share//models/aws_robomaker_residential_LightC_01/model.sdf
[1.711s] -- Symlinking: /home/moonlab/ros2_ws/install/my_sim_tesi_gazebo/share//models/aws_robomaker_residential_NightStand_01/materials/textures/aws_NightStand_01.png
[1.716s] -- Symlinking: /home/moonlab/ros2_ws/install/my_sim_tesi_gazebo/share//models/aws_robomaker_residential_NightStand_01/meshes/aws_NightStand_01_collision.DAE
[1.722s] -- Symlinking: /home/moonlab/ros2_ws/install/my_sim_tesi_gazebo/share//models/aws_robomaker_residential_NightStand_01/meshes/aws_NightStand_01_visual.DAE
[1.727s] -- Symlinking: /home/moonlab/ros2_ws/install/my_sim_tesi_gazebo/share//models/aws_robomaker_residential_NightStand_01/model.config
[1.732s] -- Symlinking: /home/moonlab/ros2_ws/install/my_sim_tesi_gazebo/share//models/aws_robomaker_residential_NightStand_01/model.sdf
[1.738s] -- Symlinking: /home/moonlab/ros2_ws/install/my_sim_tesi_gazebo/share//models/aws_robomaker_residential_Pillow_01/materials/textures/aws_Pillow_01.png
[1.743s] -- Symlinking: /home/moonlab/ros2_ws/install/my_sim_tesi_gazebo/share//models/aws_robomaker_residential_Pillow_01/meshes/aws_Pillow_01_collision.DAE
[1.749s] -- Symlinking: /home/moonlab/ros2_ws/install/my_sim_tesi_gazebo/share//models/aws_robomaker_residential_Pillow_01/meshes/aws_Pillow_01_visual.DAE
[1.754s] -- Symlinking: /home/moonlab/ros2_ws/install/my_sim_tesi_gazebo/share//models/aws_robomaker_residential_Pillow_01/model.config
[1.759s] -- Symlinking: /home/moonlab/ros2_ws/install/my_sim_tesi_gazebo/share//models/aws_robomaker_residential_Pillow_01/model.sdf
[1.764s] -- Symlinking: /home/moonlab/ros2_ws/install/my_sim_tesi_gazebo/share//models/aws_robomaker_residential_PortraitA_01/materials/textures/PortraitA_01.jpg
[1.769s] -- Symlinking: /home/moonlab/ros2_ws/install/my_sim_tesi_gazebo/share//models/aws_robomaker_residential_PortraitA_01/materials/textures/aws_PortraitA_01.png
[1.774s] -- Symlinking: /home/moonlab/ros2_ws/install/my_sim_tesi_gazebo/share//models/aws_robomaker_residential_PortraitA_01/materials/textures/aws_PortraitA_02.png
[1.779s] -- Symlinking: /home/moonlab/ros2_ws/install/my_sim_tesi_gazebo/share//models/aws_robomaker_residential_PortraitA_01/meshes/aws_PortraitA_01_collision.DAE
[1.784s] -- Symlinking: /home/moonlab/ros2_ws/install/my_sim_tesi_gazebo/share//models/aws_robomaker_residential_PortraitA_01/meshes/aws_PortraitA_01_visual.DAE
[1.790s] -- Symlinking: /home/moonlab/ros2_ws/install/my_sim_tesi_gazebo/share//models/aws_robomaker_residential_PortraitA_01/model.config
[1.795s] -- Symlinking: /home/moonlab/ros2_ws/install/my_sim_tesi_gazebo/share//models/aws_robomaker_residential_PortraitA_01/model.sdf
[1.800s] -- Symlinking: /home/moonlab/ros2_ws/install/my_sim_tesi_gazebo/share//models/aws_robomaker_residential_PortraitA_02/materials/textures/PortraitA_02.jpg
[1.805s] -- Symlinking: /home/moonlab/ros2_ws/install/my_sim_tesi_gazebo/share//models/aws_robomaker_residential_PortraitA_02/materials/textures/aws_PortraitA_01.png
[1.810s] -- Symlinking: /home/moonlab/ros2_ws/install/my_sim_tesi_gazebo/share//models/aws_robomaker_residential_PortraitA_02/materials/textures/aws_PortraitA_02.png
[1.815s] -- Symlinking: /home/moonlab/ros2_ws/install/my_sim_tesi_gazebo/share//models/aws_robomaker_residential_PortraitA_02/meshes/aws_PortraitA_01_collision.DAE
[1.820s] -- Symlinking: /home/moonlab/ros2_ws/install/my_sim_tesi_gazebo/share//models/aws_robomaker_residential_PortraitA_02/meshes/aws_PortraitA_01_visual.DAE
[1.825s] -- Symlinking: /home/moonlab/ros2_ws/install/my_sim_tesi_gazebo/share//models/aws_robomaker_residential_PortraitA_02/model.config
[1.831s] -- Symlinking: /home/moonlab/ros2_ws/install/my_sim_tesi_gazebo/share//models/aws_robomaker_residential_PortraitA_02/model.sdf
[1.837s] -- Symlinking: /home/moonlab/ros2_ws/install/my_sim_tesi_gazebo/share//models/aws_robomaker_residential_PortraitB_01/materials/textures/PortraitB_01.jpg
[1.843s] -- Symlinking: /home/moonlab/ros2_ws/install/my_sim_tesi_gazebo/share//models/aws_robomaker_residential_PortraitB_01/materials/textures/aws_PortraitB_01.png
[1.848s] -- Symlinking: /home/moonlab/ros2_ws/install/my_sim_tesi_gazebo/share//models/aws_robomaker_residential_PortraitB_01/materials/textures/aws_PortraitB_02.png
[1.854s] -- Symlinking: /home/moonlab/ros2_ws/install/my_sim_tesi_gazebo/share//models/aws_robomaker_residential_PortraitB_01/meshes/aws_PortraitB_01_collision.DAE
[1.859s] -- Symlinking: /home/moonlab/ros2_ws/install/my_sim_tesi_gazebo/share//models/aws_robomaker_residential_PortraitB_01/meshes/aws_PortraitB_01_visual.DAE
[1.864s] -- Symlinking: /home/moonlab/ros2_ws/install/my_sim_tesi_gazebo/share//models/aws_robomaker_residential_PortraitB_01/model.config
[1.870s] -- Symlinking: /home/moonlab/ros2_ws/install/my_sim_tesi_gazebo/share//models/aws_robomaker_residential_PortraitB_01/model.sdf
[1.875s] -- Symlinking: /home/moonlab/ros2_ws/install/my_sim_tesi_gazebo/share//models/aws_robomaker_residential_PortraitB_02/materials/textures/PortraitB_02.jpg
[1.881s] -- Symlinking: /home/moonlab/ros2_ws/install/my_sim_tesi_gazebo/share//models/aws_robomaker_residential_PortraitB_02/materials/textures/aws_PortraitB_01.png
[1.887s] -- Symlinking: /home/moonlab/ros2_ws/install/my_sim_tesi_gazebo/share//models/aws_robomaker_residential_PortraitB_02/materials/textures/aws_PortraitB_02.png
[1.892s] -- Symlinking: /home/moonlab/ros2_ws/install/my_sim_tesi_gazebo/share//models/aws_robomaker_residential_PortraitB_02/meshes/aws_PortraitB_01_collision.DAE
[1.898s] -- Symlinking: /home/moonlab/ros2_ws/install/my_sim_tesi_gazebo/share//models/aws_robomaker_residential_PortraitB_02/meshes/aws_PortraitB_01_visual.DAE
[1.904s] -- Symlinking: /home/moonlab/ros2_ws/install/my_sim_tesi_gazebo/share//models/aws_robomaker_residential_PortraitB_02/model.config
[1.909s] -- Symlinking: /home/moonlab/ros2_ws/install/my_sim_tesi_gazebo/share//models/aws_robomaker_residential_PortraitB_02/model.sdf
[1.915s] -- Symlinking: /home/moonlab/ros2_ws/install/my_sim_tesi_gazebo/share//models/aws_robomaker_residential_PortraitB_03/materials/textures/PortraitB_03.jpg
[1.920s] -- Symlinking: /home/moonlab/ros2_ws/install/my_sim_tesi_gazebo/share//models/aws_robomaker_residential_PortraitB_03/materials/textures/aws_PortraitB_01.png
[1.926s] -- Symlinking: /home/moonlab/ros2_ws/install/my_sim_tesi_gazebo/share//models/aws_robomaker_residential_PortraitB_03/materials/textures/aws_PortraitB_02.png
[1.931s] -- Symlinking: /home/moonlab/ros2_ws/install/my_sim_tesi_gazebo/share//models/aws_robomaker_residential_PortraitB_03/meshes/aws_PortraitB_01_collision.DAE
[1.936s] -- Symlinking: /home/moonlab/ros2_ws/install/my_sim_tesi_gazebo/share//models/aws_robomaker_residential_PortraitB_03/meshes/aws_PortraitB_01_visual.DAE
[1.941s] -- Symlinking: /home/moonlab/ros2_ws/install/my_sim_tesi_gazebo/share//models/aws_robomaker_residential_PortraitB_03/model.config
[1.947s] -- Symlinking: /home/moonlab/ros2_ws/install/my_sim_tesi_gazebo/share//models/aws_robomaker_residential_PortraitB_03/model.sdf
[1.952s] -- Symlinking: /home/moonlab/ros2_ws/install/my_sim_tesi_gazebo/share//models/aws_robomaker_residential_PortraitC_01/materials/textures/PortraitC_01.jpg
[1.957s] -- Symlinking: /home/moonlab/ros2_ws/install/my_sim_tesi_gazebo/share//models/aws_robomaker_residential_PortraitC_01/materials/textures/aws_PortraitC_01.png
[1.963s] -- Symlinking: /home/moonlab/ros2_ws/install/my_sim_tesi_gazebo/share//models/aws_robomaker_residential_PortraitC_01/materials/textures/aws_PortraitC_02.png
[1.968s] -- Symlinking: /home/moonlab/ros2_ws/install/my_sim_tesi_gazebo/share//models/aws_robomaker_residential_PortraitC_01/meshes/aws_PortraitC_01_collision.DAE
[1.973s] -- Symlinking: /home/moonlab/ros2_ws/install/my_sim_tesi_gazebo/share//models/aws_robomaker_residential_PortraitC_01/meshes/aws_PortraitC_01_visual.DAE
[1.979s] -- Symlinking: /home/moonlab/ros2_ws/install/my_sim_tesi_gazebo/share//models/aws_robomaker_residential_PortraitC_01/model.config
[1.985s] -- Symlinking: /home/moonlab/ros2_ws/install/my_sim_tesi_gazebo/share//models/aws_robomaker_residential_PortraitC_01/model.sdf
[1.990s] -- Symlinking: /home/moonlab/ros2_ws/install/my_sim_tesi_gazebo/share//models/aws_robomaker_residential_PortraitD_01/materials/textures/PortraitD_01.jpg
[1.995s] -- Symlinking: /home/moonlab/ros2_ws/install/my_sim_tesi_gazebo/share//models/aws_robomaker_residential_PortraitD_01/materials/textures/aws_PortraitD_01.png
[2.001s] -- Symlinking: /home/moonlab/ros2_ws/install/my_sim_tesi_gazebo/share//models/aws_robomaker_residential_PortraitD_01/materials/textures/aws_PortraitD_02.png
[2.006s] -- Symlinking: /home/moonlab/ros2_ws/install/my_sim_tesi_gazebo/share//models/aws_robomaker_residential_PortraitD_01/meshes/aws_PortraitD_01_collision.DAE
[2.012s] -- Symlinking: /home/moonlab/ros2_ws/install/my_sim_tesi_gazebo/share//models/aws_robomaker_residential_PortraitD_01/meshes/aws_PortraitD_01_visual.DAE
[2.017s] -- Symlinking: /home/moonlab/ros2_ws/install/my_sim_tesi_gazebo/share//models/aws_robomaker_residential_PortraitD_01/model.config
[2.022s] -- Symlinking: /home/moonlab/ros2_ws/install/my_sim_tesi_gazebo/share//models/aws_robomaker_residential_PortraitD_01/model.sdf
[2.028s] -- Symlinking: /home/moonlab/ros2_ws/install/my_sim_tesi_gazebo/share//models/aws_robomaker_residential_PortraitD_02/materials/textures/PortraitD_02.jpg
[2.034s] -- Symlinking: /home/moonlab/ros2_ws/install/my_sim_tesi_gazebo/share//models/aws_robomaker_residential_PortraitD_02/materials/textures/aws_PortraitD_01.png
[2.039s] -- Symlinking: /home/moonlab/ros2_ws/install/my_sim_tesi_gazebo/share//models/aws_robomaker_residential_PortraitD_02/materials/textures/aws_PortraitD_02.png
[2.045s] -- Symlinking: /home/moonlab/ros2_ws/install/my_sim_tesi_gazebo/share//models/aws_robomaker_residential_PortraitD_02/meshes/aws_PortraitD_01_collision.DAE
[2.050s] -- Symlinking: /home/moonlab/ros2_ws/install/my_sim_tesi_gazebo/share//models/aws_robomaker_residential_PortraitD_02/meshes/aws_PortraitD_01_visual.DAE
[2.055s] -- Symlinking: /home/moonlab/ros2_ws/install/my_sim_tesi_gazebo/share//models/aws_robomaker_residential_PortraitD_02/model.config
[2.061s] -- Symlinking: /home/moonlab/ros2_ws/install/my_sim_tesi_gazebo/share//models/aws_robomaker_residential_PortraitD_02/model.sdf
[2.066s] -- Symlinking: /home/moonlab/ros2_ws/install/my_sim_tesi_gazebo/share//models/aws_robomaker_residential_PortraitE_01/materials/textures/PortraitE_01.jpg
[2.072s] -- Symlinking: /home/moonlab/ros2_ws/install/my_sim_tesi_gazebo/share//models/aws_robomaker_residential_PortraitE_01/materials/textures/aws_PortraitE_01.png
[2.077s] -- Symlinking: /home/moonlab/ros2_ws/install/my_sim_tesi_gazebo/share//models/aws_robomaker_residential_PortraitE_01/materials/textures/aws_PortraitE_02.png
[2.082s] -- Symlinking: /home/moonlab/ros2_ws/install/my_sim_tesi_gazebo/share//models/aws_robomaker_residential_PortraitE_01/meshes/aws_PortraitE_01_collision.DAE
[2.088s] -- Symlinking: /home/moonlab/ros2_ws/install/my_sim_tesi_gazebo/share//models/aws_robomaker_residential_PortraitE_01/meshes/aws_PortraitE_01_visual.DAE
[2.093s] -- Symlinking: /home/moonlab/ros2_ws/install/my_sim_tesi_gazebo/share//models/aws_robomaker_residential_PortraitE_01/model.config
[2.098s] -- Symlinking: /home/moonlab/ros2_ws/install/my_sim_tesi_gazebo/share//models/aws_robomaker_residential_PortraitE_01/model.sdf
[2.104s] -- Symlinking: /home/moonlab/ros2_ws/install/my_sim_tesi_gazebo/share//models/aws_robomaker_residential_PortraitE_02/materials/textures/PortraitE_02.jpg
[2.109s] -- Symlinking: /home/moonlab/ros2_ws/install/my_sim_tesi_gazebo/share//models/aws_robomaker_residential_PortraitE_02/materials/textures/aws_PortraitE_01.png
[2.115s] -- Symlinking: /home/moonlab/ros2_ws/install/my_sim_tesi_gazebo/share//models/aws_robomaker_residential_PortraitE_02/materials/textures/aws_PortraitE_02.png
[2.120s] -- Symlinking: /home/moonlab/ros2_ws/install/my_sim_tesi_gazebo/share//models/aws_robomaker_residential_PortraitE_02/meshes/aws_PortraitE_01_collision.DAE
[2.126s] -- Symlinking: /home/moonlab/ros2_ws/install/my_sim_tesi_gazebo/share//models/aws_robomaker_residential_PortraitE_02/meshes/aws_PortraitE_01_visual.DAE
[2.131s] -- Symlinking: /home/moonlab/ros2_ws/install/my_sim_tesi_gazebo/share//models/aws_robomaker_residential_PortraitE_02/model.config
[2.137s] -- Symlinking: /home/moonlab/ros2_ws/install/my_sim_tesi_gazebo/share//models/aws_robomaker_residential_PortraitE_02/model.sdf
[2.142s] -- Symlinking: /home/moonlab/ros2_ws/install/my_sim_tesi_gazebo/share//models/aws_robomaker_residential_Quilt_01/materials/textures/aws_Quilt_01.png
[2.148s] -- Symlinking: /home/moonlab/ros2_ws/install/my_sim_tesi_gazebo/share//models/aws_robomaker_residential_Quilt_01/meshes/aws_Quilt_01_collision.DAE
[2.153s] -- Symlinking: /home/moonlab/ros2_ws/install/my_sim_tesi_gazebo/share//models/aws_robomaker_residential_Quilt_01/meshes/aws_Quilt_01_visual.DAE
[2.159s] -- Symlinking: /home/moonlab/ros2_ws/install/my_sim_tesi_gazebo/share//models/aws_robomaker_residential_Quilt_01/model.config
[2.164s] -- Symlinking: /home/moonlab/ros2_ws/install/my_sim_tesi_gazebo/share//models/aws_robomaker_residential_Quilt_01/model.sdf
[2.169s] -- Symlinking: /home/moonlab/ros2_ws/install/my_sim_tesi_gazebo/share//models/aws_robomaker_residential_Rangehood_01/materials/textures/aws_Rangehood_01.png
[2.175s] -- Symlinking: /home/moonlab/ros2_ws/install/my_sim_tesi_gazebo/share//models/aws_robomaker_residential_Rangehood_01/meshes/aws_Rangehood_01_collision.DAE
[2.180s] -- Symlinking: /home/moonlab/ros2_ws/install/my_sim_tesi_gazebo/share//models/aws_robomaker_residential_Rangehood_01/meshes/aws_Rangehood_01_visual.DAE
[2.186s] -- Symlinking: /home/moonlab/ros2_ws/install/my_sim_tesi_gazebo/share//models/aws_robomaker_residential_Rangehood_01/model.config
[2.191s] -- Symlinking: /home/moonlab/ros2_ws/install/my_sim_tesi_gazebo/share//models/aws_robomaker_residential_Rangehood_01/model.sdf
[2.196s] -- Symlinking: /home/moonlab/ros2_ws/install/my_sim_tesi_gazebo/share//models/aws_robomaker_residential_ReadingDesk_01/materials/textures/aws_ReadingDesk_01.png
[2.201s] -- Symlinking: /home/moonlab/ros2_ws/install/my_sim_tesi_gazebo/share//models/aws_robomaker_residential_ReadingDesk_01/meshes/aws_ReadingDesk_01_collision.DAE
[2.207s] -- Symlinking: /home/moonlab/ros2_ws/install/my_sim_tesi_gazebo/share//models/aws_robomaker_residential_ReadingDesk_01/meshes/aws_ReadingDesk_01_visual.DAE
[2.212s] -- Symlinking: /home/moonlab/ros2_ws/install/my_sim_tesi_gazebo/share//models/aws_robomaker_residential_ReadingDesk_01/model.config
[2.217s] -- Symlinking: /home/moonlab/ros2_ws/install/my_sim_tesi_gazebo/share//models/aws_robomaker_residential_ReadingDesk_01/model.sdf
[2.222s] -- Symlinking: /home/moonlab/ros2_ws/install/my_sim_tesi_gazebo/share//models/aws_robomaker_residential_Refrigerator_01/materials/textures/aws_Refrigerator_01.png
[2.228s] -- Symlinking: /home/moonlab/ros2_ws/install/my_sim_tesi_gazebo/share//models/aws_robomaker_residential_Refrigerator_01/materials/textures/aws_Refrigerator_02.png
[2.233s] -- Symlinking: /home/moonlab/ros2_ws/install/my_sim_tesi_gazebo/share//models/aws_robomaker_residential_Refrigerator_01/meshes/aws_Refrigerator_01.DAE
[2.238s] -- Symlinking: /home/moonlab/ros2_ws/install/my_sim_tesi_gazebo/share//models/aws_robomaker_residential_Refrigerator_01/meshes/aws_Refrigerator_01_collision.DAE
[2.244s] -- Symlinking: /home/moonlab/ros2_ws/install/my_sim_tesi_gazebo/share//models/aws_robomaker_residential_Refrigerator_01/meshes/aws_Refrigerator_01_visual.DAE
[2.250s] -- Symlinking: /home/moonlab/ros2_ws/install/my_sim_tesi_gazebo/share//models/aws_robomaker_residential_Refrigerator_01/model.config
[2.255s] -- Symlinking: /home/moonlab/ros2_ws/install/my_sim_tesi_gazebo/share//models/aws_robomaker_residential_Refrigerator_01/model.sdf
[2.260s] -- Symlinking: /home/moonlab/ros2_ws/install/my_sim_tesi_gazebo/share//models/aws_robomaker_residential_RoomCeiling_01/materials/textures/aws_RoomCeiling_01.png
[2.266s] -- Symlinking: /home/moonlab/ros2_ws/install/my_sim_tesi_gazebo/share//models/aws_robomaker_residential_RoomCeiling_01/meshes/aws_RoomCeiling_01_collision.DAE
[2.271s] -- Symlinking: /home/moonlab/ros2_ws/install/my_sim_tesi_gazebo/share//models/aws_robomaker_residential_RoomCeiling_01/meshes/aws_RoomCeiling_01_visual.DAE
[2.276s] -- Symlinking: /home/moonlab/ros2_ws/install/my_sim_tesi_gazebo/share//models/aws_robomaker_residential_RoomCeiling_01/model.config
[2.283s] -- Symlinking: /home/moonlab/ros2_ws/install/my_sim_tesi_gazebo/share//models/aws_robomaker_residential_RoomCeiling_01/model.sdf
[2.288s] -- Symlinking: /home/moonlab/ros2_ws/install/my_sim_tesi_gazebo/share//models/aws_robomaker_residential_RoomWall_01/materials/textures/aws_RoomWall_01.png
[2.294s] -- Symlinking: /home/moonlab/ros2_ws/install/my_sim_tesi_gazebo/share//models/aws_robomaker_residential_RoomWall_01/meshes/aws_RoomWall_01_collision.DAE
[2.299s] -- Symlinking: /home/moonlab/ros2_ws/install/my_sim_tesi_gazebo/share//models/aws_robomaker_residential_RoomWall_01/meshes/aws_RoomWall_01_visual.DAE
[2.304s] -- Symlinking: /home/moonlab/ros2_ws/install/my_sim_tesi_gazebo/share//models/aws_robomaker_residential_RoomWall_01/model.config
[2.310s] -- Symlinking: /home/moonlab/ros2_ws/install/my_sim_tesi_gazebo/share//models/aws_robomaker_residential_RoomWall_01/model.sdf
[2.315s] -- Symlinking: /home/moonlab/ros2_ws/install/my_sim_tesi_gazebo/share//models/aws_robomaker_residential_RoomWindow_01/materials/textures/aws_RoomWindow_01.png
[2.321s] -- Symlinking: /home/moonlab/ros2_ws/install/my_sim_tesi_gazebo/share//models/aws_robomaker_residential_RoomWindow_01/meshes/aws_RoomWindow_01_collision.DAE
[2.327s] -- Symlinking: /home/moonlab/ros2_ws/install/my_sim_tesi_gazebo/share//models/aws_robomaker_residential_RoomWindow_01/meshes/aws_RoomWindow_01_visual.DAE
[2.332s] -- Symlinking: /home/moonlab/ros2_ws/install/my_sim_tesi_gazebo/share//models/aws_robomaker_residential_RoomWindow_01/model.config
[2.338s] -- Symlinking: /home/moonlab/ros2_ws/install/my_sim_tesi_gazebo/share//models/aws_robomaker_residential_RoomWindow_01/model.sdf
[2.344s] -- Symlinking: /home/moonlab/ros2_ws/install/my_sim_tesi_gazebo/share//models/aws_robomaker_residential_SeasoningBox_01/materials/textures/aws_SeasoningBox_01.png
[2.350s] -- Symlinking: /home/moonlab/ros2_ws/install/my_sim_tesi_gazebo/share//models/aws_robomaker_residential_SeasoningBox_01/meshes/aws_SeasoningBox_01_collision.DAE
[2.355s] -- Symlinking: /home/moonlab/ros2_ws/install/my_sim_tesi_gazebo/share//models/aws_robomaker_residential_SeasoningBox_01/meshes/aws_SeasoningBox_01_visual.DAE
[2.361s] -- Symlinking: /home/moonlab/ros2_ws/install/my_sim_tesi_gazebo/share//models/aws_robomaker_residential_SeasoningBox_01/model.config
[2.367s] -- Symlinking: /home/moonlab/ros2_ws/install/my_sim_tesi_gazebo/share//models/aws_robomaker_residential_SeasoningBox_01/model.sdf
[2.372s] -- Symlinking: /home/moonlab/ros2_ws/install/my_sim_tesi_gazebo/share//models/aws_robomaker_residential_SecurityCamera_01/materials/textures/aws_SecurityCamera_01.png
[2.378s] -- Symlinking: /home/moonlab/ros2_ws/install/my_sim_tesi_gazebo/share//models/aws_robomaker_residential_SecurityCamera_01/meshes/aws_SecurityCamera_01_collision.DAE
[2.383s] -- Symlinking: /home/moonlab/ros2_ws/install/my_sim_tesi_gazebo/share//models/aws_robomaker_residential_SecurityCamera_01/meshes/aws_SecurityCamera_01_visual.DAE
[2.389s] -- Symlinking: /home/moonlab/ros2_ws/install/my_sim_tesi_gazebo/share//models/aws_robomaker_residential_SecurityCamera_01/model.config
[2.394s] -- Symlinking: /home/moonlab/ros2_ws/install/my_sim_tesi_gazebo/share//models/aws_robomaker_residential_SecurityCamera_01/model.sdf
[2.400s] -- Symlinking: /home/moonlab/ros2_ws/install/my_sim_tesi_gazebo/share//models/aws_robomaker_residential_ShoeRack_01/materials/textures/aws_ShoeRack_01.png
[2.406s] -- Symlinking: /home/moonlab/ros2_ws/install/my_sim_tesi_gazebo/share//models/aws_robomaker_residential_ShoeRack_01/meshes/aws_ShoeRack_01_collision.DAE
[2.411s] -- Symlinking: /home/moonlab/ros2_ws/install/my_sim_tesi_gazebo/share//models/aws_robomaker_residential_ShoeRack_01/meshes/aws_ShoeRack_01_visual.DAE
[2.416s] -- Symlinking: /home/moonlab/ros2_ws/install/my_sim_tesi_gazebo/share//models/aws_robomaker_residential_ShoeRack_01/model.config
[2.422s] -- Symlinking: /home/moonlab/ros2_ws/install/my_sim_tesi_gazebo/share//models/aws_robomaker_residential_ShoeRack_01/model.sdf
[2.427s] -- Symlinking: /home/moonlab/ros2_ws/install/my_sim_tesi_gazebo/share//models/aws_robomaker_residential_SofaB_01/materials/textures/aws_SofaB_01.png
[2.433s] -- Symlinking: /home/moonlab/ros2_ws/install/my_sim_tesi_gazebo/share//models/aws_robomaker_residential_SofaB_01/meshes/aws_SofaB_01_collision.DAE
[2.438s] -- Symlinking: /home/moonlab/ros2_ws/install/my_sim_tesi_gazebo/share//models/aws_robomaker_residential_SofaB_01/meshes/aws_SofaB_01_visual.DAE
[2.444s] -- Symlinking: /home/moonlab/ros2_ws/install/my_sim_tesi_gazebo/share//models/aws_robomaker_residential_SofaB_01/model.config
[2.449s] -- Symlinking: /home/moonlab/ros2_ws/install/my_sim_tesi_gazebo/share//models/aws_robomaker_residential_SofaB_01/model.sdf
[2.454s] -- Symlinking: /home/moonlab/ros2_ws/install/my_sim_tesi_gazebo/share//models/aws_robomaker_residential_SofaC_01/materials/textures/aws_SofaC_01.png
[2.459s] -- Symlinking: /home/moonlab/ros2_ws/install/my_sim_tesi_gazebo/share//models/aws_robomaker_residential_SofaC_01/meshes/aws_SofaC_01_collision.DAE
[2.464s] -- Symlinking: /home/moonlab/ros2_ws/install/my_sim_tesi_gazebo/share//models/aws_robomaker_residential_SofaC_01/meshes/aws_SofaC_01_visual.DAE
[2.470s] -- Symlinking: /home/moonlab/ros2_ws/install/my_sim_tesi_gazebo/share//models/aws_robomaker_residential_SofaC_01/model.config
[2.475s] -- Symlinking: /home/moonlab/ros2_ws/install/my_sim_tesi_gazebo/share//models/aws_robomaker_residential_SofaC_01/model.sdf
[2.481s] -- Symlinking: /home/moonlab/ros2_ws/install/my_sim_tesi_gazebo/share//models/aws_robomaker_residential_Sofa_01/materials/textures/aws_Sofa_01.png
[2.486s] -- Symlinking: /home/moonlab/ros2_ws/install/my_sim_tesi_gazebo/share//models/aws_robomaker_residential_Sofa_01/meshes/aws_Sofa_01.DAE
[2.492s] -- Symlinking: /home/moonlab/ros2_ws/install/my_sim_tesi_gazebo/share//models/aws_robomaker_residential_Sofa_01/meshes/aws_Sofa_01_collision.DAE
[2.497s] -- Symlinking: /home/moonlab/ros2_ws/install/my_sim_tesi_gazebo/share//models/aws_robomaker_residential_Sofa_01/meshes/aws_Sofa_01_visual.DAE
[2.503s] -- Symlinking: /home/moonlab/ros2_ws/install/my_sim_tesi_gazebo/share//models/aws_robomaker_residential_Sofa_01/model.config
[2.508s] -- Symlinking: /home/moonlab/ros2_ws/install/my_sim_tesi_gazebo/share//models/aws_robomaker_residential_Sofa_01/model.sdf
[2.513s] -- Symlinking: /home/moonlab/ros2_ws/install/my_sim_tesi_gazebo/share//models/aws_robomaker_residential_TVCabinet_01/materials/textures/aws_TVCabinet_01.png
[2.519s] -- Symlinking: /home/moonlab/ros2_ws/install/my_sim_tesi_gazebo/share//models/aws_robomaker_residential_TVCabinet_01/meshes/aws_TVCabinet_01_collision.DAE
[2.524s] -- Symlinking: /home/moonlab/ros2_ws/install/my_sim_tesi_gazebo/share//models/aws_robomaker_residential_TVCabinet_01/meshes/aws_TVCabinet_01_visual.DAE
[2.530s] -- Symlinking: /home/moonlab/ros2_ws/install/my_sim_tesi_gazebo/share//models/aws_robomaker_residential_TVCabinet_01/model.config
[2.536s] -- Symlinking: /home/moonlab/ros2_ws/install/my_sim_tesi_gazebo/share//models/aws_robomaker_residential_TVCabinet_01/model.sdf
[2.541s] -- Symlinking: /home/moonlab/ros2_ws/install/my_sim_tesi_gazebo/share//models/aws_robomaker_residential_TV_01/materials/textures/aws_TV_01.png
[2.547s] -- Symlinking: /home/moonlab/ros2_ws/install/my_sim_tesi_gazebo/share//models/aws_robomaker_residential_TV_01/meshes/aws_TV_01_collision.DAE
[2.552s] -- Symlinking: /home/moonlab/ros2_ws/install/my_sim_tesi_gazebo/share//models/aws_robomaker_residential_TV_01/meshes/aws_TV_01_visual.DAE
[2.558s] -- Symlinking: /home/moonlab/ros2_ws/install/my_sim_tesi_gazebo/share//models/aws_robomaker_residential_TV_01/model.config
[2.563s] -- Symlinking: /home/moonlab/ros2_ws/install/my_sim_tesi_gazebo/share//models/aws_robomaker_residential_TV_01/model.sdf
[2.568s] -- Symlinking: /home/moonlab/ros2_ws/install/my_sim_tesi_gazebo/share//models/aws_robomaker_residential_TV_02/materials/textures/aws_TV_01.png
[2.574s] -- Symlinking: /home/moonlab/ros2_ws/install/my_sim_tesi_gazebo/share//models/aws_robomaker_residential_TV_02/meshes/aws_TV_01_collision.DAE
[2.579s] -- Symlinking: /home/moonlab/ros2_ws/install/my_sim_tesi_gazebo/share//models/aws_robomaker_residential_TV_02/meshes/aws_TV_01_visual.DAE
[2.584s] -- Symlinking: /home/moonlab/ros2_ws/install/my_sim_tesi_gazebo/share//models/aws_robomaker_residential_TV_02/model.config
[2.589s] -- Symlinking: /home/moonlab/ros2_ws/install/my_sim_tesi_gazebo/share//models/aws_robomaker_residential_TV_02/model.sdf
[2.595s] -- Symlinking: /home/moonlab/ros2_ws/install/my_sim_tesi_gazebo/share//models/aws_robomaker_residential_Tablet_01/.DS_Store
[2.600s] -- Symlinking: /home/moonlab/ros2_ws/install/my_sim_tesi_gazebo/share//models/aws_robomaker_residential_Tablet_01/materials/.DS_Store
[2.606s] -- Symlinking: /home/moonlab/ros2_ws/install/my_sim_tesi_gazebo/share//models/aws_robomaker_residential_Tablet_01/materials/textures/aws_Tablet_01_nologo.png
[2.611s] -- Symlinking: /home/moonlab/ros2_ws/install/my_sim_tesi_gazebo/share//models/aws_robomaker_residential_Tablet_01/meshes/aws_Tablet_01_collision.DAE
[2.617s] -- Symlinking: /home/moonlab/ros2_ws/install/my_sim_tesi_gazebo/share//models/aws_robomaker_residential_Tablet_01/meshes/aws_Tablet_01_visual.DAE
[2.622s] -- Symlinking: /home/moonlab/ros2_ws/install/my_sim_tesi_gazebo/share//models/aws_robomaker_residential_Tablet_01/model.config
[2.628s] -- Symlinking: /home/moonlab/ros2_ws/install/my_sim_tesi_gazebo/share//models/aws_robomaker_residential_Tablet_01/model.sdf
[2.633s] -- Symlinking: /home/moonlab/ros2_ws/install/my_sim_tesi_gazebo/share//models/aws_robomaker_residential_Tableware_01/materials/textures/aws_Tableware_01.png
[2.639s] -- Symlinking: /home/moonlab/ros2_ws/install/my_sim_tesi_gazebo/share//models/aws_robomaker_residential_Tableware_01/meshes/aws_Tableware_01_collision.DAE
[2.644s] -- Symlinking: /home/moonlab/ros2_ws/install/my_sim_tesi_gazebo/share//models/aws_robomaker_residential_Tableware_01/meshes/aws_Tableware_01_visual.DAE
[2.650s] -- Symlinking: /home/moonlab/ros2_ws/install/my_sim_tesi_gazebo/share//models/aws_robomaker_residential_Tableware_01/model.config
[2.655s] -- Symlinking: /home/moonlab/ros2_ws/install/my_sim_tesi_gazebo/share//models/aws_robomaker_residential_Tableware_01/model.sdf
[2.660s] -- Symlinking: /home/moonlab/ros2_ws/install/my_sim_tesi_gazebo/share//models/aws_robomaker_residential_Trash_01/materials/textures/aws_Trash_01.png
[2.665s] -- Symlinking: /home/moonlab/ros2_ws/install/my_sim_tesi_gazebo/share//models/aws_robomaker_residential_Trash_01/meshes/aws_Trash_01_collision.DAE
[2.671s] -- Symlinking: /home/moonlab/ros2_ws/install/my_sim_tesi_gazebo/share//models/aws_robomaker_residential_Trash_01/meshes/aws_Trash_01_visual.DAE
[2.676s] -- Symlinking: /home/moonlab/ros2_ws/install/my_sim_tesi_gazebo/share//models/aws_robomaker_residential_Trash_01/model.config
[2.681s] -- Symlinking: /home/moonlab/ros2_ws/install/my_sim_tesi_gazebo/share//models/aws_robomaker_residential_Trash_01/model.sdf
[2.686s] -- Symlinking: /home/moonlab/ros2_ws/install/my_sim_tesi_gazebo/share//models/aws_robomaker_residential_Vase_01/materials/textures/aws_Vase_01.png
[2.692s] -- Symlinking: /home/moonlab/ros2_ws/install/my_sim_tesi_gazebo/share//models/aws_robomaker_residential_Vase_01/meshes/aws_Vase_01_collision.DAE
[2.697s] -- Symlinking: /home/moonlab/ros2_ws/install/my_sim_tesi_gazebo/share//models/aws_robomaker_residential_Vase_01/meshes/aws_Vase_01_visual.DAE
[2.703s] -- Symlinking: /home/moonlab/ros2_ws/install/my_sim_tesi_gazebo/share//models/aws_robomaker_residential_Vase_01/model.config
[2.709s] -- Symlinking: /home/moonlab/ros2_ws/install/my_sim_tesi_gazebo/share//models/aws_robomaker_residential_Vase_01/model.sdf
[2.714s] -- Symlinking: /home/moonlab/ros2_ws/install/my_sim_tesi_gazebo/share//models/aws_robomaker_residential_Wardrobe_01/materials/textures/aws_Wardrobe_01.png
[2.719s] -- Symlinking: /home/moonlab/ros2_ws/install/my_sim_tesi_gazebo/share//models/aws_robomaker_residential_Wardrobe_01/meshes/aws_Wardrobe_01_collision.DAE
[2.725s] -- Symlinking: /home/moonlab/ros2_ws/install/my_sim_tesi_gazebo/share//models/aws_robomaker_residential_Wardrobe_01/meshes/aws_Wardrobe_01_visual.DAE
[2.730s] -- Symlinking: /home/moonlab/ros2_ws/install/my_sim_tesi_gazebo/share//models/aws_robomaker_residential_Wardrobe_01/model.config
[2.736s] -- Symlinking: /home/moonlab/ros2_ws/install/my_sim_tesi_gazebo/share//models/aws_robomaker_residential_Wardrobe_01/model.sdf
[2.741s] -- Symlinking: /home/moonlab/ros2_ws/install/my_sim_tesi_gazebo/share//models/center_table/model.config
[2.747s] -- Symlinking: /home/moonlab/ros2_ws/install/my_sim_tesi_gazebo/share//models/center_table/model.sdf
[2.752s] -- Symlinking: /home/moonlab/ros2_ws/install/my_sim_tesi_gazebo/share//models/garage_door/model.config
[2.758s] -- Symlinking: /home/moonlab/ros2_ws/install/my_sim_tesi_gazebo/share//models/garage_door/model.sdf
[2.763s] -- Symlinking: /home/moonlab/ros2_ws/install/my_sim_tesi_gazebo/share//models/pallet_box_mobile/meshes/Box_paper_04_1_Base_Color.png
[2.768s] -- Symlinking: /home/moonlab/ros2_ws/install/my_sim_tesi_gazebo/share//models/pallet_box_mobile/meshes/boxes.dae
[2.773s] -- Symlinking: /home/moonlab/ros2_ws/install/my_sim_tesi_gazebo/share//models/pallet_box_mobile/model.config
[2.779s] -- Symlinking: /home/moonlab/ros2_ws/install/my_sim_tesi_gazebo/share//models/pallet_box_mobile/model.sdf
[2.784s] -- Symlinking: /home/moonlab/ros2_ws/install/my_sim_tesi_gazebo/share//models/pallet_box_mobile/thumbnails/1.png
[2.790s] -- Symlinking: /home/moonlab/ros2_ws/install/my_sim_tesi_gazebo/share//models/parallelepiped/model.config
[2.795s] -- Symlinking: /home/moonlab/ros2_ws/install/my_sim_tesi_gazebo/share//models/parallelepiped/model.sdf
[2.800s] -- Symlinking: /home/moonlab/ros2_ws/install/my_sim_tesi_gazebo/share//models/red_toolbox/model.config
[2.806s] -- Symlinking: /home/moonlab/ros2_ws/install/my_sim_tesi_gazebo/share//models/red_toolbox/model.sdf
[2.811s] -- Symlinking: /home/moonlab/ros2_ws/install/my_sim_tesi_gazebo/share//models/shelf/meshes/Box_paper_04_1_Base_Color.png
[2.816s] -- Symlinking: /home/moonlab/ros2_ws/install/my_sim_tesi_gazebo/share//models/shelf/meshes/shelf_big_movai.dae
[2.821s] -- Symlinking: /home/moonlab/ros2_ws/install/my_sim_tesi_gazebo/share//models/shelf/model.config
[2.827s] -- Symlinking: /home/moonlab/ros2_ws/install/my_sim_tesi_gazebo/share//models/shelf/model.sdf
[2.832s] -- Symlinking: /home/moonlab/ros2_ws/install/my_sim_tesi_gazebo/share//models/shelf/thumbnails/1.png
[2.838s] -- Symlinking: /home/moonlab/ros2_ws/install/my_sim_tesi_gazebo/share//models/shelf_big/meshes/Box_paper_04_1_Base_Color.png
[2.844s] -- Symlinking: /home/moonlab/ros2_ws/install/my_sim_tesi_gazebo/share//models/shelf_big/meshes/shelf_big_movai.dae
[2.849s] -- Symlinking: /home/moonlab/ros2_ws/install/my_sim_tesi_gazebo/share//models/shelf_big/model.config
[2.854s] -- Symlinking: /home/moonlab/ros2_ws/install/my_sim_tesi_gazebo/share//models/shelf_big/model.sdf
[2.860s] -- Symlinking: /home/moonlab/ros2_ws/install/my_sim_tesi_gazebo/share//models/shelf_big/thumbnails/1.png
[2.865s] -- Symlinking: /home/moonlab/ros2_ws/install/my_sim_tesi_gazebo/share//models/turtlebot3_Burger/meshes/burger_base.stl
[2.871s] -- Symlinking: /home/moonlab/ros2_ws/install/my_sim_tesi_gazebo/share//models/turtlebot3_Burger/meshes/lds.stl
[2.875s] -- Symlinking: /home/moonlab/ros2_ws/install/my_sim_tesi_gazebo/share//models/turtlebot3_Burger/meshes/left_tire.stl
[2.880s] -- Symlinking: /home/moonlab/ros2_ws/install/my_sim_tesi_gazebo/share//models/turtlebot3_Burger/meshes/right_tire.stl
[2.886s] -- Symlinking: /home/moonlab/ros2_ws/install/my_sim_tesi_gazebo/share//models/turtlebot3_Burger/model.config
[2.891s] -- Symlinking: /home/moonlab/ros2_ws/install/my_sim_tesi_gazebo/share//models/turtlebot3_Burger/model.sdf
[2.896s] -- Symlinking: /home/moonlab/ros2_ws/install/my_sim_tesi_gazebo/share//models/turtlebot3_Burger/thumbnails/turtlebot3_burger.jpg
[2.901s] -- Symlinking: /home/moonlab/ros2_ws/install/my_sim_tesi_gazebo/share//worlds/my_world.sdf
[2.906s] -- Symlinking: /home/moonlab/ros2_ws/install/my_sim_tesi_gazebo/share//worlds/my_world_backup.sdf
[2.912s] -- Symlinking: /home/moonlab/ros2_ws/install/my_sim_tesi_gazebo/share//worlds/my_world_exp1.sdf
[2.917s] -- Symlinking: /home/moonlab/ros2_ws/install/my_sim_tesi_gazebo/share//worlds/my_world_exp2.sdf
[2.922s] -- Symlinking: /home/moonlab/ros2_ws/install/my_sim_tesi_gazebo/share//worlds/small_house.world
[2.930s] Invoked command in '/home/moonlab/ros2_ws/build/my_sim_tesi_gazebo' returned '0': CMAKE_PREFIX_PATH=${CMAKE_PREFIX_PATH}:/home/moonlab/ros2_ws/install/turtlebot3_control:/opt/ros/humble /usr/bin/cmake --install /home/moonlab/ros2_ws/build/my_sim_tesi_gazebo
