[0.010s] Invoking command in '/home/moonlab/ros2_ws/build/my_sim_tesi_ros2_interfaces': CMAKE_PREFIX_PATH=${CMAKE_PREFIX_PATH}:/opt/ros/humble /usr/bin/cmake --build /home/moonlab/ros2_ws/build/my_sim_tesi_ros2_interfaces -- -j24 -l24
[0.042s] [  3%] Built target my_sim_tesi_ros2_interfaces__cpp
[0.044s] [ 12%] Built target my_sim_tesi_ros2_interfaces__rosidl_generator_c
[0.047s] [ 12%] Built target ament_cmake_python_symlink_my_sim_tesi_ros2_interfaces
[0.057s] [ 22%] Built target my_sim_tesi_ros2_interfaces__rosidl_typesupport_fastrtps_cpp
[0.057s] [ 32%] Built target my_sim_tesi_ros2_interfaces__rosidl_typesupport_cpp
[0.059s] [ 41%] Built target my_sim_tesi_ros2_interfaces__rosidl_typesupport_introspection_cpp
[0.059s] [ 51%] Built target my_sim_tesi_ros2_interfaces__rosidl_typesupport_introspection_c
[0.059s] [ 61%] Built target my_sim_tesi_ros2_interfaces__rosidl_typesupport_c
[0.060s] [ 70%] Built target my_sim_tesi_ros2_interfaces__rosidl_typesupport_fastrtps_c
[0.072s] [ 70%] Built target my_sim_tesi_ros2_interfaces
[0.084s] [ 74%] Built target my_sim_tesi_ros2_interfaces__py
[0.097s] [ 80%] Built target my_sim_tesi_ros2_interfaces__rosidl_generator_py
[0.112s] [ 87%] Built target my_sim_tesi_ros2_interfaces__rosidl_typesupport_fastrtps_c__pyext
[0.112s] [ 93%] Built target my_sim_tesi_ros2_interfaces__rosidl_typesupport_c__pyext
[0.112s] [100%] Built target my_sim_tesi_ros2_interfaces__rosidl_typesupport_introspection_c__pyext
[0.176s] running egg_info
[0.176s] writing my_sim_tesi_ros2_interfaces.egg-info/PKG-INFO
[0.176s] writing dependency_links to my_sim_tesi_ros2_interfaces.egg-info/dependency_links.txt
[0.176s] writing top-level names to my_sim_tesi_ros2_interfaces.egg-info/top_level.txt
[0.178s] reading manifest file 'my_sim_tesi_ros2_interfaces.egg-info/SOURCES.txt'
[0.178s] writing manifest file 'my_sim_tesi_ros2_interfaces.egg-info/SOURCES.txt'
[0.194s] [100%] Built target ament_cmake_python_build_my_sim_tesi_ros2_interfaces_egg
[0.202s] Invoked command in '/home/moonlab/ros2_ws/build/my_sim_tesi_ros2_interfaces' returned '0': CMAKE_PREFIX_PATH=${CMAKE_PREFIX_PATH}:/opt/ros/humble /usr/bin/cmake --build /home/moonlab/ros2_ws/build/my_sim_tesi_ros2_interfaces -- -j24 -l24
[0.203s] Invoking command in '/home/moonlab/ros2_ws/build/my_sim_tesi_ros2_interfaces': CMAKE_PREFIX_PATH=${CMAKE_PREFIX_PATH}:/opt/ros/humble /usr/bin/cmake --install /home/moonlab/ros2_ws/build/my_sim_tesi_ros2_interfaces
[0.207s] -- Install configuration: ""
[0.208s] -- Execute custom install script
[0.208s] -- Up-to-date symlink: /home/moonlab/ros2_ws/install/my_sim_tesi_ros2_interfaces/share/ament_index/resource_index/rosidl_interfaces/my_sim_tesi_ros2_interfaces
[0.208s] -- Up-to-date symlink: /home/moonlab/ros2_ws/install/my_sim_tesi_ros2_interfaces/include/my_sim_tesi_ros2_interfaces/my_sim_tesi_ros2_interfaces/action/detail/drone_pose_control__functions.h
[0.208s] -- Up-to-date symlink: /home/moonlab/ros2_ws/install/my_sim_tesi_ros2_interfaces/include/my_sim_tesi_ros2_interfaces/my_sim_tesi_ros2_interfaces/action/detail/drone_pose_control__struct.h
[0.208s] -- Up-to-date symlink: /home/moonlab/ros2_ws/install/my_sim_tesi_ros2_interfaces/include/my_sim_tesi_ros2_interfaces/my_sim_tesi_ros2_interfaces/action/detail/drone_pose_control__type_support.h
[0.208s] -- Up-to-date symlink: /home/moonlab/ros2_ws/install/my_sim_tesi_ros2_interfaces/include/my_sim_tesi_ros2_interfaces/my_sim_tesi_ros2_interfaces/action/drone_pose_control.h
[0.208s] -- Up-to-date symlink: /home/moonlab/ros2_ws/install/my_sim_tesi_ros2_interfaces/include/my_sim_tesi_ros2_interfaces/my_sim_tesi_ros2_interfaces/msg/rosidl_generator_c__visibility_control.h
[0.209s] -- Up-to-date symlink: /home/moonlab/ros2_ws/install/my_sim_tesi_ros2_interfaces/share/my_sim_tesi_ros2_interfaces/environment/library_path.sh
[0.209s] -- Up-to-date symlink: /home/moonlab/ros2_ws/install/my_sim_tesi_ros2_interfaces/share/my_sim_tesi_ros2_interfaces/environment/library_path.dsv
[0.209s] -- Up-to-date symlink: /home/moonlab/ros2_ws/install/my_sim_tesi_ros2_interfaces/include/my_sim_tesi_ros2_interfaces/my_sim_tesi_ros2_interfaces/action/detail/drone_pose_control__rosidl_typesupport_fastrtps_c.h
[0.209s] -- Up-to-date symlink: /home/moonlab/ros2_ws/install/my_sim_tesi_ros2_interfaces/include/my_sim_tesi_ros2_interfaces/my_sim_tesi_ros2_interfaces/msg/rosidl_typesupport_fastrtps_c__visibility_control.h
[0.209s] -- Up-to-date symlink: /home/moonlab/ros2_ws/install/my_sim_tesi_ros2_interfaces/include/my_sim_tesi_ros2_interfaces/my_sim_tesi_ros2_interfaces/action/detail/drone_pose_control__rosidl_typesupport_introspection_c.h
[0.209s] -- Up-to-date symlink: /home/moonlab/ros2_ws/install/my_sim_tesi_ros2_interfaces/include/my_sim_tesi_ros2_interfaces/my_sim_tesi_ros2_interfaces/msg/rosidl_typesupport_introspection_c__visibility_control.h
[0.209s] -- Up-to-date symlink: /home/moonlab/ros2_ws/install/my_sim_tesi_ros2_interfaces/include/my_sim_tesi_ros2_interfaces/my_sim_tesi_ros2_interfaces/action/detail/drone_pose_control__builder.hpp
[0.209s] -- Up-to-date symlink: /home/moonlab/ros2_ws/install/my_sim_tesi_ros2_interfaces/include/my_sim_tesi_ros2_interfaces/my_sim_tesi_ros2_interfaces/action/detail/drone_pose_control__struct.hpp
[0.209s] -- Up-to-date symlink: /home/moonlab/ros2_ws/install/my_sim_tesi_ros2_interfaces/include/my_sim_tesi_ros2_interfaces/my_sim_tesi_ros2_interfaces/action/detail/drone_pose_control__traits.hpp
[0.210s] -- Up-to-date symlink: /home/moonlab/ros2_ws/install/my_sim_tesi_ros2_interfaces/include/my_sim_tesi_ros2_interfaces/my_sim_tesi_ros2_interfaces/action/detail/drone_pose_control__type_support.hpp
[0.210s] -- Up-to-date symlink: /home/moonlab/ros2_ws/install/my_sim_tesi_ros2_interfaces/include/my_sim_tesi_ros2_interfaces/my_sim_tesi_ros2_interfaces/action/drone_pose_control.hpp
[0.210s] -- Up-to-date symlink: /home/moonlab/ros2_ws/install/my_sim_tesi_ros2_interfaces/include/my_sim_tesi_ros2_interfaces/my_sim_tesi_ros2_interfaces/msg/rosidl_generator_cpp__visibility_control.hpp
[0.210s] -- Up-to-date symlink: /home/moonlab/ros2_ws/install/my_sim_tesi_ros2_interfaces/include/my_sim_tesi_ros2_interfaces/my_sim_tesi_ros2_interfaces/action/detail/drone_pose_control__rosidl_typesupport_fastrtps_cpp.hpp
[0.210s] -- Up-to-date symlink: /home/moonlab/ros2_ws/install/my_sim_tesi_ros2_interfaces/include/my_sim_tesi_ros2_interfaces/my_sim_tesi_ros2_interfaces/msg/rosidl_typesupport_fastrtps_cpp__visibility_control.h
[0.210s] -- Up-to-date symlink: /home/moonlab/ros2_ws/install/my_sim_tesi_ros2_interfaces/include/my_sim_tesi_ros2_interfaces/my_sim_tesi_ros2_interfaces/action/detail/drone_pose_control__rosidl_typesupport_introspection_cpp.hpp
[0.210s] -- Up-to-date symlink: /home/moonlab/ros2_ws/install/my_sim_tesi_ros2_interfaces/share/my_sim_tesi_ros2_interfaces/environment/pythonpath.sh
[0.210s] -- Up-to-date symlink: /home/moonlab/ros2_ws/install/my_sim_tesi_ros2_interfaces/share/my_sim_tesi_ros2_interfaces/environment/pythonpath.dsv
[0.210s] -- Up-to-date symlink: /home/moonlab/ros2_ws/install/my_sim_tesi_ros2_interfaces/local/lib/python3.10/dist-packages/my_sim_tesi_ros2_interfaces-0.0.0-py3.10.egg-info/PKG-INFO
[0.210s] -- Up-to-date symlink: /home/moonlab/ros2_ws/install/my_sim_tesi_ros2_interfaces/local/lib/python3.10/dist-packages/my_sim_tesi_ros2_interfaces-0.0.0-py3.10.egg-info/SOURCES.txt
[0.211s] -- Up-to-date symlink: /home/moonlab/ros2_ws/install/my_sim_tesi_ros2_interfaces/local/lib/python3.10/dist-packages/my_sim_tesi_ros2_interfaces-0.0.0-py3.10.egg-info/dependency_links.txt
[0.211s] -- Up-to-date symlink: /home/moonlab/ros2_ws/install/my_sim_tesi_ros2_interfaces/local/lib/python3.10/dist-packages/my_sim_tesi_ros2_interfaces-0.0.0-py3.10.egg-info/top_level.txt
[0.211s] -- Up-to-date symlink: /home/moonlab/ros2_ws/install/my_sim_tesi_ros2_interfaces/local/lib/python3.10/dist-packages/my_sim_tesi_ros2_interfaces/__init__.py
[0.211s] -- Up-to-date symlink: /home/moonlab/ros2_ws/install/my_sim_tesi_ros2_interfaces/local/lib/python3.10/dist-packages/my_sim_tesi_ros2_interfaces/_my_sim_tesi_ros2_interfaces_s.ep.rosidl_typesupport_c.c
[0.211s] -- Up-to-date symlink: /home/moonlab/ros2_ws/install/my_sim_tesi_ros2_interfaces/local/lib/python3.10/dist-packages/my_sim_tesi_ros2_interfaces/_my_sim_tesi_ros2_interfaces_s.ep.rosidl_typesupport_fastrtps_c.c
[0.211s] -- Up-to-date symlink: /home/moonlab/ros2_ws/install/my_sim_tesi_ros2_interfaces/local/lib/python3.10/dist-packages/my_sim_tesi_ros2_interfaces/_my_sim_tesi_ros2_interfaces_s.ep.rosidl_typesupport_introspection_c.c
[0.211s] -- Up-to-date symlink: /home/moonlab/ros2_ws/install/my_sim_tesi_ros2_interfaces/local/lib/python3.10/dist-packages/my_sim_tesi_ros2_interfaces/action/__init__.py
[0.211s] -- Up-to-date symlink: /home/moonlab/ros2_ws/install/my_sim_tesi_ros2_interfaces/local/lib/python3.10/dist-packages/my_sim_tesi_ros2_interfaces/action/_drone_pose_control.py
[0.211s] -- Up-to-date symlink: /home/moonlab/ros2_ws/install/my_sim_tesi_ros2_interfaces/local/lib/python3.10/dist-packages/my_sim_tesi_ros2_interfaces/action/_drone_pose_control_s.c
[0.211s] -- Up-to-date symlink: /home/moonlab/ros2_ws/install/my_sim_tesi_ros2_interfaces/local/lib/python3.10/dist-packages/my_sim_tesi_ros2_interfaces/libmy_sim_tesi_ros2_interfaces__rosidl_generator_py.so
[0.211s] -- Up-to-date symlink: /home/moonlab/ros2_ws/install/my_sim_tesi_ros2_interfaces/local/lib/python3.10/dist-packages/my_sim_tesi_ros2_interfaces/my_sim_tesi_ros2_interfaces_s__rosidl_typesupport_c.cpython-310-x86_64-linux-gnu.so
[0.212s] -- Up-to-date symlink: /home/moonlab/ros2_ws/install/my_sim_tesi_ros2_interfaces/local/lib/python3.10/dist-packages/my_sim_tesi_ros2_interfaces/my_sim_tesi_ros2_interfaces_s__rosidl_typesupport_fastrtps_c.cpython-310-x86_64-linux-gnu.so
[0.212s] -- Up-to-date symlink: /home/moonlab/ros2_ws/install/my_sim_tesi_ros2_interfaces/local/lib/python3.10/dist-packages/my_sim_tesi_ros2_interfaces/my_sim_tesi_ros2_interfaces_s__rosidl_typesupport_introspection_c.cpython-310-x86_64-linux-gnu.so
[0.212s] -- Up-to-date symlink: /home/moonlab/ros2_ws/install/my_sim_tesi_ros2_interfaces/local/lib/python3.10/dist-packages/my_sim_tesi_ros2_interfaces/my_sim_tesi_ros2_interfaces_s__rosidl_typesupport_fastrtps_c.cpython-310-x86_64-linux-gnu.so
[0.212s] -- Up-to-date symlink: /home/moonlab/ros2_ws/install/my_sim_tesi_ros2_interfaces/local/lib/python3.10/dist-packages/my_sim_tesi_ros2_interfaces/my_sim_tesi_ros2_interfaces_s__rosidl_typesupport_introspection_c.cpython-310-x86_64-linux-gnu.so
[0.212s] -- Up-to-date symlink: /home/moonlab/ros2_ws/install/my_sim_tesi_ros2_interfaces/local/lib/python3.10/dist-packages/my_sim_tesi_ros2_interfaces/my_sim_tesi_ros2_interfaces_s__rosidl_typesupport_c.cpython-310-x86_64-linux-gnu.so
[0.212s] -- Up-to-date symlink: /home/moonlab/ros2_ws/install/my_sim_tesi_ros2_interfaces/share/my_sim_tesi_ros2_interfaces/action/DronePoseControl.idl
[0.212s] -- Up-to-date symlink: /home/moonlab/ros2_ws/install/my_sim_tesi_ros2_interfaces/share/my_sim_tesi_ros2_interfaces/action/DronePoseControl.action
[0.212s] -- Up-to-date symlink: /home/moonlab/ros2_ws/install/my_sim_tesi_ros2_interfaces/share/ament_index/resource_index/package_run_dependencies/my_sim_tesi_ros2_interfaces
[0.212s] -- Up-to-date symlink: /home/moonlab/ros2_ws/install/my_sim_tesi_ros2_interfaces/share/ament_index/resource_index/parent_prefix_path/my_sim_tesi_ros2_interfaces
[0.212s] -- Up-to-date symlink: /home/moonlab/ros2_ws/install/my_sim_tesi_ros2_interfaces/share/my_sim_tesi_ros2_interfaces/environment/ament_prefix_path.sh
[0.212s] -- Up-to-date symlink: /home/moonlab/ros2_ws/install/my_sim_tesi_ros2_interfaces/share/my_sim_tesi_ros2_interfaces/environment/ament_prefix_path.dsv
[0.213s] -- Up-to-date symlink: /home/moonlab/ros2_ws/install/my_sim_tesi_ros2_interfaces/share/my_sim_tesi_ros2_interfaces/environment/path.sh
[0.213s] -- Up-to-date symlink: /home/moonlab/ros2_ws/install/my_sim_tesi_ros2_interfaces/share/my_sim_tesi_ros2_interfaces/environment/path.dsv
[0.213s] -- Up-to-date symlink: /home/moonlab/ros2_ws/install/my_sim_tesi_ros2_interfaces/share/my_sim_tesi_ros2_interfaces/local_setup.bash
[0.213s] -- Up-to-date symlink: /home/moonlab/ros2_ws/install/my_sim_tesi_ros2_interfaces/share/my_sim_tesi_ros2_interfaces/local_setup.sh
[0.213s] -- Up-to-date symlink: /home/moonlab/ros2_ws/install/my_sim_tesi_ros2_interfaces/share/my_sim_tesi_ros2_interfaces/local_setup.zsh
[0.213s] -- Up-to-date symlink: /home/moonlab/ros2_ws/install/my_sim_tesi_ros2_interfaces/share/my_sim_tesi_ros2_interfaces/local_setup.dsv
[0.213s] -- Symlinking: /home/moonlab/ros2_ws/install/my_sim_tesi_ros2_interfaces/share/my_sim_tesi_ros2_interfaces/package.dsv
[0.219s] -- Up-to-date symlink: /home/moonlab/ros2_ws/install/my_sim_tesi_ros2_interfaces/share/ament_index/resource_index/packages/my_sim_tesi_ros2_interfaces
[0.219s] -- Up-to-date symlink: /home/moonlab/ros2_ws/install/my_sim_tesi_ros2_interfaces/share/my_sim_tesi_ros2_interfaces/cmake/rosidl_cmake-extras.cmake
[0.219s] -- Up-to-date symlink: /home/moonlab/ros2_ws/install/my_sim_tesi_ros2_interfaces/share/my_sim_tesi_ros2_interfaces/cmake/ament_cmake_export_dependencies-extras.cmake
[0.219s] -- Up-to-date symlink: /home/moonlab/ros2_ws/install/my_sim_tesi_ros2_interfaces/share/my_sim_tesi_ros2_interfaces/cmake/ament_cmake_export_include_directories-extras.cmake
[0.219s] -- Up-to-date symlink: /home/moonlab/ros2_ws/install/my_sim_tesi_ros2_interfaces/share/my_sim_tesi_ros2_interfaces/cmake/ament_cmake_export_libraries-extras.cmake
[0.219s] -- Up-to-date symlink: /home/moonlab/ros2_ws/install/my_sim_tesi_ros2_interfaces/share/my_sim_tesi_ros2_interfaces/cmake/ament_cmake_export_targets-extras.cmake
[0.219s] -- Up-to-date symlink: /home/moonlab/ros2_ws/install/my_sim_tesi_ros2_interfaces/share/my_sim_tesi_ros2_interfaces/cmake/rosidl_cmake_export_typesupport_targets-extras.cmake
[0.219s] -- Up-to-date symlink: /home/moonlab/ros2_ws/install/my_sim_tesi_ros2_interfaces/share/my_sim_tesi_ros2_interfaces/cmake/rosidl_cmake_export_typesupport_libraries-extras.cmake
[0.219s] -- Up-to-date symlink: /home/moonlab/ros2_ws/install/my_sim_tesi_ros2_interfaces/share/my_sim_tesi_ros2_interfaces/cmake/my_sim_tesi_ros2_interfacesConfig.cmake
[0.219s] -- Up-to-date symlink: /home/moonlab/ros2_ws/install/my_sim_tesi_ros2_interfaces/share/my_sim_tesi_ros2_interfaces/cmake/my_sim_tesi_ros2_interfacesConfig-version.cmake
[0.220s] -- Up-to-date symlink: /home/moonlab/ros2_ws/install/my_sim_tesi_ros2_interfaces/share/my_sim_tesi_ros2_interfaces/package.xml
[0.220s] -- Up-to-date: /home/moonlab/ros2_ws/install/my_sim_tesi_ros2_interfaces/lib/libmy_sim_tesi_ros2_interfaces__rosidl_generator_c.so
[0.220s] -- Up-to-date: /home/moonlab/ros2_ws/install/my_sim_tesi_ros2_interfaces/lib/libmy_sim_tesi_ros2_interfaces__rosidl_typesupport_fastrtps_c.so
[0.220s] -- Up-to-date: /home/moonlab/ros2_ws/install/my_sim_tesi_ros2_interfaces/lib/libmy_sim_tesi_ros2_interfaces__rosidl_typesupport_introspection_c.so
[0.220s] -- Up-to-date: /home/moonlab/ros2_ws/install/my_sim_tesi_ros2_interfaces/lib/libmy_sim_tesi_ros2_interfaces__rosidl_typesupport_c.so
[0.220s] -- Up-to-date: /home/moonlab/ros2_ws/install/my_sim_tesi_ros2_interfaces/lib/libmy_sim_tesi_ros2_interfaces__rosidl_typesupport_fastrtps_cpp.so
[0.221s] -- Up-to-date: /home/moonlab/ros2_ws/install/my_sim_tesi_ros2_interfaces/lib/libmy_sim_tesi_ros2_interfaces__rosidl_typesupport_introspection_cpp.so
[0.221s] -- Up-to-date: /home/moonlab/ros2_ws/install/my_sim_tesi_ros2_interfaces/lib/libmy_sim_tesi_ros2_interfaces__rosidl_typesupport_cpp.so
[0.238s] Listing '/home/moonlab/ros2_ws/install/my_sim_tesi_ros2_interfaces/local/lib/python3.10/dist-packages/my_sim_tesi_ros2_interfaces'...
[0.238s] Listing '/home/moonlab/ros2_ws/install/my_sim_tesi_ros2_interfaces/local/lib/python3.10/dist-packages/my_sim_tesi_ros2_interfaces/action'...
[0.242s] -- Up-to-date: /home/moonlab/ros2_ws/install/my_sim_tesi_ros2_interfaces/lib/libmy_sim_tesi_ros2_interfaces__rosidl_generator_py.so
[0.242s] -- Up-to-date: /home/moonlab/ros2_ws/install/my_sim_tesi_ros2_interfaces/share/my_sim_tesi_ros2_interfaces/cmake/export_my_sim_tesi_ros2_interfaces__rosidl_generator_cExport.cmake
[0.242s] -- Up-to-date: /home/moonlab/ros2_ws/install/my_sim_tesi_ros2_interfaces/share/my_sim_tesi_ros2_interfaces/cmake/export_my_sim_tesi_ros2_interfaces__rosidl_generator_cExport-noconfig.cmake
[0.242s] -- Up-to-date: /home/moonlab/ros2_ws/install/my_sim_tesi_ros2_interfaces/share/my_sim_tesi_ros2_interfaces/cmake/export_my_sim_tesi_ros2_interfaces__rosidl_typesupport_fastrtps_cExport.cmake
[0.242s] -- Up-to-date: /home/moonlab/ros2_ws/install/my_sim_tesi_ros2_interfaces/share/my_sim_tesi_ros2_interfaces/cmake/export_my_sim_tesi_ros2_interfaces__rosidl_typesupport_fastrtps_cExport-noconfig.cmake
[0.242s] -- Up-to-date: /home/moonlab/ros2_ws/install/my_sim_tesi_ros2_interfaces/share/my_sim_tesi_ros2_interfaces/cmake/my_sim_tesi_ros2_interfaces__rosidl_typesupport_introspection_cExport.cmake
[0.242s] -- Up-to-date: /home/moonlab/ros2_ws/install/my_sim_tesi_ros2_interfaces/share/my_sim_tesi_ros2_interfaces/cmake/my_sim_tesi_ros2_interfaces__rosidl_typesupport_introspection_cExport-noconfig.cmake
[0.242s] -- Up-to-date: /home/moonlab/ros2_ws/install/my_sim_tesi_ros2_interfaces/share/my_sim_tesi_ros2_interfaces/cmake/my_sim_tesi_ros2_interfaces__rosidl_typesupport_cExport.cmake
[0.242s] -- Up-to-date: /home/moonlab/ros2_ws/install/my_sim_tesi_ros2_interfaces/share/my_sim_tesi_ros2_interfaces/cmake/my_sim_tesi_ros2_interfaces__rosidl_typesupport_cExport-noconfig.cmake
[0.242s] -- Up-to-date: /home/moonlab/ros2_ws/install/my_sim_tesi_ros2_interfaces/share/my_sim_tesi_ros2_interfaces/cmake/export_my_sim_tesi_ros2_interfaces__rosidl_generator_cppExport.cmake
[0.242s] -- Up-to-date: /home/moonlab/ros2_ws/install/my_sim_tesi_ros2_interfaces/share/my_sim_tesi_ros2_interfaces/cmake/export_my_sim_tesi_ros2_interfaces__rosidl_typesupport_fastrtps_cppExport.cmake
[0.242s] -- Up-to-date: /home/moonlab/ros2_ws/install/my_sim_tesi_ros2_interfaces/share/my_sim_tesi_ros2_interfaces/cmake/export_my_sim_tesi_ros2_interfaces__rosidl_typesupport_fastrtps_cppExport-noconfig.cmake
[0.242s] -- Up-to-date: /home/moonlab/ros2_ws/install/my_sim_tesi_ros2_interfaces/share/my_sim_tesi_ros2_interfaces/cmake/my_sim_tesi_ros2_interfaces__rosidl_typesupport_introspection_cppExport.cmake
[0.242s] -- Up-to-date: /home/moonlab/ros2_ws/install/my_sim_tesi_ros2_interfaces/share/my_sim_tesi_ros2_interfaces/cmake/my_sim_tesi_ros2_interfaces__rosidl_typesupport_introspection_cppExport-noconfig.cmake
[0.243s] -- Up-to-date: /home/moonlab/ros2_ws/install/my_sim_tesi_ros2_interfaces/share/my_sim_tesi_ros2_interfaces/cmake/my_sim_tesi_ros2_interfaces__rosidl_typesupport_cppExport.cmake
[0.243s] -- Up-to-date: /home/moonlab/ros2_ws/install/my_sim_tesi_ros2_interfaces/share/my_sim_tesi_ros2_interfaces/cmake/my_sim_tesi_ros2_interfaces__rosidl_typesupport_cppExport-noconfig.cmake
[0.243s] -- Up-to-date: /home/moonlab/ros2_ws/install/my_sim_tesi_ros2_interfaces/share/my_sim_tesi_ros2_interfaces/cmake/export_my_sim_tesi_ros2_interfaces__rosidl_generator_pyExport.cmake
[0.243s] -- Up-to-date: /home/moonlab/ros2_ws/install/my_sim_tesi_ros2_interfaces/share/my_sim_tesi_ros2_interfaces/cmake/export_my_sim_tesi_ros2_interfaces__rosidl_generator_pyExport-noconfig.cmake
[0.245s] Invoked command in '/home/moonlab/ros2_ws/build/my_sim_tesi_ros2_interfaces' returned '0': CMAKE_PREFIX_PATH=${CMAKE_PREFIX_PATH}:/opt/ros/humble /usr/bin/cmake --install /home/moonlab/ros2_ws/build/my_sim_tesi_ros2_interfaces
