-- The C compiler identification is GNU 11.4.0
-- The CXX compiler identification is GNU 11.4.0
-- Detecting C compiler ABI info
-- Detecting C compiler ABI info - done
-- Check for working C compiler: /usr/bin/cc - skipped
-- Detecting C compile features
-- Detecting C compile features - done
-- Detecting CXX compiler ABI info
-- Detecting CXX compiler ABI info - done
-- Check for working CXX compiler: /usr/bin/c++ - skipped
-- Detecting CXX compile features
-- Detecting CXX compile features - done
-- Found ament_cmake: 1.3.12 (/opt/ros/humble/share/ament_cmake/cmake)
-- Found Python3: /usr/bin/python3 (found version "3.10.12") found components: Interpreter 
-- Override CMake install command with custom implementation using symlinks instead of copying resources
-- Found ament_lint_auto: 0.12.14 (/opt/ros/humble/share/ament_lint_auto/cmake)
-- Added test 'lint_cmake' to check CMake code style
-- Added test 'xmllint' to check XML markup files
-- Configuring done
-- Generating done
-- Build files have been written to: /home/moonlab/ros2_ws/build/my_sim_tesi_gazebo
-- Install configuration: ""
-- Execute custom install script
-- Symlinking: /home/moonlab/ros2_ws/install/my_sim_tesi_gazebo/share/my_sim_tesi_gazebo/models/Depot/materials/scripts/model.material
-- Symlinking: /home/moonlab/ros2_ws/install/my_sim_tesi_gazebo/share/my_sim_tesi_gazebo/models/Depot/materials/textures/BOXSET_Albedo.png
-- Symlinking: /home/moonlab/ros2_ws/install/my_sim_tesi_gazebo/share/my_sim_tesi_gazebo/models/Depot/materials/textures/BOXSET_Emissive.png
-- Symlinking: /home/moonlab/ros2_ws/install/my_sim_tesi_gazebo/share/my_sim_tesi_gazebo/models/Depot/materials/textures/BOXSET_Metalness.png
-- Symlinking: /home/moonlab/ros2_ws/install/my_sim_tesi_gazebo/share/my_sim_tesi_gazebo/models/Depot/materials/textures/BOXSET_Normal.png
-- Symlinking: /home/moonlab/ros2_ws/install/my_sim_tesi_gazebo/share/my_sim_tesi_gazebo/models/Depot/materials/textures/BOXSET_Roughness.png
-- Symlinking: /home/moonlab/ros2_ws/install/my_sim_tesi_gazebo/share/my_sim_tesi_gazebo/models/Depot/materials/textures/Crates_Crates_BaseColor.png
-- Symlinking: /home/moonlab/ros2_ws/install/my_sim_tesi_gazebo/share/my_sim_tesi_gazebo/models/Depot/materials/textures/Crates_Crates_Normal.png
-- Symlinking: /home/moonlab/ros2_ws/install/my_sim_tesi_gazebo/share/my_sim_tesi_gazebo/models/Depot/materials/textures/Crates_Crates_Roughness.png
-- Symlinking: /home/moonlab/ros2_ws/install/my_sim_tesi_gazebo/share/my_sim_tesi_gazebo/models/Depot/materials/textures/DepotLightmap.png
-- Symlinking: /home/moonlab/ros2_ws/install/my_sim_tesi_gazebo/share/my_sim_tesi_gazebo/models/Depot/materials/textures/FANS_Albedo.png
-- Symlinking: /home/moonlab/ros2_ws/install/my_sim_tesi_gazebo/share/my_sim_tesi_gazebo/models/Depot/materials/textures/FANS_Metalness.png
-- Symlinking: /home/moonlab/ros2_ws/install/my_sim_tesi_gazebo/share/my_sim_tesi_gazebo/models/Depot/materials/textures/FANS_Normal.png
-- Symlinking: /home/moonlab/ros2_ws/install/my_sim_tesi_gazebo/share/my_sim_tesi_gazebo/models/Depot/materials/textures/FANS_Roughness.png
-- Symlinking: /home/moonlab/ros2_ws/install/my_sim_tesi_gazebo/share/my_sim_tesi_gazebo/models/Depot/materials/textures/FLOOR_Albedo.png
-- Symlinking: /home/moonlab/ros2_ws/install/my_sim_tesi_gazebo/share/my_sim_tesi_gazebo/models/Depot/materials/textures/FLOOR_Metalness.png
-- Symlinking: /home/moonlab/ros2_ws/install/my_sim_tesi_gazebo/share/my_sim_tesi_gazebo/models/Depot/materials/textures/FLOOR_Normal.png
-- Symlinking: /home/moonlab/ros2_ws/install/my_sim_tesi_gazebo/share/my_sim_tesi_gazebo/models/Depot/materials/textures/FLOOR_Roughness.png
-- Symlinking: /home/moonlab/ros2_ws/install/my_sim_tesi_gazebo/share/my_sim_tesi_gazebo/models/Depot/materials/textures/FanBack_FanBack_BaseColor.png
-- Symlinking: /home/moonlab/ros2_ws/install/my_sim_tesi_gazebo/share/my_sim_tesi_gazebo/models/Depot/materials/textures/FireAlarmPole_Albedo.png
-- Symlinking: /home/moonlab/ros2_ws/install/my_sim_tesi_gazebo/share/my_sim_tesi_gazebo/models/Depot/materials/textures/FireAlarmPole_Metalness.png
-- Symlinking: /home/moonlab/ros2_ws/install/my_sim_tesi_gazebo/share/my_sim_tesi_gazebo/models/Depot/materials/textures/FireAlarmPole_Normal.png
-- Symlinking: /home/moonlab/ros2_ws/install/my_sim_tesi_gazebo/share/my_sim_tesi_gazebo/models/Depot/materials/textures/FireAlarmPole_Roughness.png
-- Symlinking: /home/moonlab/ros2_ws/install/my_sim_tesi_gazebo/share/my_sim_tesi_gazebo/models/Depot/materials/textures/FireAlarm_Albedo.png
-- Symlinking: /home/moonlab/ros2_ws/install/my_sim_tesi_gazebo/share/my_sim_tesi_gazebo/models/Depot/materials/textures/FireAlarm_Metalness.png
-- Symlinking: /home/moonlab/ros2_ws/install/my_sim_tesi_gazebo/share/my_sim_tesi_gazebo/models/Depot/materials/textures/FireAlarm_Normal.png
-- Symlinking: /home/moonlab/ros2_ws/install/my_sim_tesi_gazebo/share/my_sim_tesi_gazebo/models/Depot/materials/textures/FireAlarm_Roughness.png
-- Symlinking: /home/moonlab/ros2_ws/install/my_sim_tesi_gazebo/share/my_sim_tesi_gazebo/models/Depot/materials/textures/Forklift_Forklift_BaseColor.png
-- Symlinking: /home/moonlab/ros2_ws/install/my_sim_tesi_gazebo/share/my_sim_tesi_gazebo/models/Depot/materials/textures/Forklift_Forklift_Metallic.png
-- Symlinking: /home/moonlab/ros2_ws/install/my_sim_tesi_gazebo/share/my_sim_tesi_gazebo/models/Depot/materials/textures/Forklift_Forklift_Normal.png
-- Symlinking: /home/moonlab/ros2_ws/install/my_sim_tesi_gazebo/share/my_sim_tesi_gazebo/models/Depot/materials/textures/Forklift_Forklift_Roughness.png
-- Symlinking: /home/moonlab/ros2_ws/install/my_sim_tesi_gazebo/share/my_sim_tesi_gazebo/models/Depot/materials/textures/INTERCOM_Albedo.png
-- Symlinking: /home/moonlab/ros2_ws/install/my_sim_tesi_gazebo/share/my_sim_tesi_gazebo/models/Depot/materials/textures/INTERCOM_Emissive.png
-- Symlinking: /home/moonlab/ros2_ws/install/my_sim_tesi_gazebo/share/my_sim_tesi_gazebo/models/Depot/materials/textures/INTERCOM_Metalness.png
-- Symlinking: /home/moonlab/ros2_ws/install/my_sim_tesi_gazebo/share/my_sim_tesi_gazebo/models/Depot/materials/textures/INTERCOM_Normal.png
-- Symlinking: /home/moonlab/ros2_ws/install/my_sim_tesi_gazebo/share/my_sim_tesi_gazebo/models/Depot/materials/textures/INTERCOM_Roughness.png
-- Symlinking: /home/moonlab/ros2_ws/install/my_sim_tesi_gazebo/share/my_sim_tesi_gazebo/models/Depot/materials/textures/PILLERS_Albedo.png
-- Symlinking: /home/moonlab/ros2_ws/install/my_sim_tesi_gazebo/share/my_sim_tesi_gazebo/models/Depot/materials/textures/PILLERS_Metalness.png
-- Symlinking: /home/moonlab/ros2_ws/install/my_sim_tesi_gazebo/share/my_sim_tesi_gazebo/models/Depot/materials/textures/PILLERS_Normal.png
-- Symlinking: /home/moonlab/ros2_ws/install/my_sim_tesi_gazebo/share/my_sim_tesi_gazebo/models/Depot/materials/textures/PILLERS_Roughness.png
-- Symlinking: /home/moonlab/ros2_ws/install/my_sim_tesi_gazebo/share/my_sim_tesi_gazebo/models/Depot/materials/textures/Pipes_Albedo.png
-- Symlinking: /home/moonlab/ros2_ws/install/my_sim_tesi_gazebo/share/my_sim_tesi_gazebo/models/Depot/materials/textures/Pipes_Metalness.png
-- Symlinking: /home/moonlab/ros2_ws/install/my_sim_tesi_gazebo/share/my_sim_tesi_gazebo/models/Depot/materials/textures/Pipes_Normal.png
-- Symlinking: /home/moonlab/ros2_ws/install/my_sim_tesi_gazebo/share/my_sim_tesi_gazebo/models/Depot/materials/textures/Pipes_Roughness.png
-- Symlinking: /home/moonlab/ros2_ws/install/my_sim_tesi_gazebo/share/my_sim_tesi_gazebo/models/Depot/materials/textures/ROOF_Albedo.png
-- Symlinking: /home/moonlab/ros2_ws/install/my_sim_tesi_gazebo/share/my_sim_tesi_gazebo/models/Depot/materials/textures/ROOF_Emissive.png
-- Symlinking: /home/moonlab/ros2_ws/install/my_sim_tesi_gazebo/share/my_sim_tesi_gazebo/models/Depot/materials/textures/ROOF_Metalness.png
-- Symlinking: /home/moonlab/ros2_ws/install/my_sim_tesi_gazebo/share/my_sim_tesi_gazebo/models/Depot/materials/textures/ROOF_Normal.png
-- Symlinking: /home/moonlab/ros2_ws/install/my_sim_tesi_gazebo/share/my_sim_tesi_gazebo/models/Depot/materials/textures/ROOF_Roughness.png
-- Symlinking: /home/moonlab/ros2_ws/install/my_sim_tesi_gazebo/share/my_sim_tesi_gazebo/models/Depot/materials/textures/STAIRS_Albedo.png
-- Symlinking: /home/moonlab/ros2_ws/install/my_sim_tesi_gazebo/share/my_sim_tesi_gazebo/models/Depot/materials/textures/STAIRS_Metalness.png
-- Symlinking: /home/moonlab/ros2_ws/install/my_sim_tesi_gazebo/share/my_sim_tesi_gazebo/models/Depot/materials/textures/STAIRS_Normal.png
-- Symlinking: /home/moonlab/ros2_ws/install/my_sim_tesi_gazebo/share/my_sim_tesi_gazebo/models/Depot/materials/textures/STAIRS_Roughness.png
-- Symlinking: /home/moonlab/ros2_ws/install/my_sim_tesi_gazebo/share/my_sim_tesi_gazebo/models/Depot/materials/textures/WALLS_Albedo.png
-- Symlinking: /home/moonlab/ros2_ws/install/my_sim_tesi_gazebo/share/my_sim_tesi_gazebo/models/Depot/materials/textures/WALLS_Metalness.png
-- Symlinking: /home/moonlab/ros2_ws/install/my_sim_tesi_gazebo/share/my_sim_tesi_gazebo/models/Depot/materials/textures/WALLS_Normal.png
-- Symlinking: /home/moonlab/ros2_ws/install/my_sim_tesi_gazebo/share/my_sim_tesi_gazebo/models/Depot/materials/textures/WALLS_Roughness.png
-- Symlinking: /home/moonlab/ros2_ws/install/my_sim_tesi_gazebo/share/my_sim_tesi_gazebo/models/Depot/materials/textures/Window_WINDOW_BaseColor.png
-- Symlinking: /home/moonlab/ros2_ws/install/my_sim_tesi_gazebo/share/my_sim_tesi_gazebo/models/Depot/materials/textures/Window_WINDOW_Metallic.png
-- Symlinking: /home/moonlab/ros2_ws/install/my_sim_tesi_gazebo/share/my_sim_tesi_gazebo/models/Depot/materials/textures/Window_WINDOW_Roughness.png
-- Symlinking: /home/moonlab/ros2_ws/install/my_sim_tesi_gazebo/share/my_sim_tesi_gazebo/models/Depot/meshes/Crates.dae
-- Symlinking: /home/moonlab/ros2_ws/install/my_sim_tesi_gazebo/share/my_sim_tesi_gazebo/models/Depot/meshes/Depot.dae
-- Symlinking: /home/moonlab/ros2_ws/install/my_sim_tesi_gazebo/share/my_sim_tesi_gazebo/models/Depot/model.config
-- Symlinking: /home/moonlab/ros2_ws/install/my_sim_tesi_gazebo/share/my_sim_tesi_gazebo/models/Depot/model.sdf
-- Symlinking: /home/moonlab/ros2_ws/install/my_sim_tesi_gazebo/share/my_sim_tesi_gazebo/models/Depot/thumbnails/0.png
-- Symlinking: /home/moonlab/ros2_ws/install/my_sim_tesi_gazebo/share/my_sim_tesi_gazebo/models/Depot/thumbnails/1.png
-- Symlinking: /home/moonlab/ros2_ws/install/my_sim_tesi_gazebo/share/my_sim_tesi_gazebo/models/Depot/thumbnails/2.png
-- Symlinking: /home/moonlab/ros2_ws/install/my_sim_tesi_gazebo/share/my_sim_tesi_gazebo/models/Depot/thumbnails/3.png
-- Symlinking: /home/moonlab/ros2_ws/install/my_sim_tesi_gazebo/share/my_sim_tesi_gazebo/models/Depot/thumbnails/4.png
-- Symlinking: /home/moonlab/ros2_ws/install/my_sim_tesi_gazebo/share/my_sim_tesi_gazebo/models/Depot/thumbnails/5.png
-- Symlinking: /home/moonlab/ros2_ws/install/my_sim_tesi_gazebo/share/my_sim_tesi_gazebo/models/garage_door/model.config
-- Symlinking: /home/moonlab/ros2_ws/install/my_sim_tesi_gazebo/share/my_sim_tesi_gazebo/models/garage_door/model.sdf
-- Symlinking: /home/moonlab/ros2_ws/install/my_sim_tesi_gazebo/share/my_sim_tesi_gazebo/models/pallet_box_mobile/meshes/Box_paper_04_1_Base_Color.png
-- Symlinking: /home/moonlab/ros2_ws/install/my_sim_tesi_gazebo/share/my_sim_tesi_gazebo/models/pallet_box_mobile/meshes/boxes.dae
-- Symlinking: /home/moonlab/ros2_ws/install/my_sim_tesi_gazebo/share/my_sim_tesi_gazebo/models/pallet_box_mobile/model.config
-- Symlinking: /home/moonlab/ros2_ws/install/my_sim_tesi_gazebo/share/my_sim_tesi_gazebo/models/pallet_box_mobile/model.sdf
-- Symlinking: /home/moonlab/ros2_ws/install/my_sim_tesi_gazebo/share/my_sim_tesi_gazebo/models/pallet_box_mobile/thumbnails/1.png
-- Symlinking: /home/moonlab/ros2_ws/install/my_sim_tesi_gazebo/share/my_sim_tesi_gazebo/models/parallelepiped/model.config
-- Symlinking: /home/moonlab/ros2_ws/install/my_sim_tesi_gazebo/share/my_sim_tesi_gazebo/models/parallelepiped/model.sdf
-- Symlinking: /home/moonlab/ros2_ws/install/my_sim_tesi_gazebo/share/my_sim_tesi_gazebo/models/pioneer2dx/materials/textures/68-02421-8000-RA_Turtlebot_F-F_Standoff_color.png
-- Symlinking: /home/moonlab/ros2_ws/install/my_sim_tesi_gazebo/share/my_sim_tesi_gazebo/models/pioneer2dx/materials/textures/68-04552-1000-RA_Turtlebot_M-F_Standoff_color.png
-- Symlinking: /home/moonlab/ros2_ws/install/my_sim_tesi_gazebo/share/my_sim_tesi_gazebo/models/pioneer2dx/materials/textures/68-04552-2000-RA_Turtlebot_M-F_Standoff_color.png
-- Symlinking: /home/moonlab/ros2_ws/install/my_sim_tesi_gazebo/share/my_sim_tesi_gazebo/models/pioneer2dx/materials/textures/create_body.png
-- Symlinking: /home/moonlab/ros2_ws/install/my_sim_tesi_gazebo/share/my_sim_tesi_gazebo/models/pioneer2dx/materials/textures/plate_0_logo.png
-- Symlinking: /home/moonlab/ros2_ws/install/my_sim_tesi_gazebo/share/my_sim_tesi_gazebo/models/pioneer2dx/materials/textures/plate_1_logo.png
-- Symlinking: /home/moonlab/ros2_ws/install/my_sim_tesi_gazebo/share/my_sim_tesi_gazebo/models/pioneer2dx/materials/textures/plate_2_logo.png
-- Symlinking: /home/moonlab/ros2_ws/install/my_sim_tesi_gazebo/share/my_sim_tesi_gazebo/models/pioneer2dx/meshes/chassis.dae
-- Symlinking: /home/moonlab/ros2_ws/install/my_sim_tesi_gazebo/share/my_sim_tesi_gazebo/models/pioneer2dx/meshes/wheel.dae
-- Symlinking: /home/moonlab/ros2_ws/install/my_sim_tesi_gazebo/share/my_sim_tesi_gazebo/models/pioneer2dx/model-1_2.sdf
-- Symlinking: /home/moonlab/ros2_ws/install/my_sim_tesi_gazebo/share/my_sim_tesi_gazebo/models/pioneer2dx/model-1_3.sdf
-- Symlinking: /home/moonlab/ros2_ws/install/my_sim_tesi_gazebo/share/my_sim_tesi_gazebo/models/pioneer2dx/model-1_4.sdf
-- Symlinking: /home/moonlab/ros2_ws/install/my_sim_tesi_gazebo/share/my_sim_tesi_gazebo/models/pioneer2dx/model.config
-- Symlinking: /home/moonlab/ros2_ws/install/my_sim_tesi_gazebo/share/my_sim_tesi_gazebo/models/pioneer2dx/model.sdf
-- Symlinking: /home/moonlab/ros2_ws/install/my_sim_tesi_gazebo/share/my_sim_tesi_gazebo/models/pioneer2dx/thumbnails/1.png
-- Symlinking: /home/moonlab/ros2_ws/install/my_sim_tesi_gazebo/share/my_sim_tesi_gazebo/models/pioneer2dx/thumbnails/2.png
-- Symlinking: /home/moonlab/ros2_ws/install/my_sim_tesi_gazebo/share/my_sim_tesi_gazebo/models/pioneer2dx/thumbnails/3.png
-- Symlinking: /home/moonlab/ros2_ws/install/my_sim_tesi_gazebo/share/my_sim_tesi_gazebo/models/pioneer2dx/thumbnails/4.png
-- Symlinking: /home/moonlab/ros2_ws/install/my_sim_tesi_gazebo/share/my_sim_tesi_gazebo/models/pioneer2dx/thumbnails/5.png
-- Symlinking: /home/moonlab/ros2_ws/install/my_sim_tesi_gazebo/share/my_sim_tesi_gazebo/models/quadcopter/materials/textures/led.jpg
-- Symlinking: /home/moonlab/ros2_ws/install/my_sim_tesi_gazebo/share/my_sim_tesi_gazebo/models/quadcopter/materials/textures/spotlight.jpg
-- Symlinking: /home/moonlab/ros2_ws/install/my_sim_tesi_gazebo/share/my_sim_tesi_gazebo/models/quadcopter/meshes/iris.dae
-- Symlinking: /home/moonlab/ros2_ws/install/my_sim_tesi_gazebo/share/my_sim_tesi_gazebo/models/quadcopter/meshes/led.dae
-- Symlinking: /home/moonlab/ros2_ws/install/my_sim_tesi_gazebo/share/my_sim_tesi_gazebo/models/quadcopter/meshes/led_lamp.dae
-- Symlinking: /home/moonlab/ros2_ws/install/my_sim_tesi_gazebo/share/my_sim_tesi_gazebo/models/quadcopter/meshes/propeller_ccw.dae
-- Symlinking: /home/moonlab/ros2_ws/install/my_sim_tesi_gazebo/share/my_sim_tesi_gazebo/models/quadcopter/meshes/propeller_cw.dae
-- Symlinking: /home/moonlab/ros2_ws/install/my_sim_tesi_gazebo/share/my_sim_tesi_gazebo/models/quadcopter/meshes/spotlight.dae
-- Symlinking: /home/moonlab/ros2_ws/install/my_sim_tesi_gazebo/share/my_sim_tesi_gazebo/models/quadcopter/meshes/vi_camera.dae
-- Symlinking: /home/moonlab/ros2_ws/install/my_sim_tesi_gazebo/share/my_sim_tesi_gazebo/models/quadcopter/meshes/vi_camera.jpg
-- Symlinking: /home/moonlab/ros2_ws/install/my_sim_tesi_gazebo/share/my_sim_tesi_gazebo/models/quadcopter/meshes/vi_sensor.dae
-- Symlinking: /home/moonlab/ros2_ws/install/my_sim_tesi_gazebo/share/my_sim_tesi_gazebo/models/quadcopter/meshes/vi_sensor.jpg
-- Symlinking: /home/moonlab/ros2_ws/install/my_sim_tesi_gazebo/share/my_sim_tesi_gazebo/models/quadcopter/meshes/x3.dae
-- Symlinking: /home/moonlab/ros2_ws/install/my_sim_tesi_gazebo/share/my_sim_tesi_gazebo/models/quadcopter/meshes/x3.jpg
-- Symlinking: /home/moonlab/ros2_ws/install/my_sim_tesi_gazebo/share/my_sim_tesi_gazebo/models/quadcopter/model.config
-- Symlinking: /home/moonlab/ros2_ws/install/my_sim_tesi_gazebo/share/my_sim_tesi_gazebo/models/quadcopter/model.sdf
-- Symlinking: /home/moonlab/ros2_ws/install/my_sim_tesi_gazebo/share/my_sim_tesi_gazebo/models/quadcopter/thumbnails/1.jpg
-- Symlinking: /home/moonlab/ros2_ws/install/my_sim_tesi_gazebo/share/my_sim_tesi_gazebo/models/quadcopter/thumbnails/2.jpg
-- Symlinking: /home/moonlab/ros2_ws/install/my_sim_tesi_gazebo/share/my_sim_tesi_gazebo/models/quadcopter/thumbnails/3.jpg
-- Symlinking: /home/moonlab/ros2_ws/install/my_sim_tesi_gazebo/share/my_sim_tesi_gazebo/models/quadcopter/thumbnails/4.jpg
-- Symlinking: /home/moonlab/ros2_ws/install/my_sim_tesi_gazebo/share/my_sim_tesi_gazebo/models/quadcopter/thumbnails/5.jpg
-- Symlinking: /home/moonlab/ros2_ws/install/my_sim_tesi_gazebo/share/my_sim_tesi_gazebo/models/shelf/meshes/Box_paper_04_1_Base_Color.png
-- Symlinking: /home/moonlab/ros2_ws/install/my_sim_tesi_gazebo/share/my_sim_tesi_gazebo/models/shelf/meshes/shelf_big_movai.dae
-- Symlinking: /home/moonlab/ros2_ws/install/my_sim_tesi_gazebo/share/my_sim_tesi_gazebo/models/shelf/model.config
-- Symlinking: /home/moonlab/ros2_ws/install/my_sim_tesi_gazebo/share/my_sim_tesi_gazebo/models/shelf/model.sdf
-- Symlinking: /home/moonlab/ros2_ws/install/my_sim_tesi_gazebo/share/my_sim_tesi_gazebo/models/shelf/thumbnails/1.png
-- Symlinking: /home/moonlab/ros2_ws/install/my_sim_tesi_gazebo/share/my_sim_tesi_gazebo/models/shelf_big/meshes/Box_paper_04_1_Base_Color.png
-- Symlinking: /home/moonlab/ros2_ws/install/my_sim_tesi_gazebo/share/my_sim_tesi_gazebo/models/shelf_big/meshes/shelf_big_movai.dae
-- Symlinking: /home/moonlab/ros2_ws/install/my_sim_tesi_gazebo/share/my_sim_tesi_gazebo/models/shelf_big/model.config
-- Symlinking: /home/moonlab/ros2_ws/install/my_sim_tesi_gazebo/share/my_sim_tesi_gazebo/models/shelf_big/model.sdf
-- Symlinking: /home/moonlab/ros2_ws/install/my_sim_tesi_gazebo/share/my_sim_tesi_gazebo/models/shelf_big/thumbnails/1.png
-- Symlinking: /home/moonlab/ros2_ws/install/my_sim_tesi_gazebo/share/my_sim_tesi_gazebo/worlds/my_world.sdf
-- Symlinking: /home/moonlab/ros2_ws/install/my_sim_tesi_gazebo/share/ament_index/resource_index/package_run_dependencies/my_sim_tesi_gazebo
-- Symlinking: /home/moonlab/ros2_ws/install/my_sim_tesi_gazebo/share/ament_index/resource_index/parent_prefix_path/my_sim_tesi_gazebo
-- Symlinking: /home/moonlab/ros2_ws/install/my_sim_tesi_gazebo/share/my_sim_tesi_gazebo/environment/ament_prefix_path.sh
-- Symlinking: /home/moonlab/ros2_ws/install/my_sim_tesi_gazebo/share/my_sim_tesi_gazebo/environment/ament_prefix_path.dsv
-- Symlinking: /home/moonlab/ros2_ws/install/my_sim_tesi_gazebo/share/my_sim_tesi_gazebo/environment/path.sh
-- Symlinking: /home/moonlab/ros2_ws/install/my_sim_tesi_gazebo/share/my_sim_tesi_gazebo/environment/path.dsv
-- Symlinking: /home/moonlab/ros2_ws/install/my_sim_tesi_gazebo/share/my_sim_tesi_gazebo/local_setup.bash
-- Symlinking: /home/moonlab/ros2_ws/install/my_sim_tesi_gazebo/share/my_sim_tesi_gazebo/local_setup.sh
-- Symlinking: /home/moonlab/ros2_ws/install/my_sim_tesi_gazebo/share/my_sim_tesi_gazebo/local_setup.zsh
-- Symlinking: /home/moonlab/ros2_ws/install/my_sim_tesi_gazebo/share/my_sim_tesi_gazebo/local_setup.dsv
-- Symlinking: /home/moonlab/ros2_ws/install/my_sim_tesi_gazebo/share/my_sim_tesi_gazebo/package.dsv
-- Symlinking: /home/moonlab/ros2_ws/install/my_sim_tesi_gazebo/share/ament_index/resource_index/packages/my_sim_tesi_gazebo
-- Symlinking: /home/moonlab/ros2_ws/install/my_sim_tesi_gazebo/share/my_sim_tesi_gazebo/cmake/my_sim_tesi_gazeboConfig.cmake
-- Symlinking: /home/moonlab/ros2_ws/install/my_sim_tesi_gazebo/share/my_sim_tesi_gazebo/cmake/my_sim_tesi_gazeboConfig-version.cmake
-- Symlinking: /home/moonlab/ros2_ws/install/my_sim_tesi_gazebo/share/my_sim_tesi_gazebo/package.xml
