[0.007s] Invoking command in '/home/moonlab/ros2_ws/build/my_sim_tesi_gazebo': CMAKE_PREFIX_PATH=${CMAKE_PREFIX_PATH}:/opt/ros/humble /usr/bin/cmake --build /home/moonlab/ros2_ws/build/my_sim_tesi_gazebo -- -j24 -l24
[0.029s] Invoked command in '/home/moonlab/ros2_ws/build/my_sim_tesi_gazebo' returned '0': CMAKE_PREFIX_PATH=${CMAKE_PREFIX_PATH}:/opt/ros/humble /usr/bin/cmake --build /home/moonlab/ros2_ws/build/my_sim_tesi_gazebo -- -j24 -l24
[0.036s] Invoking command in '/home/moonlab/ros2_ws/build/my_sim_tesi_gazebo': CMAKE_PREFIX_PATH=${CMAKE_PREFIX_PATH}:/opt/ros/humble /usr/bin/cmake --install /home/moonlab/ros2_ws/build/my_sim_tesi_gazebo
[0.040s] -- Install configuration: ""
[0.040s] -- Execute custom install script
[0.041s] -- Up-to-date symlink: /home/moonlab/ros2_ws/install/my_sim_tesi_gazebo/share/my_sim_tesi_gazebo/models/Depot/materials/scripts/model.material
[0.041s] -- Up-to-date symlink: /home/moonlab/ros2_ws/install/my_sim_tesi_gazebo/share/my_sim_tesi_gazebo/models/Depot/materials/textures/BOXSET_Albedo.png
[0.041s] -- Up-to-date symlink: /home/moonlab/ros2_ws/install/my_sim_tesi_gazebo/share/my_sim_tesi_gazebo/models/Depot/materials/textures/BOXSET_Emissive.png
[0.041s] -- Up-to-date symlink: /home/moonlab/ros2_ws/install/my_sim_tesi_gazebo/share/my_sim_tesi_gazebo/models/Depot/materials/textures/BOXSET_Metalness.png
[0.041s] -- Up-to-date symlink: /home/moonlab/ros2_ws/install/my_sim_tesi_gazebo/share/my_sim_tesi_gazebo/models/Depot/materials/textures/BOXSET_Normal.png
[0.042s] -- Up-to-date symlink: /home/moonlab/ros2_ws/install/my_sim_tesi_gazebo/share/my_sim_tesi_gazebo/models/Depot/materials/textures/BOXSET_Roughness.png
[0.042s] -- Up-to-date symlink: /home/moonlab/ros2_ws/install/my_sim_tesi_gazebo/share/my_sim_tesi_gazebo/models/Depot/materials/textures/Crates_Crates_BaseColor.png
[0.042s] -- Up-to-date symlink: /home/moonlab/ros2_ws/install/my_sim_tesi_gazebo/share/my_sim_tesi_gazebo/models/Depot/materials/textures/Crates_Crates_Normal.png
[0.042s] -- Up-to-date symlink: /home/moonlab/ros2_ws/install/my_sim_tesi_gazebo/share/my_sim_tesi_gazebo/models/Depot/materials/textures/Crates_Crates_Roughness.png
[0.042s] -- Up-to-date symlink: /home/moonlab/ros2_ws/install/my_sim_tesi_gazebo/share/my_sim_tesi_gazebo/models/Depot/materials/textures/DepotLightmap.png
[0.042s] -- Up-to-date symlink: /home/moonlab/ros2_ws/install/my_sim_tesi_gazebo/share/my_sim_tesi_gazebo/models/Depot/materials/textures/FANS_Albedo.png
[0.042s] -- Up-to-date symlink: /home/moonlab/ros2_ws/install/my_sim_tesi_gazebo/share/my_sim_tesi_gazebo/models/Depot/materials/textures/FANS_Metalness.png
[0.042s] -- Up-to-date symlink: /home/moonlab/ros2_ws/install/my_sim_tesi_gazebo/share/my_sim_tesi_gazebo/models/Depot/materials/textures/FANS_Normal.png
[0.042s] -- Up-to-date symlink: /home/moonlab/ros2_ws/install/my_sim_tesi_gazebo/share/my_sim_tesi_gazebo/models/Depot/materials/textures/FANS_Roughness.png
[0.042s] -- Up-to-date symlink: /home/moonlab/ros2_ws/install/my_sim_tesi_gazebo/share/my_sim_tesi_gazebo/models/Depot/materials/textures/FLOOR_Albedo.png
[0.042s] -- Up-to-date symlink: /home/moonlab/ros2_ws/install/my_sim_tesi_gazebo/share/my_sim_tesi_gazebo/models/Depot/materials/textures/FLOOR_Metalness.png
[0.042s] -- Up-to-date symlink: /home/moonlab/ros2_ws/install/my_sim_tesi_gazebo/share/my_sim_tesi_gazebo/models/Depot/materials/textures/FLOOR_Normal.png
[0.042s] -- Up-to-date symlink: /home/moonlab/ros2_ws/install/my_sim_tesi_gazebo/share/my_sim_tesi_gazebo/models/Depot/materials/textures/FLOOR_Roughness.png
[0.042s] -- Up-to-date symlink: /home/moonlab/ros2_ws/install/my_sim_tesi_gazebo/share/my_sim_tesi_gazebo/models/Depot/materials/textures/FanBack_FanBack_BaseColor.png
[0.042s] -- Up-to-date symlink: /home/moonlab/ros2_ws/install/my_sim_tesi_gazebo/share/my_sim_tesi_gazebo/models/Depot/materials/textures/FireAlarmPole_Albedo.png
[0.043s] -- Up-to-date symlink: /home/moonlab/ros2_ws/install/my_sim_tesi_gazebo/share/my_sim_tesi_gazebo/models/Depot/materials/textures/FireAlarmPole_Metalness.png
[0.043s] -- Up-to-date symlink: /home/moonlab/ros2_ws/install/my_sim_tesi_gazebo/share/my_sim_tesi_gazebo/models/Depot/materials/textures/FireAlarmPole_Normal.png
[0.043s] -- Up-to-date symlink: /home/moonlab/ros2_ws/install/my_sim_tesi_gazebo/share/my_sim_tesi_gazebo/models/Depot/materials/textures/FireAlarmPole_Roughness.png
[0.043s] -- Up-to-date symlink: /home/moonlab/ros2_ws/install/my_sim_tesi_gazebo/share/my_sim_tesi_gazebo/models/Depot/materials/textures/FireAlarm_Albedo.png
[0.043s] -- Up-to-date symlink: /home/moonlab/ros2_ws/install/my_sim_tesi_gazebo/share/my_sim_tesi_gazebo/models/Depot/materials/textures/FireAlarm_Metalness.png
[0.043s] -- Up-to-date symlink: /home/moonlab/ros2_ws/install/my_sim_tesi_gazebo/share/my_sim_tesi_gazebo/models/Depot/materials/textures/FireAlarm_Normal.png
[0.043s] -- Up-to-date symlink: /home/moonlab/ros2_ws/install/my_sim_tesi_gazebo/share/my_sim_tesi_gazebo/models/Depot/materials/textures/FireAlarm_Roughness.png
[0.043s] -- Up-to-date symlink: /home/moonlab/ros2_ws/install/my_sim_tesi_gazebo/share/my_sim_tesi_gazebo/models/Depot/materials/textures/Forklift_Forklift_BaseColor.png
[0.043s] -- Up-to-date symlink: /home/moonlab/ros2_ws/install/my_sim_tesi_gazebo/share/my_sim_tesi_gazebo/models/Depot/materials/textures/Forklift_Forklift_Metallic.png
[0.043s] -- Up-to-date symlink: /home/moonlab/ros2_ws/install/my_sim_tesi_gazebo/share/my_sim_tesi_gazebo/models/Depot/materials/textures/Forklift_Forklift_Normal.png
[0.043s] -- Up-to-date symlink: /home/moonlab/ros2_ws/install/my_sim_tesi_gazebo/share/my_sim_tesi_gazebo/models/Depot/materials/textures/Forklift_Forklift_Roughness.png
[0.043s] -- Up-to-date symlink: /home/moonlab/ros2_ws/install/my_sim_tesi_gazebo/share/my_sim_tesi_gazebo/models/Depot/materials/textures/INTERCOM_Albedo.png
[0.044s] -- Up-to-date symlink: /home/moonlab/ros2_ws/install/my_sim_tesi_gazebo/share/my_sim_tesi_gazebo/models/Depot/materials/textures/INTERCOM_Emissive.png
[0.044s] -- Up-to-date symlink: /home/moonlab/ros2_ws/install/my_sim_tesi_gazebo/share/my_sim_tesi_gazebo/models/Depot/materials/textures/INTERCOM_Metalness.png
[0.044s] -- Up-to-date symlink: /home/moonlab/ros2_ws/install/my_sim_tesi_gazebo/share/my_sim_tesi_gazebo/models/Depot/materials/textures/INTERCOM_Normal.png
[0.044s] -- Up-to-date symlink: /home/moonlab/ros2_ws/install/my_sim_tesi_gazebo/share/my_sim_tesi_gazebo/models/Depot/materials/textures/INTERCOM_Roughness.png
[0.044s] -- Up-to-date symlink: /home/moonlab/ros2_ws/install/my_sim_tesi_gazebo/share/my_sim_tesi_gazebo/models/Depot/materials/textures/PILLERS_Albedo.png
[0.044s] -- Up-to-date symlink: /home/moonlab/ros2_ws/install/my_sim_tesi_gazebo/share/my_sim_tesi_gazebo/models/Depot/materials/textures/PILLERS_Metalness.png
[0.044s] -- Up-to-date symlink: /home/moonlab/ros2_ws/install/my_sim_tesi_gazebo/share/my_sim_tesi_gazebo/models/Depot/materials/textures/PILLERS_Normal.png
[0.044s] -- Up-to-date symlink: /home/moonlab/ros2_ws/install/my_sim_tesi_gazebo/share/my_sim_tesi_gazebo/models/Depot/materials/textures/PILLERS_Roughness.png
[0.044s] -- Up-to-date symlink: /home/moonlab/ros2_ws/install/my_sim_tesi_gazebo/share/my_sim_tesi_gazebo/models/Depot/materials/textures/Pipes_Albedo.png
[0.044s] -- Up-to-date symlink: /home/moonlab/ros2_ws/install/my_sim_tesi_gazebo/share/my_sim_tesi_gazebo/models/Depot/materials/textures/Pipes_Metalness.png
[0.044s] -- Up-to-date symlink: /home/moonlab/ros2_ws/install/my_sim_tesi_gazebo/share/my_sim_tesi_gazebo/models/Depot/materials/textures/Pipes_Normal.png
[0.044s] -- Up-to-date symlink: /home/moonlab/ros2_ws/install/my_sim_tesi_gazebo/share/my_sim_tesi_gazebo/models/Depot/materials/textures/Pipes_Roughness.png
[0.044s] -- Up-to-date symlink: /home/moonlab/ros2_ws/install/my_sim_tesi_gazebo/share/my_sim_tesi_gazebo/models/Depot/materials/textures/ROOF_Albedo.png
[0.044s] -- Up-to-date symlink: /home/moonlab/ros2_ws/install/my_sim_tesi_gazebo/share/my_sim_tesi_gazebo/models/Depot/materials/textures/ROOF_Emissive.png
[0.044s] -- Up-to-date symlink: /home/moonlab/ros2_ws/install/my_sim_tesi_gazebo/share/my_sim_tesi_gazebo/models/Depot/materials/textures/ROOF_Metalness.png
[0.045s] -- Up-to-date symlink: /home/moonlab/ros2_ws/install/my_sim_tesi_gazebo/share/my_sim_tesi_gazebo/models/Depot/materials/textures/ROOF_Normal.png
[0.045s] -- Up-to-date symlink: /home/moonlab/ros2_ws/install/my_sim_tesi_gazebo/share/my_sim_tesi_gazebo/models/Depot/materials/textures/ROOF_Roughness.png
[0.045s] -- Up-to-date symlink: /home/moonlab/ros2_ws/install/my_sim_tesi_gazebo/share/my_sim_tesi_gazebo/models/Depot/materials/textures/STAIRS_Albedo.png
[0.045s] -- Up-to-date symlink: /home/moonlab/ros2_ws/install/my_sim_tesi_gazebo/share/my_sim_tesi_gazebo/models/Depot/materials/textures/STAIRS_Metalness.png
[0.045s] -- Up-to-date symlink: /home/moonlab/ros2_ws/install/my_sim_tesi_gazebo/share/my_sim_tesi_gazebo/models/Depot/materials/textures/STAIRS_Normal.png
[0.045s] -- Up-to-date symlink: /home/moonlab/ros2_ws/install/my_sim_tesi_gazebo/share/my_sim_tesi_gazebo/models/Depot/materials/textures/STAIRS_Roughness.png
[0.045s] -- Up-to-date symlink: /home/moonlab/ros2_ws/install/my_sim_tesi_gazebo/share/my_sim_tesi_gazebo/models/Depot/materials/textures/WALLS_Albedo.png
[0.045s] -- Up-to-date symlink: /home/moonlab/ros2_ws/install/my_sim_tesi_gazebo/share/my_sim_tesi_gazebo/models/Depot/materials/textures/WALLS_Metalness.png
[0.045s] -- Up-to-date symlink: /home/moonlab/ros2_ws/install/my_sim_tesi_gazebo/share/my_sim_tesi_gazebo/models/Depot/materials/textures/WALLS_Normal.png
[0.045s] -- Up-to-date symlink: /home/moonlab/ros2_ws/install/my_sim_tesi_gazebo/share/my_sim_tesi_gazebo/models/Depot/materials/textures/WALLS_Roughness.png
[0.045s] -- Up-to-date symlink: /home/moonlab/ros2_ws/install/my_sim_tesi_gazebo/share/my_sim_tesi_gazebo/models/Depot/materials/textures/Window_WINDOW_BaseColor.png
[0.045s] -- Up-to-date symlink: /home/moonlab/ros2_ws/install/my_sim_tesi_gazebo/share/my_sim_tesi_gazebo/models/Depot/materials/textures/Window_WINDOW_Metallic.png
[0.045s] -- Up-to-date symlink: /home/moonlab/ros2_ws/install/my_sim_tesi_gazebo/share/my_sim_tesi_gazebo/models/Depot/materials/textures/Window_WINDOW_Roughness.png
[0.045s] -- Up-to-date symlink: /home/moonlab/ros2_ws/install/my_sim_tesi_gazebo/share/my_sim_tesi_gazebo/models/Depot/meshes/Crates.dae
[0.045s] -- Up-to-date symlink: /home/moonlab/ros2_ws/install/my_sim_tesi_gazebo/share/my_sim_tesi_gazebo/models/Depot/meshes/Depot.dae
[0.045s] -- Up-to-date symlink: /home/moonlab/ros2_ws/install/my_sim_tesi_gazebo/share/my_sim_tesi_gazebo/models/Depot/model.config
[0.045s] -- Up-to-date symlink: /home/moonlab/ros2_ws/install/my_sim_tesi_gazebo/share/my_sim_tesi_gazebo/models/Depot/model.sdf
[0.045s] -- Up-to-date symlink: /home/moonlab/ros2_ws/install/my_sim_tesi_gazebo/share/my_sim_tesi_gazebo/models/Depot/thumbnails/0.png
[0.046s] -- Up-to-date symlink: /home/moonlab/ros2_ws/install/my_sim_tesi_gazebo/share/my_sim_tesi_gazebo/models/Depot/thumbnails/1.png
[0.046s] -- Up-to-date symlink: /home/moonlab/ros2_ws/install/my_sim_tesi_gazebo/share/my_sim_tesi_gazebo/models/Depot/thumbnails/2.png
[0.046s] -- Up-to-date symlink: /home/moonlab/ros2_ws/install/my_sim_tesi_gazebo/share/my_sim_tesi_gazebo/models/Depot/thumbnails/3.png
[0.046s] -- Up-to-date symlink: /home/moonlab/ros2_ws/install/my_sim_tesi_gazebo/share/my_sim_tesi_gazebo/models/Depot/thumbnails/4.png
[0.046s] -- Up-to-date symlink: /home/moonlab/ros2_ws/install/my_sim_tesi_gazebo/share/my_sim_tesi_gazebo/models/Depot/thumbnails/5.png
[0.046s] -- Up-to-date symlink: /home/moonlab/ros2_ws/install/my_sim_tesi_gazebo/share/my_sim_tesi_gazebo/models/garage_door/model.config
[0.046s] -- Up-to-date symlink: /home/moonlab/ros2_ws/install/my_sim_tesi_gazebo/share/my_sim_tesi_gazebo/models/garage_door/model.sdf
[0.046s] -- Up-to-date symlink: /home/moonlab/ros2_ws/install/my_sim_tesi_gazebo/share/my_sim_tesi_gazebo/models/pallet_box_mobile/meshes/Box_paper_04_1_Base_Color.png
[0.046s] -- Up-to-date symlink: /home/moonlab/ros2_ws/install/my_sim_tesi_gazebo/share/my_sim_tesi_gazebo/models/pallet_box_mobile/meshes/boxes.dae
[0.046s] -- Up-to-date symlink: /home/moonlab/ros2_ws/install/my_sim_tesi_gazebo/share/my_sim_tesi_gazebo/models/pallet_box_mobile/model.config
[0.046s] -- Up-to-date symlink: /home/moonlab/ros2_ws/install/my_sim_tesi_gazebo/share/my_sim_tesi_gazebo/models/pallet_box_mobile/model.sdf
[0.046s] -- Up-to-date symlink: /home/moonlab/ros2_ws/install/my_sim_tesi_gazebo/share/my_sim_tesi_gazebo/models/pallet_box_mobile/thumbnails/1.png
[0.046s] -- Up-to-date symlink: /home/moonlab/ros2_ws/install/my_sim_tesi_gazebo/share/my_sim_tesi_gazebo/models/parallelepiped/model.config
[0.047s] -- Up-to-date symlink: /home/moonlab/ros2_ws/install/my_sim_tesi_gazebo/share/my_sim_tesi_gazebo/models/parallelepiped/model.sdf
[0.047s] -- Up-to-date symlink: /home/moonlab/ros2_ws/install/my_sim_tesi_gazebo/share/my_sim_tesi_gazebo/models/pioneer2dx/materials/textures/68-02421-8000-RA_Turtlebot_F-F_Standoff_color.png
[0.047s] -- Up-to-date symlink: /home/moonlab/ros2_ws/install/my_sim_tesi_gazebo/share/my_sim_tesi_gazebo/models/pioneer2dx/materials/textures/68-04552-1000-RA_Turtlebot_M-F_Standoff_color.png
[0.047s] -- Up-to-date symlink: /home/moonlab/ros2_ws/install/my_sim_tesi_gazebo/share/my_sim_tesi_gazebo/models/pioneer2dx/materials/textures/68-04552-2000-RA_Turtlebot_M-F_Standoff_color.png
[0.047s] -- Up-to-date symlink: /home/moonlab/ros2_ws/install/my_sim_tesi_gazebo/share/my_sim_tesi_gazebo/models/pioneer2dx/materials/textures/create_body.png
[0.047s] -- Up-to-date symlink: /home/moonlab/ros2_ws/install/my_sim_tesi_gazebo/share/my_sim_tesi_gazebo/models/pioneer2dx/materials/textures/plate_0_logo.png
[0.047s] -- Up-to-date symlink: /home/moonlab/ros2_ws/install/my_sim_tesi_gazebo/share/my_sim_tesi_gazebo/models/pioneer2dx/materials/textures/plate_1_logo.png
[0.047s] -- Up-to-date symlink: /home/moonlab/ros2_ws/install/my_sim_tesi_gazebo/share/my_sim_tesi_gazebo/models/pioneer2dx/materials/textures/plate_2_logo.png
[0.047s] -- Up-to-date symlink: /home/moonlab/ros2_ws/install/my_sim_tesi_gazebo/share/my_sim_tesi_gazebo/models/pioneer2dx/meshes/chassis.dae
[0.047s] -- Up-to-date symlink: /home/moonlab/ros2_ws/install/my_sim_tesi_gazebo/share/my_sim_tesi_gazebo/models/pioneer2dx/meshes/wheel.dae
[0.047s] -- Up-to-date symlink: /home/moonlab/ros2_ws/install/my_sim_tesi_gazebo/share/my_sim_tesi_gazebo/models/pioneer2dx/model-1_2.sdf
[0.047s] -- Up-to-date symlink: /home/moonlab/ros2_ws/install/my_sim_tesi_gazebo/share/my_sim_tesi_gazebo/models/pioneer2dx/model-1_3.sdf
[0.047s] -- Up-to-date symlink: /home/moonlab/ros2_ws/install/my_sim_tesi_gazebo/share/my_sim_tesi_gazebo/models/pioneer2dx/model-1_4.sdf
[0.048s] -- Up-to-date symlink: /home/moonlab/ros2_ws/install/my_sim_tesi_gazebo/share/my_sim_tesi_gazebo/models/pioneer2dx/model.config
[0.048s] -- Up-to-date symlink: /home/moonlab/ros2_ws/install/my_sim_tesi_gazebo/share/my_sim_tesi_gazebo/models/pioneer2dx/model.sdf
[0.048s] -- Up-to-date symlink: /home/moonlab/ros2_ws/install/my_sim_tesi_gazebo/share/my_sim_tesi_gazebo/models/pioneer2dx/thumbnails/1.png
[0.048s] -- Up-to-date symlink: /home/moonlab/ros2_ws/install/my_sim_tesi_gazebo/share/my_sim_tesi_gazebo/models/pioneer2dx/thumbnails/2.png
[0.048s] -- Up-to-date symlink: /home/moonlab/ros2_ws/install/my_sim_tesi_gazebo/share/my_sim_tesi_gazebo/models/pioneer2dx/thumbnails/3.png
[0.048s] -- Up-to-date symlink: /home/moonlab/ros2_ws/install/my_sim_tesi_gazebo/share/my_sim_tesi_gazebo/models/pioneer2dx/thumbnails/4.png
[0.048s] -- Up-to-date symlink: /home/moonlab/ros2_ws/install/my_sim_tesi_gazebo/share/my_sim_tesi_gazebo/models/pioneer2dx/thumbnails/5.png
[0.048s] -- Up-to-date symlink: /home/moonlab/ros2_ws/install/my_sim_tesi_gazebo/share/my_sim_tesi_gazebo/models/quadcopter/materials/textures/led.jpg
[0.048s] -- Up-to-date symlink: /home/moonlab/ros2_ws/install/my_sim_tesi_gazebo/share/my_sim_tesi_gazebo/models/quadcopter/materials/textures/spotlight.jpg
[0.048s] -- Up-to-date symlink: /home/moonlab/ros2_ws/install/my_sim_tesi_gazebo/share/my_sim_tesi_gazebo/models/quadcopter/meshes/iris.dae
[0.048s] -- Up-to-date symlink: /home/moonlab/ros2_ws/install/my_sim_tesi_gazebo/share/my_sim_tesi_gazebo/models/quadcopter/meshes/led.dae
[0.048s] -- Up-to-date symlink: /home/moonlab/ros2_ws/install/my_sim_tesi_gazebo/share/my_sim_tesi_gazebo/models/quadcopter/meshes/led_lamp.dae
[0.048s] -- Up-to-date symlink: /home/moonlab/ros2_ws/install/my_sim_tesi_gazebo/share/my_sim_tesi_gazebo/models/quadcopter/meshes/propeller_ccw.dae
[0.048s] -- Up-to-date symlink: /home/moonlab/ros2_ws/install/my_sim_tesi_gazebo/share/my_sim_tesi_gazebo/models/quadcopter/meshes/propeller_cw.dae
[0.048s] -- Up-to-date symlink: /home/moonlab/ros2_ws/install/my_sim_tesi_gazebo/share/my_sim_tesi_gazebo/models/quadcopter/meshes/spotlight.dae
[0.048s] -- Up-to-date symlink: /home/moonlab/ros2_ws/install/my_sim_tesi_gazebo/share/my_sim_tesi_gazebo/models/quadcopter/meshes/vi_camera.dae
[0.049s] -- Up-to-date symlink: /home/moonlab/ros2_ws/install/my_sim_tesi_gazebo/share/my_sim_tesi_gazebo/models/quadcopter/meshes/vi_camera.jpg
[0.049s] -- Up-to-date symlink: /home/moonlab/ros2_ws/install/my_sim_tesi_gazebo/share/my_sim_tesi_gazebo/models/quadcopter/meshes/vi_sensor.dae
[0.049s] -- Up-to-date symlink: /home/moonlab/ros2_ws/install/my_sim_tesi_gazebo/share/my_sim_tesi_gazebo/models/quadcopter/meshes/vi_sensor.jpg
[0.049s] -- Up-to-date symlink: /home/moonlab/ros2_ws/install/my_sim_tesi_gazebo/share/my_sim_tesi_gazebo/models/quadcopter/meshes/x3.dae
[0.049s] -- Up-to-date symlink: /home/moonlab/ros2_ws/install/my_sim_tesi_gazebo/share/my_sim_tesi_gazebo/models/quadcopter/meshes/x3.jpg
[0.049s] -- Up-to-date symlink: /home/moonlab/ros2_ws/install/my_sim_tesi_gazebo/share/my_sim_tesi_gazebo/models/quadcopter/model.config
[0.049s] -- Up-to-date symlink: /home/moonlab/ros2_ws/install/my_sim_tesi_gazebo/share/my_sim_tesi_gazebo/models/quadcopter/model.sdf
[0.049s] -- Up-to-date symlink: /home/moonlab/ros2_ws/install/my_sim_tesi_gazebo/share/my_sim_tesi_gazebo/models/quadcopter/thumbnails/1.jpg
[0.049s] -- Up-to-date symlink: /home/moonlab/ros2_ws/install/my_sim_tesi_gazebo/share/my_sim_tesi_gazebo/models/quadcopter/thumbnails/2.jpg
[0.049s] -- Up-to-date symlink: /home/moonlab/ros2_ws/install/my_sim_tesi_gazebo/share/my_sim_tesi_gazebo/models/quadcopter/thumbnails/3.jpg
[0.049s] -- Up-to-date symlink: /home/moonlab/ros2_ws/install/my_sim_tesi_gazebo/share/my_sim_tesi_gazebo/models/quadcopter/thumbnails/4.jpg
[0.049s] -- Up-to-date symlink: /home/moonlab/ros2_ws/install/my_sim_tesi_gazebo/share/my_sim_tesi_gazebo/models/quadcopter/thumbnails/5.jpg
[0.049s] -- Up-to-date symlink: /home/moonlab/ros2_ws/install/my_sim_tesi_gazebo/share/my_sim_tesi_gazebo/models/shelf/meshes/Box_paper_04_1_Base_Color.png
[0.049s] -- Up-to-date symlink: /home/moonlab/ros2_ws/install/my_sim_tesi_gazebo/share/my_sim_tesi_gazebo/models/shelf/meshes/shelf_big_movai.dae
[0.049s] -- Up-to-date symlink: /home/moonlab/ros2_ws/install/my_sim_tesi_gazebo/share/my_sim_tesi_gazebo/models/shelf/model.config
[0.050s] -- Up-to-date symlink: /home/moonlab/ros2_ws/install/my_sim_tesi_gazebo/share/my_sim_tesi_gazebo/models/shelf/model.sdf
[0.050s] -- Up-to-date symlink: /home/moonlab/ros2_ws/install/my_sim_tesi_gazebo/share/my_sim_tesi_gazebo/models/shelf/thumbnails/1.png
[0.050s] -- Up-to-date symlink: /home/moonlab/ros2_ws/install/my_sim_tesi_gazebo/share/my_sim_tesi_gazebo/models/shelf_big/meshes/Box_paper_04_1_Base_Color.png
[0.050s] -- Up-to-date symlink: /home/moonlab/ros2_ws/install/my_sim_tesi_gazebo/share/my_sim_tesi_gazebo/models/shelf_big/meshes/shelf_big_movai.dae
[0.050s] -- Up-to-date symlink: /home/moonlab/ros2_ws/install/my_sim_tesi_gazebo/share/my_sim_tesi_gazebo/models/shelf_big/model.config
[0.050s] -- Up-to-date symlink: /home/moonlab/ros2_ws/install/my_sim_tesi_gazebo/share/my_sim_tesi_gazebo/models/shelf_big/model.sdf
[0.050s] -- Up-to-date symlink: /home/moonlab/ros2_ws/install/my_sim_tesi_gazebo/share/my_sim_tesi_gazebo/models/shelf_big/thumbnails/1.png
[0.050s] -- Up-to-date symlink: /home/moonlab/ros2_ws/install/my_sim_tesi_gazebo/share/my_sim_tesi_gazebo/worlds/my_world.sdf
[0.050s] -- Up-to-date symlink: /home/moonlab/ros2_ws/install/my_sim_tesi_gazebo/share/ament_index/resource_index/package_run_dependencies/my_sim_tesi_gazebo
[0.050s] -- Up-to-date symlink: /home/moonlab/ros2_ws/install/my_sim_tesi_gazebo/share/ament_index/resource_index/parent_prefix_path/my_sim_tesi_gazebo
[0.050s] -- Up-to-date symlink: /home/moonlab/ros2_ws/install/my_sim_tesi_gazebo/share/my_sim_tesi_gazebo/environment/ament_prefix_path.sh
[0.051s] -- Up-to-date symlink: /home/moonlab/ros2_ws/install/my_sim_tesi_gazebo/share/my_sim_tesi_gazebo/environment/ament_prefix_path.dsv
[0.051s] -- Up-to-date symlink: /home/moonlab/ros2_ws/install/my_sim_tesi_gazebo/share/my_sim_tesi_gazebo/environment/path.sh
[0.051s] -- Up-to-date symlink: /home/moonlab/ros2_ws/install/my_sim_tesi_gazebo/share/my_sim_tesi_gazebo/environment/path.dsv
[0.051s] -- Up-to-date symlink: /home/moonlab/ros2_ws/install/my_sim_tesi_gazebo/share/my_sim_tesi_gazebo/local_setup.bash
[0.051s] -- Up-to-date symlink: /home/moonlab/ros2_ws/install/my_sim_tesi_gazebo/share/my_sim_tesi_gazebo/local_setup.sh
[0.051s] -- Up-to-date symlink: /home/moonlab/ros2_ws/install/my_sim_tesi_gazebo/share/my_sim_tesi_gazebo/local_setup.zsh
[0.051s] -- Up-to-date symlink: /home/moonlab/ros2_ws/install/my_sim_tesi_gazebo/share/my_sim_tesi_gazebo/local_setup.dsv
[0.051s] -- Up-to-date symlink: /home/moonlab/ros2_ws/install/my_sim_tesi_gazebo/share/my_sim_tesi_gazebo/package.dsv
[0.051s] -- Up-to-date symlink: /home/moonlab/ros2_ws/install/my_sim_tesi_gazebo/share/ament_index/resource_index/packages/my_sim_tesi_gazebo
[0.051s] -- Up-to-date symlink: /home/moonlab/ros2_ws/install/my_sim_tesi_gazebo/share/my_sim_tesi_gazebo/cmake/my_sim_tesi_gazeboConfig.cmake
[0.051s] -- Up-to-date symlink: /home/moonlab/ros2_ws/install/my_sim_tesi_gazebo/share/my_sim_tesi_gazebo/cmake/my_sim_tesi_gazeboConfig-version.cmake
[0.051s] -- Up-to-date symlink: /home/moonlab/ros2_ws/install/my_sim_tesi_gazebo/share/my_sim_tesi_gazebo/package.xml
[0.062s] Invoked command in '/home/moonlab/ros2_ws/build/my_sim_tesi_gazebo' returned '0': CMAKE_PREFIX_PATH=${CMAKE_PREFIX_PATH}:/opt/ros/humble /usr/bin/cmake --install /home/moonlab/ros2_ws/build/my_sim_tesi_gazebo
