[0.007s] Invoking command in '/home/moonlab/ros2_ws/build/my_sim_tesi_ros2_nodes': CMAKE_PREFIX_PATH=/home/moonlab/ros2_ws/install/my_sim_tesi_ros2_interfaces:/home/moonlab/ros2_ws/install/my_sim_tesi_ros2_nodes:/home/moonlab/ros2_ws/install/my_sim_tesi_gazebo:/home/moonlab/ros2_ws/install/my_sim_tesi_bringup:/opt/ros/humble LD_LIBRARY_PATH=/home/moonlab/ros2_ws/install/my_sim_tesi_ros2_interfaces/lib:/home/moonlab/ros2_ws/install/my_sim_tesi_ros2_nodes/lib:/usr/lib/x86_64-linux-gnu/gazebo-11/plugins:/opt/ros/humble/opt/rviz_ogre_vendor/lib:/opt/ros/humble/lib/x86_64-linux-gnu:/opt/ros/humble/lib /usr/bin/cmake /home/moonlab/ros2_ws/src/ros2_ignition_thesis/my_sim_tesi_ros2_nodes -DCMAKE_INSTALL_PREFIX=/home/moonlab/ros2_ws/install/my_sim_tesi_ros2_nodes
[0.014s] -- Found ament_cmake: 1.3.12 (/opt/ros/humble/share/ament_cmake/cmake)
[0.077s] -- Override CMake install command with custom implementation using symlinks instead of copying resources
[0.081s] -- Found my_sim_tesi_ros2_interfaces: 0.0.0 (/home/moonlab/ros2_ws/install/my_sim_tesi_ros2_interfaces/share/my_sim_tesi_ros2_interfaces/cmake)
[0.094s] -- Found rosidl_generator_c: 3.1.7 (/opt/ros/humble/share/rosidl_generator_c/cmake)
[0.095s] -- Found rosidl_adapter: 3.1.7 (/opt/ros/humble/share/rosidl_adapter/cmake)
[0.098s] -- Found rosidl_generator_cpp: 3.1.7 (/opt/ros/humble/share/rosidl_generator_cpp/cmake)
[0.103s] -- Using all available rosidl_typesupport_c: rosidl_typesupport_fastrtps_c;rosidl_typesupport_introspection_c
[0.110s] -- Using all available rosidl_typesupport_cpp: rosidl_typesupport_fastrtps_cpp;rosidl_typesupport_introspection_cpp
[0.134s] -- Found rclcpp: 16.0.15 (/opt/ros/humble/share/rclcpp/cmake)
[0.156s] -- Found rmw_implementation_cmake: 6.1.2 (/opt/ros/humble/share/rmw_implementation_cmake/cmake)
[0.157s] -- Found rmw_fastrtps_cpp: 6.2.9 (/opt/ros/humble/share/rmw_fastrtps_cpp/cmake)
[0.232s] -- Using RMW implementation 'rmw_fastrtps_cpp' as default
[0.267s] -- Found rclcpp_action: 16.0.15 (/opt/ros/humble/share/rclcpp_action/cmake)
[0.273s] -- Found nav_msgs: 4.9.0 (/opt/ros/humble/share/nav_msgs/cmake)
[0.293s] -- Found rclcpp_components: 16.0.15 (/opt/ros/humble/share/rclcpp_components/cmake)
[0.307s] -- Found tf2_geometry_msgs: 0.25.16 (/opt/ros/humble/share/tf2_geometry_msgs/cmake)
[0.310s] -- Found eigen3_cmake_module: 0.1.1 (/opt/ros/humble/share/eigen3_cmake_module/cmake)
[0.311s] -- Ensuring Eigen3 include directory is part of orocos-kdl CMake target
[0.334s] -- Found sensor_msgs: 4.9.0 (/opt/ros/humble/share/sensor_msgs/cmake)
[0.386s] -- Configuring done
[0.406s] -- Generating done
[0.412s] -- Build files have been written to: /home/moonlab/ros2_ws/build/my_sim_tesi_ros2_nodes
[0.419s] Invoked command in '/home/moonlab/ros2_ws/build/my_sim_tesi_ros2_nodes' returned '0': CMAKE_PREFIX_PATH=/home/moonlab/ros2_ws/install/my_sim_tesi_ros2_interfaces:/home/moonlab/ros2_ws/install/my_sim_tesi_ros2_nodes:/home/moonlab/ros2_ws/install/my_sim_tesi_gazebo:/home/moonlab/ros2_ws/install/my_sim_tesi_bringup:/opt/ros/humble LD_LIBRARY_PATH=/home/moonlab/ros2_ws/install/my_sim_tesi_ros2_interfaces/lib:/home/moonlab/ros2_ws/install/my_sim_tesi_ros2_nodes/lib:/usr/lib/x86_64-linux-gnu/gazebo-11/plugins:/opt/ros/humble/opt/rviz_ogre_vendor/lib:/opt/ros/humble/lib/x86_64-linux-gnu:/opt/ros/humble/lib /usr/bin/cmake /home/moonlab/ros2_ws/src/ros2_ignition_thesis/my_sim_tesi_ros2_nodes -DCMAKE_INSTALL_PREFIX=/home/moonlab/ros2_ws/install/my_sim_tesi_ros2_nodes
[0.420s] Invoking command in '/home/moonlab/ros2_ws/build/my_sim_tesi_ros2_nodes': CMAKE_PREFIX_PATH=/home/moonlab/ros2_ws/install/my_sim_tesi_ros2_interfaces:/home/moonlab/ros2_ws/install/my_sim_tesi_ros2_nodes:/home/moonlab/ros2_ws/install/my_sim_tesi_gazebo:/home/moonlab/ros2_ws/install/my_sim_tesi_bringup:/opt/ros/humble LD_LIBRARY_PATH=/home/moonlab/ros2_ws/install/my_sim_tesi_ros2_interfaces/lib:/home/moonlab/ros2_ws/install/my_sim_tesi_ros2_nodes/lib:/usr/lib/x86_64-linux-gnu/gazebo-11/plugins:/opt/ros/humble/opt/rviz_ogre_vendor/lib:/opt/ros/humble/lib/x86_64-linux-gnu:/opt/ros/humble/lib /usr/bin/cmake --build /home/moonlab/ros2_ws/build/my_sim_tesi_ros2_nodes -- -j24 -l24
[0.446s] [35m[1mConsolidate compiler generated dependencies of target orchestrator[0m
[0.446s] [35m[1mConsolidate compiler generated dependencies of target pose_control_action_server[0m
[0.446s] [35m[1mConsolidate compiler generated dependencies of target action_server[0m
[0.446s] [35m[1mConsolidate compiler generated dependencies of target orchestrator_node[0m
[0.446s] [35m[1mConsolidate compiler generated dependencies of target action_client[0m
[0.446s] [35m[1mConsolidate compiler generated dependencies of target pose_control_action_client[0m
[0.464s] [ 16%] Built target orchestrator_node
[0.465s] [ 50%] Built target pose_control_action_client
[0.465s] [ 50%] Built target pose_control_action_server
[0.466s] [ 66%] Built target action_client
[0.467s] [ 83%] Built target orchestrator
[0.468s] [100%] Built target action_server
[0.475s] Invoked command in '/home/moonlab/ros2_ws/build/my_sim_tesi_ros2_nodes' returned '0': CMAKE_PREFIX_PATH=/home/moonlab/ros2_ws/install/my_sim_tesi_ros2_interfaces:/home/moonlab/ros2_ws/install/my_sim_tesi_ros2_nodes:/home/moonlab/ros2_ws/install/my_sim_tesi_gazebo:/home/moonlab/ros2_ws/install/my_sim_tesi_bringup:/opt/ros/humble LD_LIBRARY_PATH=/home/moonlab/ros2_ws/install/my_sim_tesi_ros2_interfaces/lib:/home/moonlab/ros2_ws/install/my_sim_tesi_ros2_nodes/lib:/usr/lib/x86_64-linux-gnu/gazebo-11/plugins:/opt/ros/humble/opt/rviz_ogre_vendor/lib:/opt/ros/humble/lib/x86_64-linux-gnu:/opt/ros/humble/lib /usr/bin/cmake --build /home/moonlab/ros2_ws/build/my_sim_tesi_ros2_nodes -- -j24 -l24
[0.476s] Invoking command in '/home/moonlab/ros2_ws/build/my_sim_tesi_ros2_nodes': CMAKE_PREFIX_PATH=/home/moonlab/ros2_ws/install/my_sim_tesi_ros2_interfaces:/home/moonlab/ros2_ws/install/my_sim_tesi_ros2_nodes:/home/moonlab/ros2_ws/install/my_sim_tesi_gazebo:/home/moonlab/ros2_ws/install/my_sim_tesi_bringup:/opt/ros/humble LD_LIBRARY_PATH=/home/moonlab/ros2_ws/install/my_sim_tesi_ros2_interfaces/lib:/home/moonlab/ros2_ws/install/my_sim_tesi_ros2_nodes/lib:/usr/lib/x86_64-linux-gnu/gazebo-11/plugins:/opt/ros/humble/opt/rviz_ogre_vendor/lib:/opt/ros/humble/lib/x86_64-linux-gnu:/opt/ros/humble/lib /usr/bin/cmake --install /home/moonlab/ros2_ws/build/my_sim_tesi_ros2_nodes
[0.480s] -- Install configuration: ""
[0.481s] -- Execute custom install script
[0.481s] -- Up-to-date symlink: /home/moonlab/ros2_ws/install/my_sim_tesi_ros2_nodes/lib/my_sim_tesi_ros2_nodes/pose_control_action_server
[0.481s] -- Up-to-date symlink: /home/moonlab/ros2_ws/install/my_sim_tesi_ros2_nodes/lib/my_sim_tesi_ros2_nodes/pose_control_action_client
[0.481s] -- Up-to-date symlink: /home/moonlab/ros2_ws/install/my_sim_tesi_ros2_nodes/lib/my_sim_tesi_ros2_nodes/orchestrator_node
[0.481s] -- Up-to-date symlink: /home/moonlab/ros2_ws/install/my_sim_tesi_ros2_nodes/lib/libaction_server.so
[0.481s] -- Up-to-date symlink: /home/moonlab/ros2_ws/install/my_sim_tesi_ros2_nodes/lib/libaction_client.so
[0.481s] -- Up-to-date symlink: /home/moonlab/ros2_ws/install/my_sim_tesi_ros2_nodes/lib/liborchestrator.so
[0.482s] -- Up-to-date symlink: /home/moonlab/ros2_ws/install/my_sim_tesi_ros2_nodes/include/my_sim_tesi_ros2_nodes/my_sim_tesi_ros2_nodes/orchestrator_node.hpp
[0.482s] -- Up-to-date symlink: /home/moonlab/ros2_ws/install/my_sim_tesi_ros2_nodes/include/my_sim_tesi_ros2_nodes/my_sim_tesi_ros2_nodes/pose_control_action_client.hpp
[0.482s] -- Up-to-date symlink: /home/moonlab/ros2_ws/install/my_sim_tesi_ros2_nodes/include/my_sim_tesi_ros2_nodes/my_sim_tesi_ros2_nodes/pose_control_action_server.hpp
[0.482s] -- Up-to-date symlink: /home/moonlab/ros2_ws/install/my_sim_tesi_ros2_nodes/share/ament_index/resource_index/package_run_dependencies/my_sim_tesi_ros2_nodes
[0.482s] -- Up-to-date symlink: /home/moonlab/ros2_ws/install/my_sim_tesi_ros2_nodes/share/ament_index/resource_index/parent_prefix_path/my_sim_tesi_ros2_nodes
[0.482s] -- Up-to-date symlink: /home/moonlab/ros2_ws/install/my_sim_tesi_ros2_nodes/share/my_sim_tesi_ros2_nodes/environment/ament_prefix_path.sh
[0.482s] -- Up-to-date symlink: /home/moonlab/ros2_ws/install/my_sim_tesi_ros2_nodes/share/my_sim_tesi_ros2_nodes/environment/ament_prefix_path.dsv
[0.482s] -- Up-to-date symlink: /home/moonlab/ros2_ws/install/my_sim_tesi_ros2_nodes/share/my_sim_tesi_ros2_nodes/environment/path.sh
[0.482s] -- Up-to-date symlink: /home/moonlab/ros2_ws/install/my_sim_tesi_ros2_nodes/share/my_sim_tesi_ros2_nodes/environment/path.dsv
[0.482s] -- Up-to-date symlink: /home/moonlab/ros2_ws/install/my_sim_tesi_ros2_nodes/share/my_sim_tesi_ros2_nodes/local_setup.bash
[0.482s] -- Up-to-date symlink: /home/moonlab/ros2_ws/install/my_sim_tesi_ros2_nodes/share/my_sim_tesi_ros2_nodes/local_setup.sh
[0.482s] -- Up-to-date symlink: /home/moonlab/ros2_ws/install/my_sim_tesi_ros2_nodes/share/my_sim_tesi_ros2_nodes/local_setup.zsh
[0.482s] -- Up-to-date symlink: /home/moonlab/ros2_ws/install/my_sim_tesi_ros2_nodes/share/my_sim_tesi_ros2_nodes/local_setup.dsv
[0.482s] -- Symlinking: /home/moonlab/ros2_ws/install/my_sim_tesi_ros2_nodes/share/my_sim_tesi_ros2_nodes/package.dsv
[0.488s] -- Up-to-date symlink: /home/moonlab/ros2_ws/install/my_sim_tesi_ros2_nodes/share/ament_index/resource_index/packages/my_sim_tesi_ros2_nodes
[0.488s] -- Up-to-date symlink: /home/moonlab/ros2_ws/install/my_sim_tesi_ros2_nodes/share/ament_index/resource_index/rclcpp_components/my_sim_tesi_ros2_nodes
[0.488s] -- Up-to-date symlink: /home/moonlab/ros2_ws/install/my_sim_tesi_ros2_nodes/share/my_sim_tesi_ros2_nodes/cmake/my_sim_tesi_ros2_nodesConfig.cmake
[0.488s] -- Up-to-date symlink: /home/moonlab/ros2_ws/install/my_sim_tesi_ros2_nodes/share/my_sim_tesi_ros2_nodes/cmake/my_sim_tesi_ros2_nodesConfig-version.cmake
[0.488s] -- Up-to-date symlink: /home/moonlab/ros2_ws/install/my_sim_tesi_ros2_nodes/share/my_sim_tesi_ros2_nodes/package.xml
[0.490s] Invoked command in '/home/moonlab/ros2_ws/build/my_sim_tesi_ros2_nodes' returned '0': CMAKE_PREFIX_PATH=/home/moonlab/ros2_ws/install/my_sim_tesi_ros2_interfaces:/home/moonlab/ros2_ws/install/my_sim_tesi_ros2_nodes:/home/moonlab/ros2_ws/install/my_sim_tesi_gazebo:/home/moonlab/ros2_ws/install/my_sim_tesi_bringup:/opt/ros/humble LD_LIBRARY_PATH=/home/moonlab/ros2_ws/install/my_sim_tesi_ros2_interfaces/lib:/home/moonlab/ros2_ws/install/my_sim_tesi_ros2_nodes/lib:/usr/lib/x86_64-linux-gnu/gazebo-11/plugins:/opt/ros/humble/opt/rviz_ogre_vendor/lib:/opt/ros/humble/lib/x86_64-linux-gnu:/opt/ros/humble/lib /usr/bin/cmake --install /home/moonlab/ros2_ws/build/my_sim_tesi_ros2_nodes
