[0.007s] Invoking command in '/home/moonlab/ros2_ws/build/turtlebot3_simulation': CMAKE_PREFIX_PATH=${CMAKE_PREFIX_PATH}:/home/moonlab/ros2_ws/install/turtlebot3_control:/opt/ros/humble /usr/bin/cmake /home/moonlab/ros2_ws/src/ros2_ignition_thesis/turtlebot3_simulation -DCMAKE_INSTALL_PREFIX=/home/moonlab/ros2_ws/install/turtlebot3_simulation
[0.043s] -- The C compiler identification is GNU 11.4.0
[0.078s] -- The CXX compiler identification is GNU 11.4.0
[0.082s] -- Detecting C compiler ABI info
[0.131s] -- Detecting C compiler ABI info - done
[0.135s] -- Check for working C compiler: /usr/bin/cc - skipped
[0.135s] -- Detecting C compile features
[0.135s] -- Detecting C compile features - done
[0.137s] -- Detecting CXX compiler ABI info
[0.190s] -- Detecting CXX compiler ABI info - done
[0.195s] -- Check for working CXX compiler: /usr/bin/c++ - skipped
[0.195s] -- Detecting CXX compile features
[0.195s] -- Detecting CXX compile features - done
[0.197s] -- Found ament_cmake: 1.3.12 (/opt/ros/humble/share/ament_cmake/cmake)
[0.295s] -- Found Python3: /usr/bin/python3 (found version "3.10.12") found components: Interpreter 
[0.355s] -- Found rclcpp: 16.0.15 (/opt/ros/humble/share/rclcpp/cmake)
[0.385s] -- Found rosidl_generator_c: 3.1.7 (/opt/ros/humble/share/rosidl_generator_c/cmake)
[0.390s] -- Found rosidl_adapter: 3.1.7 (/opt/ros/humble/share/rosidl_adapter/cmake)
[0.395s] -- Found rosidl_generator_cpp: 3.1.7 (/opt/ros/humble/share/rosidl_generator_cpp/cmake)
[0.403s] -- Using all available rosidl_typesupport_c: rosidl_typesupport_fastrtps_c;rosidl_typesupport_introspection_c
[0.414s] -- Using all available rosidl_typesupport_cpp: rosidl_typesupport_fastrtps_cpp;rosidl_typesupport_introspection_cpp
[0.443s] -- Found rmw_implementation_cmake: 6.1.2 (/opt/ros/humble/share/rmw_implementation_cmake/cmake)
[0.445s] -- Found rmw_fastrtps_cpp: 6.2.9 (/opt/ros/humble/share/rmw_fastrtps_cpp/cmake)
[0.510s] -- Found OpenSSL: /usr/lib/x86_64-linux-gnu/libcrypto.so (found version "3.0.2")  
[0.530s] -- Found FastRTPS: /opt/ros/humble/include  
[0.558s] -- Using RMW implementation 'rmw_fastrtps_cpp' as default
[0.564s] -- Looking for pthread.h
[0.610s] -- Looking for pthread.h - found
[0.610s] -- Performing Test CMAKE_HAVE_LIBC_PTHREAD
[0.655s] -- Performing Test CMAKE_HAVE_LIBC_PTHREAD - Success
[0.656s] -- Found Threads: TRUE  
[0.685s] -- Found geometry_msgs: 4.9.0 (/opt/ros/humble/share/geometry_msgs/cmake)
[0.694s] -- Found nav_msgs: 4.9.0 (/opt/ros/humble/share/nav_msgs/cmake)
[0.704s] -- Found sensor_msgs: 4.9.0 (/opt/ros/humble/share/sensor_msgs/cmake)
[0.714s] -- Found ament_lint_auto: 0.12.14 (/opt/ros/humble/share/ament_lint_auto/cmake)
[0.762s] -- Added test 'flake8' to check Python code syntax and style conventions
[0.762s] -- Added test 'lint_cmake' to check CMake code style
[0.762s] -- Added test 'pep257' to check Python code against some of the docstring style conventions in PEP 257
[0.763s] -- Added test 'xmllint' to check XML markup files
[0.764s] -- Configuring done
[0.767s] -- Generating done
[0.768s] -- Build files have been written to: /home/moonlab/ros2_ws/build/turtlebot3_simulation
[0.775s] Invoked command in '/home/moonlab/ros2_ws/build/turtlebot3_simulation' returned '0': CMAKE_PREFIX_PATH=${CMAKE_PREFIX_PATH}:/home/moonlab/ros2_ws/install/turtlebot3_control:/opt/ros/humble /usr/bin/cmake /home/moonlab/ros2_ws/src/ros2_ignition_thesis/turtlebot3_simulation -DCMAKE_INSTALL_PREFIX=/home/moonlab/ros2_ws/install/turtlebot3_simulation
[0.776s] Invoking command in '/home/moonlab/ros2_ws/build/turtlebot3_simulation': CMAKE_PREFIX_PATH=${CMAKE_PREFIX_PATH}:/home/moonlab/ros2_ws/install/turtlebot3_control:/opt/ros/humble /usr/bin/cmake --build /home/moonlab/ros2_ws/build/turtlebot3_simulation -- -j24 -l24
[0.802s] Invoked command in '/home/moonlab/ros2_ws/build/turtlebot3_simulation' returned '0': CMAKE_PREFIX_PATH=${CMAKE_PREFIX_PATH}:/home/moonlab/ros2_ws/install/turtlebot3_control:/opt/ros/humble /usr/bin/cmake --build /home/moonlab/ros2_ws/build/turtlebot3_simulation -- -j24 -l24
[0.807s] Invoking command in '/home/moonlab/ros2_ws/build/turtlebot3_simulation': CMAKE_PREFIX_PATH=${CMAKE_PREFIX_PATH}:/home/moonlab/ros2_ws/install/turtlebot3_control:/opt/ros/humble /usr/bin/cmake --install /home/moonlab/ros2_ws/build/turtlebot3_simulation
[0.812s] -- Install configuration: ""
[0.812s] -- Installing: /home/moonlab/ros2_ws/install/turtlebot3_simulation/share/turtlebot3_simulation//launch
[0.812s] -- Installing: /home/moonlab/ros2_ws/install/turtlebot3_simulation/share/turtlebot3_simulation//launch/turtlebot3_sim.launch.py
[0.812s] -- Installing: /home/moonlab/ros2_ws/install/turtlebot3_simulation/share/turtlebot3_simulation//worlds
[0.812s] -- Installing: /home/moonlab/ros2_ws/install/turtlebot3_simulation/share/turtlebot3_simulation//models
[0.812s] -- Installing: /home/moonlab/ros2_ws/install/turtlebot3_simulation/share/ament_index/resource_index/package_run_dependencies/turtlebot3_simulation
[0.812s] -- Installing: /home/moonlab/ros2_ws/install/turtlebot3_simulation/share/ament_index/resource_index/parent_prefix_path/turtlebot3_simulation
[0.812s] -- Installing: /home/moonlab/ros2_ws/install/turtlebot3_simulation/share/turtlebot3_simulation/environment/ament_prefix_path.sh
[0.812s] -- Installing: /home/moonlab/ros2_ws/install/turtlebot3_simulation/share/turtlebot3_simulation/environment/ament_prefix_path.dsv
[0.812s] -- Installing: /home/moonlab/ros2_ws/install/turtlebot3_simulation/share/turtlebot3_simulation/environment/path.sh
[0.812s] -- Installing: /home/moonlab/ros2_ws/install/turtlebot3_simulation/share/turtlebot3_simulation/environment/path.dsv
[0.813s] -- Installing: /home/moonlab/ros2_ws/install/turtlebot3_simulation/share/turtlebot3_simulation/local_setup.bash
[0.813s] -- Installing: /home/moonlab/ros2_ws/install/turtlebot3_simulation/share/turtlebot3_simulation/local_setup.sh
[0.813s] -- Installing: /home/moonlab/ros2_ws/install/turtlebot3_simulation/share/turtlebot3_simulation/local_setup.zsh
[0.813s] -- Installing: /home/moonlab/ros2_ws/install/turtlebot3_simulation/share/turtlebot3_simulation/local_setup.dsv
[0.813s] -- Installing: /home/moonlab/ros2_ws/install/turtlebot3_simulation/share/turtlebot3_simulation/package.dsv
[0.813s] -- Installing: /home/moonlab/ros2_ws/install/turtlebot3_simulation/share/ament_index/resource_index/packages/turtlebot3_simulation
[0.813s] -- Installing: /home/moonlab/ros2_ws/install/turtlebot3_simulation/share/turtlebot3_simulation/cmake/turtlebot3_simulationConfig.cmake
[0.813s] -- Installing: /home/moonlab/ros2_ws/install/turtlebot3_simulation/share/turtlebot3_simulation/cmake/turtlebot3_simulationConfig-version.cmake
[0.813s] -- Installing: /home/moonlab/ros2_ws/install/turtlebot3_simulation/share/turtlebot3_simulation/package.xml
[0.814s] Invoked command in '/home/moonlab/ros2_ws/build/turtlebot3_simulation' returned '0': CMAKE_PREFIX_PATH=${CMAKE_PREFIX_PATH}:/home/moonlab/ros2_ws/install/turtlebot3_control:/opt/ros/humble /usr/bin/cmake --install /home/moonlab/ros2_ws/build/turtlebot3_simulation
